#
# A fatal error has been detected by the Java Runtime Environment:
#
#  EXCEPTION_ACCESS_VIOLATION (0xc0000005) at pc=0x00007ffbd6006bd7, pid=47444, tid=40476
#
# JRE version: Java(TM) SE Runtime Environment (23.0.1+11) (build 23.0.1+11-39)
# Java VM: Java HotSpot(TM) 64-Bit Server VM (23.0.1+11-39, mixed mode, sharing, tiered, compressed oops, compressed class ptrs, g1 gc, windows-amd64)
# Problematic frame:
# C  [glass.dll+0x26bd7]
#
# No core dump will be written. Minidumps are not enabled by default on client versions of Windows
#
# If you would like to submit a bug report, please visit:
#   https://bugreport.java.com/bugreport/crash.jsp
#

---------------  S U M M A R Y ------------

Command Line: -javaagent:C:\Program Files\JetBrains\IntelliJ IDEA Community Edition 2025.1.1.1\lib\idea_rt.jar=60136 -Dfile.encoding=UTF-8 -Dsun.stdout.encoding=UTF-8 -Dsun.stderr.encoding=UTF-8 com.chatty.Launcher

Host: 13th Gen Intel(R) Core(TM) i7-1355U, 12 cores, 15G,  Windows 11 , 64 bit Build 26100 (10.0.26100.7309)
Time: Fri Jan  9 22:25:41 2026 SE Asia Standard Time elapsed time: 246.210916 seconds (0d 0h 4m 6s)

---------------  T H R E A D  ---------------

Current thread (0x000002114b819500):  VMThread "VM Thread"          [id=40476, stack(0x000000bcf7500000,0x000000bcf7600000) (1024K)]

Stack: [0x000000bcf7500000,0x000000bcf7600000],  sp=0x000000bcf75ff420,  free space=1021k
Native frames: (J=compiled Java code, j=interpreted, Vv=VM code, C=native code)
C  [glass.dll+0x26bd7]  (no source info available)
C  [ucrtbase.dll+0x4bc75]  (no source info available)
C  [ucrtbase.dll+0x4b897]  (no source info available)
C  [ucrtbase.dll+0x4b84d]  (no source info available)
C  [glass.dll+0x2439d]  (no source info available)
C  [glass.dll+0x244c2]  (no source info available)
C  [ntdll.dll+0x15f86e]  (no source info available)
C  [ntdll.dll+0xbcae]  (no source info available)
C  [ntdll.dll+0x8d4af]  (no source info available)
C  [ntdll.dll+0x8c67e]  (no source info available)
C  [KERNEL32.DLL+0x418ab]  (no source info available)
C  [ucrtbase.dll+0xa0093]  (no source info available)
V  [jvm.dll+0x6d990c]  (no source info available)
V  [jvm.dll+0x6d9440]  (no source info available)
V  [jvm.dll+0x3da534]  (no source info available)
V  [jvm.dll+0x886720]  (no source info available)
V  [jvm.dll+0x887a47]  (no source info available)
V  [jvm.dll+0x887f78]  (no source info available)
V  [jvm.dll+0x888213]  (no source info available)
V  [jvm.dll+0x824f8b]  (no source info available)
V  [jvm.dll+0x6df065]  (no source info available)
C  [ucrtbase.dll+0x37b0]  (no source info available)
C  [KERNEL32.DLL+0x2e8d7]  (no source info available)
C  [ntdll.dll+0x8c53c]  (no source info available)


siginfo: EXCEPTION_ACCESS_VIOLATION (0xc0000005), reading address 0x0000000000000000


Registers:
RAX=0x0000000000000000, RBX=0x000002114b823bb2, RCX=0x000002114b819500, RDX=0x000000bcf75ff420
RSP=0x000000bcf75ff420, RBP=0x00004b7a1b9fc681, RSI=0x0000021191cbd678, RDI=0x0000021191cbd650
R8 =0x0000000000010002, R9 =0x00004b7a1b9fc681, R10=0x0000021129a90000, R11=0x000000bcf75ff090
R12=0x0000000000000001, R13=0x00007ffbd6004510, R14=0x000000bcf75ff528, R15=0x0000021191cbd650
RIP=0x00007ffbd6006bd7, EFLAGS=0x0000000000010206


Register to memory mapping:

RAX=0x0 is null
RBX=0x000002114b823bb2 is a global jni handle
RCX=0x000002114b819500 points into unknown readable memory: 0x00007ffb41f4f688 | 88 f6 f4 41 fb 7f 00 00
RDX=0x000000bcf75ff420 points into unknown readable memory: 0x0000000000000000 | 00 00 00 00 00 00 00 00
RSP=0x000000bcf75ff420 points into unknown readable memory: 0x0000000000000000 | 00 00 00 00 00 00 00 00
RBP=0x00004b7a1b9fc681 is an unknown value
RSI=0x0000021191cbd678 points into unknown readable memory: 0x00004b7a1b9fc681 | 81 c6 9f 1b 7a 4b 00 00
RDI=0x0000021191cbd650 points into unknown readable memory: 0x0000b48db79f46d1 | d1 46 9f b7 8d b4 00 00
R8 =0x0000000000010002 is an unknown value
R9 =0x00004b7a1b9fc681 is an unknown value
R10=0x0000021129a90000 points into unknown readable memory: 0x0000000000000000 | 00 00 00 00 00 00 00 00
R11=0x000000bcf75ff090 points into unknown readable memory: 0x0000000000800000 | 00 00 80 00 00 00 00 00
R12=0x0000000000000001 is an unknown value
R13=0x00007ffbd6004510 glass.dll
R14=0x000000bcf75ff528 points into unknown readable memory: 0x000000bcf75ff510 | 10 f5 5f f7 bc 00 00 00
R15=0x0000021191cbd650 points into unknown readable memory: 0x0000b48db79f46d1 | d1 46 9f b7 8d b4 00 00

Top of Stack: (sp=0x000000bcf75ff420)
0x000000bcf75ff420:   0000000000000000 0000021100000000
0x000000bcf75ff430:   0000021191c25260 0000000000000001
0x000000bcf75ff440:   0000021191cbd658 00007ffbee69bc75
0x000000bcf75ff450:   0000021191cbd650 0000021100000000
0x000000bcf75ff460:   0000021191cbd670 00004b7a1b9fc681
0x000000bcf75ff470:   fffffffffffffffe 000000bcf75ff4f8
0x000000bcf75ff480:   00007ffbd5fe0000 00007ffbd5fe0000
0x000000bcf75ff490:   000000bcf75ff518 00007ffbee69b897
0x000000bcf75ff4a0:   000000bcf75ff500 000000bcf75ff528
0x000000bcf75ff4b0:   000000bcf75ff810 00007ffbee7888c0
0x000000bcf75ff4c0:   0000000000000001 00007ffbee69b84d
0x000000bcf75ff4d0:   0000000000000000 0000000000000001
0x000000bcf75ff4e0:   00007ffbee9bf230 000000bcf75ff518
0x000000bcf75ff4f0:   fffffffffffffffe 000000bcf75ff4e0
0x000000bcf75ff500:   0000000000000000 00007ffbd600439d
0x000000bcf75ff510:   00007ffbd601a138 0000000000000002
0x000000bcf75ff520:   0000000000000002 000000bcf75ff510
0x000000bcf75ff530:   00007ffbee860000 00007ffbee860000
0x000000bcf75ff540:   0000000000000000 00007ffbd60044c2
0x000000bcf75ff550:   0000000000000001 000000bcf75ff810
0x000000bcf75ff560:   0000000000000001 00007ffbf150a6af
0x000000bcf75ff570:   00000211924d2af0 00007ffbede50000
0x000000bcf75ff580:   0000000000000001 0000000000000000
0x000000bcf75ff590:   0000000000000000 000000007ffe0384
0x000000bcf75ff5a0:   0000021191d54eb0 00007ffbf165f86e
0x000000bcf75ff5b0:   00007ffbd5fe0000 0000021100000000
0x000000bcf75ff5c0:   0000000000000001 000000007ffe0385
0x000000bcf75ff5d0:   00007ffbd60075a0 00007ffbf150bcae
0x000000bcf75ff5e0:   0000000000000000 0000000000000000
0x000000bcf75ff5f0:   0000000000000000 0000000000000000
0x000000bcf75ff600:   0000000000000000 0000000000000000
0x000000bcf75ff610:   0000000000000000 0000000000000000 

Instructions: (pc=0x00007ffbd6006bd7)
0x00007ffbd6006ad7:   8b 4d 58 e8 71 cf ff ff 48 8b 4d 60 e8 68 cf ff
0x00007ffbd6006ae7:   ff 48 8b 95 80 00 00 00 48 8b 8d 18 01 00 00 e8
0x00007ffbd6006af7:   36 c4 ff ff 33 d2 33 c9 e8 bc e1 ff ff 90 48 89
0x00007ffbd6006b07:   54 24 10 55 48 83 ec 20 48 8b ea 48 b8 00 00 00
0x00007ffbd6006b17:   00 00 00 00 00 48 83 c4 20 5d c3 cc 40 55 48 8b
0x00007ffbd6006b27:   ea 48 8b 01 33 c9 81 38 05 00 00 c0 0f 94 c1 8b
0x00007ffbd6006b37:   c1 5d c3 cc 40 55 48 83 ec 20 48 8b ea 8a 4d 40
0x00007ffbd6006b47:   48 83 c4 20 5d e9 63 d3 ff ff cc 40 55 48 83 ec
0x00007ffbd6006b57:   20 48 8b ea 8a 4d 20 e8 51 d3 ff ff 90 48 83 c4
0x00007ffbd6006b67:   20 5d c3 cc 40 55 48 83 ec 20 48 8b ea 48 83 c4
0x00007ffbd6006b77:   20 5d e9 b2 d1 ff ff cc 40 55 48 83 ec 30 48 8b
0x00007ffbd6006b87:   ea 48 8b 01 8b 10 48 89 4c 24 28 89 54 24 20 4c
0x00007ffbd6006b97:   8d 0d 53 d6 ff ff 4c 8b 45 70 8b 55 68 48 8b 4d
0x00007ffbd6006ba7:   60 e8 f3 d0 ff ff 90 48 83 c4 30 5d c3 cc cc cc
0x00007ffbd6006bb7:   cc cc cc cc cc cc cc cc cc 40 53 48 83 ec 20 48
0x00007ffbd6006bc7:   8b 1d 63 2f 01 00 48 85 db 74 16 e8 49 8b ff ff
0x00007ffbd6006bd7:   4c 8b 00 48 8b d3 48 8b c8 41 ff 90 b0 00 00 00
0x00007ffbd6006be7:   90 48 83 c4 20 5b c3 cc cc 40 53 48 83 ec 20 48
0x00007ffbd6006bf7:   8b 1d db 30 01 00 48 85 db 74 57 b8 ff ff ff ff
0x00007ffbd6006c07:   f0 0f c1 43 10 83 f8 01 75 3d 48 85 db 74 38 48
0x00007ffbd6006c17:   8b 0b 48 85 c9 74 0d ff 15 84 06 00 00 48 c7 03
0x00007ffbd6006c27:   00 00 00 00 48 8b 4b 08 48 85 c9 74 0d e8 17 ce
0x00007ffbd6006c37:   ff ff 48 c7 43 08 00 00 00 00 ba 18 00 00 00 48
0x00007ffbd6006c47:   8b cb e8 02 ce ff ff 48 c7 05 7f 30 01 00 00 00
0x00007ffbd6006c57:   00 00 48 83 c4 20 5b c3 cc 40 53 48 83 ec 20 48
0x00007ffbd6006c67:   8b 1d 4b 30 01 00 48 85 db 74 57 b8 ff ff ff ff
0x00007ffbd6006c77:   f0 0f c1 43 10 83 f8 01 75 3d 48 85 db 74 38 48
0x00007ffbd6006c87:   8b 0b 48 85 c9 74 0d ff 15 14 06 00 00 48 c7 03
0x00007ffbd6006c97:   00 00 00 00 48 8b 4b 08 48 85 c9 74 0d e8 a7 cd
0x00007ffbd6006ca7:   ff ff 48 c7 43 08 00 00 00 00 ba 18 00 00 00 48
0x00007ffbd6006cb7:   8b cb e8 92 cd ff ff 48 c7 05 ef 2f 01 00 00 00
0x00007ffbd6006cc7:   00 00 48 83 c4 20 5b c3 cc 40 53 48 83 ec 20 48 


Stack slot to memory mapping:

stack at sp + 0 slots: 0x0 is null
stack at sp + 1 slots: 0x0000021100000000 is an unknown value
stack at sp + 2 slots: 0x0000021191c25260 points into unknown readable memory: 0x0000021191c262e0 | e0 62 c2 91 11 02 00 00
stack at sp + 3 slots: 0x0000000000000001 is an unknown value
stack at sp + 4 slots: 0x0000021191cbd658 points into unknown readable memory: 0x00004b7a1b9fc681 | 81 c6 9f 1b 7a 4b 00 00
stack at sp + 5 slots: 0x00007ffbee69bc75 ucrtbase.dll
stack at sp + 6 slots: 0x0000021191cbd650 points into unknown readable memory: 0x0000b48db79f46d1 | d1 46 9f b7 8d b4 00 00
stack at sp + 7 slots: 0x0000021100000000 is an unknown value

VM_Operation (0x000000bcf6bff3c0): Exit, mode: safepoint, requested by thread 0x000002114ba22f90


---------------  P R O C E S S  ---------------

Threads class SMR info:
_java_thread_list=0x000002114bc6b310, length=25, elements={
0x000002112bf212e0, 0x000002114b830340, 0x000002114b830fa0, 0x000002114b835330,
0x000002114b835bd0, 0x000002114b83c280, 0x000002114b83d460, 0x000002114b83f710,
0x000002114b843760, 0x000002114b8040c0, 0x000002114bbba770, 0x000002114bbbade0,
0x000002114bbcfbe0, 0x0000021191460280, 0x0000021191d570a0, 0x0000021191db1ea0,
0x0000021192322050, 0x0000021197765e00, 0x0000021197766490, 0x00000211977650e0,
0x000002114ba1f480, 0x000002114ba22900, 0x000002114ba26aa0, 0x000002114ba1fb10,
0x000002114ba22f90
}

Java Threads: ( => current thread )
  0x000002112bf212e0 JavaThread "main"                              [_thread_blocked, id=11980, stack(0x000000bcf6e00000,0x000000bcf6f00000) (1024K)]
  0x000002114b830340 JavaThread "Reference Handler"          daemon [_thread_blocked, id=11440, stack(0x000000bcf7600000,0x000000bcf7700000) (1024K)]
  0x000002114b830fa0 JavaThread "Finalizer"                  daemon [_thread_blocked, id=26636, stack(0x000000bcf7700000,0x000000bcf7800000) (1024K)]
  0x000002114b835330 JavaThread "Signal Dispatcher"          daemon [_thread_blocked, id=14300, stack(0x000000bcf7800000,0x000000bcf7900000) (1024K)]
  0x000002114b835bd0 JavaThread "Attach Listener"            daemon [_thread_blocked, id=16764, stack(0x000000bcf7900000,0x000000bcf7a00000) (1024K)]
  0x000002114b83c280 JavaThread "Service Thread"             daemon [_thread_blocked, id=7716, stack(0x000000bcf7a00000,0x000000bcf7b00000) (1024K)]
  0x000002114b83d460 JavaThread "Monitor Deflation Thread"   daemon [_thread_blocked, id=44944, stack(0x000000bcf7b00000,0x000000bcf7c00000) (1024K)]
  0x000002114b83f710 JavaThread "C2 CompilerThread0"         daemon [_thread_blocked, id=26028, stack(0x000000bcf7c00000,0x000000bcf7d00000) (1024K)]
  0x000002114b843760 JavaThread "C1 CompilerThread0"         daemon [_thread_blocked, id=31404, stack(0x000000bcf7d00000,0x000000bcf7e00000) (1024K)]
  0x000002114b8040c0 JavaThread "Common-Cleaner"             daemon [_thread_blocked, id=54164, stack(0x000000bcf7e00000,0x000000bcf7f00000) (1024K)]
  0x000002114bbba770 JavaThread "Monitor Ctrl-Break"         daemon [_thread_in_native, id=31672, stack(0x000000bcf8000000,0x000000bcf8100000) (1024K)]
  0x000002114bbbade0 JavaThread "Notification Thread"        daemon [_thread_blocked, id=9452, stack(0x000000bcf8100000,0x000000bcf8200000) (1024K)]
  0x000002114bbcfbe0 JavaThread "JavaFX-Launcher"                   [_thread_blocked, id=34760, stack(0x000000bcf8200000,0x000000bcf8300000) (1024K)]
  0x0000021191460280 JavaThread "QuantumRenderer-0"          daemon [_thread_blocked, id=8368, stack(0x000000bcf8400000,0x000000bcf8500000) (1024K)]
  0x0000021191d570a0 JavaThread "InvokeLaterDispatcher"      daemon [_thread_blocked, id=27536, stack(0x000000bcf8500000,0x000000bcf8600000) (1024K)]
  0x0000021191db1ea0 JavaThread "JavaFX Application Thread"         [_thread_in_native, id=22612, stack(0x000000bcf8600000,0x000000bcf8700000) (1024K)]
  0x0000021192322050 JavaThread "Thread-2"                   daemon [_thread_in_native, id=31020, stack(0x000000bcf9600000,0x000000bcf9700000) (1024K)]
  0x0000021197765e00 JavaThread "Prism Font Disposer"        daemon [_thread_blocked, id=46212, stack(0x000000bcfa000000,0x000000bcfa100000) (1024K)]
  0x0000021197766490 JavaThread "Cleaner-0"                  daemon [_thread_blocked, id=41492, stack(0x000000bcfa500000,0x000000bcfa600000) (1024K)]
  0x00000211977650e0 JavaThread "OkHttp TaskRunner"          daemon [_thread_blocked, id=6324, stack(0x000000bcfa700000,0x000000bcfa800000) (1024K)]
  0x000002114ba1f480 JavaThread "Okio Watchdog"              daemon [_thread_blocked, id=55124, stack(0x000000bcfa800000,0x000000bcfa900000) (1024K)]
  0x000002114ba22900 JavaThread "OkHttp TaskRunner"          daemon [_thread_blocked, id=50244, stack(0x000000bcfae00000,0x000000bcfaf00000) (1024K)]
  0x000002114ba26aa0 JavaThread "OkHttp http://localhost:3000/..."        [_thread_in_native, id=15200, stack(0x000000bcfb300000,0x000000bcfb400000) (1024K)]
  0x000002114ba1fb10 JavaThread "engine.io-client.heartbeat-0" daemon [_thread_blocked, id=8044, stack(0x000000bcfb000000,0x000000bcfb100000) (1024K)]
  0x000002114ba22f90 JavaThread "SIGINT handler"             daemon [_thread_blocked, id=7184, stack(0x000000bcf6b00000,0x000000bcf6c00000) (1024K)]
Total: 25

Other Threads:
=>0x000002114b819500 VMThread "VM Thread"                           [id=40476, stack(0x000000bcf7500000,0x000000bcf7600000) (1024K)]
  0x000002112bf85400 WorkerThread "GC Thread#0"                     [id=53524, stack(0x000000bcf6f00000,0x000000bcf7000000) (1024K)]
  0x000002119242d080 WorkerThread "GC Thread#1"                     [id=43000, stack(0x000000bcf9700000,0x000000bcf9800000) (1024K)]
  0x000002119242d840 WorkerThread "GC Thread#2"                     [id=8596, stack(0x000000bcf9800000,0x000000bcf9900000) (1024K)]
  0x000002119242e000 WorkerThread "GC Thread#3"                     [id=15140, stack(0x000000bcf9900000,0x000000bcf9a00000) (1024K)]
  0x00000211924706f0 WorkerThread "GC Thread#4"                     [id=11880, stack(0x000000bcf9a00000,0x000000bcf9b00000) (1024K)]
  0x0000021192513e70 WorkerThread "GC Thread#5"                     [id=43504, stack(0x000000bcf9b00000,0x000000bcf9c00000) (1024K)]
  0x00000211925720b0 WorkerThread "GC Thread#6"                     [id=10372, stack(0x000000bcf9c00000,0x000000bcf9d00000) (1024K)]
  0x0000021192572460 WorkerThread "GC Thread#7"                     [id=55156, stack(0x000000bcf9d00000,0x000000bcf9e00000) (1024K)]
  0x0000021192572810 WorkerThread "GC Thread#8"                     [id=39228, stack(0x000000bcf9e00000,0x000000bcf9f00000) (1024K)]
  0x00000211925733e0 WorkerThread "GC Thread#9"                     [id=22256, stack(0x000000bcf9f00000,0x000000bcfa000000) (1024K)]
  0x000002112bf997d0 ConcurrentGCThread "G1 Main Marker"            terminated
  0x000002112bf9ab00 WorkerThread "G1 Conc#0"                       [id=8196, stack(0x000000bcf7100000,0x000000bcf7200000) (1024K)]
  0x00000211925e9720 WorkerThread "G1 Conc#1"                       [id=44636, stack(0x000000bcf7f00000,0x000000bcf8000000) (1024K)]
  0x0000021198339f30 WorkerThread "G1 Conc#2"                       [id=54312, stack(0x000000bcfa900000,0x000000bcfaa00000) (1024K)]
  0x000002112bfde920 ConcurrentGCThread "G1 Refine#0"               terminated
  0x000002114b6d05d0 ConcurrentGCThread "G1 Service"                terminated
Total: 17

Threads with active compile tasks:
Total: 0

VM state: at safepoint (shutting down)

VM Mutex/Monitor currently owned by a thread:  ([mutex/lock_event])
[0x00007ffb42123910] Threads_lock - owner thread: 0x000002114b819500
[0x00007ffb42123a10] Heap_lock - owner thread: 0x000002114ba22f90

Heap address: 0x0000000704e00000, size: 4018 MB, Compressed Oops mode: Zero based, Oop shift amount: 3

CDS archive(s) mapped at: [0x000002114c000000-0x000002114cd70000-0x000002114cd70000), size 14090240, SharedBaseAddress: 0x000002114c000000, ArchiveRelocationMode: 1.
Compressed class space mapped at: 0x000002114d000000-0x000002118d000000, reserved size: 1073741824
Narrow klass base: 0x000002114c000000, Narrow klass shift: 0, Narrow klass range: 0x41000000

GC Precious Log:
 CardTable entry size: 512
 Card Set container configuration: InlinePtr #cards 4 size 8 Array Of Cards #cards 16 size 48 Howl #buckets 8 coarsen threshold 3686 Howl Bitmap #cards 512 size 80 coarsen threshold 460 Card regions per heap region 1 cards per card region 4096
 CPUs: 12 total, 12 available
 Memory: 16068M
 Large Page Support: Disabled
 NUMA Support: Disabled
 Compressed Oops: Enabled (Zero based)
 Heap Region Size: 2M
 Heap Min Capacity: 8M
 Heap Initial Capacity: 252M
 Heap Max Capacity: 4018M
 Pre-touch: Disabled
 Parallel Workers: 10
 Concurrent Workers: 3
 Concurrent Refinement Workers: 10
 Periodic GC: Disabled

Heap:
 garbage-first heap   total reserved 4114432K, committed 90112K, used 50942K [0x0000000704e00000, 0x0000000800000000)
  region size 2048K, 4 young (8192K), 2 survivors (4096K)
 Metaspace       used 30087K, committed 30400K, reserved 1114112K
  class space    used 3954K, committed 4096K, reserved 1048576K

Heap Regions: E=young(eden), S=young(survivor), O=old, HS=humongous(starts), HC=humongous(continues), CS=collection set, F=free, TAMS=top-at-mark-start, PB=parsable bottom
|   0|0x0000000704e00000, 0x0000000705000000, 0x0000000705000000|100%| O|  |TAMS 0x0000000704e00000| PB 0x0000000704e00000| Untracked |  0
|   1|0x0000000705000000, 0x0000000705200000, 0x0000000705200000|100%|HS|  |TAMS 0x0000000705000000| PB 0x0000000705000000| Complete |  0
|   2|0x0000000705200000, 0x0000000705400000, 0x0000000705400000|100%|HC|  |TAMS 0x0000000705200000| PB 0x0000000705200000| Complete |  0
|   3|0x0000000705400000, 0x0000000705600000, 0x0000000705600000|100%| O|  |TAMS 0x0000000705400000| PB 0x0000000705400000| Untracked |  0
|   4|0x0000000705600000, 0x0000000705800000, 0x0000000705800000|100%| O|  |TAMS 0x0000000705600000| PB 0x0000000705600000| Untracked |  0
|   5|0x0000000705800000, 0x0000000705879338, 0x0000000705a00000| 23%| O|Cm|TAMS 0x0000000705800000| PB 0x0000000705800000| Complete |  0
|   6|0x0000000705a00000, 0x0000000705c00000, 0x0000000705c00000|100%|HS|  |TAMS 0x0000000705a00000| PB 0x0000000705a00000| Complete |  0
|   7|0x0000000705c00000, 0x0000000705e00000, 0x0000000705e00000|100%|HS|  |TAMS 0x0000000705c00000| PB 0x0000000705c00000| Complete |  0
|   8|0x0000000705e00000, 0x0000000706000000, 0x0000000706000000|100%|HC|  |TAMS 0x0000000705e00000| PB 0x0000000705e00000| Complete |  0
|   9|0x0000000706000000, 0x0000000706200000, 0x0000000706200000|100%|HC|  |TAMS 0x0000000706000000| PB 0x0000000706000000| Complete |  0
|  10|0x0000000706200000, 0x0000000706400000, 0x0000000706400000|100%|HS|  |TAMS 0x0000000706200000| PB 0x0000000706200000| Complete |  0
|  11|0x0000000706400000, 0x0000000706600000, 0x0000000706600000|100%|HC|  |TAMS 0x0000000706400000| PB 0x0000000706400000| Complete |  0
|  12|0x0000000706600000, 0x0000000706800000, 0x0000000706800000|100%|HS|  |TAMS 0x0000000706600000| PB 0x0000000706600000| Complete |  0
|  13|0x0000000706800000, 0x0000000706a00000, 0x0000000706a00000|100%|HC|  |TAMS 0x0000000706800000| PB 0x0000000706800000| Complete |  0
|  14|0x0000000706a00000, 0x0000000706c00000, 0x0000000706c00000|100%|HS|  |TAMS 0x0000000706a00000| PB 0x0000000706a00000| Complete |  0
|  15|0x0000000706c00000, 0x0000000706e00000, 0x0000000706e00000|100%|HC|  |TAMS 0x0000000706c00000| PB 0x0000000706c00000| Complete |  0
|  16|0x0000000706e00000, 0x0000000707000000, 0x0000000707000000|100%|HS|  |TAMS 0x0000000706e00000| PB 0x0000000706e00000| Complete |  0
|  17|0x0000000707000000, 0x0000000707200000, 0x0000000707200000|100%|HC|  |TAMS 0x0000000707000000| PB 0x0000000707000000| Complete |  0
|  18|0x0000000707200000, 0x0000000707400000, 0x0000000707400000|100%| O|  |TAMS 0x0000000707200000| PB 0x0000000707200000| Untracked |  0
|  19|0x0000000707400000, 0x0000000707600000, 0x0000000707600000|100%| O|  |TAMS 0x0000000707400000| PB 0x0000000707400000| Untracked |  0
|  20|0x0000000707600000, 0x00000007077cf0c8, 0x0000000707800000| 90%| O|  |TAMS 0x0000000707600000| PB 0x0000000707600000| Untracked |  0
|  21|0x0000000707800000, 0x0000000707800000, 0x0000000707a00000|  0%| F|  |TAMS 0x0000000707800000| PB 0x0000000707800000| Untracked |  0
|  22|0x0000000707a00000, 0x0000000707a00000, 0x0000000707c00000|  0%| F|  |TAMS 0x0000000707a00000| PB 0x0000000707a00000| Untracked |  0
|  23|0x0000000707c00000, 0x0000000707c00000, 0x0000000707e00000|  0%| F|  |TAMS 0x0000000707c00000| PB 0x0000000707c00000| Untracked |  0
|  24|0x0000000707e00000, 0x0000000707e00000, 0x0000000708000000|  0%| F|  |TAMS 0x0000000707e00000| PB 0x0000000707e00000| Untracked |  0
|  25|0x0000000708000000, 0x0000000708000000, 0x0000000708200000|  0%| F|  |TAMS 0x0000000708000000| PB 0x0000000708000000| Untracked |  0
|  26|0x0000000708200000, 0x0000000708200000, 0x0000000708400000|  0%| F|  |TAMS 0x0000000708200000| PB 0x0000000708200000| Untracked |  0
|  27|0x0000000708400000, 0x0000000708577448, 0x0000000708600000| 73%| S|CS|TAMS 0x0000000708400000| PB 0x0000000708400000| Complete |  0
|  28|0x0000000708600000, 0x0000000708800000, 0x0000000708800000|100%| S|CS|TAMS 0x0000000708600000| PB 0x0000000708600000| Complete |  0
|  29|0x0000000708800000, 0x0000000708800000, 0x0000000708a00000|  0%| F|  |TAMS 0x0000000708800000| PB 0x0000000708800000| Untracked |  0
|  30|0x0000000708a00000, 0x0000000708a00000, 0x0000000708c00000|  0%| F|  |TAMS 0x0000000708a00000| PB 0x0000000708a00000| Untracked |  0
|  31|0x0000000708c00000, 0x0000000708c00000, 0x0000000708e00000|  0%| F|  |TAMS 0x0000000708c00000| PB 0x0000000708c00000| Untracked |  0
|  32|0x0000000708e00000, 0x0000000708e00000, 0x0000000709000000|  0%| F|  |TAMS 0x0000000708e00000| PB 0x0000000708e00000| Untracked |  0
|  33|0x0000000709000000, 0x0000000709000000, 0x0000000709200000|  0%| F|  |TAMS 0x0000000709000000| PB 0x0000000709000000| Untracked |  0
|  34|0x0000000709200000, 0x0000000709200000, 0x0000000709400000|  0%| F|  |TAMS 0x0000000709200000| PB 0x0000000709200000| Untracked |  0
|  35|0x0000000709400000, 0x0000000709400000, 0x0000000709600000|  0%| F|  |TAMS 0x0000000709400000| PB 0x0000000709400000| Untracked |  0
|  36|0x0000000709600000, 0x0000000709600000, 0x0000000709800000|  0%| F|  |TAMS 0x0000000709600000| PB 0x0000000709600000| Untracked |  0
| 107|0x0000000712400000, 0x0000000712400000, 0x0000000712600000|  0%| F|  |TAMS 0x0000000712400000| PB 0x0000000712400000| Untracked |  0
| 108|0x0000000712600000, 0x0000000712600000, 0x0000000712800000|  0%| F|  |TAMS 0x0000000712600000| PB 0x0000000712600000| Untracked |  0
| 109|0x0000000712800000, 0x0000000712800000, 0x0000000712a00000|  0%| F|  |TAMS 0x0000000712800000| PB 0x0000000712800000| Untracked |  0
| 110|0x0000000712a00000, 0x0000000712b55348, 0x0000000712c00000| 66%| E|  |TAMS 0x0000000712a00000| PB 0x0000000712a00000| Complete |  0
| 125|0x0000000714800000, 0x0000000714a00000, 0x0000000714a00000|100%| E|CS|TAMS 0x0000000714800000| PB 0x0000000714800000| Complete |  0
|2007|0x00000007ffc00000, 0x00000007ffe00000, 0x00000007ffe00000|100%| O|  |TAMS 0x00000007ffc00000| PB 0x00000007ffc00000| Untracked |  0
|2008|0x00000007ffe00000, 0x0000000800000000, 0x0000000800000000|100%| O|  |TAMS 0x00000007ffe00000| PB 0x00000007ffe00000| Untracked |  0

Card table byte_map: [0x0000021144490000,0x0000021144c70000] _byte_map_base: 0x0000021140c69000

Marking Bits: (CMBitMap*) 0x0000021129c7d770
 Bits: [0x0000021144c70000, 0x0000021148b38000)

Polling page: 0x0000021129d60000

Metaspace:

Usage:
  Non-class:     25.52 MB used.
      Class:      3.86 MB used.
       Both:     29.38 MB used.

Virtual space:
  Non-class space:       64.00 MB reserved,      25.69 MB ( 40%) committed,  1 nodes.
      Class space:        1.00 GB reserved,       4.00 MB ( <1%) committed,  1 nodes.
             Both:        1.06 GB reserved,      29.69 MB (  3%) committed. 

Chunk freelists:
   Non-Class:  6.08 MB
       Class:  11.97 MB
        Both:  18.05 MB

MaxMetaspaceSize: unlimited
CompressedClassSpaceSize: 1.00 GB
Initial GC threshold: 21.00 MB
Current GC threshold: 49.50 MB
CDS: on
 - commit_granule_bytes: 65536.
 - commit_granule_words: 8192.
 - virtual_space_node_default_size: 8388608.
 - enlarge_chunks_in_place: 1.
 - use_allocation_guard: 0.


Internal statistics:

num_allocs_failed_limit: 3.
num_arena_births: 324.
num_arena_deaths: 2.
num_vsnodes_births: 2.
num_vsnodes_deaths: 0.
num_space_committed: 475.
num_space_uncommitted: 0.
num_chunks_returned_to_freelist: 5.
num_chunks_taken_from_freelist: 1124.
num_chunk_merges: 3.
num_chunk_splits: 820.
num_chunks_enlarged: 651.
num_inconsistent_stats: 0.

CodeHeap 'non-profiled nmethods': size=120064Kb used=2421Kb max_used=2504Kb free=117642Kb
 bounds [0x000002113c110000, 0x000002113c390000, 0x0000021143650000]
CodeHeap 'profiled nmethods': size=120000Kb used=8384Kb max_used=9215Kb free=111615Kb
 bounds [0x0000021134650000, 0x0000021134f50000, 0x000002113bb80000]
CodeHeap 'non-nmethods': size=5696Kb used=1939Kb max_used=1995Kb free=3756Kb
 bounds [0x000002113bb80000, 0x000002113bdf0000, 0x000002113c110000]
CodeCache: size=245760Kb, used=12744Kb, max_used=13714Kb, free=233013Kb
 total_blobs=6298, nmethods=5351, adapters=852, full_count=0
Compilation: enabled, stopped_count=0, restarted_count=0

Compilation events (20 events):
Event: 83.247 Thread 0x000002114b83f710 5776       4       com.sun.javafx.tk.quantum.QuantumToolkit::postPulse (133 bytes)
Event: 83.267 Thread 0x000002114b83f710 nmethod 5776 0x000002113c1a6488 code [0x000002113c1a66a0, 0x000002113c1a79c0]
Event: 86.554 Thread 0x000002114b83f710 5777       4       com.sun.javafx.tk.quantum.QuantumToolkit$$Lambda/0x000002114d03c7b8::run (8 bytes)
Event: 86.555 Thread 0x000002114b83f710 nmethod 5777 0x000002113c129a88 code [0x000002113c129ba0, 0x000002113c129c70]
Event: 122.288 Thread 0x000002114b843760 5778       1       java.util.concurrent.atomic.AtomicLong::get (5 bytes)
Event: 122.289 Thread 0x000002114b843760 nmethod 5778 0x000002113c139608 code [0x000002113c139720, 0x000002113c1397f0]
Event: 147.301 Thread 0x000002114b843760 5779       1       java.lang.Thread::threadId (5 bytes)
Event: 147.302 Thread 0x000002114b843760 nmethod 5779 0x000002113c150808 code [0x000002113c150920, 0x000002113c1509e8]
Event: 157.302 Thread 0x000002114b83f710 5780       4       java.lang.Thread::isVirtual (5 bytes)
Event: 157.304 Thread 0x000002114b83f710 nmethod 5780 0x000002113c183f88 code [0x000002113c184080, 0x000002113c184128]
Event: 172.318 Thread 0x000002114b843760 5781       1       java.util.concurrent.atomic.AtomicReference::set (6 bytes)
Event: 172.318 Thread 0x000002114b843760 nmethod 5781 0x000002113c186008 code [0x000002113c186120, 0x000002113c186240]
Event: 197.324 Thread 0x000002114b843760 5782       3       okio.-SegmentedByteString::checkOffsetAndCount (71 bytes)
Event: 197.326 Thread 0x000002114b843760 nmethod 5782 0x0000021134678508 code [0x0000021134678720, 0x0000021134679088]
Event: 222.332 Thread 0x000002114b843760 5783       3       okio.AsyncTimeout::access$getHead$cp (4 bytes)
Event: 222.332 Thread 0x000002114b843760 nmethod 5783 0x000002113466dd88 code [0x000002113466dea0, 0x000002113466dfa0]
Event: 245.701 Thread 0x000002114b843760 5784       3       java.lang.invoke.LambdaForm$MH/0x000002114d00e000::invoke (25 bytes)
Event: 245.701 Thread 0x000002114b843760 nmethod 5784 0x000002113468ba08 code [0x000002113468bb40, 0x000002113468bfb0]
Event: 245.703 Thread 0x000002114b843760 5785       3       java.util.Collections$3::nextElement (10 bytes)
Event: 245.703 Thread 0x000002114b843760 nmethod 5785 0x0000021134665e88 code [0x0000021134665fa0, 0x0000021134666180]

GC Heap History (10 events):
Event: 0.620 GC heap before
{Heap before GC invocations=0 (full 0):
 garbage-first heap   total reserved 4114432K, committed 258048K, used 22528K [0x0000000704e00000, 0x0000000800000000)
  region size 2048K, 12 young (24576K), 0 survivors (0K)
 Metaspace       used 7372K, committed 7616K, reserved 1114112K
  class space    used 721K, committed 832K, reserved 1048576K
}
Event: 0.624 GC heap after
{Heap after GC invocations=1 (full 0):
 garbage-first heap   total reserved 4114432K, committed 258048K, used 5217K [0x0000000704e00000, 0x0000000800000000)
  region size 2048K, 2 young (4096K), 2 survivors (4096K)
 Metaspace       used 7372K, committed 7616K, reserved 1114112K
  class space    used 721K, committed 832K, reserved 1048576K
}
Event: 1.069 GC heap before
{Heap before GC invocations=1 (full 0):
 garbage-first heap   total reserved 4114432K, committed 258048K, used 33889K [0x0000000704e00000, 0x0000000800000000)
  region size 2048K, 13 young (26624K), 2 survivors (4096K)
 Metaspace       used 14697K, committed 14976K, reserved 1114112K
  class space    used 1814K, committed 1920K, reserved 1048576K
}
Event: 1.072 GC heap after
{Heap after GC invocations=2 (full 0):
 garbage-first heap   total reserved 4114432K, committed 258048K, used 14516K [0x0000000704e00000, 0x0000000800000000)
  region size 2048K, 2 young (4096K), 2 survivors (4096K)
 Metaspace       used 14697K, committed 14976K, reserved 1114112K
  class space    used 1814K, committed 1920K, reserved 1048576K
}
Event: 16.917 GC heap before
{Heap before GC invocations=2 (full 0):
 garbage-first heap   total reserved 4114432K, committed 258048K, used 39092K [0x0000000704e00000, 0x0000000800000000)
  region size 2048K, 15 young (30720K), 2 survivors (4096K)
 Metaspace       used 21253K, committed 21504K, reserved 1114112K
  class space    used 2726K, committed 2816K, reserved 1048576K
}
Event: 16.923 GC heap after
{Heap after GC invocations=3 (full 0):
 garbage-first heap   total reserved 4114432K, committed 258048K, used 20146K [0x0000000704e00000, 0x0000000800000000)
  region size 2048K, 4 young (8192K), 4 survivors (8192K)
 Metaspace       used 21253K, committed 21504K, reserved 1114112K
  class space    used 2726K, committed 2816K, reserved 1048576K
}
Event: 26.542 GC heap before
{Heap before GC invocations=4 (full 0):
 garbage-first heap   total reserved 4114432K, committed 75776K, used 69298K [0x0000000704e00000, 0x0000000800000000)
  region size 2048K, 21 young (43008K), 4 survivors (8192K)
 Metaspace       used 29138K, committed 29504K, reserved 1114112K
  class space    used 3820K, committed 3968K, reserved 1048576K
}
Event: 26.549 GC heap after
{Heap after GC invocations=5 (full 0):
 garbage-first heap   total reserved 4114432K, committed 90112K, used 25217K [0x0000000704e00000, 0x0000000800000000)
  region size 2048K, 5 young (10240K), 5 survivors (10240K)
 Metaspace       used 29138K, committed 29504K, reserved 1114112K
  class space    used 3820K, committed 3968K, reserved 1048576K
}
Event: 30.557 GC heap before
{Heap before GC invocations=5 (full 0):
 garbage-first heap   total reserved 4114432K, committed 90112K, used 60033K [0x0000000704e00000, 0x0000000800000000)
  region size 2048K, 13 young (26624K), 5 survivors (10240K)
 Metaspace       used 30063K, committed 30400K, reserved 1114112K
  class space    used 3949K, committed 4096K, reserved 1048576K
}
Event: 30.565 GC heap after
{Heap after GC invocations=6 (full 0):
 garbage-first heap   total reserved 4114432K, committed 90112K, used 44798K [0x0000000704e00000, 0x0000000800000000)
  region size 2048K, 2 young (4096K), 2 survivors (4096K)
 Metaspace       used 30063K, committed 30400K, reserved 1114112K
  class space    used 3949K, committed 4096K, reserved 1048576K
}

Dll operation events (20 events):
Event: 0.308 Loaded shared library C:\Users\admin\.openjfx\cache\17.0.8\api-ms-win-crt-multibyte-l1-1-0.dll
Event: 0.311 Loaded shared library C:\Users\admin\.openjfx\cache\17.0.8\api-ms-win-crt-private-l1-1-0.dll
Event: 0.312 Loaded shared library C:\Users\admin\.openjfx\cache\17.0.8\api-ms-win-crt-process-l1-1-0.dll
Event: 0.314 Loaded shared library C:\Users\admin\.openjfx\cache\17.0.8\api-ms-win-crt-runtime-l1-1-0.dll
Event: 0.316 Loaded shared library C:\Users\admin\.openjfx\cache\17.0.8\api-ms-win-crt-stdio-l1-1-0.dll
Event: 0.318 Loaded shared library C:\Users\admin\.openjfx\cache\17.0.8\api-ms-win-crt-string-l1-1-0.dll
Event: 0.319 Loaded shared library C:\Users\admin\.openjfx\cache\17.0.8\api-ms-win-crt-time-l1-1-0.dll
Event: 0.321 Loaded shared library C:\Users\admin\.openjfx\cache\17.0.8\api-ms-win-crt-utility-l1-1-0.dll
Event: 0.332 Loaded shared library C:\Users\admin\.openjfx\cache\17.0.8\ucrtbase.dll
Event: 0.335 Loaded shared library C:\Users\admin\.openjfx\cache\17.0.8\vcruntime140.dll
Event: 0.337 Loaded shared library C:\Users\admin\.openjfx\cache\17.0.8\vcruntime140_1.dll
Event: 0.343 Loaded shared library C:\Users\admin\.openjfx\cache\17.0.8\msvcp140.dll
Event: 0.345 Loaded shared library C:\Users\admin\.openjfx\cache\17.0.8\msvcp140_1.dll
Event: 0.349 Loaded shared library C:\Users\admin\.openjfx\cache\17.0.8\msvcp140_2.dll
Event: 0.387 Loaded shared library C:\Users\admin\.openjfx\cache\17.0.8\prism_d3d.dll
Event: 0.447 Loaded shared library C:\Users\admin\.openjfx\cache\17.0.8\glass.dll
Event: 0.610 Loaded shared library C:\Program Files\Java\jdk-23\bin\sunmscapi.dll
Event: 0.865 Loaded shared library C:\Users\admin\.openjfx\cache\17.0.8\javafx_font.dll
Event: 22.206 Loaded shared library C:\Program Files\Java\jdk-23\bin\prefs.dll
Event: 23.071 Loaded shared library C:\Users\admin\.openjfx\cache\17.0.8\javafx_iio.dll

Deoptimization events (20 events):
Event: 30.423 Thread 0x0000021191db1ea0 Uncommon trap: trap_request=0xffffffde fr.pc=0x000002113c303310 relative=0x00000000000000f0
Event: 30.423 Thread 0x0000021191db1ea0 Uncommon trap: reason=class_check action=maybe_recompile pc=0x000002113c303310 method=javafx.scene.Node$MiscProperties.getClip()Ljavafx/scene/Node; @ 20 c2
Event: 30.423 Thread 0x0000021191db1ea0 DEOPT PACKING pc=0x000002113c303310 sp=0x000000bcf86f9890
Event: 30.423 Thread 0x0000021191db1ea0 DEOPT UNPACKING pc=0x000002113bbd4402 sp=0x000000bcf86f97c0 mode 2
Event: 30.423 Thread 0x0000021191db1ea0 Uncommon trap: trap_request=0xffffffde fr.pc=0x000002113c303310 relative=0x00000000000000f0
Event: 30.423 Thread 0x0000021191db1ea0 Uncommon trap: reason=class_check action=maybe_recompile pc=0x000002113c303310 method=javafx.scene.Node$MiscProperties.getClip()Ljavafx/scene/Node; @ 20 c2
Event: 30.423 Thread 0x0000021191db1ea0 DEOPT PACKING pc=0x000002113c303310 sp=0x000000bcf86f9890
Event: 30.423 Thread 0x0000021191db1ea0 DEOPT UNPACKING pc=0x000002113bbd4402 sp=0x000000bcf86f97c0 mode 2
Event: 30.423 Thread 0x0000021191db1ea0 Uncommon trap: trap_request=0xffffffde fr.pc=0x000002113c303310 relative=0x00000000000000f0
Event: 30.423 Thread 0x0000021191db1ea0 Uncommon trap: reason=class_check action=maybe_recompile pc=0x000002113c303310 method=javafx.scene.Node$MiscProperties.getClip()Ljavafx/scene/Node; @ 20 c2
Event: 30.423 Thread 0x0000021191db1ea0 DEOPT PACKING pc=0x000002113c303310 sp=0x000000bcf86f9890
Event: 30.423 Thread 0x0000021191db1ea0 DEOPT UNPACKING pc=0x000002113bbd4402 sp=0x000000bcf86f97c0 mode 2
Event: 30.423 Thread 0x0000021191db1ea0 Uncommon trap: trap_request=0xffffff45 fr.pc=0x000002113c239678 relative=0x0000000000000898
Event: 30.424 Thread 0x0000021191db1ea0 Uncommon trap: reason=unstable_if action=reinterpret pc=0x000002113c239678 method=javafx.scene.Parent.getOrderedChildren()Ljava/util/List; @ 7 c2
Event: 30.424 Thread 0x0000021191db1ea0 DEOPT PACKING pc=0x000002113c239678 sp=0x000000bcf86fad20
Event: 30.424 Thread 0x0000021191db1ea0 DEOPT UNPACKING pc=0x000002113bbd4402 sp=0x000000bcf86faa70 mode 2
Event: 33.283 Thread 0x0000021191db1ea0 Uncommon trap: trap_request=0xffffffde fr.pc=0x000002113c2e0c70 relative=0x0000000000000fd0
Event: 33.283 Thread 0x0000021191db1ea0 Uncommon trap: reason=class_check action=maybe_recompile pc=0x000002113c2e0c70 method=javafx.scene.Node$MiscProperties.getClip()Ljavafx/scene/Node; @ 20 c2
Event: 33.283 Thread 0x0000021191db1ea0 DEOPT PACKING pc=0x000002113c2e0c70 sp=0x000000bcf86fa840
Event: 33.283 Thread 0x0000021191db1ea0 DEOPT UNPACKING pc=0x000002113bbd4402 sp=0x000000bcf86fa5b8 mode 2

Classes loaded (20 events):
Event: 24.750 Loading class sun/security/ssl/SSLEngineOutputRecord$HandshakeMemo
Event: 24.750 Loading class sun/security/ssl/SSLEngineOutputRecord$RecordMemo
Event: 24.750 Loading class sun/security/ssl/SSLEngineOutputRecord$RecordMemo done
Event: 24.750 Loading class sun/security/ssl/SSLEngineOutputRecord$HandshakeMemo done
Event: 24.807 Loading class sun/security/ssl/PreSharedKeyExtension$SHPreSharedKeySpec
Event: 24.807 Loading class sun/security/ssl/PreSharedKeyExtension$SHPreSharedKeySpec done
Event: 26.901 Loading class java/text/ParsePosition
Event: 26.901 Loading class java/text/ParsePosition done
Event: 26.902 Loading class java/time/format/DateTimeParseContext
Event: 26.902 Loading class java/time/format/DateTimeParseContext done
Event: 26.902 Loading class java/time/format/Parsed
Event: 26.903 Loading class java/time/format/Parsed done
Event: 33.262 Loading class sun/security/ssl/Alert
Event: 33.262 Loading class sun/security/ssl/Alert done
Event: 33.263 Loading class sun/security/ssl/Alert$AlertConsumer
Event: 33.263 Loading class sun/security/ssl/Alert$AlertConsumer done
Event: 33.263 Loading class sun/security/ssl/Alert$Level
Event: 33.263 Loading class sun/security/ssl/Alert$Level done
Event: 245.699 Loading class jdk/internal/misc/Signal$1
Event: 245.700 Loading class jdk/internal/misc/Signal$1 done

Classes unloaded (1 events):
Event: 16.927 Thread 0x000002114b819500 Unloading class 0x000002114d006400 'java/lang/invoke/LambdaForm$DMH+0x000002114d006400'

Classes redefined (0 events):
No events

Internal exceptions (20 events):
Event: 16.719 Thread 0x0000021191db1ea0 Exception <a 'java/lang/NoSuchMethodError'{0x00000007134bcf18}: 'java.lang.Object java.lang.invoke.DirectMethodHandle$Holder.newInvokeSpecial(java.lang.Object, java.lang.Object, java.lang.Object, java.lang.Object, java.lang.Object, java.lang.Object, java.lang.Object)'> (0x00000007134bcf18) 
thrown [s\open\src\hotspot\share\interpreter\linkResolver.cpp, line 796]
Event: 16.935 Thread 0x0000021191db1ea0 Implicit null exception at 0x000002113c206d4e to 0x000002113c206dd4
Event: 22.081 Thread 0x000002114ba20830 Exception <a 'java/lang/NoSuchMethodError'{0x0000000708aba530}: 'void java.lang.invoke.Invokers$Holder.invokeExact_MT(java.lang.Object, java.lang.Object, java.lang.Object, java.lang.Object)'> (0x0000000708aba530) 
thrown [s\open\src\hotspot\share\interpreter\linkResolver.cpp, line 796]
Event: 22.208 Thread 0x0000021191db1ea0 Exception <a 'java/io/FileNotFoundException'{0x00000007086d9990}> (0x00000007086d9990) 
thrown [s\open\src\hotspot\share\prims\jni.cpp, line 520]
Event: 22.334 Thread 0x000002114ba201a0 Exception <a 'java/lang/NoSuchMethodError'{0x000000070899ae68}: 'void java.lang.invoke.DelegatingMethodHandle$Holder.reinvoke_L(java.lang.Object, java.lang.Object, int)'> (0x000000070899ae68) 
thrown [s\open\src\hotspot\share\interpreter\linkResolver.cpp, line 796]
Event: 22.336 Thread 0x000002114ba201a0 Exception <a 'java/lang/NoSuchMethodError'{0x00000007089a1798}: 'void java.lang.invoke.Invokers$Holder.invokeExact_MT(java.lang.Object, java.lang.Object, int, java.lang.Object)'> (0x00000007089a1798) 
thrown [s\open\src\hotspot\share\interpreter\linkResolver.cpp, line 796]
Event: 22.363 Thread 0x000002114ba21be0 Exception <a 'java/lang/NoSuchMethodError'{0x0000000707f54ca8}: 'void java.lang.invoke.DirectMethodHandle$Holder.invokeStatic(java.lang.Object, int, java.lang.Object)'> (0x0000000707f54ca8) 
thrown [s\open\src\hotspot\share\interpreter\linkResolver.cpp, line 796]
Event: 22.476 Thread 0x0000021191db1ea0 Exception <a 'java/lang/NoSuchMethodError'{0x0000000707a57398}: 'int java.lang.invoke.DirectMethodHandle$Holder.invokeVirtual(java.lang.Object, java.lang.Object)'> (0x0000000707a57398) 
thrown [s\open\src\hotspot\share\interpreter\linkResolver.cpp, line 796]
Event: 22.499 Thread 0x0000021191db1ea0 Exception <a 'java/lang/NoSuchMethodError'{0x0000000707b32ff8}: 'java.lang.Object java.lang.invoke.DirectMethodHandle$Holder.invokeStaticInit(java.lang.Object, java.lang.Object, java.lang.Object)'> (0x0000000707b32ff8) 
thrown [s\open\src\hotspot\share\interpreter\linkResolver.cpp, line 796]
Event: 22.512 Thread 0x000002114ba21be0 Implicit null exception at 0x000002113c2923f4 to 0x000002113c292660
Event: 23.063 Thread 0x000002114ba21be0 Exception <a 'java/lang/NoSuchMethodError'{0x000000070752a2a8}: 'void java.lang.invoke.DirectMethodHandle$Holder.invokeSpecial(java.lang.Object, java.lang.Object, int, int)'> (0x000000070752a2a8) 
thrown [s\open\src\hotspot\share\interpreter\linkResolver.cpp, line 796]
Event: 23.064 Thread 0x000002114ba21be0 Exception <a 'java/lang/NoSuchMethodError'{0x000000070752ffa8}: 'java.lang.Object java.lang.invoke.DirectMethodHandle$Holder.newInvokeSpecial(java.lang.Object, java.lang.Object, int, int)'> (0x000000070752ffa8) 
thrown [s\open\src\hotspot\share\interpreter\linkResolver.cpp, line 796]
Event: 23.064 Thread 0x000002114ba21be0 Exception <a 'java/lang/NoSuchMethodError'{0x0000000707534000}: 'java.lang.Object java.lang.invoke.DirectMethodHandle$Holder.invokeSpecial(java.lang.Object, java.lang.Object, java.lang.Object, int, int)'> (0x0000000707534000) 
thrown [s\open\src\hotspot\share\interpreter\linkResolver.cpp, line 796]
Event: 24.693 Thread 0x0000021191db1ea0 Implicit null exception at 0x000002113c21a4a0 to 0x000002113c21a514
Event: 25.075 Thread 0x0000021191db1ea0 Implicit null exception at 0x000002113c2bd13f to 0x000002113c2be0d4
Event: 25.231 Thread 0x0000021191460280 Exception <a 'java/lang/NoSuchMethodError'{0x00000007075f0898}: 'java.lang.Object java.lang.invoke.DirectMethodHandle$Holder.invokeStaticInit(java.lang.Object, int)'> (0x00000007075f0898) 
thrown [s\open\src\hotspot\share\interpreter\linkResolver.cpp, line 796]
Event: 28.741 Thread 0x0000021191db1ea0 Exception <a 'java/lang/NoSuchMethodError'{0x0000000712589b48}: 'java.lang.Object java.lang.invoke.DirectMethodHandle$Holder.newInvokeSpecial(java.lang.Object, java.lang.Object, int, java.lang.Object, java.lang.Object)'> (0x0000000712589b48) 
thrown [s\open\src\hotspot\share\interpreter\linkResolver.cpp, line 796]
Event: 28.785 Thread 0x0000021191db1ea0 Implicit null exception at 0x000002113c316d18 to 0x000002113c31ff08
Event: 28.785 Thread 0x0000021191db1ea0 Implicit null exception at 0x000002113c245af8 to 0x000002113c2464b8
Event: 30.398 Thread 0x0000021191db1ea0 Exception <a 'java/lang/NoSuchMethodError'{0x0000000708859e78}: 'java.lang.Object java.lang.invoke.DirectMethodHandle$Holder.newInvokeSpecial(java.lang.Object, java.lang.Object, java.lang.Object, java.lang.Object, java.lang.Object, java.lang.Object)'> (0x0000000708859e78) 
thrown [s\open\src\hotspot\share\interpreter\linkResolver.cpp, line 796]

VM Operations (20 events):
Event: 28.774 Executing VM operation: HandshakeAllThreads (Deoptimize) done
Event: 30.557 Executing VM operation: G1TryInitiateConcMark (G1 Humongous Allocation)
Event: 30.565 Executing VM operation: G1TryInitiateConcMark (G1 Humongous Allocation) done
Event: 30.572 Executing VM operation: G1PauseRemark
Event: 30.575 Executing VM operation: G1PauseRemark done
Event: 30.577 Executing VM operation: G1PauseCleanup
Event: 30.577 Executing VM operation: G1PauseCleanup done
Event: 60.017 Executing VM operation: HandshakeAllThreads (HandshakeForDeflation)
Event: 60.017 Executing VM operation: HandshakeAllThreads (HandshakeForDeflation) done
Event: 60.017 Executing VM operation: RendezvousGCThreads
Event: 60.017 Executing VM operation: RendezvousGCThreads done
Event: 120.177 Executing VM operation: HandshakeAllThreads (HandshakeForDeflation)
Event: 120.177 Executing VM operation: HandshakeAllThreads (HandshakeForDeflation) done
Event: 120.177 Executing VM operation: RendezvousGCThreads
Event: 120.177 Executing VM operation: RendezvousGCThreads done
Event: 180.388 Executing VM operation: HandshakeAllThreads (HandshakeForDeflation)
Event: 180.388 Executing VM operation: HandshakeAllThreads (HandshakeForDeflation) done
Event: 180.388 Executing VM operation: RendezvousGCThreads
Event: 180.388 Executing VM operation: RendezvousGCThreads done
Event: 245.706 Executing VM operation: Exit

Memory protections (0 events):
No events

Nmethod flushes (20 events):
Event: 30.574 Thread 0x000002114b819500 flushing  nmethod 0x000002113483d508
Event: 30.574 Thread 0x000002114b819500 flushing  nmethod 0x0000021134859a08
Event: 30.574 Thread 0x000002114b819500 flushing  nmethod 0x0000021134859e88
Event: 30.574 Thread 0x000002114b819500 flushing  nmethod 0x000002113485ac08
Event: 30.574 Thread 0x000002114b819500 flushing  nmethod 0x0000021134864188
Event: 30.574 Thread 0x000002114b819500 flushing  nmethod 0x0000021134865488
Event: 30.574 Thread 0x000002114b819500 flushing  nmethod 0x0000021134866308
Event: 30.574 Thread 0x000002114b819500 flushing  nmethod 0x0000021134866b88
Event: 30.574 Thread 0x000002114b819500 flushing  nmethod 0x00000211348a3108
Event: 30.574 Thread 0x000002114b819500 flushing  nmethod 0x00000211348a3408
Event: 30.574 Thread 0x000002114b819500 flushing  nmethod 0x00000211348a3988
Event: 30.574 Thread 0x000002114b819500 flushing  nmethod 0x0000021134988388
Event: 30.574 Thread 0x000002114b819500 flushing  nmethod 0x0000021134988708
Event: 30.574 Thread 0x000002114b819500 flushing  nmethod 0x0000021134989408
Event: 30.574 Thread 0x000002114b819500 flushing  nmethod 0x0000021134989d88
Event: 30.574 Thread 0x000002114b819500 flushing  nmethod 0x000002113498ab08
Event: 30.574 Thread 0x000002114b819500 flushing  nmethod 0x000002113498af08
Event: 30.574 Thread 0x000002114b819500 flushing  nmethod 0x00000211349a0308
Event: 30.574 Thread 0x000002114b819500 flushing  nmethod 0x00000211349e3908
Event: 30.574 Thread 0x000002114b819500 flushing  nmethod 0x0000021134b70008

Events (20 events):
Event: 97.274 Thread 0x000002114ba26aa0 Thread added: 0x000002114ba21be0
Event: 97.275 Thread 0x000002114ba21be0 Thread exited: 0x000002114ba21be0
Event: 122.287 Thread 0x000002114ba26aa0 Thread added: 0x000002114ba20830
Event: 122.289 Thread 0x000002114ba20830 Thread exited: 0x000002114ba20830
Event: 147.301 Thread 0x000002114ba26aa0 Thread added: 0x000002114ba22f90
Event: 147.302 Thread 0x000002114ba22f90 Thread exited: 0x000002114ba22f90
Event: 172.316 Thread 0x000002114ba26aa0 Thread added: 0x000002114ba21be0
Event: 172.319 Thread 0x000002114ba21be0 Thread exited: 0x000002114ba21be0
Event: 197.320 Thread 0x000002114ba26aa0 Thread added: 0x000002114ba22270
Event: 197.324 Thread 0x000002114ba22270 Thread exited: 0x000002114ba22270
Event: 222.330 Thread 0x000002114ba26aa0 Thread added: 0x000002114ba21be0
Event: 222.331 Thread 0x000002114ba21be0 Thread exited: 0x000002114ba21be0
Event: 245.700 Thread 0x000002114b835330 Thread added: 0x000002114ba22f90
Event: 245.701 Thread 0x000002114ba22f90 Thread added: 0x000002114ba201a0
Event: 245.701 Thread 0x000002114ba22f90 Thread added: 0x000002114ba20830
Event: 245.701 Thread 0x000002114ba22f90 Thread added: 0x000002114ba25060
Event: 245.703 Thread 0x000002114ba25060 Thread exited: 0x000002114ba25060
Event: 245.704 Thread 0x000002114ba20830 Thread exited: 0x000002114ba20830
Event: 245.706 Thread 0x000002114ba201a0 Thread exited: 0x000002114ba201a0
Event: 245.706 Thread 0x000002114ba22f90 Before exit entered


Dynamic libraries:
0x00007ff685800000 - 0x00007ff685810000 	C:\Program Files\Java\jdk-23\bin\java.exe
0x00007ffbf1500000 - 0x00007ffbf1767000 	C:\WINDOWS\SYSTEM32\ntdll.dll
0x00007ffbef810000 - 0x00007ffbef8d9000 	C:\WINDOWS\System32\KERNEL32.DLL
0x00007ffbee9e0000 - 0x00007ffbeedcf000 	C:\WINDOWS\System32\KERNELBASE.dll
0x00007ffbee650000 - 0x00007ffbee79b000 	C:\WINDOWS\System32\ucrtbase.dll
0x00007ffbe6bb0000 - 0x00007ffbe6bcb000 	C:\Program Files\Java\jdk-23\bin\VCRUNTIME140.dll
0x00007ffbe8da0000 - 0x00007ffbe8db7000 	C:\Program Files\Java\jdk-23\bin\jli.dll
0x00007ffbf0fa0000 - 0x00007ffbf1165000 	C:\WINDOWS\System32\USER32.dll
0x00007ffbeede0000 - 0x00007ffbeee07000 	C:\WINDOWS\System32\win32u.dll
0x00007ffbf1490000 - 0x00007ffbf14bb000 	C:\WINDOWS\System32\GDI32.dll
0x00007ffbd5220000 - 0x00007ffbd54b3000 	C:\WINDOWS\WinSxS\amd64_microsoft.windows.common-controls_6595b64144ccf1df_6.0.26100.7309_none_3e05feeae336a044\COMCTL32.dll
0x00007ffbef0c0000 - 0x00007ffbef1ec000 	C:\WINDOWS\System32\gdi32full.dll
0x00007ffbef010000 - 0x00007ffbef0b3000 	C:\WINDOWS\System32\msvcp_win.dll
0x00007ffbf01c0000 - 0x00007ffbf0269000 	C:\WINDOWS\System32\msvcrt.dll
0x00007ffbf0180000 - 0x00007ffbf01b1000 	C:\WINDOWS\System32\IMM32.DLL
0x00007ffbe3f50000 - 0x00007ffbe3f5c000 	C:\Program Files\Java\jdk-23\bin\vcruntime140_1.dll
0x00007ffbd7e70000 - 0x00007ffbd7efe000 	C:\Program Files\Java\jdk-23\bin\msvcp140.dll
0x00007ffb414b0000 - 0x00007ffb421ff000 	C:\Program Files\Java\jdk-23\bin\server\jvm.dll
0x00007ffbf0ee0000 - 0x00007ffbf0f94000 	C:\WINDOWS\System32\ADVAPI32.dll
0x00007ffbf0720000 - 0x00007ffbf07c6000 	C:\WINDOWS\System32\sechost.dll
0x00007ffbf12f0000 - 0x00007ffbf1408000 	C:\WINDOWS\System32\RPCRT4.dll
0x00007ffbf1410000 - 0x00007ffbf1484000 	C:\WINDOWS\System32\WS2_32.dll
0x00007ffbee4d0000 - 0x00007ffbee52e000 	C:\WINDOWS\SYSTEM32\POWRPROF.dll
0x00007ffbe44c0000 - 0x00007ffbe44cb000 	C:\WINDOWS\SYSTEM32\VERSION.dll
0x00007ffbebf00000 - 0x00007ffbebf35000 	C:\WINDOWS\SYSTEM32\WINMM.dll
0x00007ffbee4b0000 - 0x00007ffbee4c4000 	C:\WINDOWS\SYSTEM32\UMPDC.dll
0x00007ffbed400000 - 0x00007ffbed41b000 	C:\WINDOWS\SYSTEM32\kernel.appcore.dll
0x00007ffbe3f40000 - 0x00007ffbe3f4a000 	C:\Program Files\Java\jdk-23\bin\jimage.dll
0x00007ffbebaa0000 - 0x00007ffbebce2000 	C:\WINDOWS\SYSTEM32\DBGHELP.DLL
0x00007ffbf0270000 - 0x00007ffbf05f5000 	C:\WINDOWS\System32\combase.dll
0x00007ffbf00a0000 - 0x00007ffbf0176000 	C:\WINDOWS\System32\OLEAUT32.dll
0x00007ffbebec0000 - 0x00007ffbebefc000 	C:\WINDOWS\SYSTEM32\dbgcore.DLL
0x00007ffbef1f0000 - 0x00007ffbef295000 	C:\WINDOWS\System32\bcryptPrimitives.dll
0x00007ffbe3e90000 - 0x00007ffbe3e9f000 	C:\Program Files\Java\jdk-23\bin\instrument.dll
0x00007ffbe3f20000 - 0x00007ffbe3f3e000 	C:\Program Files\Java\jdk-23\bin\java.dll
0x00007ffbef3b0000 - 0x00007ffbef547000 	C:\WINDOWS\System32\ole32.dll
0x00007ffbef8f0000 - 0x00007ffbf0043000 	C:\WINDOWS\System32\SHELL32.dll
0x00007ffbeee10000 - 0x00007ffbeef7a000 	C:\WINDOWS\System32\wintypes.dll
0x00007ffbec220000 - 0x00007ffbeca7e000 	C:\WINDOWS\SYSTEM32\windows.storage.dll
0x00007ffbef2a0000 - 0x00007ffbef395000 	C:\WINDOWS\System32\SHCORE.dll
0x00007ffbf11d0000 - 0x00007ffbf1236000 	C:\WINDOWS\System32\shlwapi.dll
0x00007ffbee570000 - 0x00007ffbee599000 	C:\WINDOWS\SYSTEM32\profapi.dll
0x00007ffb934f0000 - 0x00007ffb935c7000 	C:\Program Files\Java\jdk-23\bin\jsvml.dll
0x00007ffbdbeb0000 - 0x00007ffbdbec7000 	C:\Program Files\Java\jdk-23\bin\zip.dll
0x00007ffbe3ea0000 - 0x00007ffbe3eb0000 	C:\Program Files\Java\jdk-23\bin\net.dll
0x00007ffbed970000 - 0x00007ffbed9db000 	C:\WINDOWS\system32\mswsock.dll
0x00007ffbdbed0000 - 0x00007ffbdbee6000 	C:\Program Files\Java\jdk-23\bin\nio.dll
0x00007ffbdbd60000 - 0x00007ffbdbd69000 	C:\Program Files\Java\jdk-23\bin\extnet.dll
0x000002112be70000 - 0x000002112be73000 	C:\Users\admin\.openjfx\cache\17.0.8\api-ms-win-core-console-l1-1-0.dll
0x000002112be80000 - 0x000002112be83000 	C:\Users\admin\.openjfx\cache\17.0.8\api-ms-win-core-console-l1-2-0.dll
0x000002112be90000 - 0x000002112be93000 	C:\Users\admin\.openjfx\cache\17.0.8\api-ms-win-core-datetime-l1-1-0.dll
0x000002112bea0000 - 0x000002112bea3000 	C:\Users\admin\.openjfx\cache\17.0.8\api-ms-win-core-debug-l1-1-0.dll
0x000002112beb0000 - 0x000002112beb3000 	C:\Users\admin\.openjfx\cache\17.0.8\api-ms-win-core-errorhandling-l1-1-0.dll
0x000002112bec0000 - 0x000002112bec4000 	C:\Users\admin\.openjfx\cache\17.0.8\api-ms-win-core-file-l1-1-0.dll
0x000002112bed0000 - 0x000002112bed3000 	C:\Users\admin\.openjfx\cache\17.0.8\api-ms-win-core-file-l1-2-0.dll
0x000002114bc70000 - 0x000002114bc73000 	C:\Users\admin\.openjfx\cache\17.0.8\api-ms-win-core-file-l2-1-0.dll
0x000002114bc80000 - 0x000002114bc83000 	C:\Users\admin\.openjfx\cache\17.0.8\api-ms-win-core-handle-l1-1-0.dll
0x000002114bc90000 - 0x000002114bc93000 	C:\Users\admin\.openjfx\cache\17.0.8\api-ms-win-core-heap-l1-1-0.dll
0x000002114bca0000 - 0x000002114bca3000 	C:\Users\admin\.openjfx\cache\17.0.8\api-ms-win-core-interlocked-l1-1-0.dll
0x000002114bcb0000 - 0x000002114bcb3000 	C:\Users\admin\.openjfx\cache\17.0.8\api-ms-win-core-libraryloader-l1-1-0.dll
0x000002114bcc0000 - 0x000002114bcc3000 	C:\Users\admin\.openjfx\cache\17.0.8\api-ms-win-core-localization-l1-2-0.dll
0x000002114bcd0000 - 0x000002114bcd3000 	C:\Users\admin\.openjfx\cache\17.0.8\api-ms-win-core-memory-l1-1-0.dll
0x000002114bce0000 - 0x000002114bce3000 	C:\Users\admin\.openjfx\cache\17.0.8\api-ms-win-core-namedpipe-l1-1-0.dll
0x000002114bcf0000 - 0x000002114bcf3000 	C:\Users\admin\.openjfx\cache\17.0.8\api-ms-win-core-processenvironment-l1-1-0.dll
0x000002114bd00000 - 0x000002114bd03000 	C:\Users\admin\.openjfx\cache\17.0.8\api-ms-win-core-processthreads-l1-1-0.dll
0x000002114bd10000 - 0x000002114bd13000 	C:\Users\admin\.openjfx\cache\17.0.8\api-ms-win-core-processthreads-l1-1-1.dll
0x000002114bd20000 - 0x000002114bd23000 	C:\Users\admin\.openjfx\cache\17.0.8\api-ms-win-core-profile-l1-1-0.dll
0x000002114bd30000 - 0x000002114bd33000 	C:\Users\admin\.openjfx\cache\17.0.8\api-ms-win-core-rtlsupport-l1-1-0.dll
0x000002114bd40000 - 0x000002114bd43000 	C:\Users\admin\.openjfx\cache\17.0.8\api-ms-win-core-string-l1-1-0.dll
0x000002114bd50000 - 0x000002114bd53000 	C:\Users\admin\.openjfx\cache\17.0.8\api-ms-win-core-synch-l1-1-0.dll
0x000002114bd60000 - 0x000002114bd63000 	C:\Users\admin\.openjfx\cache\17.0.8\api-ms-win-core-synch-l1-2-0.dll
0x000002114bd70000 - 0x000002114bd73000 	C:\Users\admin\.openjfx\cache\17.0.8\api-ms-win-core-sysinfo-l1-1-0.dll
0x000002114bd80000 - 0x000002114bd83000 	C:\Users\admin\.openjfx\cache\17.0.8\api-ms-win-core-timezone-l1-1-0.dll
0x000002114bd90000 - 0x000002114bd93000 	C:\Users\admin\.openjfx\cache\17.0.8\api-ms-win-core-util-l1-1-0.dll
0x000002114bda0000 - 0x000002114bda3000 	C:\Users\admin\.openjfx\cache\17.0.8\api-ms-win-crt-conio-l1-1-0.dll
0x000002114bdb0000 - 0x000002114bdb4000 	C:\Users\admin\.openjfx\cache\17.0.8\api-ms-win-crt-convert-l1-1-0.dll
0x000002114bdc0000 - 0x000002114bdc3000 	C:\Users\admin\.openjfx\cache\17.0.8\api-ms-win-crt-environment-l1-1-0.dll
0x000002114bdd0000 - 0x000002114bdd3000 	C:\Users\admin\.openjfx\cache\17.0.8\api-ms-win-crt-filesystem-l1-1-0.dll
0x000002114bde0000 - 0x000002114bde3000 	C:\Users\admin\.openjfx\cache\17.0.8\api-ms-win-crt-heap-l1-1-0.dll
0x000002114bdf0000 - 0x000002114bdf3000 	C:\Users\admin\.openjfx\cache\17.0.8\api-ms-win-crt-locale-l1-1-0.dll
0x000002114be00000 - 0x000002114be05000 	C:\Users\admin\.openjfx\cache\17.0.8\api-ms-win-crt-math-l1-1-0.dll
0x000002114be10000 - 0x000002114be15000 	C:\Users\admin\.openjfx\cache\17.0.8\api-ms-win-crt-multibyte-l1-1-0.dll
0x000002114be20000 - 0x000002114be30000 	C:\Users\admin\.openjfx\cache\17.0.8\api-ms-win-crt-private-l1-1-0.dll
0x000002114be30000 - 0x000002114be33000 	C:\Users\admin\.openjfx\cache\17.0.8\api-ms-win-crt-process-l1-1-0.dll
0x000002114be40000 - 0x000002114be44000 	C:\Users\admin\.openjfx\cache\17.0.8\api-ms-win-crt-runtime-l1-1-0.dll
0x000002114be50000 - 0x000002114be54000 	C:\Users\admin\.openjfx\cache\17.0.8\api-ms-win-crt-stdio-l1-1-0.dll
0x000002114be60000 - 0x000002114be64000 	C:\Users\admin\.openjfx\cache\17.0.8\api-ms-win-crt-string-l1-1-0.dll
0x000002114be70000 - 0x000002114be73000 	C:\Users\admin\.openjfx\cache\17.0.8\api-ms-win-crt-time-l1-1-0.dll
0x000002114be80000 - 0x000002114be83000 	C:\Users\admin\.openjfx\cache\17.0.8\api-ms-win-crt-utility-l1-1-0.dll
0x00007ffb878c0000 - 0x00007ffb879bc000 	C:\Users\admin\.openjfx\cache\17.0.8\ucrtbase.dll
0x00007ffbdbd10000 - 0x00007ffbdbd2b000 	C:\Users\admin\.openjfx\cache\17.0.8\vcruntime140.dll
0x00007ffbdbd00000 - 0x00007ffbdbd0c000 	C:\Users\admin\.openjfx\cache\17.0.8\vcruntime140_1.dll
0x00007ffbb3880000 - 0x00007ffbb390e000 	C:\Users\admin\.openjfx\cache\17.0.8\msvcp140.dll
0x00007ffbdbcf0000 - 0x00007ffbdbcf9000 	C:\Users\admin\.openjfx\cache\17.0.8\msvcp140_1.dll
0x00007ffbdbaa0000 - 0x00007ffbdbad0000 	C:\Users\admin\.openjfx\cache\17.0.8\msvcp140_2.dll
0x00007ffbd7e40000 - 0x00007ffbd7e6a000 	C:\Users\admin\.openjfx\cache\17.0.8\prism_d3d.dll
0x00007ffbd28e0000 - 0x00007ffbd2a93000 	C:\WINDOWS\system32\d3d9.dll
0x00007ffbeb6a0000 - 0x00007ffbeb6d0000 	C:\WINDOWS\SYSTEM32\dwmapi.dll
0x00007ffbeb2f0000 - 0x00007ffbeb334000 	C:\WINDOWS\SYSTEM32\dxcore.dll
0x00007ffbeb210000 - 0x00007ffbeb2bb000 	C:\WINDOWS\system32\uxtheme.dll
0x00007ffbeb440000 - 0x00007ffbeb57b000 	C:\WINDOWS\system32\dxgi.dll
0x00007ffbee190000 - 0x00007ffbee1e7000 	C:\WINDOWS\SYSTEM32\CFGMGR32.dll
0x00007ffbea050000 - 0x00007ffbea2b2000 	C:\WINDOWS\SYSTEM32\d3d11.dll
0x00007ffbe82b0000 - 0x00007ffbe8313000 	C:\WINDOWS\SYSTEM32\directxdatabasehelper.dll
0x00007ffbd5fe0000 - 0x00007ffbd6022000 	C:\Users\admin\.openjfx\cache\17.0.8\glass.dll
0x00007ffbf07d0000 - 0x00007ffbf08c0000 	C:\WINDOWS\System32\COMDLG32.dll
0x00007ffbf0d70000 - 0x00007ffbf0ece000 	C:\WINDOWS\System32\MSCTF.dll
0x00007ffbdbd50000 - 0x00007ffbdbd5e000 	C:\Program Files\Java\jdk-23\bin\sunmscapi.dll
0x00007ffbee860000 - 0x00007ffbee9d7000 	C:\WINDOWS\System32\CRYPT32.dll
0x00007ffbede50000 - 0x00007ffbede80000 	C:\WINDOWS\SYSTEM32\ncrypt.dll
0x00007ffbede00000 - 0x00007ffbede3f000 	C:\WINDOWS\SYSTEM32\NTASN1.dll
0x00007ffbedc30000 - 0x00007ffbedc4b000 	C:\WINDOWS\SYSTEM32\CRYPTSP.dll
0x00007ffbed340000 - 0x00007ffbed37a000 	C:\WINDOWS\system32\rsaenh.dll
0x00007ffbeda20000 - 0x00007ffbeda4b000 	C:\WINDOWS\SYSTEM32\USERENV.dll
0x00007ffbee540000 - 0x00007ffbee56a000 	C:\WINDOWS\SYSTEM32\bcrypt.dll
0x00007ffbedc50000 - 0x00007ffbedc5c000 	C:\WINDOWS\SYSTEM32\CRYPTBASE.dll
0x00007ffbece70000 - 0x00007ffbecea4000 	C:\WINDOWS\SYSTEM32\IPHLPAPI.DLL
0x00007ffbef3a0000 - 0x00007ffbef3aa000 	C:\WINDOWS\System32\NSI.dll
0x00007ffbdb700000 - 0x00007ffbdb714000 	C:\Users\admin\.openjfx\cache\17.0.8\javafx_font.dll
0x00007ffbe97a0000 - 0x00007ffbe9a07000 	C:\WINDOWS\SYSTEM32\dwrite.dll
0x00007ffbef550000 - 0x00007ffbef600000 	C:\WINDOWS\System32\clbcatq.dll
0x00007ffbe90d0000 - 0x00007ffbe9300000 	C:\WINDOWS\SYSTEM32\WindowsCodecs.dll
0x00007ffbc3aa0000 - 0x00007ffbc3afa000 	C:\WINDOWS\system32\dataexchange.dll
0x00007ffbe6640000 - 0x00007ffbe6884000 	C:\WINDOWS\system32\twinapi.appcore.dll
0x00007ffbd7310000 - 0x00007ffbd733c000 	C:\Program Files\Common Files\Microsoft Shared\Ink\rtscom.dll
0x00007ffbbaed0000 - 0x00007ffbbb018000 	C:\WINDOWS\SYSTEM32\textinputframework.dll
0x00007ffbea9f0000 - 0x00007ffbeab17000 	C:\WINDOWS\SYSTEM32\CoreMessaging.dll
0x00007ffbe6c30000 - 0x00007ffbe6f12000 	C:\WINDOWS\SYSTEM32\CoreUIComponents.dll

dbghelp: loaded successfully - version: 4.0.5 - missing functions: none
symbol engine: initialized successfully - sym options: 0x614 - pdb path: .;C:\Program Files\Java\jdk-23\bin;C:\WINDOWS\SYSTEM32;C:\WINDOWS\WinSxS\amd64_microsoft.windows.common-controls_6595b64144ccf1df_6.0.26100.7309_none_3e05feeae336a044;C:\Program Files\Java\jdk-23\bin\server;C:\Users\admin\.openjfx\cache\17.0.8;C:\WINDOWS\System32\DriverStore\FileRepository\iigd_dch.inf_amd64_d71a22cbbfee3077;C:\Program Files\Common Files\Microsoft Shared\Ink

VM Arguments:
jvm_args: -javaagent:C:\Program Files\JetBrains\IntelliJ IDEA Community Edition 2025.1.1.1\lib\idea_rt.jar=60136 -Dfile.encoding=UTF-8 -Dsun.stdout.encoding=UTF-8 -Dsun.stderr.encoding=UTF-8 
java_command: com.chatty.Launcher
java_class_path (initial): C:\Users\admin\intellj-workspace\RealtimeChatApp\desktop\target\classes;C:\Users\admin\.m2\repository\org\openjfx\javafx-controls\17.0.8\javafx-controls-17.0.8.jar;C:\Users\admin\.m2\repository\org\openjfx\javafx-controls\17.0.8\javafx-controls-17.0.8-win.jar;C:\Users\admin\.m2\repository\org\openjfx\javafx-graphics\17.0.8\javafx-graphics-17.0.8.jar;C:\Users\admin\.m2\repository\org\openjfx\javafx-graphics\17.0.8\javafx-graphics-17.0.8-win.jar;C:\Users\admin\.m2\repository\org\openjfx\javafx-base\17.0.8\javafx-base-17.0.8.jar;C:\Users\admin\.m2\repository\org\openjfx\javafx-base\17.0.8\javafx-base-17.0.8-win.jar;C:\Users\admin\.m2\repository\org\openjfx\javafx-fxml\17.0.8\javafx-fxml-17.0.8.jar;C:\Users\admin\.m2\repository\org\openjfx\javafx-fxml\17.0.8\javafx-fxml-17.0.8-win.jar;C:\Users\admin\.m2\repository\com\squareup\okhttp3\okhttp\4.12.0\okhttp-4.12.0.jar;C:\Users\admin\.m2\repository\com\squareup\okio\okio\3.6.0\okio-3.6.0.jar;C:\Users\admin\.m2\repository\com\squareup\okio\okio-jvm\3.6.0\okio-jvm-3.6.0.jar;C:\Users\admin\.m2\repository\org\jetbrains\kotlin\kotlin-stdlib-common\1.9.10\kotlin-stdlib-common-1.9.10.jar;C:\Users\admin\.m2\repository\org\jetbrains\kotlin\kotlin-stdlib-jdk8\1.8.21\kotlin-stdlib-jdk8-1.8.21.jar;C:\Users\admin\.m2\repository\org\jetbrains\kotlin\kotlin-stdlib\1.8.21\kotlin-stdlib-1.8.21.jar;C:\Users\admin\.m2\repository\org\jetbrains\annotations\13.0\annotations-13.0.jar;C:\Users\admin\.m2\repository\org\jetbrains\kotlin\kotlin-stdlib-jdk7\1.8.21\kotlin-stdlib-jdk7-1.8.21.jar;C:\Users\admin\.m2\repository\com\google\code\gson\gson\2.10.1\gson-2.10.1.jar;C:\Users\admin\.m2\repository\io\socket\socket.io-client\2.1.0\socket.io-client-2.1.0.jar;C:\Users\admin\.m2\repository\io\socket\engine.io-client\2.1.0\engine.io-client-2.1.0.jar;C:\Users\admin\.m2\repository\org\json\json\20090211\json-20090211.jar;C:\Users\admin\.m2\repository\org\kordamp\ikonli\ikonli-javafx\12.3.1\ikonli-javafx-12.3.1.jar;C:\Users\admin\.m2\repository\org\kordamp\ikonli\ikonli-core\12.3.1\ikonli-core-12.3.1.jar;C:\Users\admin\.m2\repository\org\kordamp\ikonli\ikonli-materialdesign2-pack\12.3.1\ikonli-materialdesign2-pack-12.3.1.jar
Launcher Type: SUN_STANDARD

[Global flags]
     intx CICompilerCount                          = 4                                         {product} {ergonomic}
     uint ConcGCThreads                            = 3                                         {product} {ergonomic}
     uint G1ConcRefinementThreads                  = 10                                        {product} {ergonomic}
   size_t G1HeapRegionSize                         = 2097152                                   {product} {ergonomic}
   size_t InitialHeapSize                          = 264241152                                 {product} {ergonomic}
   size_t MarkStackSize                            = 4194304                                   {product} {ergonomic}
   size_t MarkStackSizeMax                         = 536870912                                 {product} {ergonomic}
   size_t MaxHeapSize                              = 4213178368                                {product} {ergonomic}
   size_t MaxNewSize                               = 2527068160                                {product} {ergonomic}
   size_t MinHeapDeltaBytes                        = 2097152                                   {product} {ergonomic}
   size_t MinHeapSize                              = 8388608                                   {product} {ergonomic}
    uintx NonNMethodCodeHeapSize                   = 5832704                                {pd product} {ergonomic}
    uintx NonProfiledCodeHeapSize                  = 122945536                              {pd product} {ergonomic}
    uintx ProfiledCodeHeapSize                     = 122880000                              {pd product} {ergonomic}
    uintx ReservedCodeCacheSize                    = 251658240                              {pd product} {ergonomic}
     bool SegmentedCodeCache                       = true                                      {product} {ergonomic}
   size_t SoftMaxHeapSize                          = 4213178368                             {manageable} {ergonomic}
     bool UseCompressedOops                        = true                           {product lp64_product} {ergonomic}
     bool UseG1GC                                  = true                                      {product} {ergonomic}
     bool UseLargePagesIndividualAllocation        = false                                  {pd product} {ergonomic}

Logging:
Log output configuration:
 #0: stdout all=off uptime,level,tags foldmultilines=false
 #1: stderr all=off uptime,level,tags foldmultilines=false

Environment Variables:
JAVA_HOME=C:\Program Files\Java\jdk-23
PATH=C:\Program Files (x86)\VMware\VMware Workstation\bin\;C:\Program Files\Common Files\Oracle\Java\javapath;C:\WINDOWS\system32;C:\WINDOWS;C:\WINDOWS\System32\Wbem;C:\WINDOWS\System32\WindowsPowerShell\v1.0\;C:\WINDOWS\System32\OpenSSH\;C:\Program Files\dotnet\;C:\Program Files\Microsoft SQL Server\Client SDK\ODBC\170\Tools\Binn\;C:\Program Files (x86)\Microsoft SQL Server\150\Tools\Binn\;C:\Program Files\Microsoft SQL Server\150\Tools\Binn\;C:\Program Files\Microsoft SQL Server\150\DTS\Binn\;C:\Program Files (x86)\Microsoft SQL Server\160\DTS\Binn\;C:\Program Files\Java\jdk-23\bin;C:\Program Files\Git\cmd;C:\Program Files\php;C:\Program Files\Cloudflare\Cloudflare WARP\;C:\Program Files\Java\jdk-21\bin;C:\Program Files\nodejs\;C:\Program Files\Docker\Docker\resources\bin;C:\Users\admin\AppData\Local\Microsoft\WindowsApps;D:\Tools\Gradle\gradle-8.12.1\bin;C:\Users\admin\AppData\Local\Programs\Microsoft VS Code\bin;C:\Program Files\JetBrains\IntelliJ IDEA Community Edition 2025.1.1.1\bin;;C:\Program Files\php\php-8.4.7;E:\sqlite3;C:\Users\admin\AppData\Roaming\npm
USERNAME=admin
OS=Windows_NT
PROCESSOR_IDENTIFIER=Intel64 Family 6 Model 186 Stepping 3, GenuineIntel
TMP=C:\Users\admin\AppData\Local\Temp
TEMP=C:\Users\admin\AppData\Local\Temp




Periodic native trim disabled

---------------  S Y S T E M  ---------------

OS:
 Windows 11 , 64 bit Build 26100 (10.0.26100.7309)
OS uptime: 28 days 7:03 hours
Hyper-V role detected

CPU: total 12 (initial active 12) (6 cores per cpu, 2 threads per core) family 6 model 186 stepping 3 microcode 0x4128, cx8, cmov, fxsr, ht, mmx, 3dnowpref, sse, sse2, sse3, ssse3, sse4.1, sse4.2, popcnt, lzcnt, tsc, tscinvbit, avx, avx2, aes, erms, clmul, bmi1, bmi2, adx, sha, fma, vzeroupper, clflush, clflushopt, clwb, hv, serialize, rdtscp, rdpid, fsrm, gfni, f16c, cet_ibt, cet_ss
Processor Information for processor 0
  Max Mhz: 1700, Current Mhz: 1700, Mhz Limit: 1700
Processor Information for processor 1
  Max Mhz: 1700, Current Mhz: 1700, Mhz Limit: 1700
Processor Information for processor 2
  Max Mhz: 1700, Current Mhz: 1700, Mhz Limit: 1700
Processor Information for processor 3
  Max Mhz: 1700, Current Mhz: 1700, Mhz Limit: 1700
Processor Information for processor 4
  Max Mhz: 1700, Current Mhz: 1558, Mhz Limit: 1700
Processor Information for processor 5
  Max Mhz: 1700, Current Mhz: 1700, Mhz Limit: 1700
Processor Information for processor 6
  Max Mhz: 1700, Current Mhz: 1700, Mhz Limit: 1700
Processor Information for processor 7
  Max Mhz: 1700, Current Mhz: 1700, Mhz Limit: 1700
Processor Information for processor 8
  Max Mhz: 1700, Current Mhz: 1700, Mhz Limit: 1700
Processor Information for processor 9
  Max Mhz: 1700, Current Mhz: 1558, Mhz Limit: 1700
Processor Information for processor 10
  Max Mhz: 1700, Current Mhz: 1700, Mhz Limit: 1700
Processor Information for processor 11
  Max Mhz: 1700, Current Mhz: 1558, Mhz Limit: 1700

Memory: 4k page, system-wide physical 16068M (3454M free)
TotalPageFile size 32137M (AvailPageFile size 7399M)
current process WorkingSet (physical memory assigned to process): 310M, peak: 401M
current process commit charge ("private bytes"): 348M, peak: 514M

vm_info: Java HotSpot(TM) 64-Bit Server VM (23.0.1+11-39) for windows-amd64 JRE (23.0.1+11-39), built on 2024-09-30T07:20:43Z with MS VC++ 17.6 (VS2022)

END.
