#
# A fatal error has been detected by the Java Runtime Environment:
#
#  EXCEPTION_ACCESS_VIOLATION (0xc0000005) at pc=0x00007ffbd6006bd7, pid=53692, tid=37264
#
# JRE version: Java(TM) SE Runtime Environment (23.0.1+11) (build 23.0.1+11-39)
# Java VM: Java HotSpot(TM) 64-Bit Server VM (23.0.1+11-39, mixed mode, sharing, tiered, compressed oops, compressed class ptrs, g1 gc, windows-amd64)
# Problematic frame:
# C  [glass.dll+0x26bd7]
#
# No core dump will be written. Minidumps are not enabled by default on client versions of Windows
#
# If you would like to submit a bug report, please visit:
#   https://bugreport.java.com/bugreport/crash.jsp
#

---------------  S U M M A R Y ------------

Command Line: -javaagent:C:\Program Files\JetBrains\IntelliJ IDEA Community Edition 2025.1.1.1\lib\idea_rt.jar=51450 -Dfile.encoding=UTF-8 -Dsun.stdout.encoding=UTF-8 -Dsun.stderr.encoding=UTF-8 com.chatty.Launcher

Host: 13th Gen Intel(R) Core(TM) i7-1355U, 12 cores, 15G,  Windows 11 , 64 bit Build 26100 (10.0.26100.7309)
Time: Fri Jan  9 22:45:53 2026 SE Asia Standard Time elapsed time: 17.491623 seconds (0d 0h 0m 17s)

---------------  T H R E A D  ---------------

Current thread (0x00000201662e7040):  VMThread "VM Thread"          [id=37264, stack(0x000000b9d3200000,0x000000b9d3300000) (1024K)]

Stack: [0x000000b9d3200000,0x000000b9d3300000],  sp=0x000000b9d32ff420,  free space=1021k
Native frames: (J=compiled Java code, j=interpreted, Vv=VM code, C=native code)
C  [glass.dll+0x26bd7]  (no source info available)
C  [ucrtbase.dll+0x4bc75]  (no source info available)
C  [ucrtbase.dll+0x4b897]  (no source info available)
C  [ucrtbase.dll+0x4b84d]  (no source info available)
C  [glass.dll+0x2439d]  (no source info available)
C  [glass.dll+0x244c2]  (no source info available)
C  [ntdll.dll+0x15f86e]  (no source info available)
C  [ntdll.dll+0xbcae]  (no source info available)
C  [ntdll.dll+0x8d4af]  (no source info available)
C  [ntdll.dll+0x8c67e]  (no source info available)
C  [KERNEL32.DLL+0x418ab]  (no source info available)
C  [ucrtbase.dll+0xa0093]  (no source info available)
V  [jvm.dll+0x6d990c]  (no source info available)
V  [jvm.dll+0x6d9440]  (no source info available)
V  [jvm.dll+0x3da534]  (no source info available)
V  [jvm.dll+0x886720]  (no source info available)
V  [jvm.dll+0x887a47]  (no source info available)
V  [jvm.dll+0x887f78]  (no source info available)
V  [jvm.dll+0x888213]  (no source info available)
V  [jvm.dll+0x824f8b]  (no source info available)
V  [jvm.dll+0x6df065]  (no source info available)
C  [ucrtbase.dll+0x37b0]  (no source info available)
C  [KERNEL32.DLL+0x2e8d7]  (no source info available)
C  [ntdll.dll+0x8c53c]  (no source info available)


siginfo: EXCEPTION_ACCESS_VIOLATION (0xc0000005), reading address 0x0000000000000000


Registers:
RAX=0x0000000000000000, RBX=0x00000201662f07da, RCX=0x00000201662e7040, RDX=0x000000b9d32ff420
RSP=0x000000b9d32ff420, RBP=0x0000bdeaba457861, RSI=0x0000020142403f08, RDI=0x0000020142403ee0
R8 =0x0000000000010002, R9 =0x0000bdeaba457861, R10=0x0000020144cd0000, R11=0x00000201423f4710
R12=0x0000000000000001, R13=0x00007ffbd6004510, R14=0x000000b9d32ff528, R15=0x0000020142403ee0
RIP=0x00007ffbd6006bd7, EFLAGS=0x0000000000010206


Register to memory mapping:

RAX=0x0 is null
RBX=0x00000201662f07da is a global jni handle
RCX=0x00000201662e7040 points into unknown readable memory: 0x00007ffb41f4f688 | 88 f6 f4 41 fb 7f 00 00
RDX=0x000000b9d32ff420 points into unknown readable memory: 0x0000000000000000 | 00 00 00 00 00 00 00 00
RSP=0x000000b9d32ff420 points into unknown readable memory: 0x0000000000000000 | 00 00 00 00 00 00 00 00
RBP=0x0000bdeaba457861 is an unknown value
RSI=0x0000020142403f08 points into unknown readable memory: 0x0000bdeaba457861 | 61 78 45 ba ea bd 00 00
RDI=0x0000020142403ee0 points into unknown readable memory: 0xac003dbaba458796 | 96 87 45 ba ba 3d 00 ac
R8 =0x0000000000010002 is an unknown value
R9 =0x0000bdeaba457861 is an unknown value
R10=0x0000020144cd0000 points into unknown readable memory: 0x0000000000000000 | 00 00 00 00 00 00 00 00
R11=0x00000201423f4710 points into unknown readable memory: 0x00000201426e8ec0 | c0 8e 6e 42 01 02 00 00
R12=0x0000000000000001 is an unknown value
R13=0x00007ffbd6004510 glass.dll
R14=0x000000b9d32ff528 points into unknown readable memory: 0x000000b9d32ff510 | 10 f5 2f d3 b9 00 00 00
R15=0x0000020142403ee0 points into unknown readable memory: 0xac003dbaba458796 | 96 87 45 ba ba 3d 00 ac

Top of Stack: (sp=0x000000b9d32ff420)
0x000000b9d32ff420:   0000000000000000 0000020100000000
0x000000b9d32ff430:   00000201423b4290 0000000000000001
0x000000b9d32ff440:   0000020142403ee8 00007ffbee69bc75
0x000000b9d32ff450:   0000020142403ee0 0000020100000000
0x000000b9d32ff460:   0000020142403f00 0000bdeaba457861
0x000000b9d32ff470:   fffffffffffffffe 000000b9d32ff4f8
0x000000b9d32ff480:   00007ffbd5fe0000 00007ffbd5fe0000
0x000000b9d32ff490:   000000b9d32ff518 00007ffbee69b897
0x000000b9d32ff4a0:   000000b9d32ff500 000000b9d32ff528
0x000000b9d32ff4b0:   000000b9d32ff810 00007ffbee7888c0
0x000000b9d32ff4c0:   0000000000000001 00007ffbee69b84d
0x000000b9d32ff4d0:   0000000000000000 0000000000000001
0x000000b9d32ff4e0:   00007ffbee9bf230 000000b9d32ff518
0x000000b9d32ff4f0:   fffffffffffffffe 000000b9d32ff4e0
0x000000b9d32ff500:   0000000000000000 00007ffbd600439d
0x000000b9d32ff510:   00007ffbd601a138 0000000000000002
0x000000b9d32ff520:   0000000000000002 000000b9d32ff510
0x000000b9d32ff530:   00007ffbee860000 00007ffbee860000
0x000000b9d32ff540:   0000000000000000 00007ffbd60044c2
0x000000b9d32ff550:   0000000000000001 000000b9d32ff810
0x000000b9d32ff560:   0000000000000001 00007ffbf150a6af
0x000000b9d32ff570:   0000020142a8dd40 00007ffbede50000
0x000000b9d32ff580:   0000000000000001 0000000000000000
0x000000b9d32ff590:   0000000000000000 000000007ffe0384
0x000000b9d32ff5a0:   00000201423fe260 00007ffbf165f86e
0x000000b9d32ff5b0:   00007ffbd5fe0000 0000020100000000
0x000000b9d32ff5c0:   0000000000000001 000000007ffe0385
0x000000b9d32ff5d0:   00007ffbd60075a0 00007ffbf150bcae
0x000000b9d32ff5e0:   0000000000000000 0000000000000000
0x000000b9d32ff5f0:   0000000000000000 0000000000000000
0x000000b9d32ff600:   0000000000000000 0000000000000000
0x000000b9d32ff610:   0000000000000000 0000000000000000 

Instructions: (pc=0x00007ffbd6006bd7)
0x00007ffbd6006ad7:   8b 4d 58 e8 71 cf ff ff 48 8b 4d 60 e8 68 cf ff
0x00007ffbd6006ae7:   ff 48 8b 95 80 00 00 00 48 8b 8d 18 01 00 00 e8
0x00007ffbd6006af7:   36 c4 ff ff 33 d2 33 c9 e8 bc e1 ff ff 90 48 89
0x00007ffbd6006b07:   54 24 10 55 48 83 ec 20 48 8b ea 48 b8 00 00 00
0x00007ffbd6006b17:   00 00 00 00 00 48 83 c4 20 5d c3 cc 40 55 48 8b
0x00007ffbd6006b27:   ea 48 8b 01 33 c9 81 38 05 00 00 c0 0f 94 c1 8b
0x00007ffbd6006b37:   c1 5d c3 cc 40 55 48 83 ec 20 48 8b ea 8a 4d 40
0x00007ffbd6006b47:   48 83 c4 20 5d e9 63 d3 ff ff cc 40 55 48 83 ec
0x00007ffbd6006b57:   20 48 8b ea 8a 4d 20 e8 51 d3 ff ff 90 48 83 c4
0x00007ffbd6006b67:   20 5d c3 cc 40 55 48 83 ec 20 48 8b ea 48 83 c4
0x00007ffbd6006b77:   20 5d e9 b2 d1 ff ff cc 40 55 48 83 ec 30 48 8b
0x00007ffbd6006b87:   ea 48 8b 01 8b 10 48 89 4c 24 28 89 54 24 20 4c
0x00007ffbd6006b97:   8d 0d 53 d6 ff ff 4c 8b 45 70 8b 55 68 48 8b 4d
0x00007ffbd6006ba7:   60 e8 f3 d0 ff ff 90 48 83 c4 30 5d c3 cc cc cc
0x00007ffbd6006bb7:   cc cc cc cc cc cc cc cc cc 40 53 48 83 ec 20 48
0x00007ffbd6006bc7:   8b 1d 63 2f 01 00 48 85 db 74 16 e8 49 8b ff ff
0x00007ffbd6006bd7:   4c 8b 00 48 8b d3 48 8b c8 41 ff 90 b0 00 00 00
0x00007ffbd6006be7:   90 48 83 c4 20 5b c3 cc cc 40 53 48 83 ec 20 48
0x00007ffbd6006bf7:   8b 1d db 30 01 00 48 85 db 74 57 b8 ff ff ff ff
0x00007ffbd6006c07:   f0 0f c1 43 10 83 f8 01 75 3d 48 85 db 74 38 48
0x00007ffbd6006c17:   8b 0b 48 85 c9 74 0d ff 15 84 06 00 00 48 c7 03
0x00007ffbd6006c27:   00 00 00 00 48 8b 4b 08 48 85 c9 74 0d e8 17 ce
0x00007ffbd6006c37:   ff ff 48 c7 43 08 00 00 00 00 ba 18 00 00 00 48
0x00007ffbd6006c47:   8b cb e8 02 ce ff ff 48 c7 05 7f 30 01 00 00 00
0x00007ffbd6006c57:   00 00 48 83 c4 20 5b c3 cc 40 53 48 83 ec 20 48
0x00007ffbd6006c67:   8b 1d 4b 30 01 00 48 85 db 74 57 b8 ff ff ff ff
0x00007ffbd6006c77:   f0 0f c1 43 10 83 f8 01 75 3d 48 85 db 74 38 48
0x00007ffbd6006c87:   8b 0b 48 85 c9 74 0d ff 15 14 06 00 00 48 c7 03
0x00007ffbd6006c97:   00 00 00 00 48 8b 4b 08 48 85 c9 74 0d e8 a7 cd
0x00007ffbd6006ca7:   ff ff 48 c7 43 08 00 00 00 00 ba 18 00 00 00 48
0x00007ffbd6006cb7:   8b cb e8 92 cd ff ff 48 c7 05 ef 2f 01 00 00 00
0x00007ffbd6006cc7:   00 00 48 83 c4 20 5b c3 cc 40 53 48 83 ec 20 48 


Stack slot to memory mapping:

stack at sp + 0 slots: 0x0 is null
stack at sp + 1 slots: 0x0000020100000000 is pointing into metadata
stack at sp + 2 slots: 0x00000201423b4290 points into unknown readable memory: 0x00000201423f4a00 | 00 4a 3f 42 01 02 00 00
stack at sp + 3 slots: 0x0000000000000001 is an unknown value
stack at sp + 4 slots: 0x0000020142403ee8 points into unknown readable memory: 0x0000bdeaba457861 | 61 78 45 ba ea bd 00 00
stack at sp + 5 slots: 0x00007ffbee69bc75 ucrtbase.dll
stack at sp + 6 slots: 0x0000020142403ee0 points into unknown readable memory: 0xac003dbaba458796 | 96 87 45 ba ba 3d 00 ac
stack at sp + 7 slots: 0x0000020100000000 is pointing into metadata

VM_Operation (0x000000b9d67ff290): Exit, mode: safepoint, requested by thread 0x000002016f7ecde0


---------------  P R O C E S S  ---------------

Threads class SMR info:
_java_thread_list=0x000002016f8e3b30, length=28, elements={
0x000002014700cad0, 0x00000201662feee0, 0x0000020166301a50, 0x00000201663044c0,
0x0000020166304f20, 0x0000020166305980, 0x00000201663063e0, 0x0000020166309180,
0x0000020141011c10, 0x00000201662d2520, 0x00000201413f8b20, 0x00000201413f9190,
0x000002014134c300, 0x0000020141989440, 0x0000020142406630, 0x0000020142421bf0,
0x0000020142979f10, 0x0000020142f8c260, 0x000002017115cc00, 0x000002017115bee0,
0x000002017115d920, 0x000002017115b1c0, 0x000002017115c570, 0x000002016f7ef540,
0x000002016f7ee190, 0x000002016f7ee820, 0x000002016f7ec750, 0x000002016f7ecde0
}

Java Threads: ( => current thread )
  0x000002014700cad0 JavaThread "main"                              [_thread_blocked, id=10256, stack(0x000000b9d2b00000,0x000000b9d2c00000) (1024K)]
  0x00000201662feee0 JavaThread "Reference Handler"          daemon [_thread_blocked, id=15216, stack(0x000000b9d3300000,0x000000b9d3400000) (1024K)]
  0x0000020166301a50 JavaThread "Finalizer"                  daemon [_thread_blocked, id=51584, stack(0x000000b9d3400000,0x000000b9d3500000) (1024K)]
  0x00000201663044c0 JavaThread "Signal Dispatcher"          daemon [_thread_blocked, id=31520, stack(0x000000b9d3500000,0x000000b9d3600000) (1024K)]
  0x0000020166304f20 JavaThread "Attach Listener"            daemon [_thread_blocked, id=18504, stack(0x000000b9d3600000,0x000000b9d3700000) (1024K)]
  0x0000020166305980 JavaThread "Service Thread"             daemon [_thread_blocked, id=29424, stack(0x000000b9d3700000,0x000000b9d3800000) (1024K)]
  0x00000201663063e0 JavaThread "Monitor Deflation Thread"   daemon [_thread_blocked, id=35476, stack(0x000000b9d3800000,0x000000b9d3900000) (1024K)]
  0x0000020166309180 JavaThread "C2 CompilerThread0"         daemon [_thread_blocked, id=2896, stack(0x000000b9d3900000,0x000000b9d3a00000) (1024K)]
  0x0000020141011c10 JavaThread "C1 CompilerThread0"         daemon [_thread_blocked, id=41880, stack(0x000000b9d3a00000,0x000000b9d3b00000) (1024K)]
  0x00000201662d2520 JavaThread "Common-Cleaner"             daemon [_thread_blocked, id=32376, stack(0x000000b9d3b00000,0x000000b9d3c00000) (1024K)]
  0x00000201413f8b20 JavaThread "Monitor Ctrl-Break"         daemon [_thread_in_native, id=34944, stack(0x000000b9d3c00000,0x000000b9d3d00000) (1024K)]
  0x00000201413f9190 JavaThread "Notification Thread"        daemon [_thread_blocked, id=28488, stack(0x000000b9d3d00000,0x000000b9d3e00000) (1024K)]
  0x000002014134c300 JavaThread "JavaFX-Launcher"                   [_thread_blocked, id=26492, stack(0x000000b9d3e00000,0x000000b9d3f00000) (1024K)]
  0x0000020141989440 JavaThread "QuantumRenderer-0"          daemon [_thread_blocked, id=33444, stack(0x000000b9d4000000,0x000000b9d4100000) (1024K)]
  0x0000020142406630 JavaThread "InvokeLaterDispatcher"      daemon [_thread_blocked, id=5224, stack(0x000000b9d4100000,0x000000b9d4200000) (1024K)]
  0x0000020142421bf0 JavaThread "JavaFX Application Thread"         [_thread_in_native, id=47700, stack(0x000000b9d4200000,0x000000b9d4300000) (1024K)]
  0x0000020142979f10 JavaThread "Thread-2"                   daemon [_thread_in_native, id=38256, stack(0x000000b9d5200000,0x000000b9d5300000) (1024K)]
  0x0000020142f8c260 JavaThread "Prism Font Disposer"        daemon [_thread_blocked, id=892, stack(0x000000b9d5d00000,0x000000b9d5e00000) (1024K)]
  0x000002017115cc00 JavaThread "Cleaner-0"                  daemon [_thread_blocked, id=51048, stack(0x000000b9d6200000,0x000000b9d6300000) (1024K)]
  0x000002017115bee0 JavaThread "OkHttp TaskRunner"          daemon [_thread_blocked, id=4776, stack(0x000000b9d6300000,0x000000b9d6400000) (1024K)]
  0x000002017115d920 JavaThread "Okio Watchdog"              daemon [_thread_blocked, id=44244, stack(0x000000b9d6400000,0x000000b9d6500000) (1024K)]
  0x000002017115b1c0 JavaThread "OkHttp TaskRunner"          daemon [_thread_blocked, id=48004, stack(0x000000b9d6800000,0x000000b9d6900000) (1024K)]
  0x000002017115c570 JavaThread "OkHttp TaskRunner"          daemon [_thread_blocked, id=17364, stack(0x000000b9d6900000,0x000000b9d6a00000) (1024K)]
  0x000002016f7ef540 JavaThread "OkHttp http://localhost:3000/..."        [_thread_in_native, id=9744, stack(0x000000b9d6e00000,0x000000b9d6f00000) (1024K)]
  0x000002016f7ee190 JavaThread "engine.io-client.heartbeat-0" daemon [_thread_blocked, id=24796, stack(0x000000b9d6a00000,0x000000b9d6b00000) (1024K)]
  0x000002016f7ee820 JavaThread "OkHttp Dispatcher"                 [_thread_blocked, id=44760, stack(0x000000b9d6b00000,0x000000b9d6c00000) (1024K)]
  0x000002016f7ec750 JavaThread "Keep-Alive-Timer"           daemon [_thread_blocked, id=50556, stack(0x000000b9d6f00000,0x000000b9d7000000) (1024K)]
  0x000002016f7ecde0 JavaThread "SIGINT handler"             daemon [_thread_blocked, id=34236, stack(0x000000b9d6700000,0x000000b9d6800000) (1024K)]
Total: 28

Other Threads:
=>0x00000201662e7040 VMThread "VM Thread"                           [id=37264, stack(0x000000b9d3200000,0x000000b9d3300000) (1024K)]
  0x0000020147074680 WorkerThread "GC Thread#0"                     [id=46116, stack(0x000000b9d2c00000,0x000000b9d2d00000) (1024K)]
  0x0000020142993830 WorkerThread "GC Thread#1"                     [id=12588, stack(0x000000b9d5300000,0x000000b9d5400000) (1024K)]
  0x0000020142993be0 WorkerThread "GC Thread#2"                     [id=47300, stack(0x000000b9d5400000,0x000000b9d5500000) (1024K)]
  0x00000201429925c0 WorkerThread "GC Thread#3"                     [id=6856, stack(0x000000b9d5500000,0x000000b9d5600000) (1024K)]
  0x0000020142992d20 WorkerThread "GC Thread#4"                     [id=29312, stack(0x000000b9d5600000,0x000000b9d5700000) (1024K)]
  0x0000020142992970 WorkerThread "GC Thread#5"                     [id=10484, stack(0x000000b9d5700000,0x000000b9d5800000) (1024K)]
  0x00000201429930d0 WorkerThread "GC Thread#6"                     [id=27316, stack(0x000000b9d5800000,0x000000b9d5900000) (1024K)]
  0x0000020142992210 WorkerThread "GC Thread#7"                     [id=26816, stack(0x000000b9d5900000,0x000000b9d5a00000) (1024K)]
  0x0000020142bb6490 WorkerThread "GC Thread#8"                     [id=44632, stack(0x000000b9d5a00000,0x000000b9d5b00000) (1024K)]
  0x0000020142bb55d0 WorkerThread "GC Thread#9"                     [id=38616, stack(0x000000b9d5b00000,0x000000b9d5c00000) (1024K)]
  0x00000201470890a0 ConcurrentGCThread "G1 Main Marker"            terminated
  0x0000020147089bb0 WorkerThread "G1 Conc#0"                       [id=30140, stack(0x000000b9d2e00000,0x000000b9d2f00000) (1024K)]
  0x0000020142bb5d30 WorkerThread "G1 Conc#1"                       [id=37504, stack(0x000000b9d3f00000,0x000000b9d4000000) (1024K)]
  0x0000020142bb6bf0 WorkerThread "G1 Conc#2"                       [id=29296, stack(0x000000b9d6500000,0x000000b9d6600000) (1024K)]
  0x00000201470ce700 ConcurrentGCThread "G1 Refine#0"               terminated
  0x000002016619a250 ConcurrentGCThread "G1 Service"                terminated
Total: 17

Threads with active compile tasks:
Total: 0

VM state: at safepoint (shutting down)

VM Mutex/Monitor currently owned by a thread:  ([mutex/lock_event])
[0x00007ffb42123910] Threads_lock - owner thread: 0x00000201662e7040
[0x00007ffb42123a10] Heap_lock - owner thread: 0x000002016f7ecde0

Heap address: 0x0000000704e00000, size: 4018 MB, Compressed Oops mode: Zero based, Oop shift amount: 3

CDS archive(s) mapped at: [0x0000020100000000-0x0000020100d70000-0x0000020100d70000), size 14090240, SharedBaseAddress: 0x0000020100000000, ArchiveRelocationMode: 1.
Compressed class space mapped at: 0x0000020101000000-0x0000020141000000, reserved size: 1073741824
Narrow klass base: 0x0000020100000000, Narrow klass shift: 0, Narrow klass range: 0x41000000

GC Precious Log:
 CardTable entry size: 512
 Card Set container configuration: InlinePtr #cards 4 size 8 Array Of Cards #cards 16 size 48 Howl #buckets 8 coarsen threshold 3686 Howl Bitmap #cards 512 size 80 coarsen threshold 460 Card regions per heap region 1 cards per card region 4096
 CPUs: 12 total, 12 available
 Memory: 16068M
 Large Page Support: Disabled
 NUMA Support: Disabled
 Compressed Oops: Enabled (Zero based)
 Heap Region Size: 2M
 Heap Min Capacity: 8M
 Heap Initial Capacity: 252M
 Heap Max Capacity: 4018M
 Pre-touch: Disabled
 Parallel Workers: 10
 Concurrent Workers: 3
 Concurrent Refinement Workers: 10
 Periodic GC: Disabled

Heap:
 garbage-first heap   total reserved 4114432K, committed 90112K, used 34244K [0x0000000704e00000, 0x0000000800000000)
  region size 2048K, 8 young (16384K), 5 survivors (10240K)
 Metaspace       used 29351K, committed 29696K, reserved 1114112K
  class space    used 3911K, committed 4096K, reserved 1048576K

Heap Regions: E=young(eden), S=young(survivor), O=old, HS=humongous(starts), HC=humongous(continues), CS=collection set, F=free, TAMS=top-at-mark-start, PB=parsable bottom
|   0|0x0000000704e00000, 0x0000000705000000, 0x0000000705000000|100%| O|  |TAMS 0x0000000704e00000| PB 0x0000000704e00000| Untracked |  0
|   1|0x0000000705000000, 0x0000000705000000, 0x0000000705200000|  0%| F|  |TAMS 0x0000000705000000| PB 0x0000000705000000| Untracked |  0
|   2|0x0000000705200000, 0x0000000705200000, 0x0000000705400000|  0%| F|  |TAMS 0x0000000705200000| PB 0x0000000705200000| Untracked |  0
|   3|0x0000000705400000, 0x0000000705400000, 0x0000000705600000|  0%| F|  |TAMS 0x0000000705400000| PB 0x0000000705400000| Untracked |  0
|   4|0x0000000705600000, 0x0000000705800000, 0x0000000705800000|100%| O|  |TAMS 0x0000000705600000| PB 0x0000000705600000| Untracked |  1
|   5|0x0000000705800000, 0x0000000705879680, 0x0000000705a00000| 23%| O|  |TAMS 0x0000000705800000| PB 0x0000000705800000| Untracked |  0
|   6|0x0000000705a00000, 0x0000000705c00000, 0x0000000705c00000|100%|HS|  |TAMS 0x0000000705a00000| PB 0x0000000705a00000| Complete |  0
|   7|0x0000000705c00000, 0x0000000705e00000, 0x0000000705e00000|100%|HS|  |TAMS 0x0000000705c00000| PB 0x0000000705c00000| Complete |  0
|   8|0x0000000705e00000, 0x0000000706000000, 0x0000000706000000|100%|HC|  |TAMS 0x0000000705e00000| PB 0x0000000705e00000| Complete |  0
|   9|0x0000000706000000, 0x0000000706200000, 0x0000000706200000|100%|HC|  |TAMS 0x0000000706000000| PB 0x0000000706000000| Complete |  0
|  10|0x0000000706200000, 0x0000000706200000, 0x0000000706400000|  0%| F|  |TAMS 0x0000000706200000| PB 0x0000000706200000| Untracked |  0
|  11|0x0000000706400000, 0x0000000706400000, 0x0000000706600000|  0%| F|  |TAMS 0x0000000706400000| PB 0x0000000706400000| Untracked |  0
|  12|0x0000000706600000, 0x0000000706600000, 0x0000000706800000|  0%| F|  |TAMS 0x0000000706600000| PB 0x0000000706600000| Untracked |  0
|  13|0x0000000706800000, 0x0000000706800000, 0x0000000706a00000|  0%| F|  |TAMS 0x0000000706800000| PB 0x0000000706800000| Untracked |  0
|  14|0x0000000706a00000, 0x0000000706c00000, 0x0000000706c00000|100%|HS|  |TAMS 0x0000000706a00000| PB 0x0000000706a00000| Complete |  0
|  15|0x0000000706c00000, 0x0000000706e00000, 0x0000000706e00000|100%|HC|  |TAMS 0x0000000706c00000| PB 0x0000000706c00000| Complete |  0
|  16|0x0000000706e00000, 0x0000000706e00000, 0x0000000707000000|  0%| F|  |TAMS 0x0000000706e00000| PB 0x0000000706e00000| Untracked |  0
|  17|0x0000000707000000, 0x0000000707000000, 0x0000000707200000|  0%| F|  |TAMS 0x0000000707000000| PB 0x0000000707000000| Untracked |  0
|  18|0x0000000707200000, 0x0000000707200000, 0x0000000707400000|  0%| F|  |TAMS 0x0000000707200000| PB 0x0000000707200000| Untracked |  0
|  19|0x0000000707400000, 0x0000000707400000, 0x0000000707600000|  0%| F|  |TAMS 0x0000000707400000| PB 0x0000000707400000| Untracked |  0
|  20|0x0000000707600000, 0x0000000707600000, 0x0000000707800000|  0%| F|  |TAMS 0x0000000707600000| PB 0x0000000707600000| Untracked |  0
|  21|0x0000000707800000, 0x0000000707800000, 0x0000000707a00000|  0%| F|  |TAMS 0x0000000707800000| PB 0x0000000707800000| Untracked |  0
|  22|0x0000000707a00000, 0x0000000707a00000, 0x0000000707c00000|  0%| F|  |TAMS 0x0000000707a00000| PB 0x0000000707a00000| Untracked |  0
|  23|0x0000000707c00000, 0x0000000707c00000, 0x0000000707e00000|  0%| F|  |TAMS 0x0000000707c00000| PB 0x0000000707c00000| Untracked |  0
|  24|0x0000000707e00000, 0x0000000707e00000, 0x0000000708000000|  0%| F|  |TAMS 0x0000000707e00000| PB 0x0000000707e00000| Untracked |  0
|  25|0x0000000708000000, 0x0000000708000000, 0x0000000708200000|  0%| F|  |TAMS 0x0000000708000000| PB 0x0000000708000000| Untracked |  0
|  26|0x0000000708200000, 0x0000000708200000, 0x0000000708400000|  0%| F|  |TAMS 0x0000000708200000| PB 0x0000000708200000| Untracked |  0
|  27|0x0000000708400000, 0x0000000708400000, 0x0000000708600000|  0%| F|  |TAMS 0x0000000708400000| PB 0x0000000708400000| Untracked |  0
|  28|0x0000000708600000, 0x0000000708600000, 0x0000000708800000|  0%| F|  |TAMS 0x0000000708600000| PB 0x0000000708600000| Untracked |  0
|  29|0x0000000708800000, 0x0000000708800000, 0x0000000708a00000|  0%| F|  |TAMS 0x0000000708800000| PB 0x0000000708800000| Untracked |  0
|  30|0x0000000708a00000, 0x0000000708a00000, 0x0000000708c00000|  0%| F|  |TAMS 0x0000000708a00000| PB 0x0000000708a00000| Untracked |  0
|  31|0x0000000708c00000, 0x0000000708c00000, 0x0000000708e00000|  0%| F|  |TAMS 0x0000000708c00000| PB 0x0000000708c00000| Untracked |  0
|  32|0x0000000708e00000, 0x0000000709000000, 0x0000000709000000|100%| S|CS|TAMS 0x0000000708e00000| PB 0x0000000708e00000| Complete |  0
|  33|0x0000000709000000, 0x0000000709200000, 0x0000000709200000|100%| S|CS|TAMS 0x0000000709000000| PB 0x0000000709000000| Complete |  0
|  34|0x0000000709200000, 0x0000000709400000, 0x0000000709400000|100%| S|CS|TAMS 0x0000000709200000| PB 0x0000000709200000| Complete |  0
|  35|0x0000000709400000, 0x0000000709600000, 0x0000000709600000|100%| S|CS|TAMS 0x0000000709400000| PB 0x0000000709400000| Complete |  0
|  36|0x0000000709600000, 0x0000000709790ea0, 0x0000000709800000| 78%| S|CS|TAMS 0x0000000709600000| PB 0x0000000709600000| Complete |  0
| 107|0x0000000712400000, 0x0000000712400000, 0x0000000712600000|  0%| F|  |TAMS 0x0000000712400000| PB 0x0000000712400000| Untracked |  0
| 108|0x0000000712600000, 0x0000000712600000, 0x0000000712800000|  0%| F|  |TAMS 0x0000000712600000| PB 0x0000000712600000| Untracked |  0
| 109|0x0000000712800000, 0x0000000712945cb0, 0x0000000712a00000| 63%| E|  |TAMS 0x0000000712800000| PB 0x0000000712800000| Complete |  0
| 110|0x0000000712a00000, 0x0000000712c00000, 0x0000000712c00000|100%| E|CS|TAMS 0x0000000712a00000| PB 0x0000000712a00000| Complete |  0
| 125|0x0000000714800000, 0x0000000714a00000, 0x0000000714a00000|100%| E|CS|TAMS 0x0000000714800000| PB 0x0000000714800000| Complete |  0
|2007|0x00000007ffc00000, 0x00000007ffd66b60, 0x00000007ffe00000| 70%| O|  |TAMS 0x00000007ffc00000| PB 0x00000007ffc00000| Untracked |  0
|2008|0x00000007ffe00000, 0x0000000800000000, 0x0000000800000000|100%| O|  |TAMS 0x00000007ffe00000| PB 0x00000007ffe00000| Untracked |  0

Card table byte_map: [0x000002015f590000,0x000002015fd70000] _byte_map_base: 0x000002015bd69000

Marking Bits: (CMBitMap*) 0x0000020147074d90
 Bits: [0x000002015fd70000, 0x0000020163c38000)

Polling page: 0x0000020144ee0000

Metaspace:

Usage:
  Non-class:     24.84 MB used.
      Class:      3.82 MB used.
       Both:     28.66 MB used.

Virtual space:
  Non-class space:       64.00 MB reserved,      25.00 MB ( 39%) committed,  1 nodes.
      Class space:        1.00 GB reserved,       4.00 MB ( <1%) committed,  1 nodes.
             Both:        1.06 GB reserved,      29.00 MB (  3%) committed. 

Chunk freelists:
   Non-Class:  6.91 MB
       Class:  12.03 MB
        Both:  18.94 MB

MaxMetaspaceSize: unlimited
CompressedClassSpaceSize: 1.00 GB
Initial GC threshold: 21.00 MB
Current GC threshold: 35.31 MB
CDS: on
 - commit_granule_bytes: 65536.
 - commit_granule_words: 8192.
 - virtual_space_node_default_size: 8388608.
 - enlarge_chunks_in_place: 1.
 - use_allocation_guard: 0.


Internal statistics:

num_allocs_failed_limit: 3.
num_arena_births: 304.
num_arena_deaths: 0.
num_vsnodes_births: 2.
num_vsnodes_deaths: 0.
num_space_committed: 464.
num_space_uncommitted: 0.
num_chunks_returned_to_freelist: 3.
num_chunks_taken_from_freelist: 1093.
num_chunk_merges: 3.
num_chunk_splits: 786.
num_chunks_enlarged: 617.
num_inconsistent_stats: 0.

CodeHeap 'non-profiled nmethods': size=120064Kb used=1968Kb max_used=1968Kb free=118095Kb
 bounds [0x0000020157200000, 0x0000020157470000, 0x000002015e740000]
CodeHeap 'profiled nmethods': size=120000Kb used=7754Kb max_used=7754Kb free=112246Kb
 bounds [0x000002014f740000, 0x000002014fee0000, 0x0000020156c70000]
CodeHeap 'non-nmethods': size=5696Kb used=1933Kb max_used=1969Kb free=3762Kb
 bounds [0x0000020156c70000, 0x0000020156ee0000, 0x0000020157200000]
CodeCache: size=245760Kb, used=11655Kb, max_used=11691Kb, free=234103Kb
 total_blobs=5861, nmethods=4917, adapters=849, full_count=0
Compilation: enabled, stopped_count=0, restarted_count=0

Compilation events (20 events):
Event: 13.560 Thread 0x0000020141011c10 4910       3       com.sun.javafx.css.BitSet::remove (171 bytes)
Event: 13.561 Thread 0x0000020141011c10 nmethod 4910 0x000002014fed0988 code [0x000002014fed0b20, 0x000002014fed13a0]
Event: 13.561 Thread 0x0000020141011c10 4909       3       com.sun.javafx.css.PseudoClassState::remove (6 bytes)
Event: 13.561 Thread 0x0000020141011c10 nmethod 4909 0x000002014fed1408 code [0x000002014fed1520, 0x000002014fed1660]
Event: 14.032 Thread 0x0000020166309180 4911       4       com.sun.glass.ui.Application::checkEventThread (35 bytes)
Event: 14.032 Thread 0x0000020166309180 nmethod 4911 0x00000201573eb788 code [0x00000201573eb880, 0x00000201573eb928]
Event: 14.160 Thread 0x0000020141011c10 4912       1       com.sun.glass.ui.Application::hasWindowManager (2 bytes)
Event: 14.160 Thread 0x0000020141011c10 nmethod 4912 0x00000201573eba88 code [0x00000201573ebba0, 0x00000201573ebc68]
Event: 14.768 Thread 0x0000020141011c10 4913       1       com.sun.glass.ui.Screen::getPlatformScaleX (5 bytes)
Event: 14.768 Thread 0x0000020141011c10 nmethod 4913 0x00000201573ebd88 code [0x00000201573ebea0, 0x00000201573ebf68]
Event: 14.768 Thread 0x0000020141011c10 4914       1       com.sun.glass.ui.Screen::getPlatformScaleY (5 bytes)
Event: 14.768 Thread 0x0000020141011c10 nmethod 4914 0x00000201573ec088 code [0x00000201573ec1a0, 0x00000201573ec268]
Event: 15.104 Thread 0x0000020141011c10 4915       3       com.sun.glass.ui.Window::getX (8 bytes)
Event: 15.104 Thread 0x0000020141011c10 nmethod 4915 0x000002014fed1708 code [0x000002014fed1860, 0x000002014fed1bb8]
Event: 15.104 Thread 0x0000020141011c10 4916       3       com.sun.glass.ui.Window::getY (8 bytes)
Event: 15.104 Thread 0x0000020141011c10 nmethod 4916 0x000002014fed1c08 code [0x000002014fed1d60, 0x000002014fed20b8]
Event: 16.977 Thread 0x0000020141011c10 4917       3       java.util.Collections$3::hasMoreElements (10 bytes)
Event: 16.977 Thread 0x0000020141011c10 nmethod 4917 0x000002014fed2108 code [0x000002014fed2220, 0x000002014fed2400]
Event: 16.977 Thread 0x0000020141011c10 4918       3       java.util.Collections$3::nextElement (10 bytes)
Event: 16.977 Thread 0x0000020141011c10 nmethod 4918 0x000002014fed2488 code [0x000002014fed25a0, 0x000002014fed2780]

GC Heap History (8 events):
Event: 0.562 GC heap before
{Heap before GC invocations=0 (full 0):
 garbage-first heap   total reserved 4114432K, committed 258048K, used 22528K [0x0000000704e00000, 0x0000000800000000)
  region size 2048K, 12 young (24576K), 0 survivors (0K)
 Metaspace       used 7367K, committed 7616K, reserved 1114112K
  class space    used 719K, committed 832K, reserved 1048576K
}
Event: 0.566 GC heap after
{Heap after GC invocations=1 (full 0):
 garbage-first heap   total reserved 4114432K, committed 258048K, used 5084K [0x0000000704e00000, 0x0000000800000000)
  region size 2048K, 2 young (4096K), 2 survivors (4096K)
 Metaspace       used 7367K, committed 7616K, reserved 1114112K
  class space    used 719K, committed 832K, reserved 1048576K
}
Event: 1.051 GC heap before
{Heap before GC invocations=1 (full 0):
 garbage-first heap   total reserved 4114432K, committed 258048K, used 33756K [0x0000000704e00000, 0x0000000800000000)
  region size 2048K, 13 young (26624K), 2 survivors (4096K)
 Metaspace       used 14697K, committed 14912K, reserved 1114112K
  class space    used 1812K, committed 1920K, reserved 1048576K
}
Event: 1.055 GC heap after
{Heap after GC invocations=2 (full 0):
 garbage-first heap   total reserved 4114432K, committed 258048K, used 14538K [0x0000000704e00000, 0x0000000800000000)
  region size 2048K, 2 young (4096K), 2 survivors (4096K)
 Metaspace       used 14697K, committed 14912K, reserved 1114112K
  class space    used 1812K, committed 1920K, reserved 1048576K
}
Event: 7.072 GC heap before
{Heap before GC invocations=2 (full 0):
 garbage-first heap   total reserved 4114432K, committed 258048K, used 39114K [0x0000000704e00000, 0x0000000800000000)
  region size 2048K, 15 young (30720K), 2 survivors (4096K)
 Metaspace       used 21283K, committed 21504K, reserved 1114112K
  class space    used 2792K, committed 2880K, reserved 1048576K
}
Event: 7.077 GC heap after
{Heap after GC invocations=3 (full 0):
 garbage-first heap   total reserved 4114432K, committed 258048K, used 20435K [0x0000000704e00000, 0x0000000800000000)
  region size 2048K, 4 young (8192K), 4 survivors (8192K)
 Metaspace       used 21283K, committed 21504K, reserved 1114112K
  class space    used 2792K, committed 2880K, reserved 1048576K
}
Event: 11.079 GC heap before
{Heap before GC invocations=4 (full 0):
 garbage-first heap   total reserved 4114432K, committed 75776K, used 71635K [0x0000000704e00000, 0x0000000800000000)
  region size 2048K, 21 young (43008K), 4 survivors (8192K)
 Metaspace       used 29203K, committed 29568K, reserved 1114112K
  class space    used 3900K, committed 4096K, reserved 1048576K
}
Event: 11.085 GC heap after
{Heap after GC invocations=5 (full 0):
 garbage-first heap   total reserved 4114432K, committed 90112K, used 30148K [0x0000000704e00000, 0x0000000800000000)
  region size 2048K, 5 young (10240K), 5 survivors (10240K)
 Metaspace       used 29203K, committed 29568K, reserved 1114112K
  class space    used 3900K, committed 4096K, reserved 1048576K
}

Dll operation events (20 events):
Event: 0.262 Loaded shared library C:\Users\admin\.openjfx\cache\17.0.8\api-ms-win-crt-multibyte-l1-1-0.dll
Event: 0.264 Loaded shared library C:\Users\admin\.openjfx\cache\17.0.8\api-ms-win-crt-private-l1-1-0.dll
Event: 0.265 Loaded shared library C:\Users\admin\.openjfx\cache\17.0.8\api-ms-win-crt-process-l1-1-0.dll
Event: 0.267 Loaded shared library C:\Users\admin\.openjfx\cache\17.0.8\api-ms-win-crt-runtime-l1-1-0.dll
Event: 0.268 Loaded shared library C:\Users\admin\.openjfx\cache\17.0.8\api-ms-win-crt-stdio-l1-1-0.dll
Event: 0.270 Loaded shared library C:\Users\admin\.openjfx\cache\17.0.8\api-ms-win-crt-string-l1-1-0.dll
Event: 0.271 Loaded shared library C:\Users\admin\.openjfx\cache\17.0.8\api-ms-win-crt-time-l1-1-0.dll
Event: 0.273 Loaded shared library C:\Users\admin\.openjfx\cache\17.0.8\api-ms-win-crt-utility-l1-1-0.dll
Event: 0.282 Loaded shared library C:\Users\admin\.openjfx\cache\17.0.8\ucrtbase.dll
Event: 0.284 Loaded shared library C:\Users\admin\.openjfx\cache\17.0.8\vcruntime140.dll
Event: 0.286 Loaded shared library C:\Users\admin\.openjfx\cache\17.0.8\vcruntime140_1.dll
Event: 0.291 Loaded shared library C:\Users\admin\.openjfx\cache\17.0.8\msvcp140.dll
Event: 0.293 Loaded shared library C:\Users\admin\.openjfx\cache\17.0.8\msvcp140_1.dll
Event: 0.295 Loaded shared library C:\Users\admin\.openjfx\cache\17.0.8\msvcp140_2.dll
Event: 0.329 Loaded shared library C:\Users\admin\.openjfx\cache\17.0.8\prism_d3d.dll
Event: 0.386 Loaded shared library C:\Users\admin\.openjfx\cache\17.0.8\glass.dll
Event: 0.550 Loaded shared library C:\Program Files\Java\jdk-23\bin\sunmscapi.dll
Event: 0.815 Loaded shared library C:\Users\admin\.openjfx\cache\17.0.8\javafx_font.dll
Event: 7.144 Loaded shared library C:\Program Files\Java\jdk-23\bin\prefs.dll
Event: 8.037 Loaded shared library C:\Users\admin\.openjfx\cache\17.0.8\javafx_iio.dll

Deoptimization events (20 events):
Event: 11.180 Thread 0x0000020141989440 DEOPT PACKING pc=0x00000201573de6b8 sp=0x000000b9d40fe3a0
Event: 11.180 Thread 0x0000020141989440 DEOPT UNPACKING pc=0x0000020156cc4402 sp=0x000000b9d40fe378 mode 2
Event: 11.180 Thread 0x0000020141989440 Uncommon trap: trap_request=0xffffffd6 fr.pc=0x00000201573de6b8 relative=0x00000000000004d8
Event: 11.180 Thread 0x0000020141989440 Uncommon trap: reason=array_check action=maybe_recompile pc=0x00000201573de6b8 method=com.sun.prism.impl.ps.BaseShaderContext.setTexture(ILcom/sun/prism/Texture;)V @ 50 c2
Event: 11.180 Thread 0x0000020141989440 DEOPT PACKING pc=0x00000201573de6b8 sp=0x000000b9d40fd8c0
Event: 11.180 Thread 0x0000020141989440 DEOPT UNPACKING pc=0x0000020156cc4402 sp=0x000000b9d40fd898 mode 2
Event: 11.180 Thread 0x0000020141989440 Uncommon trap: trap_request=0xffffffd6 fr.pc=0x00000201573de6b8 relative=0x00000000000004d8
Event: 11.180 Thread 0x0000020141989440 Uncommon trap: reason=array_check action=maybe_recompile pc=0x00000201573de6b8 method=com.sun.prism.impl.ps.BaseShaderContext.setTexture(ILcom/sun/prism/Texture;)V @ 50 c2
Event: 11.180 Thread 0x0000020141989440 DEOPT PACKING pc=0x00000201573de6b8 sp=0x000000b9d40fd8c0
Event: 11.180 Thread 0x0000020141989440 DEOPT UNPACKING pc=0x0000020156cc4402 sp=0x000000b9d40fd898 mode 2
Event: 11.180 Thread 0x0000020141989440 Uncommon trap: trap_request=0xffffffd6 fr.pc=0x00000201573de6b8 relative=0x00000000000004d8
Event: 11.180 Thread 0x0000020141989440 Uncommon trap: reason=array_check action=maybe_recompile pc=0x00000201573de6b8 method=com.sun.prism.impl.ps.BaseShaderContext.setTexture(ILcom/sun/prism/Texture;)V @ 50 c2
Event: 11.180 Thread 0x0000020141989440 DEOPT PACKING pc=0x00000201573de6b8 sp=0x000000b9d40fd8c0
Event: 11.180 Thread 0x0000020141989440 DEOPT UNPACKING pc=0x0000020156cc4402 sp=0x000000b9d40fd898 mode 2
Event: 11.188 Thread 0x0000020141989440 DEOPT PACKING pc=0x000002014fe8d9aa sp=0x000000b9d40fcb70
Event: 11.188 Thread 0x0000020141989440 DEOPT UNPACKING pc=0x0000020156cc4b22 sp=0x000000b9d40fbfa8 mode 0
Event: 13.295 Thread 0x0000020142421bf0 Uncommon trap: trap_request=0xffffff45 fr.pc=0x00000201573a825c relative=0x00000000000008dc
Event: 13.295 Thread 0x0000020142421bf0 Uncommon trap: reason=unstable_if action=reinterpret pc=0x00000201573a825c method=javafx.scene.Parent.getOrderedChildren()Ljava/util/List; @ 7 c2
Event: 13.295 Thread 0x0000020142421bf0 DEOPT PACKING pc=0x00000201573a825c sp=0x000000b9d42faea0
Event: 13.295 Thread 0x0000020142421bf0 DEOPT UNPACKING pc=0x0000020156cc4402 sp=0x000000b9d42fabf0 mode 2

Classes loaded (20 events):
Event: 8.030 Loading class sun/net/www/http/KeepAliveStreamCleaner$2
Event: 8.030 Loading class sun/net/www/http/KeepAliveStreamCleaner$2 done
Event: 8.030 Loading class sun/net/www/protocol/http/HttpURLConnection$HttpInputStream
Event: 8.030 Loading class sun/net/www/protocol/http/HttpURLConnection$HttpInputStream done
Event: 8.032 Loading class java/util/Collections$UnmodifiableMap$UnmodifiableEntrySet
Event: 8.032 Loading class java/util/Collections$UnmodifiableMap$UnmodifiableEntrySet done
Event: 8.032 Loading class java/util/Collections$UnmodifiableMap$UnmodifiableEntrySet$1
Event: 8.032 Loading class java/util/Collections$UnmodifiableMap$UnmodifiableEntrySet$1 done
Event: 8.032 Loading class java/util/Collections$UnmodifiableMap$UnmodifiableEntrySet$UnmodifiableEntry
Event: 8.032 Loading class java/util/Collections$UnmodifiableMap$UnmodifiableEntrySet$UnmodifiableEntry done
Event: 8.340 Loading class sun/net/www/http/KeepAliveCache$1
Event: 8.340 Loading class sun/net/www/http/KeepAliveCache$1 done
Event: 8.340 Loading class sun/net/www/http/KeepAliveCache$ClientVector
Event: 8.340 Loading class sun/net/www/http/KeepAliveCache$ClientVector done
Event: 8.341 Loading class jdk/internal/event/ThreadSleepEvent
Event: 8.341 Loading class jdk/internal/event/ThreadSleepEvent done
Event: 8.341 Loading class sun/net/www/http/KeepAliveEntry
Event: 8.341 Loading class sun/net/www/http/KeepAliveEntry done
Event: 16.975 Loading class jdk/internal/misc/Signal$1
Event: 16.976 Loading class jdk/internal/misc/Signal$1 done

Classes unloaded (0 events):
No events

Classes redefined (0 events):
No events

Internal exceptions (20 events):
Event: 2.226 Thread 0x0000020142421bf0 Exception <a 'java/lang/NoSuchMethodError'{0x000000071390c368}: 'java.lang.Object java.lang.invoke.DirectMethodHandle$Holder.newInvokeSpecial(java.lang.Object, java.lang.Object, long)'> (0x000000071390c368) 
thrown [s\open\src\hotspot\share\interpreter\linkResolver.cpp, line 796]
Event: 2.226 Thread 0x0000020142421bf0 Exception <a 'java/lang/NoSuchMethodError'{0x000000071390fcc8}: 'java.lang.Object java.lang.invoke.Invokers$Holder.linkToTargetMethod(java.lang.Object, long, java.lang.Object)'> (0x000000071390fcc8) 
thrown [s\open\src\hotspot\share\interpreter\linkResolver.cpp, line 796]
Event: 6.620 Thread 0x0000020142421bf0 Exception <a 'java/lang/NoSuchMethodError'{0x000000071362e690}: 'java.lang.Object java.lang.invoke.DirectMethodHandle$Holder.newInvokeSpecial(java.lang.Object, java.lang.Object, java.lang.Object, java.lang.Object, java.lang.Object, java.lang.Object, java.lang.Object)'> (0x000000071362e690) 
thrown [s\open\src\hotspot\share\interpreter\linkResolver.cpp, line 796]
Event: 7.017 Thread 0x000002017115d290 Exception <a 'java/lang/NoSuchMethodError'{0x0000000713046ed8}: 'void java.lang.invoke.Invokers$Holder.invokeExact_MT(java.lang.Object, java.lang.Object, java.lang.Object, java.lang.Object)'> (0x0000000713046ed8) 
thrown [s\open\src\hotspot\share\interpreter\linkResolver.cpp, line 796]
Event: 7.147 Thread 0x0000020142421bf0 Exception <a 'java/io/FileNotFoundException'{0x0000000708d65ec0}> (0x0000000708d65ec0) 
thrown [s\open\src\hotspot\share\prims\jni.cpp, line 520]
Event: 7.267 Thread 0x000002017115d290 Exception <a 'java/lang/NoSuchMethodError'{0x0000000714945390}: 'void java.lang.invoke.DelegatingMethodHandle$Holder.reinvoke_L(java.lang.Object, java.lang.Object, int)'> (0x0000000714945390) 
thrown [s\open\src\hotspot\share\interpreter\linkResolver.cpp, line 796]
Event: 7.268 Thread 0x000002017115d290 Exception <a 'java/lang/NoSuchMethodError'{0x000000071494bd70}: 'void java.lang.invoke.Invokers$Holder.invokeExact_MT(java.lang.Object, java.lang.Object, int, java.lang.Object)'> (0x000000071494bd70) 
thrown [s\open\src\hotspot\share\interpreter\linkResolver.cpp, line 796]
Event: 7.299 Thread 0x000002017115dfb0 Exception <a 'java/lang/NoSuchMethodError'{0x00000007085ed7d0}: 'void java.lang.invoke.DirectMethodHandle$Holder.invokeStatic(java.lang.Object, int, java.lang.Object)'> (0x00000007085ed7d0) 
thrown [s\open\src\hotspot\share\interpreter\linkResolver.cpp, line 796]
Event: 7.424 Thread 0x0000020142421bf0 Exception <a 'java/lang/NoSuchMethodError'{0x00000007081c7590}: 'int java.lang.invoke.DirectMethodHandle$Holder.invokeVirtual(java.lang.Object, java.lang.Object)'> (0x00000007081c7590) 
thrown [s\open\src\hotspot\share\interpreter\linkResolver.cpp, line 796]
Event: 7.447 Thread 0x0000020142421bf0 Exception <a 'java/lang/NoSuchMethodError'{0x0000000707fa3c20}: 'java.lang.Object java.lang.invoke.DirectMethodHandle$Holder.invokeStaticInit(java.lang.Object, java.lang.Object, java.lang.Object)'> (0x0000000707fa3c20) 
thrown [s\open\src\hotspot\share\interpreter\linkResolver.cpp, line 796]
Event: 8.030 Thread 0x000002016f7ecde0 Exception <a 'java/lang/NoSuchMethodError'{0x000000070791d2f0}: 'void java.lang.invoke.DirectMethodHandle$Holder.invokeSpecial(java.lang.Object, java.lang.Object, int, int)'> (0x000000070791d2f0) 
thrown [s\open\src\hotspot\share\interpreter\linkResolver.cpp, line 796]
Event: 8.031 Thread 0x000002016f7ecde0 Exception <a 'java/lang/NoSuchMethodError'{0x0000000707922ed0}: 'java.lang.Object java.lang.invoke.DirectMethodHandle$Holder.newInvokeSpecial(java.lang.Object, java.lang.Object, int, int)'> (0x0000000707922ed0) 
thrown [s\open\src\hotspot\share\interpreter\linkResolver.cpp, line 796]
Event: 8.031 Thread 0x000002016f7ecde0 Exception <a 'java/lang/NoSuchMethodError'{0x0000000707926e78}: 'java.lang.Object java.lang.invoke.DirectMethodHandle$Holder.invokeSpecial(java.lang.Object, java.lang.Object, java.lang.Object, int, int)'> (0x0000000707926e78) 
thrown [s\open\src\hotspot\share\interpreter\linkResolver.cpp, line 796]
Event: 8.480 Thread 0x0000020142421bf0 Implicit null exception at 0x0000020157318896 to 0x0000020157319124
Event: 8.820 Thread 0x0000020142421bf0 Implicit null exception at 0x0000020157390c37 to 0x0000020157390fb8
Event: 8.820 Thread 0x0000020142421bf0 Implicit null exception at 0x000002015737cf8a to 0x000002015737d620
Event: 8.977 Thread 0x0000020141989440 Exception <a 'java/lang/NoSuchMethodError'{0x0000000707eca060}: 'java.lang.Object java.lang.invoke.DirectMethodHandle$Holder.invokeStaticInit(java.lang.Object, int)'> (0x0000000707eca060) 
thrown [s\open\src\hotspot\share\interpreter\linkResolver.cpp, line 796]
Event: 9.216 Thread 0x0000020142421bf0 Implicit null exception at 0x0000020157386aa5 to 0x0000020157387954
Event: 11.027 Thread 0x0000020142421bf0 Exception <a 'java/lang/NoSuchMethodError'{0x0000000707186508}: 'java.lang.Object java.lang.invoke.DirectMethodHandle$Holder.newInvokeSpecial(java.lang.Object, java.lang.Object, int, java.lang.Object, java.lang.Object)'> (0x0000000707186508) 
thrown [s\open\src\hotspot\share\interpreter\linkResolver.cpp, line 796]
Event: 11.076 Thread 0x0000020142421bf0 Implicit null exception at 0x0000020157396e58 to 0x0000020157397b5c

VM Operations (20 events):
Event: 7.035 Executing VM operation: HandshakeAllThreads (Deoptimize) done
Event: 7.072 Executing VM operation: CollectForMetadataAllocation (Metadata GC Threshold)
Event: 7.077 Executing VM operation: CollectForMetadataAllocation (Metadata GC Threshold) done
Event: 7.081 Executing VM operation: G1PauseRemark
Event: 7.083 Executing VM operation: G1PauseRemark done
Event: 7.083 Executing VM operation: G1PauseCleanup
Event: 7.084 Executing VM operation: G1PauseCleanup done
Event: 7.446 Executing VM operation: HandshakeAllThreads (Deoptimize)
Event: 7.446 Executing VM operation: HandshakeAllThreads (Deoptimize) done
Event: 7.619 Executing VM operation: HandshakeAllThreads (Deoptimize)
Event: 7.619 Executing VM operation: HandshakeAllThreads (Deoptimize) done
Event: 8.341 Executing VM operation: HandshakeAllThreads (Deoptimize)
Event: 8.341 Executing VM operation: HandshakeAllThreads (Deoptimize) done
Event: 11.036 Executing VM operation: HandshakeAllThreads (Deoptimize)
Event: 11.036 Executing VM operation: HandshakeAllThreads (Deoptimize) done
Event: 11.066 Executing VM operation: HandshakeAllThreads (Deoptimize)
Event: 11.066 Executing VM operation: HandshakeAllThreads (Deoptimize) done
Event: 11.079 Executing VM operation: G1CollectForAllocation (G1 Evacuation Pause)
Event: 11.085 Executing VM operation: G1CollectForAllocation (G1 Evacuation Pause) done
Event: 16.979 Executing VM operation: Exit

Memory protections (0 events):
No events

Nmethod flushes (0 events):
No events

Events (20 events):
Event: 10.169 Thread 0x0000020142421bf0 Thread added: 0x000002016f7f0f80
Event: 10.171 Thread 0x0000020141011c10 Thread added: 0x000002016f868740
Event: 10.307 Thread 0x000002016f868740 Thread exited: 0x000002016f868740
Event: 10.308 Thread 0x000002016f7ecde0 Thread exited: 0x000002016f7ecde0
Event: 10.641 Thread 0x0000020171100a90 Thread exited: 0x0000020171100a90
Event: 11.020 Thread 0x0000020141011c10 Thread added: 0x00000201418bebd0
Event: 11.028 Thread 0x0000020142421bf0 Thread added: 0x000002016f7efbd0
Event: 11.153 Thread 0x000002016f7efbd0 Thread exited: 0x000002016f7efbd0
Event: 11.407 Thread 0x00000201418bebd0 Thread exited: 0x00000201418bebd0
Event: 11.408 Thread 0x000002016f7f0f80 Thread exited: 0x000002016f7f0f80
Event: 11.953 Thread 0x0000020142421bf0 Thread added: 0x000002016f7eeeb0
Event: 12.083 Thread 0x000002016f7eeeb0 Thread exited: 0x000002016f7eeeb0
Event: 16.976 Thread 0x00000201663044c0 Thread added: 0x000002016f7ecde0
Event: 16.976 Thread 0x000002016f7ecde0 Thread added: 0x000002016f7f08f0
Event: 16.976 Thread 0x000002016f7ecde0 Thread added: 0x000002016f7f0f80
Event: 16.976 Thread 0x000002016f7ecde0 Thread added: 0x000002016f7eeeb0
Event: 16.977 Thread 0x000002016f7eeeb0 Thread exited: 0x000002016f7eeeb0
Event: 16.978 Thread 0x000002016f7f08f0 Thread exited: 0x000002016f7f08f0
Event: 16.979 Thread 0x000002016f7f0f80 Thread exited: 0x000002016f7f0f80
Event: 16.979 Thread 0x000002016f7ecde0 Before exit entered


Dynamic libraries:
0x00007ff685800000 - 0x00007ff685810000 	C:\Program Files\Java\jdk-23\bin\java.exe
0x00007ffbf1500000 - 0x00007ffbf1767000 	C:\WINDOWS\SYSTEM32\ntdll.dll
0x00007ffbef810000 - 0x00007ffbef8d9000 	C:\WINDOWS\System32\KERNEL32.DLL
0x00007ffbee9e0000 - 0x00007ffbeedcf000 	C:\WINDOWS\System32\KERNELBASE.dll
0x00007ffbee650000 - 0x00007ffbee79b000 	C:\WINDOWS\System32\ucrtbase.dll
0x00007ffbe6bb0000 - 0x00007ffbe6bcb000 	C:\Program Files\Java\jdk-23\bin\VCRUNTIME140.dll
0x00007ffbe8da0000 - 0x00007ffbe8db7000 	C:\Program Files\Java\jdk-23\bin\jli.dll
0x00007ffbf0fa0000 - 0x00007ffbf1165000 	C:\WINDOWS\System32\USER32.dll
0x00007ffbd5220000 - 0x00007ffbd54b3000 	C:\WINDOWS\WinSxS\amd64_microsoft.windows.common-controls_6595b64144ccf1df_6.0.26100.7309_none_3e05feeae336a044\COMCTL32.dll
0x00007ffbeede0000 - 0x00007ffbeee07000 	C:\WINDOWS\System32\win32u.dll
0x00007ffbf01c0000 - 0x00007ffbf0269000 	C:\WINDOWS\System32\msvcrt.dll
0x00007ffbf1490000 - 0x00007ffbf14bb000 	C:\WINDOWS\System32\GDI32.dll
0x00007ffbef0c0000 - 0x00007ffbef1ec000 	C:\WINDOWS\System32\gdi32full.dll
0x00007ffbef010000 - 0x00007ffbef0b3000 	C:\WINDOWS\System32\msvcp_win.dll
0x00007ffbf0180000 - 0x00007ffbf01b1000 	C:\WINDOWS\System32\IMM32.DLL
0x00007ffbe8eb0000 - 0x00007ffbe8ebc000 	C:\Program Files\Java\jdk-23\bin\vcruntime140_1.dll
0x00007ffbd7e70000 - 0x00007ffbd7efe000 	C:\Program Files\Java\jdk-23\bin\msvcp140.dll
0x00007ffb414b0000 - 0x00007ffb421ff000 	C:\Program Files\Java\jdk-23\bin\server\jvm.dll
0x00007ffbf0ee0000 - 0x00007ffbf0f94000 	C:\WINDOWS\System32\ADVAPI32.dll
0x00007ffbf0720000 - 0x00007ffbf07c6000 	C:\WINDOWS\System32\sechost.dll
0x00007ffbf12f0000 - 0x00007ffbf1408000 	C:\WINDOWS\System32\RPCRT4.dll
0x00007ffbf1410000 - 0x00007ffbf1484000 	C:\WINDOWS\System32\WS2_32.dll
0x00007ffbee4d0000 - 0x00007ffbee52e000 	C:\WINDOWS\SYSTEM32\POWRPROF.dll
0x00007ffbe44c0000 - 0x00007ffbe44cb000 	C:\WINDOWS\SYSTEM32\VERSION.dll
0x00007ffbebf00000 - 0x00007ffbebf35000 	C:\WINDOWS\SYSTEM32\WINMM.dll
0x00007ffbee4b0000 - 0x00007ffbee4c4000 	C:\WINDOWS\SYSTEM32\UMPDC.dll
0x00007ffbed400000 - 0x00007ffbed41b000 	C:\WINDOWS\SYSTEM32\kernel.appcore.dll
0x00007ffbe8e00000 - 0x00007ffbe8e0a000 	C:\Program Files\Java\jdk-23\bin\jimage.dll
0x00007ffbebaa0000 - 0x00007ffbebce2000 	C:\WINDOWS\SYSTEM32\DBGHELP.DLL
0x00007ffbf0270000 - 0x00007ffbf05f5000 	C:\WINDOWS\System32\combase.dll
0x00007ffbf00a0000 - 0x00007ffbf0176000 	C:\WINDOWS\System32\OLEAUT32.dll
0x00007ffbebec0000 - 0x00007ffbebefc000 	C:\WINDOWS\SYSTEM32\dbgcore.DLL
0x00007ffbef1f0000 - 0x00007ffbef295000 	C:\WINDOWS\System32\bcryptPrimitives.dll
0x00007ffbe3f50000 - 0x00007ffbe3f5f000 	C:\Program Files\Java\jdk-23\bin\instrument.dll
0x00007ffbe3f30000 - 0x00007ffbe3f4e000 	C:\Program Files\Java\jdk-23\bin\java.dll
0x00007ffbef3b0000 - 0x00007ffbef547000 	C:\WINDOWS\System32\ole32.dll
0x00007ffbef8f0000 - 0x00007ffbf0043000 	C:\WINDOWS\System32\SHELL32.dll
0x00007ffbeee10000 - 0x00007ffbeef7a000 	C:\WINDOWS\System32\wintypes.dll
0x00007ffbec220000 - 0x00007ffbeca7e000 	C:\WINDOWS\SYSTEM32\windows.storage.dll
0x00007ffbef2a0000 - 0x00007ffbef395000 	C:\WINDOWS\System32\SHCORE.dll
0x00007ffbf11d0000 - 0x00007ffbf1236000 	C:\WINDOWS\System32\shlwapi.dll
0x00007ffbee570000 - 0x00007ffbee599000 	C:\WINDOWS\SYSTEM32\profapi.dll
0x00007ffb934f0000 - 0x00007ffb935c7000 	C:\Program Files\Java\jdk-23\bin\jsvml.dll
0x00007ffbdbed0000 - 0x00007ffbdbee7000 	C:\Program Files\Java\jdk-23\bin\zip.dll
0x00007ffbe3f20000 - 0x00007ffbe3f30000 	C:\Program Files\Java\jdk-23\bin\net.dll
0x00007ffbed970000 - 0x00007ffbed9db000 	C:\WINDOWS\system32\mswsock.dll
0x00007ffbe3e90000 - 0x00007ffbe3ea6000 	C:\Program Files\Java\jdk-23\bin\nio.dll
0x00007ffbdbec0000 - 0x00007ffbdbec9000 	C:\Program Files\Java\jdk-23\bin\extnet.dll
0x0000020141c10000 - 0x0000020141c13000 	C:\Users\admin\.openjfx\cache\17.0.8\api-ms-win-core-console-l1-1-0.dll
0x0000020141c20000 - 0x0000020141c23000 	C:\Users\admin\.openjfx\cache\17.0.8\api-ms-win-core-console-l1-2-0.dll
0x0000020141c30000 - 0x0000020141c33000 	C:\Users\admin\.openjfx\cache\17.0.8\api-ms-win-core-datetime-l1-1-0.dll
0x0000020141c40000 - 0x0000020141c43000 	C:\Users\admin\.openjfx\cache\17.0.8\api-ms-win-core-debug-l1-1-0.dll
0x0000020141c50000 - 0x0000020141c53000 	C:\Users\admin\.openjfx\cache\17.0.8\api-ms-win-core-errorhandling-l1-1-0.dll
0x0000020141c60000 - 0x0000020141c64000 	C:\Users\admin\.openjfx\cache\17.0.8\api-ms-win-core-file-l1-1-0.dll
0x0000020141c70000 - 0x0000020141c73000 	C:\Users\admin\.openjfx\cache\17.0.8\api-ms-win-core-file-l1-2-0.dll
0x0000020141c80000 - 0x0000020141c83000 	C:\Users\admin\.openjfx\cache\17.0.8\api-ms-win-core-file-l2-1-0.dll
0x0000020141c90000 - 0x0000020141c93000 	C:\Users\admin\.openjfx\cache\17.0.8\api-ms-win-core-handle-l1-1-0.dll
0x0000020141ca0000 - 0x0000020141ca3000 	C:\Users\admin\.openjfx\cache\17.0.8\api-ms-win-core-heap-l1-1-0.dll
0x0000020141cb0000 - 0x0000020141cb3000 	C:\Users\admin\.openjfx\cache\17.0.8\api-ms-win-core-interlocked-l1-1-0.dll
0x0000020141cc0000 - 0x0000020141cc3000 	C:\Users\admin\.openjfx\cache\17.0.8\api-ms-win-core-libraryloader-l1-1-0.dll
0x0000020141cd0000 - 0x0000020141cd3000 	C:\Users\admin\.openjfx\cache\17.0.8\api-ms-win-core-localization-l1-2-0.dll
0x0000020141ce0000 - 0x0000020141ce3000 	C:\Users\admin\.openjfx\cache\17.0.8\api-ms-win-core-memory-l1-1-0.dll
0x0000020141cf0000 - 0x0000020141cf3000 	C:\Users\admin\.openjfx\cache\17.0.8\api-ms-win-core-namedpipe-l1-1-0.dll
0x0000020141d00000 - 0x0000020141d03000 	C:\Users\admin\.openjfx\cache\17.0.8\api-ms-win-core-processenvironment-l1-1-0.dll
0x0000020141d10000 - 0x0000020141d13000 	C:\Users\admin\.openjfx\cache\17.0.8\api-ms-win-core-processthreads-l1-1-0.dll
0x0000020141d20000 - 0x0000020141d23000 	C:\Users\admin\.openjfx\cache\17.0.8\api-ms-win-core-processthreads-l1-1-1.dll
0x0000020141d30000 - 0x0000020141d33000 	C:\Users\admin\.openjfx\cache\17.0.8\api-ms-win-core-profile-l1-1-0.dll
0x0000020141d40000 - 0x0000020141d43000 	C:\Users\admin\.openjfx\cache\17.0.8\api-ms-win-core-rtlsupport-l1-1-0.dll
0x0000020141d50000 - 0x0000020141d53000 	C:\Users\admin\.openjfx\cache\17.0.8\api-ms-win-core-string-l1-1-0.dll
0x0000020141d60000 - 0x0000020141d63000 	C:\Users\admin\.openjfx\cache\17.0.8\api-ms-win-core-synch-l1-1-0.dll
0x0000020141d70000 - 0x0000020141d73000 	C:\Users\admin\.openjfx\cache\17.0.8\api-ms-win-core-synch-l1-2-0.dll
0x0000020141d80000 - 0x0000020141d83000 	C:\Users\admin\.openjfx\cache\17.0.8\api-ms-win-core-sysinfo-l1-1-0.dll
0x0000020141d90000 - 0x0000020141d93000 	C:\Users\admin\.openjfx\cache\17.0.8\api-ms-win-core-timezone-l1-1-0.dll
0x0000020141da0000 - 0x0000020141da3000 	C:\Users\admin\.openjfx\cache\17.0.8\api-ms-win-core-util-l1-1-0.dll
0x0000020141db0000 - 0x0000020141db3000 	C:\Users\admin\.openjfx\cache\17.0.8\api-ms-win-crt-conio-l1-1-0.dll
0x0000020141dc0000 - 0x0000020141dc4000 	C:\Users\admin\.openjfx\cache\17.0.8\api-ms-win-crt-convert-l1-1-0.dll
0x0000020141dd0000 - 0x0000020141dd3000 	C:\Users\admin\.openjfx\cache\17.0.8\api-ms-win-crt-environment-l1-1-0.dll
0x0000020141de0000 - 0x0000020141de3000 	C:\Users\admin\.openjfx\cache\17.0.8\api-ms-win-crt-filesystem-l1-1-0.dll
0x0000020141df0000 - 0x0000020141df3000 	C:\Users\admin\.openjfx\cache\17.0.8\api-ms-win-crt-heap-l1-1-0.dll
0x0000020141e00000 - 0x0000020141e03000 	C:\Users\admin\.openjfx\cache\17.0.8\api-ms-win-crt-locale-l1-1-0.dll
0x0000020141e10000 - 0x0000020141e15000 	C:\Users\admin\.openjfx\cache\17.0.8\api-ms-win-crt-math-l1-1-0.dll
0x0000020141e20000 - 0x0000020141e25000 	C:\Users\admin\.openjfx\cache\17.0.8\api-ms-win-crt-multibyte-l1-1-0.dll
0x0000020141e30000 - 0x0000020141e40000 	C:\Users\admin\.openjfx\cache\17.0.8\api-ms-win-crt-private-l1-1-0.dll
0x0000020141e40000 - 0x0000020141e43000 	C:\Users\admin\.openjfx\cache\17.0.8\api-ms-win-crt-process-l1-1-0.dll
0x0000020141e50000 - 0x0000020141e54000 	C:\Users\admin\.openjfx\cache\17.0.8\api-ms-win-crt-runtime-l1-1-0.dll
0x0000020141e60000 - 0x0000020141e64000 	C:\Users\admin\.openjfx\cache\17.0.8\api-ms-win-crt-stdio-l1-1-0.dll
0x0000020141e70000 - 0x0000020141e74000 	C:\Users\admin\.openjfx\cache\17.0.8\api-ms-win-crt-string-l1-1-0.dll
0x0000020141e80000 - 0x0000020141e83000 	C:\Users\admin\.openjfx\cache\17.0.8\api-ms-win-crt-time-l1-1-0.dll
0x0000020141e90000 - 0x0000020141e93000 	C:\Users\admin\.openjfx\cache\17.0.8\api-ms-win-crt-utility-l1-1-0.dll
0x00007ffb878c0000 - 0x00007ffb879bc000 	C:\Users\admin\.openjfx\cache\17.0.8\ucrtbase.dll
0x00007ffbdbd50000 - 0x00007ffbdbd6b000 	C:\Users\admin\.openjfx\cache\17.0.8\vcruntime140.dll
0x00007ffbdbd40000 - 0x00007ffbdbd4c000 	C:\Users\admin\.openjfx\cache\17.0.8\vcruntime140_1.dll
0x00007ffbb3880000 - 0x00007ffbb390e000 	C:\Users\admin\.openjfx\cache\17.0.8\msvcp140.dll
0x00007ffbdbd30000 - 0x00007ffbdbd39000 	C:\Users\admin\.openjfx\cache\17.0.8\msvcp140_1.dll
0x00007ffbdbcf0000 - 0x00007ffbdbd20000 	C:\Users\admin\.openjfx\cache\17.0.8\msvcp140_2.dll
0x00007ffbdbaa0000 - 0x00007ffbdbaca000 	C:\Users\admin\.openjfx\cache\17.0.8\prism_d3d.dll
0x00007ffbd28e0000 - 0x00007ffbd2a93000 	C:\WINDOWS\system32\d3d9.dll
0x00007ffbeb6a0000 - 0x00007ffbeb6d0000 	C:\WINDOWS\SYSTEM32\dwmapi.dll
0x00007ffbeb2f0000 - 0x00007ffbeb334000 	C:\WINDOWS\SYSTEM32\dxcore.dll
0x00007ffbeb210000 - 0x00007ffbeb2bb000 	C:\WINDOWS\system32\uxtheme.dll
0x00007ffbeb440000 - 0x00007ffbeb57b000 	C:\WINDOWS\system32\dxgi.dll
0x00007ffbee190000 - 0x00007ffbee1e7000 	C:\WINDOWS\SYSTEM32\CFGMGR32.dll
0x00007ffbea050000 - 0x00007ffbea2b2000 	C:\WINDOWS\SYSTEM32\d3d11.dll
0x00007ffbe82b0000 - 0x00007ffbe8313000 	C:\WINDOWS\SYSTEM32\directxdatabasehelper.dll
0x00007ffbd5fe0000 - 0x00007ffbd6022000 	C:\Users\admin\.openjfx\cache\17.0.8\glass.dll
0x00007ffbf07d0000 - 0x00007ffbf08c0000 	C:\WINDOWS\System32\COMDLG32.dll
0x00007ffbf0d70000 - 0x00007ffbf0ece000 	C:\WINDOWS\System32\MSCTF.dll
0x00007ffbdbeb0000 - 0x00007ffbdbebe000 	C:\Program Files\Java\jdk-23\bin\sunmscapi.dll
0x00007ffbee860000 - 0x00007ffbee9d7000 	C:\WINDOWS\System32\CRYPT32.dll
0x00007ffbede50000 - 0x00007ffbede80000 	C:\WINDOWS\SYSTEM32\ncrypt.dll
0x00007ffbede00000 - 0x00007ffbede3f000 	C:\WINDOWS\SYSTEM32\NTASN1.dll
0x00007ffbedc30000 - 0x00007ffbedc4b000 	C:\WINDOWS\SYSTEM32\CRYPTSP.dll
0x00007ffbed340000 - 0x00007ffbed37a000 	C:\WINDOWS\system32\rsaenh.dll
0x00007ffbeda20000 - 0x00007ffbeda4b000 	C:\WINDOWS\SYSTEM32\USERENV.dll
0x00007ffbee540000 - 0x00007ffbee56a000 	C:\WINDOWS\SYSTEM32\bcrypt.dll
0x00007ffbedc50000 - 0x00007ffbedc5c000 	C:\WINDOWS\SYSTEM32\CRYPTBASE.dll
0x00007ffbece70000 - 0x00007ffbecea4000 	C:\WINDOWS\SYSTEM32\IPHLPAPI.DLL
0x00007ffbef3a0000 - 0x00007ffbef3aa000 	C:\WINDOWS\System32\NSI.dll
0x00007ffbdb700000 - 0x00007ffbdb714000 	C:\Users\admin\.openjfx\cache\17.0.8\javafx_font.dll
0x00007ffbe97a0000 - 0x00007ffbe9a07000 	C:\WINDOWS\SYSTEM32\dwrite.dll
0x00007ffbef550000 - 0x00007ffbef600000 	C:\WINDOWS\System32\clbcatq.dll
0x00007ffbe90d0000 - 0x00007ffbe9300000 	C:\WINDOWS\SYSTEM32\WindowsCodecs.dll
0x00007ffbc3aa0000 - 0x00007ffbc3afa000 	C:\WINDOWS\system32\dataexchange.dll
0x00007ffbe6640000 - 0x00007ffbe6884000 	C:\WINDOWS\system32\twinapi.appcore.dll
0x00007ffbd7e40000 - 0x00007ffbd7e6c000 	C:\Program Files\Common Files\Microsoft Shared\Ink\rtscom.dll
0x00007ffbbaed0000 - 0x00007ffbbb018000 	C:\WINDOWS\SYSTEM32\textinputframework.dll
0x00007ffbea9f0000 - 0x00007ffbeab17000 	C:\WINDOWS\SYSTEM32\CoreMessaging.dll
0x00007ffbe6c30000 - 0x00007ffbe6f12000 	C:\WINDOWS\SYSTEM32\CoreUIComponents.dll

dbghelp: loaded successfully - version: 4.0.5 - missing functions: none
symbol engine: initialized successfully - sym options: 0x614 - pdb path: .;C:\Program Files\Java\jdk-23\bin;C:\WINDOWS\SYSTEM32;C:\WINDOWS\WinSxS\amd64_microsoft.windows.common-controls_6595b64144ccf1df_6.0.26100.7309_none_3e05feeae336a044;C:\Program Files\Java\jdk-23\bin\server;C:\Users\admin\.openjfx\cache\17.0.8;C:\WINDOWS\System32\DriverStore\FileRepository\iigd_dch.inf_amd64_d71a22cbbfee3077;C:\Program Files\Common Files\Microsoft Shared\Ink

VM Arguments:
jvm_args: -javaagent:C:\Program Files\JetBrains\IntelliJ IDEA Community Edition 2025.1.1.1\lib\idea_rt.jar=51450 -Dfile.encoding=UTF-8 -Dsun.stdout.encoding=UTF-8 -Dsun.stderr.encoding=UTF-8 
java_command: com.chatty.Launcher
java_class_path (initial): C:\Users\admin\intellj-workspace\RealtimeChatApp\desktop\target\classes;C:\Users\admin\.m2\repository\org\openjfx\javafx-controls\17.0.8\javafx-controls-17.0.8.jar;C:\Users\admin\.m2\repository\org\openjfx\javafx-controls\17.0.8\javafx-controls-17.0.8-win.jar;C:\Users\admin\.m2\repository\org\openjfx\javafx-graphics\17.0.8\javafx-graphics-17.0.8.jar;C:\Users\admin\.m2\repository\org\openjfx\javafx-graphics\17.0.8\javafx-graphics-17.0.8-win.jar;C:\Users\admin\.m2\repository\org\openjfx\javafx-base\17.0.8\javafx-base-17.0.8.jar;C:\Users\admin\.m2\repository\org\openjfx\javafx-base\17.0.8\javafx-base-17.0.8-win.jar;C:\Users\admin\.m2\repository\org\openjfx\javafx-fxml\17.0.8\javafx-fxml-17.0.8.jar;C:\Users\admin\.m2\repository\org\openjfx\javafx-fxml\17.0.8\javafx-fxml-17.0.8-win.jar;C:\Users\admin\.m2\repository\com\squareup\okhttp3\okhttp\4.12.0\okhttp-4.12.0.jar;C:\Users\admin\.m2\repository\com\squareup\okio\okio\3.6.0\okio-3.6.0.jar;C:\Users\admin\.m2\repository\com\squareup\okio\okio-jvm\3.6.0\okio-jvm-3.6.0.jar;C:\Users\admin\.m2\repository\org\jetbrains\kotlin\kotlin-stdlib-common\1.9.10\kotlin-stdlib-common-1.9.10.jar;C:\Users\admin\.m2\repository\org\jetbrains\kotlin\kotlin-stdlib-jdk8\1.8.21\kotlin-stdlib-jdk8-1.8.21.jar;C:\Users\admin\.m2\repository\org\jetbrains\kotlin\kotlin-stdlib\1.8.21\kotlin-stdlib-1.8.21.jar;C:\Users\admin\.m2\repository\org\jetbrains\annotations\13.0\annotations-13.0.jar;C:\Users\admin\.m2\repository\org\jetbrains\kotlin\kotlin-stdlib-jdk7\1.8.21\kotlin-stdlib-jdk7-1.8.21.jar;C:\Users\admin\.m2\repository\com\google\code\gson\gson\2.10.1\gson-2.10.1.jar;C:\Users\admin\.m2\repository\io\socket\socket.io-client\2.1.0\socket.io-client-2.1.0.jar;C:\Users\admin\.m2\repository\io\socket\engine.io-client\2.1.0\engine.io-client-2.1.0.jar;C:\Users\admin\.m2\repository\org\json\json\20090211\json-20090211.jar;C:\Users\admin\.m2\repository\org\kordamp\ikonli\ikonli-javafx\12.3.1\ikonli-javafx-12.3.1.jar;C:\Users\admin\.m2\repository\org\kordamp\ikonli\ikonli-core\12.3.1\ikonli-core-12.3.1.jar;C:\Users\admin\.m2\repository\org\kordamp\ikonli\ikonli-materialdesign2-pack\12.3.1\ikonli-materialdesign2-pack-12.3.1.jar
Launcher Type: SUN_STANDARD

[Global flags]
     intx CICompilerCount                          = 4                                         {product} {ergonomic}
     uint ConcGCThreads                            = 3                                         {product} {ergonomic}
     uint G1ConcRefinementThreads                  = 10                                        {product} {ergonomic}
   size_t G1HeapRegionSize                         = 2097152                                   {product} {ergonomic}
   size_t InitialHeapSize                          = 264241152                                 {product} {ergonomic}
   size_t MarkStackSize                            = 4194304                                   {product} {ergonomic}
   size_t MarkStackSizeMax                         = 536870912                                 {product} {ergonomic}
   size_t MaxHeapSize                              = 4213178368                                {product} {ergonomic}
   size_t MaxNewSize                               = 2527068160                                {product} {ergonomic}
   size_t MinHeapDeltaBytes                        = 2097152                                   {product} {ergonomic}
   size_t MinHeapSize                              = 8388608                                   {product} {ergonomic}
    uintx NonNMethodCodeHeapSize                   = 5832704                                {pd product} {ergonomic}
    uintx NonProfiledCodeHeapSize                  = 122945536                              {pd product} {ergonomic}
    uintx ProfiledCodeHeapSize                     = 122880000                              {pd product} {ergonomic}
    uintx ReservedCodeCacheSize                    = 251658240                              {pd product} {ergonomic}
     bool SegmentedCodeCache                       = true                                      {product} {ergonomic}
   size_t SoftMaxHeapSize                          = 4213178368                             {manageable} {ergonomic}
     bool UseCompressedOops                        = true                           {product lp64_product} {ergonomic}
     bool UseG1GC                                  = true                                      {product} {ergonomic}
     bool UseLargePagesIndividualAllocation        = false                                  {pd product} {ergonomic}

Logging:
Log output configuration:
 #0: stdout all=off uptime,level,tags foldmultilines=false
 #1: stderr all=off uptime,level,tags foldmultilines=false

Environment Variables:
JAVA_HOME=C:\Program Files\Java\jdk-23
PATH=C:\Program Files (x86)\VMware\VMware Workstation\bin\;C:\Program Files\Common Files\Oracle\Java\javapath;C:\WINDOWS\system32;C:\WINDOWS;C:\WINDOWS\System32\Wbem;C:\WINDOWS\System32\WindowsPowerShell\v1.0\;C:\WINDOWS\System32\OpenSSH\;C:\Program Files\dotnet\;C:\Program Files\Microsoft SQL Server\Client SDK\ODBC\170\Tools\Binn\;C:\Program Files (x86)\Microsoft SQL Server\150\Tools\Binn\;C:\Program Files\Microsoft SQL Server\150\Tools\Binn\;C:\Program Files\Microsoft SQL Server\150\DTS\Binn\;C:\Program Files (x86)\Microsoft SQL Server\160\DTS\Binn\;C:\Program Files\Java\jdk-23\bin;C:\Program Files\Git\cmd;C:\Program Files\php;C:\Program Files\Cloudflare\Cloudflare WARP\;C:\Program Files\Java\jdk-21\bin;C:\Program Files\nodejs\;C:\Program Files\Docker\Docker\resources\bin;C:\Users\admin\AppData\Local\Microsoft\WindowsApps;D:\Tools\Gradle\gradle-8.12.1\bin;C:\Users\admin\AppData\Local\Programs\Microsoft VS Code\bin;C:\Program Files\JetBrains\IntelliJ IDEA Community Edition 2025.1.1.1\bin;;C:\Program Files\php\php-8.4.7;E:\sqlite3;C:\Users\admin\AppData\Roaming\npm
USERNAME=admin
OS=Windows_NT
PROCESSOR_IDENTIFIER=Intel64 Family 6 Model 186 Stepping 3, GenuineIntel
TMP=C:\Users\admin\AppData\Local\Temp
TEMP=C:\Users\admin\AppData\Local\Temp




Periodic native trim disabled

---------------  S Y S T E M  ---------------

OS:
 Windows 11 , 64 bit Build 26100 (10.0.26100.7309)
OS uptime: 28 days 7:23 hours
Hyper-V role detected

CPU: total 12 (initial active 12) (6 cores per cpu, 2 threads per core) family 6 model 186 stepping 3 microcode 0x4128, cx8, cmov, fxsr, ht, mmx, 3dnowpref, sse, sse2, sse3, ssse3, sse4.1, sse4.2, popcnt, lzcnt, tsc, tscinvbit, avx, avx2, aes, erms, clmul, bmi1, bmi2, adx, sha, fma, vzeroupper, clflush, clflushopt, clwb, hv, serialize, rdtscp, rdpid, fsrm, gfni, f16c, cet_ibt, cet_ss
Processor Information for processor 0
  Max Mhz: 1700, Current Mhz: 1700, Mhz Limit: 1700
Processor Information for processor 1
  Max Mhz: 1700, Current Mhz: 1700, Mhz Limit: 1700
Processor Information for processor 2
  Max Mhz: 1700, Current Mhz: 1700, Mhz Limit: 1700
Processor Information for processor 3
  Max Mhz: 1700, Current Mhz: 1700, Mhz Limit: 1700
Processor Information for processor 4
  Max Mhz: 1700, Current Mhz: 1700, Mhz Limit: 1700
Processor Information for processor 5
  Max Mhz: 1700, Current Mhz: 1700, Mhz Limit: 1700
Processor Information for processor 6
  Max Mhz: 1700, Current Mhz: 1700, Mhz Limit: 1700
Processor Information for processor 7
  Max Mhz: 1700, Current Mhz: 1700, Mhz Limit: 1700
Processor Information for processor 8
  Max Mhz: 1700, Current Mhz: 1558, Mhz Limit: 1700
Processor Information for processor 9
  Max Mhz: 1700, Current Mhz: 1700, Mhz Limit: 1700
Processor Information for processor 10
  Max Mhz: 1700, Current Mhz: 1700, Mhz Limit: 1700
Processor Information for processor 11
  Max Mhz: 1700, Current Mhz: 1700, Mhz Limit: 1700

Memory: 4k page, system-wide physical 16068M (3445M free)
TotalPageFile size 32137M (AvailPageFile size 7583M)
current process WorkingSet (physical memory assigned to process): 293M, peak: 365M
current process commit charge ("private bytes"): 335M, peak: 514M

vm_info: Java HotSpot(TM) 64-Bit Server VM (23.0.1+11-39) for windows-amd64 JRE (23.0.1+11-39), built on 2024-09-30T07:20:43Z with MS VC++ 17.6 (VS2022)

END.
