#
# A fatal error has been detected by the Java Runtime Environment:
#
#  EXCEPTION_ACCESS_VIOLATION (0xc0000005) at pc=0x00007ffbd6006bd7, pid=16888, tid=27204
#
# JRE version: Java(TM) SE Runtime Environment (23.0.1+11) (build 23.0.1+11-39)
# Java VM: Java HotSpot(TM) 64-Bit Server VM (23.0.1+11-39, mixed mode, sharing, tiered, compressed oops, compressed class ptrs, g1 gc, windows-amd64)
# Problematic frame:
# C  [glass.dll+0x26bd7]
#
# No core dump will be written. Minidumps are not enabled by default on client versions of Windows
#
# If you would like to submit a bug report, please visit:
#   https://bugreport.java.com/bugreport/crash.jsp
#

---------------  S U M M A R Y ------------

Command Line: -javaagent:C:\Program Files\JetBrains\IntelliJ IDEA Community Edition 2025.1.1.1\lib\idea_rt.jar=65268 -Dfile.encoding=UTF-8 -Dsun.stdout.encoding=UTF-8 -Dsun.stderr.encoding=UTF-8 com.chatty.Launcher

Host: 13th Gen Intel(R) Core(TM) i7-1355U, 12 cores, 15G,  Windows 11 , 64 bit Build 26100 (10.0.26100.7309)
Time: Fri Jan  9 22:17:33 2026 SE Asia Standard Time elapsed time: 642.654938 seconds (0d 0h 10m 42s)

---------------  T H R E A D  ---------------

Current thread (0x000001f2f65e9c80):  VMThread "VM Thread"          [id=27204, stack(0x0000005f1e300000,0x0000005f1e400000) (1024K)]

Stack: [0x0000005f1e300000,0x0000005f1e400000],  sp=0x0000005f1e3fecb0,  free space=1019k
Native frames: (J=compiled Java code, j=interpreted, Vv=VM code, C=native code)
C  [glass.dll+0x26bd7]  (no source info available)
C  [ucrtbase.dll+0x4bc75]  (no source info available)
C  [ucrtbase.dll+0x4b897]  (no source info available)
C  [ucrtbase.dll+0x4b84d]  (no source info available)
C  [glass.dll+0x2439d]  (no source info available)
C  [glass.dll+0x244c2]  (no source info available)
C  [ntdll.dll+0x15f86e]  (no source info available)
C  [ntdll.dll+0xbcae]  (no source info available)
C  [ntdll.dll+0x8d4af]  (no source info available)
C  [ntdll.dll+0x8c67e]  (no source info available)
C  [KERNEL32.DLL+0x418ab]  (no source info available)
C  [ucrtbase.dll+0xa0093]  (no source info available)
V  [jvm.dll+0x6d990c]  (no source info available)
V  [jvm.dll+0x6d9440]  (no source info available)
V  [jvm.dll+0x3da534]  (no source info available)
V  [jvm.dll+0x886720]  (no source info available)
V  [jvm.dll+0x887a47]  (no source info available)
V  [jvm.dll+0x887f78]  (no source info available)
V  [jvm.dll+0x888213]  (no source info available)
V  [jvm.dll+0x824f8b]  (no source info available)
V  [jvm.dll+0x6df065]  (no source info available)
C  [ucrtbase.dll+0x37b0]  (no source info available)
C  [KERNEL32.DLL+0x2e8d7]  (no source info available)
C  [ntdll.dll+0x8c53c]  (no source info available)


siginfo: EXCEPTION_ACCESS_VIOLATION (0xc0000005), reading address 0x0000000000000000


Registers:
RAX=0x0000000000000000, RBX=0x000001f2f65f55aa, RCX=0x000001f2f65e9c80, RDX=0x0000005f1e3fecb0
RSP=0x0000005f1e3fecb0, RBP=0x0000c3757bd58969, RSI=0x000001f2c6216478, RDI=0x000001f2c6216450
R8 =0x0000000000010002, R9 =0x0000c3757bd58969, R10=0x000001f2d48d0000, R11=0x0000005f1e3fe920
R12=0x0000000000000001, R13=0x00007ffbd6004510, R14=0x0000005f1e3fedb8, R15=0x000001f2c6216450
RIP=0x00007ffbd6006bd7, EFLAGS=0x0000000000010202


Register to memory mapping:

RAX=0x0 is null
RBX=0x000001f2f65f55aa is a global jni handle
RCX=0x000001f2f65e9c80 points into unknown readable memory: 0x00007ffb41f4f688 | 88 f6 f4 41 fb 7f 00 00
RDX=0x0000005f1e3fecb0 points into unknown readable memory: 0x0000000000000000 | 00 00 00 00 00 00 00 00
RSP=0x0000005f1e3fecb0 points into unknown readable memory: 0x0000000000000000 | 00 00 00 00 00 00 00 00
RBP=0x0000c3757bd58969 is an unknown value
RSI=0x000001f2c6216478 points into unknown readable memory: 0x0000c3757bd58969 | 69 89 d5 7b 75 c3 00 00
RDI=0x000001f2c6216450 points into unknown readable memory: 0x008093757b2a7ec5 | c5 7e 2a 7b 75 93 80 00
R8 =0x0000000000010002 is an unknown value
R9 =0x0000c3757bd58969 is an unknown value
R10=0x000001f2d48d0000 points into unknown readable memory: 0x0000000000000000 | 00 00 00 00 00 00 00 00
R11=0x0000005f1e3fe920 points into unknown readable memory: 0x0000000000800000 | 00 00 80 00 00 00 00 00
R12=0x0000000000000001 is an unknown value
R13=0x00007ffbd6004510 glass.dll
R14=0x0000005f1e3fedb8 points into unknown readable memory: 0x0000005f1e3feda0 | a0 ed 3f 1e 5f 00 00 00
R15=0x000001f2c6216450 points into unknown readable memory: 0x008093757b2a7ec5 | c5 7e 2a 7b 75 93 80 00

Top of Stack: (sp=0x0000005f1e3fecb0)
0x0000005f1e3fecb0:   0000000000000000 000001f200000000
0x0000005f1e3fecc0:   000001f2c5fb69f0 0000000000000001
0x0000005f1e3fecd0:   000001f2c6216458 00007ffbee69bc75
0x0000005f1e3fece0:   000001f2c6216450 000001f200000000
0x0000005f1e3fecf0:   000001f2c6216470 0000c3757bd58969
0x0000005f1e3fed00:   fffffffffffffffe 0000005f1e3fed88
0x0000005f1e3fed10:   00007ffbd5fe0000 00007ffbd5fe0000
0x0000005f1e3fed20:   0000005f1e3feda8 00007ffbee69b897
0x0000005f1e3fed30:   0000005f1e3fed00 0000005f1e3fedb8
0x0000005f1e3fed40:   0000005f1e3ff0a0 00007ffbee7888c0
0x0000005f1e3fed50:   0000000000000001 00007ffbee69b84d
0x0000005f1e3fed60:   0000000000000000 0000000000000001
0x0000005f1e3fed70:   00007ffbee9bf230 0000005f1e3feda8
0x0000005f1e3fed80:   fffffffffffffffe 0000005f1e3fed70
0x0000005f1e3fed90:   0000000000000000 00007ffbd600439d
0x0000005f1e3feda0:   00007ffbd601a138 0000000000000002
0x0000005f1e3fedb0:   0000000000000002 0000005f1e3feda0
0x0000005f1e3fedc0:   00007ffbee860000 00007ffbee860000
0x0000005f1e3fedd0:   0000000000000000 00007ffbd60044c2
0x0000005f1e3fede0:   0000000000000001 0000005f1e3ff0a0
0x0000005f1e3fedf0:   0000000000000001 00007ffbf150a6af
0x0000005f1e3fee00:   000001f2c68ed0a0 00007ffbede50000
0x0000005f1e3fee10:   0000000000000001 0000000000000000
0x0000005f1e3fee20:   0000000000000000 000000007ffe0384
0x0000005f1e3fee30:   000001f2c6314380 00007ffbf165f86e
0x0000005f1e3fee40:   00007ffbd5fe0000 000001f200000000
0x0000005f1e3fee50:   0000000000000001 000000007ffe0385
0x0000005f1e3fee60:   00007ffbd60075a0 00007ffbf150bcae
0x0000005f1e3fee70:   0000000000000000 0000000000000000
0x0000005f1e3fee80:   0000000000000000 0000000000000000
0x0000005f1e3fee90:   0000000000000000 0000000000000000
0x0000005f1e3feea0:   0000000000000000 0000000000000000 

Instructions: (pc=0x00007ffbd6006bd7)
0x00007ffbd6006ad7:   8b 4d 58 e8 71 cf ff ff 48 8b 4d 60 e8 68 cf ff
0x00007ffbd6006ae7:   ff 48 8b 95 80 00 00 00 48 8b 8d 18 01 00 00 e8
0x00007ffbd6006af7:   36 c4 ff ff 33 d2 33 c9 e8 bc e1 ff ff 90 48 89
0x00007ffbd6006b07:   54 24 10 55 48 83 ec 20 48 8b ea 48 b8 00 00 00
0x00007ffbd6006b17:   00 00 00 00 00 48 83 c4 20 5d c3 cc 40 55 48 8b
0x00007ffbd6006b27:   ea 48 8b 01 33 c9 81 38 05 00 00 c0 0f 94 c1 8b
0x00007ffbd6006b37:   c1 5d c3 cc 40 55 48 83 ec 20 48 8b ea 8a 4d 40
0x00007ffbd6006b47:   48 83 c4 20 5d e9 63 d3 ff ff cc 40 55 48 83 ec
0x00007ffbd6006b57:   20 48 8b ea 8a 4d 20 e8 51 d3 ff ff 90 48 83 c4
0x00007ffbd6006b67:   20 5d c3 cc 40 55 48 83 ec 20 48 8b ea 48 83 c4
0x00007ffbd6006b77:   20 5d e9 b2 d1 ff ff cc 40 55 48 83 ec 30 48 8b
0x00007ffbd6006b87:   ea 48 8b 01 8b 10 48 89 4c 24 28 89 54 24 20 4c
0x00007ffbd6006b97:   8d 0d 53 d6 ff ff 4c 8b 45 70 8b 55 68 48 8b 4d
0x00007ffbd6006ba7:   60 e8 f3 d0 ff ff 90 48 83 c4 30 5d c3 cc cc cc
0x00007ffbd6006bb7:   cc cc cc cc cc cc cc cc cc 40 53 48 83 ec 20 48
0x00007ffbd6006bc7:   8b 1d 63 2f 01 00 48 85 db 74 16 e8 49 8b ff ff
0x00007ffbd6006bd7:   4c 8b 00 48 8b d3 48 8b c8 41 ff 90 b0 00 00 00
0x00007ffbd6006be7:   90 48 83 c4 20 5b c3 cc cc 40 53 48 83 ec 20 48
0x00007ffbd6006bf7:   8b 1d db 30 01 00 48 85 db 74 57 b8 ff ff ff ff
0x00007ffbd6006c07:   f0 0f c1 43 10 83 f8 01 75 3d 48 85 db 74 38 48
0x00007ffbd6006c17:   8b 0b 48 85 c9 74 0d ff 15 84 06 00 00 48 c7 03
0x00007ffbd6006c27:   00 00 00 00 48 8b 4b 08 48 85 c9 74 0d e8 17 ce
0x00007ffbd6006c37:   ff ff 48 c7 43 08 00 00 00 00 ba 18 00 00 00 48
0x00007ffbd6006c47:   8b cb e8 02 ce ff ff 48 c7 05 7f 30 01 00 00 00
0x00007ffbd6006c57:   00 00 48 83 c4 20 5b c3 cc 40 53 48 83 ec 20 48
0x00007ffbd6006c67:   8b 1d 4b 30 01 00 48 85 db 74 57 b8 ff ff ff ff
0x00007ffbd6006c77:   f0 0f c1 43 10 83 f8 01 75 3d 48 85 db 74 38 48
0x00007ffbd6006c87:   8b 0b 48 85 c9 74 0d ff 15 14 06 00 00 48 c7 03
0x00007ffbd6006c97:   00 00 00 00 48 8b 4b 08 48 85 c9 74 0d e8 a7 cd
0x00007ffbd6006ca7:   ff ff 48 c7 43 08 00 00 00 00 ba 18 00 00 00 48
0x00007ffbd6006cb7:   8b cb e8 92 cd ff ff 48 c7 05 ef 2f 01 00 00 00
0x00007ffbd6006cc7:   00 00 48 83 c4 20 5b c3 cc 40 53 48 83 ec 20 48 


Stack slot to memory mapping:

stack at sp + 0 slots: 0x0 is null
stack at sp + 1 slots: 0x000001f200000000 is an unknown value
stack at sp + 2 slots: 0x000001f2c5fb69f0 points into unknown readable memory: 0x000001f2c5fb7290 | 90 72 fb c5 f2 01 00 00
stack at sp + 3 slots: 0x0000000000000001 is an unknown value
stack at sp + 4 slots: 0x000001f2c6216458 points into unknown readable memory: 0x0000c3757bd58969 | 69 89 d5 7b 75 c3 00 00
stack at sp + 5 slots: 0x00007ffbee69bc75 ucrtbase.dll
stack at sp + 6 slots: 0x000001f2c6216450 points into unknown readable memory: 0x008093757b2a7ec5 | c5 7e 2a 7b 75 93 80 00
stack at sp + 7 slots: 0x000001f200000000 is an unknown value

VM_Operation (0x0000005f1dbfedd0): Exit, mode: safepoint, requested by thread 0x000001f2cc396430


---------------  P R O C E S S  ---------------

Threads class SMR info:
_java_thread_list=0x000001f2cbfde110, length=24, elements={
0x000001f2d4c4e860, 0x000001f2f66034d0, 0x000001f2f6606040, 0x000001f2f660af50,
0x000001f2f660cce0, 0x000001f2f660e460, 0x000001f2f660ff10, 0x000001f2f6611810,
0x000001f2c50da7d0, 0x000001f2c5497f20, 0x000001f2c5498590, 0x000001f2c54e92d0,
0x000001f2c5f03820, 0x000001f2c61d15a0, 0x000001f2c61d4cd0, 0x000001f2c6853730,
0x000001f2cc3c9410, 0x000001f2cc3c8d80, 0x000001f2cc3c8060, 0x000001f2cc3c86f0,
0x000001f2cc3c7340, 0x000001f2cc395710, 0x000001f2cc394360, 0x000001f2cc396430
}

Java Threads: ( => current thread )
  0x000001f2d4c4e860 JavaThread "main"                              [_thread_blocked, id=53824, stack(0x0000005f1dc00000,0x0000005f1dd00000) (1024K)]
  0x000001f2f66034d0 JavaThread "Reference Handler"          daemon [_thread_blocked, id=3952, stack(0x0000005f1e400000,0x0000005f1e500000) (1024K)]
  0x000001f2f6606040 JavaThread "Finalizer"                  daemon [_thread_blocked, id=32524, stack(0x0000005f1e500000,0x0000005f1e600000) (1024K)]
  0x000001f2f660af50 JavaThread "Attach Listener"            daemon [_thread_blocked, id=26172, stack(0x0000005f1e700000,0x0000005f1e800000) (1024K)]
  0x000001f2f660cce0 JavaThread "Service Thread"             daemon [_thread_blocked, id=41784, stack(0x0000005f1e800000,0x0000005f1e900000) (1024K)]
  0x000001f2f660e460 JavaThread "Monitor Deflation Thread"   daemon [_thread_blocked, id=10592, stack(0x0000005f1e900000,0x0000005f1ea00000) (1024K)]
  0x000001f2f660ff10 JavaThread "C2 CompilerThread0"         daemon [_thread_blocked, id=21000, stack(0x0000005f1ea00000,0x0000005f1eb00000) (1024K)]
  0x000001f2f6611810 JavaThread "C1 CompilerThread0"         daemon [_thread_blocked, id=29936, stack(0x0000005f1eb00000,0x0000005f1ec00000) (1024K)]
  0x000001f2c50da7d0 JavaThread "Common-Cleaner"             daemon [_thread_blocked, id=5956, stack(0x0000005f1ec00000,0x0000005f1ed00000) (1024K)]
  0x000001f2c5497f20 JavaThread "Monitor Ctrl-Break"         daemon [_thread_in_native, id=5720, stack(0x0000005f1ee00000,0x0000005f1ef00000) (1024K)]
  0x000001f2c5498590 JavaThread "Notification Thread"        daemon [_thread_blocked, id=14284, stack(0x0000005f1ef00000,0x0000005f1f000000) (1024K)]
  0x000001f2c54e92d0 JavaThread "JavaFX-Launcher"                   [_thread_blocked, id=1392, stack(0x0000005f1f000000,0x0000005f1f100000) (1024K)]
  0x000001f2c5f03820 JavaThread "QuantumRenderer-0"          daemon [_thread_blocked, id=34276, stack(0x0000005f1f100000,0x0000005f1f200000) (1024K)]
  0x000001f2c61d15a0 JavaThread "InvokeLaterDispatcher"      daemon [_thread_blocked, id=30440, stack(0x0000005f1f200000,0x0000005f1f300000) (1024K)]
  0x000001f2c61d4cd0 JavaThread "JavaFX Application Thread"         [_thread_in_native, id=29064, stack(0x0000005f1f300000,0x0000005f1f400000) (1024K)]
  0x000001f2c6853730 JavaThread "Thread-2"                   daemon [_thread_in_native, id=43220, stack(0x0000005f20300000,0x0000005f20400000) (1024K)]
  0x000001f2cc3c9410 JavaThread "Prism Font Disposer"        daemon [_thread_blocked, id=34208, stack(0x0000005f20d00000,0x0000005f20e00000) (1024K)]
  0x000001f2cc3c8d80 JavaThread "Cleaner-0"                  daemon [_thread_blocked, id=41716, stack(0x0000005f21200000,0x0000005f21300000) (1024K)]
  0x000001f2cc3c8060 JavaThread "OkHttp TaskRunner"          daemon [_thread_blocked, id=15344, stack(0x0000005f21600000,0x0000005f21700000) (1024K)]
  0x000001f2cc3c86f0 JavaThread "Okio Watchdog"              daemon [_thread_blocked, id=21248, stack(0x0000005f21700000,0x0000005f21800000) (1024K)]
  0x000001f2cc3c7340 JavaThread "OkHttp TaskRunner"          daemon [_thread_blocked, id=38700, stack(0x0000005f21a00000,0x0000005f21b00000) (1024K)]
  0x000001f2cc395710 JavaThread "OkHttp http://localhost:3000/..."        [_thread_in_native, id=41960, stack(0x0000005f21e00000,0x0000005f21f00000) (1024K)]
  0x000001f2cc394360 JavaThread "engine.io-client.heartbeat-0" daemon [_thread_blocked, id=15384, stack(0x0000005f21d00000,0x0000005f21e00000) (1024K)]
  0x000001f2cc396430 JavaThread "SIGINT handler"             daemon [_thread_blocked, id=3048, stack(0x0000005f1db00000,0x0000005f1dc00000) (1024K)]
Total: 24

Other Threads:
=>0x000001f2f65e9c80 VMThread "VM Thread"                           [id=27204, stack(0x0000005f1e300000,0x0000005f1e400000) (1024K)]
  0x000001f2d4cb6940 WorkerThread "GC Thread#0"                     [id=23892, stack(0x0000005f1dd00000,0x0000005f1de00000) (1024K)]
  0x000001f2c6968920 WorkerThread "GC Thread#1"                     [id=37960, stack(0x0000005f20400000,0x0000005f20500000) (1024K)]
  0x000001f2c6968cd0 WorkerThread "GC Thread#2"                     [id=31600, stack(0x0000005f20500000,0x0000005f20600000) (1024K)]
  0x000001f2c6969080 WorkerThread "GC Thread#3"                     [id=52136, stack(0x0000005f20600000,0x0000005f20700000) (1024K)]
  0x000001f2c6969430 WorkerThread "GC Thread#4"                     [id=33084, stack(0x0000005f20700000,0x0000005f20800000) (1024K)]
  0x000001f2c69697e0 WorkerThread "GC Thread#5"                     [id=3328, stack(0x0000005f20800000,0x0000005f20900000) (1024K)]
  0x000001f2c6aa7190 WorkerThread "GC Thread#6"                     [id=15780, stack(0x0000005f20900000,0x0000005f20a00000) (1024K)]
  0x000001f2c6aa7950 WorkerThread "GC Thread#7"                     [id=7804, stack(0x0000005f20a00000,0x0000005f20b00000) (1024K)]
  0x000001f2c6aa7d00 WorkerThread "GC Thread#8"                     [id=29864, stack(0x0000005f20b00000,0x0000005f20c00000) (1024K)]
  0x000001f2c6aa80b0 WorkerThread "GC Thread#9"                     [id=34572, stack(0x0000005f20c00000,0x0000005f20d00000) (1024K)]
  0x000001f2d4ccc190 ConcurrentGCThread "G1 Main Marker"            terminated
  0x000001f2d4cccbb0 WorkerThread "G1 Conc#0"                       [id=27400, stack(0x0000005f1df00000,0x0000005f1e000000) (1024K)]
  0x000001f2cc278220 WorkerThread "G1 Conc#1"                       [id=46800, stack(0x0000005f1ed00000,0x0000005f1ee00000) (1024K)]
  0x000001f2cc2790e0 WorkerThread "G1 Conc#2"                       [id=9308, stack(0x0000005f21400000,0x0000005f21500000) (1024K)]
  0x000001f2f64a09e0 ConcurrentGCThread "G1 Refine#0"               terminated
  0x000001f2f64a2220 ConcurrentGCThread "G1 Service"                terminated
Total: 17

Threads with active compile tasks:
Total: 0

VM state: at safepoint (shutting down)

VM Mutex/Monitor currently owned by a thread:  ([mutex/lock_event])
[0x00007ffb42123910] Threads_lock - owner thread: 0x000001f2f65e9c80
[0x00007ffb42123a10] Heap_lock - owner thread: 0x000001f2cc396430

Heap address: 0x0000000704e00000, size: 4018 MB, Compressed Oops mode: Zero based, Oop shift amount: 3

CDS archive(s) mapped at: [0x000001f280000000-0x000001f280d70000-0x000001f280d70000), size 14090240, SharedBaseAddress: 0x000001f280000000, ArchiveRelocationMode: 1.
Compressed class space mapped at: 0x000001f281000000-0x000001f2c1000000, reserved size: 1073741824
Narrow klass base: 0x000001f280000000, Narrow klass shift: 0, Narrow klass range: 0x41000000

GC Precious Log:
 CardTable entry size: 512
 Card Set container configuration: InlinePtr #cards 4 size 8 Array Of Cards #cards 16 size 48 Howl #buckets 8 coarsen threshold 3686 Howl Bitmap #cards 512 size 80 coarsen threshold 460 Card regions per heap region 1 cards per card region 4096
 CPUs: 12 total, 12 available
 Memory: 16068M
 Large Page Support: Disabled
 NUMA Support: Disabled
 Compressed Oops: Enabled (Zero based)
 Heap Region Size: 2M
 Heap Min Capacity: 8M
 Heap Initial Capacity: 252M
 Heap Max Capacity: 4018M
 Pre-touch: Disabled
 Parallel Workers: 10
 Concurrent Workers: 3
 Concurrent Refinement Workers: 10
 Periodic GC: Disabled

Heap:
 garbage-first heap   total reserved 4114432K, committed 94208K, used 50797K [0x0000000704e00000, 0x0000000800000000)
  region size 2048K, 14 young (28672K), 5 survivors (10240K)
 Metaspace       used 29937K, committed 30272K, reserved 1114112K
  class space    used 3942K, committed 4096K, reserved 1048576K

Heap Regions: E=young(eden), S=young(survivor), O=old, HS=humongous(starts), HC=humongous(continues), CS=collection set, F=free, TAMS=top-at-mark-start, PB=parsable bottom
|   0|0x0000000704e00000, 0x0000000705000000, 0x0000000705000000|100%| O|Cm|TAMS 0x0000000704e00000| PB 0x0000000704e00000| Complete |  0
|   1|0x0000000705000000, 0x0000000705200000, 0x0000000705200000|100%|HS|  |TAMS 0x0000000705000000| PB 0x0000000705000000| Complete |  0
|   2|0x0000000705200000, 0x0000000705400000, 0x0000000705400000|100%|HC|  |TAMS 0x0000000705200000| PB 0x0000000705200000| Complete |  0
|   3|0x0000000705400000, 0x0000000705400000, 0x0000000705600000|  0%| F|  |TAMS 0x0000000705400000| PB 0x0000000705400000| Untracked |  0
|   4|0x0000000705600000, 0x0000000705800000, 0x0000000705800000|100%| O|  |TAMS 0x0000000705600000| PB 0x0000000705600000| Untracked |  0
|   5|0x0000000705800000, 0x00000007058ccae8, 0x0000000705a00000| 39%| O|  |TAMS 0x0000000705800000| PB 0x0000000705800000| Untracked |  0
|   6|0x0000000705a00000, 0x0000000705c00000, 0x0000000705c00000|100%|HS|  |TAMS 0x0000000705a00000| PB 0x0000000705a00000| Complete |  0
|   7|0x0000000705c00000, 0x0000000705e00000, 0x0000000705e00000|100%|HS|  |TAMS 0x0000000705c00000| PB 0x0000000705c00000| Complete |  0
|   8|0x0000000705e00000, 0x0000000706000000, 0x0000000706000000|100%|HC|  |TAMS 0x0000000705e00000| PB 0x0000000705e00000| Complete |  0
|   9|0x0000000706000000, 0x0000000706200000, 0x0000000706200000|100%|HC|  |TAMS 0x0000000706000000| PB 0x0000000706000000| Complete |  0
|  10|0x0000000706200000, 0x0000000706200000, 0x0000000706400000|  0%| F|  |TAMS 0x0000000706200000| PB 0x0000000706200000| Untracked |  0
|  11|0x0000000706400000, 0x0000000706400000, 0x0000000706600000|  0%| F|  |TAMS 0x0000000706400000| PB 0x0000000706400000| Untracked |  0
|  12|0x0000000706600000, 0x0000000706600000, 0x0000000706800000|  0%| F|  |TAMS 0x0000000706600000| PB 0x0000000706600000| Untracked |  0
|  13|0x0000000706800000, 0x0000000706800000, 0x0000000706a00000|  0%| F|  |TAMS 0x0000000706800000| PB 0x0000000706800000| Untracked |  0
|  14|0x0000000706a00000, 0x0000000706a00000, 0x0000000706c00000|  0%| F|  |TAMS 0x0000000706a00000| PB 0x0000000706a00000| Untracked |  0
|  15|0x0000000706c00000, 0x0000000706c00000, 0x0000000706e00000|  0%| F|  |TAMS 0x0000000706c00000| PB 0x0000000706c00000| Untracked |  0
|  16|0x0000000706e00000, 0x0000000706e00000, 0x0000000707000000|  0%| F|  |TAMS 0x0000000706e00000| PB 0x0000000706e00000| Untracked |  0
|  17|0x0000000707000000, 0x0000000707000000, 0x0000000707200000|  0%| F|  |TAMS 0x0000000707000000| PB 0x0000000707000000| Untracked |  0
|  18|0x0000000707200000, 0x0000000707200000, 0x0000000707400000|  0%| F|  |TAMS 0x0000000707200000| PB 0x0000000707200000| Untracked |  0
|  19|0x0000000707400000, 0x0000000707400000, 0x0000000707600000|  0%| F|  |TAMS 0x0000000707400000| PB 0x0000000707400000| Untracked |  0
|  20|0x0000000707600000, 0x0000000707600000, 0x0000000707800000|  0%| F|  |TAMS 0x0000000707600000| PB 0x0000000707600000| Untracked |  0
|  21|0x0000000707800000, 0x0000000707800000, 0x0000000707a00000|  0%| F|  |TAMS 0x0000000707800000| PB 0x0000000707800000| Untracked |  0
|  22|0x0000000707a00000, 0x0000000707a00000, 0x0000000707c00000|  0%| F|  |TAMS 0x0000000707a00000| PB 0x0000000707a00000| Untracked |  0
|  23|0x0000000707c00000, 0x0000000707c00000, 0x0000000707e00000|  0%| F|  |TAMS 0x0000000707c00000| PB 0x0000000707c00000| Untracked |  0
|  24|0x0000000707e00000, 0x0000000707e00000, 0x0000000708000000|  0%| F|  |TAMS 0x0000000707e00000| PB 0x0000000707e00000| Untracked |  0
|  25|0x0000000708000000, 0x0000000708000000, 0x0000000708200000|  0%| F|  |TAMS 0x0000000708000000| PB 0x0000000708000000| Untracked |  0
|  26|0x0000000708200000, 0x0000000708200000, 0x0000000708400000|  0%| F|  |TAMS 0x0000000708200000| PB 0x0000000708200000| Untracked |  0
|  27|0x0000000708400000, 0x0000000708400000, 0x0000000708600000|  0%| F|  |TAMS 0x0000000708400000| PB 0x0000000708400000| Untracked |  0
|  28|0x0000000708600000, 0x00000007087da8a8, 0x0000000708800000| 92%| E|  |TAMS 0x0000000708600000| PB 0x0000000708600000| Complete |  0
|  29|0x0000000708800000, 0x0000000708a00000, 0x0000000708a00000|100%| E|CS|TAMS 0x0000000708800000| PB 0x0000000708800000| Complete |  0
|  30|0x0000000708a00000, 0x0000000708c00000, 0x0000000708c00000|100%| E|CS|TAMS 0x0000000708a00000| PB 0x0000000708a00000| Complete |  0
|  31|0x0000000708c00000, 0x0000000708e00000, 0x0000000708e00000|100%| E|CS|TAMS 0x0000000708c00000| PB 0x0000000708c00000| Complete |  0
|  32|0x0000000708e00000, 0x0000000709000000, 0x0000000709000000|100%|HS|  |TAMS 0x0000000708e00000| PB 0x0000000708e00000| Complete |  0
|  33|0x0000000709000000, 0x0000000709200000, 0x0000000709200000|100%|HC|  |TAMS 0x0000000709000000| PB 0x0000000709000000| Complete |  0
|  34|0x0000000709200000, 0x0000000709400000, 0x0000000709400000|100%| S|CS|TAMS 0x0000000709200000| PB 0x0000000709200000| Complete |  0
|  35|0x0000000709400000, 0x0000000709600000, 0x0000000709600000|100%| S|CS|TAMS 0x0000000709400000| PB 0x0000000709400000| Complete |  0
|  36|0x0000000709600000, 0x0000000709800000, 0x0000000709800000|100%| S|CS|TAMS 0x0000000709600000| PB 0x0000000709600000| Complete |  0
|  37|0x0000000709800000, 0x0000000709a00000, 0x0000000709a00000|100%| S|CS|TAMS 0x0000000709800000| PB 0x0000000709800000| Complete |  0
|  38|0x0000000709a00000, 0x0000000709b7f5b0, 0x0000000709c00000| 74%| S|CS|TAMS 0x0000000709a00000| PB 0x0000000709a00000| Complete |  0
| 107|0x0000000712400000, 0x0000000712600000, 0x0000000712600000|100%| E|CS|TAMS 0x0000000712400000| PB 0x0000000712400000| Complete |  0
| 108|0x0000000712600000, 0x0000000712800000, 0x0000000712800000|100%| E|CS|TAMS 0x0000000712600000| PB 0x0000000712600000| Complete |  0
| 109|0x0000000712800000, 0x0000000712a00000, 0x0000000712a00000|100%| E|CS|TAMS 0x0000000712800000| PB 0x0000000712800000| Complete |  0
| 110|0x0000000712a00000, 0x0000000712c00000, 0x0000000712c00000|100%| E|CS|TAMS 0x0000000712a00000| PB 0x0000000712a00000| Complete |  0
| 125|0x0000000714800000, 0x0000000714a00000, 0x0000000714a00000|100%| E|CS|TAMS 0x0000000714800000| PB 0x0000000714800000| Complete |  0
|2007|0x00000007ffc00000, 0x00000007ffd4f3e0, 0x00000007ffe00000| 65%| O|  |TAMS 0x00000007ffc00000| PB 0x00000007ffc00000| Untracked |  0
|2008|0x00000007ffe00000, 0x0000000800000000, 0x0000000800000000|100%| O|  |TAMS 0x00000007ffe00000| PB 0x00000007ffe00000| Untracked |  0

Card table byte_map: [0x000001f2ef250000,0x000001f2efa30000] _byte_map_base: 0x000001f2eba29000

Marking Bits: (CMBitMap*) 0x000001f2d4cb6f60
 Bits: [0x000001f2efa30000, 0x000001f2f38f8000)

Polling page: 0x000001f2d5030000

Metaspace:

Usage:
  Non-class:     25.39 MB used.
      Class:      3.85 MB used.
       Both:     29.24 MB used.

Virtual space:
  Non-class space:       64.00 MB reserved,      25.56 MB ( 40%) committed,  1 nodes.
      Class space:        1.00 GB reserved,       4.00 MB ( <1%) committed,  1 nodes.
             Both:        1.06 GB reserved,      29.56 MB (  3%) committed. 

Chunk freelists:
   Non-Class:  5.72 MB
       Class:  12.03 MB
        Both:  17.75 MB

MaxMetaspaceSize: unlimited
CompressedClassSpaceSize: 1.00 GB
Initial GC threshold: 21.00 MB
Current GC threshold: 35.31 MB
CDS: on
 - commit_granule_bytes: 65536.
 - commit_granule_words: 8192.
 - virtual_space_node_default_size: 8388608.
 - enlarge_chunks_in_place: 1.
 - use_allocation_guard: 0.


Internal statistics:

num_allocs_failed_limit: 3.
num_arena_births: 310.
num_arena_deaths: 2.
num_vsnodes_births: 2.
num_vsnodes_deaths: 0.
num_space_committed: 473.
num_space_uncommitted: 0.
num_chunks_returned_to_freelist: 5.
num_chunks_taken_from_freelist: 1117.
num_chunk_merges: 3.
num_chunk_splits: 803.
num_chunks_enlarged: 632.
num_inconsistent_stats: 0.

CodeHeap 'non-profiled nmethods': size=120064Kb used=2240Kb max_used=2240Kb free=117823Kb
 bounds [0x000001f2e6890000, 0x000001f2e6b00000, 0x000001f2eddd0000]
CodeHeap 'profiled nmethods': size=120000Kb used=9044Kb max_used=9044Kb free=110955Kb
 bounds [0x000001f2dedd0000, 0x000001f2df6b0000, 0x000001f2e6300000]
CodeHeap 'non-nmethods': size=5696Kb used=1935Kb max_used=1993Kb free=3760Kb
 bounds [0x000001f2e6300000, 0x000001f2e6570000, 0x000001f2e6890000]
CodeCache: size=245760Kb, used=13219Kb, max_used=13277Kb, free=232538Kb
 total_blobs=6525, nmethods=5581, adapters=849, full_count=0
Compilation: enabled, stopped_count=0, restarted_count=0

Compilation events (20 events):
Event: 583.123 Thread 0x000001f2f6611810 5572       3       jdk.internal.misc.Unsafe::weakCompareAndSetReference (11 bytes)
Event: 583.123 Thread 0x000001f2f6611810 nmethod 5572 0x000001f2df6a2908 code [0x000001f2df6a2a20, 0x000001f2df6a2b98]
Event: 603.133 Thread 0x000001f2f6611810 5573       3       java.util.concurrent.ThreadPoolExecutor$Worker::lock (6 bytes)
Event: 603.133 Thread 0x000001f2f6611810 nmethod 5573 0x000001f2df6a2c08 code [0x000001f2df6a2d20, 0x000001f2df6a2e60]
Event: 603.133 Thread 0x000001f2f6611810 5574       3       java.util.concurrent.ThreadPoolExecutor::beforeExecute (1 bytes)
Event: 603.133 Thread 0x000001f2f6611810 nmethod 5574 0x000001f2df6a2f08 code [0x000001f2df6a3020, 0x000001f2df6a3128]
Event: 608.128 Thread 0x000001f2f6611810 5575       3       java.util.concurrent.ThreadPoolExecutor::afterExecute (1 bytes)
Event: 608.129 Thread 0x000001f2f6611810 nmethod 5575 0x000001f2df6a3208 code [0x000001f2df6a3320, 0x000001f2df6a3428]
Event: 628.134 Thread 0x000001f2f660ff10 5576       4       java.lang.Thread::interrupted (7 bytes)
Event: 628.135 Thread 0x000001f2f660ff10 nmethod 5576 0x000001f2e6abfd88 code [0x000001f2e6abfe80, 0x000001f2e6abff18]
Event: 633.137 Thread 0x000001f2f6611810 5577       3       okio.SegmentPool::firstRef (21 bytes)
Event: 633.137 Thread 0x000001f2f6611810 nmethod 5577 0x000001f2df6a3508 code [0x000001f2df6a3620, 0x000001f2df6a3888]
Event: 633.137 Thread 0x000001f2f6611810 5578       3       java.lang.Thread::getId (5 bytes)
Event: 633.137 Thread 0x000001f2f6611810 nmethod 5578 0x000001f2df6a3908 code [0x000001f2df6a3a20, 0x000001f2df6a3b48]
Event: 633.137 Thread 0x000001f2f6611810 5579       3       java.util.concurrent.atomic.AtomicReference::getAndSet (9 bytes)
Event: 633.139 Thread 0x000001f2f6611810 nmethod 5579 0x000001f2df6a3c08 code [0x000001f2df6a3e00, 0x000001f2df6a4b20]
Event: 642.145 Thread 0x000001f2f6611810 5580       3       java.util.Collections$3::hasMoreElements (10 bytes)
Event: 642.145 Thread 0x000001f2f6611810 nmethod 5580 0x000001f2df6a4c08 code [0x000001f2df6a4d20, 0x000001f2df6a4f00]
Event: 642.145 Thread 0x000001f2f6611810 5581       3       java.util.Collections$3::nextElement (10 bytes)
Event: 642.146 Thread 0x000001f2f6611810 nmethod 5581 0x000001f2df6a4f88 code [0x000001f2df6a50a0, 0x000001f2df6a5280]

GC Heap History (8 events):
Event: 0.624 GC heap before
{Heap before GC invocations=0 (full 0):
 garbage-first heap   total reserved 4114432K, committed 258048K, used 22528K [0x0000000704e00000, 0x0000000800000000)
  region size 2048K, 12 young (24576K), 0 survivors (0K)
 Metaspace       used 7710K, committed 7936K, reserved 1114112K
  class space    used 752K, committed 832K, reserved 1048576K
}
Event: 0.628 GC heap after
{Heap after GC invocations=1 (full 0):
 garbage-first heap   total reserved 4114432K, committed 258048K, used 5844K [0x0000000704e00000, 0x0000000800000000)
  region size 2048K, 2 young (4096K), 2 survivors (4096K)
 Metaspace       used 7710K, committed 7936K, reserved 1114112K
  class space    used 752K, committed 832K, reserved 1048576K
}
Event: 1.043 GC heap before
{Heap before GC invocations=1 (full 0):
 garbage-first heap   total reserved 4114432K, committed 258048K, used 32468K [0x0000000704e00000, 0x0000000800000000)
  region size 2048K, 12 young (24576K), 2 survivors (4096K)
 Metaspace       used 14266K, committed 14528K, reserved 1114112K
  class space    used 1735K, committed 1856K, reserved 1048576K
}
Event: 1.048 GC heap after
{Heap after GC invocations=2 (full 0):
 garbage-first heap   total reserved 4114432K, committed 258048K, used 14685K [0x0000000704e00000, 0x0000000800000000)
  region size 2048K, 2 young (4096K), 2 survivors (4096K)
 Metaspace       used 14266K, committed 14528K, reserved 1114112K
  class space    used 1735K, committed 1856K, reserved 1048576K
}
Event: 7.736 GC heap before
{Heap before GC invocations=2 (full 0):
 garbage-first heap   total reserved 4114432K, committed 258048K, used 41309K [0x0000000704e00000, 0x0000000800000000)
  region size 2048K, 15 young (30720K), 2 survivors (4096K)
 Metaspace       used 21307K, committed 21504K, reserved 1114112K
  class space    used 2792K, committed 2880K, reserved 1048576K
}
Event: 7.742 GC heap after
{Heap after GC invocations=3 (full 0):
 garbage-first heap   total reserved 4114432K, committed 258048K, used 20785K [0x0000000704e00000, 0x0000000800000000)
  region size 2048K, 4 young (8192K), 4 survivors (8192K)
 Metaspace       used 21307K, committed 21504K, reserved 1114112K
  class space    used 2792K, committed 2880K, reserved 1048576K
}
Event: 11.930 GC heap before
{Heap before GC invocations=4 (full 0):
 garbage-first heap   total reserved 4114432K, committed 79872K, used 78129K [0x0000000704e00000, 0x0000000800000000)
  region size 2048K, 21 young (43008K), 4 survivors (8192K)
 Metaspace       used 28724K, committed 29056K, reserved 1114112K
  class space    used 3754K, committed 3904K, reserved 1048576K
}
Event: 11.943 GC heap after
{Heap after GC invocations=5 (full 0):
 garbage-first heap   total reserved 4114432K, committed 94208K, used 30317K [0x0000000704e00000, 0x0000000800000000)
  region size 2048K, 5 young (10240K), 5 survivors (10240K)
 Metaspace       used 28724K, committed 29056K, reserved 1114112K
  class space    used 3754K, committed 3904K, reserved 1048576K
}

Dll operation events (20 events):
Event: 0.301 Loaded shared library C:\Users\admin\.openjfx\cache\17.0.8\api-ms-win-crt-multibyte-l1-1-0.dll
Event: 0.303 Loaded shared library C:\Users\admin\.openjfx\cache\17.0.8\api-ms-win-crt-private-l1-1-0.dll
Event: 0.306 Loaded shared library C:\Users\admin\.openjfx\cache\17.0.8\api-ms-win-crt-process-l1-1-0.dll
Event: 0.307 Loaded shared library C:\Users\admin\.openjfx\cache\17.0.8\api-ms-win-crt-runtime-l1-1-0.dll
Event: 0.309 Loaded shared library C:\Users\admin\.openjfx\cache\17.0.8\api-ms-win-crt-stdio-l1-1-0.dll
Event: 0.312 Loaded shared library C:\Users\admin\.openjfx\cache\17.0.8\api-ms-win-crt-string-l1-1-0.dll
Event: 0.315 Loaded shared library C:\Users\admin\.openjfx\cache\17.0.8\api-ms-win-crt-time-l1-1-0.dll
Event: 0.318 Loaded shared library C:\Users\admin\.openjfx\cache\17.0.8\api-ms-win-crt-utility-l1-1-0.dll
Event: 0.327 Loaded shared library C:\Users\admin\.openjfx\cache\17.0.8\ucrtbase.dll
Event: 0.330 Loaded shared library C:\Users\admin\.openjfx\cache\17.0.8\vcruntime140.dll
Event: 0.332 Loaded shared library C:\Users\admin\.openjfx\cache\17.0.8\vcruntime140_1.dll
Event: 0.337 Loaded shared library C:\Users\admin\.openjfx\cache\17.0.8\msvcp140.dll
Event: 0.338 Loaded shared library C:\Users\admin\.openjfx\cache\17.0.8\msvcp140_1.dll
Event: 0.341 Loaded shared library C:\Users\admin\.openjfx\cache\17.0.8\msvcp140_2.dll
Event: 0.378 Loaded shared library C:\Users\admin\.openjfx\cache\17.0.8\prism_d3d.dll
Event: 0.436 Loaded shared library C:\Users\admin\.openjfx\cache\17.0.8\glass.dll
Event: 0.605 Loaded shared library C:\Program Files\Java\jdk-23\bin\sunmscapi.dll
Event: 0.868 Loaded shared library C:\Users\admin\.openjfx\cache\17.0.8\javafx_font.dll
Event: 7.809 Loaded shared library C:\Program Files\Java\jdk-23\bin\prefs.dll
Event: 10.241 Loaded shared library C:\Users\admin\.openjfx\cache\17.0.8\javafx_iio.dll

Deoptimization events (20 events):
Event: 20.181 Thread 0x000001f2c61d4cd0 Uncommon trap: trap_request=0xffffff45 fr.pc=0x000001f2e6a89208 relative=0x00000000000008a8
Event: 20.181 Thread 0x000001f2c61d4cd0 Uncommon trap: reason=unstable_if action=reinterpret pc=0x000001f2e6a89208 method=javafx.scene.Parent.getOrderedChildren()Ljava/util/List; @ 7 c2
Event: 20.181 Thread 0x000001f2c61d4cd0 DEOPT PACKING pc=0x000001f2e6a89208 sp=0x0000005f1f3faac0
Event: 20.181 Thread 0x000001f2c61d4cd0 DEOPT UNPACKING pc=0x000001f2e6354402 sp=0x0000005f1f3fa900 mode 2
Event: 25.237 Thread 0x000001f2c61d4cd0 Uncommon trap: trap_request=0xffffffd6 fr.pc=0x000001f2e6ab8884 relative=0x0000000000000624
Event: 25.237 Thread 0x000001f2c61d4cd0 Uncommon trap: reason=array_check action=maybe_recompile pc=0x000001f2e6ab8884 method=com.sun.javafx.event.EventDispatchChainImpl.prepend(Ljavafx/event/EventDispatcher;)Ljavafx/event/EventDispatchChain; @ 33 c2
Event: 25.237 Thread 0x000001f2c61d4cd0 DEOPT PACKING pc=0x000001f2e6ab8884 sp=0x0000005f1f3fa9f0
Event: 25.237 Thread 0x000001f2c61d4cd0 DEOPT UNPACKING pc=0x000001f2e6354402 sp=0x0000005f1f3fa9b0 mode 2
Event: 25.237 Thread 0x000001f2c61d4cd0 Uncommon trap: trap_request=0xffffffd6 fr.pc=0x000001f2e6ab8884 relative=0x0000000000000624
Event: 25.237 Thread 0x000001f2c61d4cd0 Uncommon trap: reason=array_check action=maybe_recompile pc=0x000001f2e6ab8884 method=com.sun.javafx.event.EventDispatchChainImpl.prepend(Ljavafx/event/EventDispatcher;)Ljavafx/event/EventDispatchChain; @ 33 c2
Event: 25.237 Thread 0x000001f2c61d4cd0 DEOPT PACKING pc=0x000001f2e6ab8884 sp=0x0000005f1f3fa970
Event: 25.237 Thread 0x000001f2c61d4cd0 DEOPT UNPACKING pc=0x000001f2e6354402 sp=0x0000005f1f3fa930 mode 2
Event: 25.237 Thread 0x000001f2c61d4cd0 Uncommon trap: trap_request=0xffffffd6 fr.pc=0x000001f2e6ab8884 relative=0x0000000000000624
Event: 25.237 Thread 0x000001f2c61d4cd0 Uncommon trap: reason=array_check action=maybe_recompile pc=0x000001f2e6ab8884 method=com.sun.javafx.event.EventDispatchChainImpl.prepend(Ljavafx/event/EventDispatcher;)Ljavafx/event/EventDispatchChain; @ 33 c2
Event: 25.237 Thread 0x000001f2c61d4cd0 DEOPT PACKING pc=0x000001f2e6ab8884 sp=0x0000005f1f3fa970
Event: 25.237 Thread 0x000001f2c61d4cd0 DEOPT UNPACKING pc=0x000001f2e6354402 sp=0x0000005f1f3fa930 mode 2
Event: 25.237 Thread 0x000001f2c61d4cd0 Uncommon trap: trap_request=0xffffffd6 fr.pc=0x000001f2e6ab8884 relative=0x0000000000000624
Event: 25.237 Thread 0x000001f2c61d4cd0 Uncommon trap: reason=array_check action=maybe_recompile pc=0x000001f2e6ab8884 method=com.sun.javafx.event.EventDispatchChainImpl.prepend(Ljavafx/event/EventDispatcher;)Ljavafx/event/EventDispatchChain; @ 33 c2
Event: 25.237 Thread 0x000001f2c61d4cd0 DEOPT PACKING pc=0x000001f2e6ab8884 sp=0x0000005f1f3faac0
Event: 25.237 Thread 0x000001f2c61d4cd0 DEOPT UNPACKING pc=0x000001f2e6354402 sp=0x0000005f1f3faa80 mode 2

Classes loaded (20 events):
Event: 10.994 Loading class sun/security/ssl/SSLEngineOutputRecord$HandshakeMemo
Event: 10.994 Loading class sun/security/ssl/SSLEngineOutputRecord$RecordMemo
Event: 10.995 Loading class sun/security/ssl/SSLEngineOutputRecord$RecordMemo done
Event: 10.995 Loading class sun/security/ssl/SSLEngineOutputRecord$HandshakeMemo done
Event: 11.031 Loading class sun/security/ssl/PreSharedKeyExtension$SHPreSharedKeySpec
Event: 11.031 Loading class sun/security/ssl/PreSharedKeyExtension$SHPreSharedKeySpec done
Event: 11.361 Loading class java/text/ParsePosition
Event: 11.361 Loading class java/text/ParsePosition done
Event: 11.361 Loading class java/time/format/DateTimeParseContext
Event: 11.361 Loading class java/time/format/DateTimeParseContext done
Event: 11.361 Loading class java/time/format/Parsed
Event: 11.361 Loading class java/time/format/Parsed done
Event: 15.989 Loading class sun/security/ssl/Alert
Event: 15.989 Loading class sun/security/ssl/Alert done
Event: 15.989 Loading class sun/security/ssl/Alert$AlertConsumer
Event: 15.990 Loading class sun/security/ssl/Alert$AlertConsumer done
Event: 15.990 Loading class sun/security/ssl/Alert$Level
Event: 15.990 Loading class sun/security/ssl/Alert$Level done
Event: 642.142 Loading class jdk/internal/misc/Signal$1
Event: 642.142 Loading class jdk/internal/misc/Signal$1 done

Classes unloaded (1 events):
Event: 7.746 Thread 0x000001f2f65e9c80 Unloading class 0x000001f281006400 'java/lang/invoke/LambdaForm$DMH+0x000001f281006400'

Classes redefined (0 events):
No events

Internal exceptions (20 events):
Event: 8.091 Thread 0x000001f2cc3c9aa0 Exception <a 'java/lang/NoSuchMethodError'{0x00000007149e3e70}: 'void java.lang.invoke.DelegatingMethodHandle$Holder.reinvoke_L(java.lang.Object, java.lang.Object, int)'> (0x00000007149e3e70) 
thrown [s\open\src\hotspot\share\interpreter\linkResolver.cpp, line 796]
Event: 8.092 Thread 0x000001f2cc3c9aa0 Exception <a 'java/lang/NoSuchMethodError'{0x00000007149ea7a0}: 'void java.lang.invoke.Invokers$Holder.invokeExact_MT(java.lang.Object, java.lang.Object, int, java.lang.Object)'> (0x00000007149ea7a0) 
thrown [s\open\src\hotspot\share\interpreter\linkResolver.cpp, line 796]
Event: 8.105 Thread 0x000001f2cc3ca130 Exception <a 'java/lang/NoSuchMethodError'{0x000000070831c378}: 'void java.lang.invoke.DirectMethodHandle$Holder.invokeStatic(java.lang.Object, int, java.lang.Object)'> (0x000000070831c378) 
thrown [s\open\src\hotspot\share\interpreter\linkResolver.cpp, line 796]
Event: 9.463 Thread 0x000001f2c61d4cd0 Implicit null exception at 0x000001f2e69ae712 to 0x000001f2e69aef94
Event: 9.737 Thread 0x000001f2c61d4cd0 Exception <a 'java/lang/NoSuchMethodError'{0x0000000707f035b0}: 'java.lang.Object java.lang.invoke.DirectMethodHandle$Holder.invokeStaticInit(java.lang.Object, java.lang.Object, java.lang.Object)'> (0x0000000707f035b0) 
thrown [s\open\src\hotspot\share\interpreter\linkResolver.cpp, line 796]
Event: 9.756 Thread 0x000001f2cc395080 Implicit null exception at 0x000001f2e69c27f4 to 0x000001f2e69c2a60
Event: 9.833 Thread 0x000001f2c61d4cd0 Implicit null exception at 0x000001f2e69e12d6 to 0x000001f2e69e1780
Event: 9.834 Thread 0x000001f2c61d4cd0 Implicit null exception at 0x000001f2e69f7533 to 0x000001f2e69f7594
Event: 10.234 Thread 0x000001f2cc392290 Exception <a 'java/lang/NoSuchMethodError'{0x0000000707430550}: 'void java.lang.invoke.DirectMethodHandle$Holder.invokeSpecial(java.lang.Object, java.lang.Object, int, int)'> (0x0000000707430550) 
thrown [s\open\src\hotspot\share\interpreter\linkResolver.cpp, line 796]
Event: 10.234 Thread 0x000001f2cc395080 Exception <a 'java/lang/NoSuchMethodError'{0x000000070745c550}: 'void java.lang.invoke.DirectMethodHandle$Holder.invokeSpecial(java.lang.Object, java.lang.Object, int, int)'> (0x000000070745c550) 
thrown [s\open\src\hotspot\share\interpreter\linkResolver.cpp, line 796]
Event: 10.235 Thread 0x000001f2cc392290 Exception <a 'java/lang/NoSuchMethodError'{0x0000000707436250}: 'java.lang.Object java.lang.invoke.DirectMethodHandle$Holder.newInvokeSpecial(java.lang.Object, java.lang.Object, int, int)'> (0x0000000707436250) 
thrown [s\open\src\hotspot\share\interpreter\linkResolver.cpp, line 796]
Event: 10.235 Thread 0x000001f2cc395080 Exception <a 'java/lang/NoSuchMethodError'{0x0000000707461798}: 'java.lang.Object java.lang.invoke.DirectMethodHandle$Holder.newInvokeSpecial(java.lang.Object, java.lang.Object, int, int)'> (0x0000000707461798) 
thrown [s\open\src\hotspot\share\interpreter\linkResolver.cpp, line 796]
Event: 10.235 Thread 0x000001f2cc392290 Exception <a 'java/lang/NoSuchMethodError'{0x000000070743a2a8}: 'java.lang.Object java.lang.invoke.DirectMethodHandle$Holder.invokeSpecial(java.lang.Object, java.lang.Object, java.lang.Object, int, int)'> (0x000000070743a2a8) 
thrown [s\open\src\hotspot\share\interpreter\linkResolver.cpp, line 796]
Event: 10.951 Thread 0x000001f2c5f03820 Exception <a 'java/lang/NoSuchMethodError'{0x0000000707e4c428}: 'java.lang.Object java.lang.invoke.DirectMethodHandle$Holder.invokeStaticInit(java.lang.Object, int)'> (0x0000000707e4c428) 
thrown [s\open\src\hotspot\share\interpreter\linkResolver.cpp, line 796]
Event: 12.030 Thread 0x000001f2c61d4cd0 Exception <a 'java/lang/NoSuchMethodError'{0x0000000712a56380}: 'java.lang.Object java.lang.invoke.DirectMethodHandle$Holder.newInvokeSpecial(java.lang.Object, java.lang.Object, int, java.lang.Object, java.lang.Object)'> (0x0000000712a56380) 
thrown [s\open\src\hotspot\share\interpreter\linkResolver.cpp, line 796]
Event: 12.094 Thread 0x000001f2c61d4cd0 Implicit null exception at 0x000001f2e69ff058 to 0x000001f2e69ffd84
Event: 307.683 Thread 0x000001f2cc3c7340 Exception <a 'java/net/SocketException'{0x00000007129c0190}: Connection reset by peer: shutdown> (0x00000007129c0190) 
thrown [s\open\src\hotspot\share\prims\jni.cpp, line 539]
Event: 307.964 Thread 0x000001f2cc3c8060 Exception <a 'java/net/SocketException'{0x00000007129aa460}: Connection reset by peer: shutdown> (0x00000007129aa460) 
thrown [s\open\src\hotspot\share\prims\jni.cpp, line 539]
Event: 308.091 Thread 0x000001f2cc3c8060 Exception <a 'java/net/SocketException'{0x00000007129aa8c0}: Connection reset by peer: shutdown> (0x00000007129aa8c0) 
thrown [s\open\src\hotspot\share\prims\jni.cpp, line 539]
Event: 317.658 Thread 0x000001f2cc3c7340 Exception <a 'java/net/SocketException'{0x00000007129c0630}: Connection reset by peer: shutdown> (0x00000007129c0630) 
thrown [s\open\src\hotspot\share\prims\jni.cpp, line 539]

VM Operations (20 events):
Event: 301.079 Executing VM operation: HandshakeAllThreads (HandshakeForDeflation) done
Event: 301.079 Executing VM operation: RendezvousGCThreads
Event: 301.079 Executing VM operation: RendezvousGCThreads done
Event: 361.148 Executing VM operation: HandshakeAllThreads (HandshakeForDeflation)
Event: 361.148 Executing VM operation: HandshakeAllThreads (HandshakeForDeflation) done
Event: 361.148 Executing VM operation: RendezvousGCThreads
Event: 361.148 Executing VM operation: RendezvousGCThreads done
Event: 421.402 Executing VM operation: HandshakeAllThreads (HandshakeForDeflation)
Event: 421.402 Executing VM operation: HandshakeAllThreads (HandshakeForDeflation) done
Event: 421.402 Executing VM operation: RendezvousGCThreads
Event: 421.402 Executing VM operation: RendezvousGCThreads done
Event: 481.547 Executing VM operation: HandshakeAllThreads (HandshakeForDeflation)
Event: 481.547 Executing VM operation: HandshakeAllThreads (HandshakeForDeflation) done
Event: 481.547 Executing VM operation: RendezvousGCThreads
Event: 481.547 Executing VM operation: RendezvousGCThreads done
Event: 601.628 Executing VM operation: HandshakeAllThreads (HandshakeForDeflation)
Event: 601.628 Executing VM operation: HandshakeAllThreads (HandshakeForDeflation) done
Event: 601.628 Executing VM operation: RendezvousGCThreads
Event: 601.628 Executing VM operation: RendezvousGCThreads done
Event: 642.149 Executing VM operation: Exit

Memory protections (0 events):
No events

Nmethod flushes (0 events):
No events

Events (20 events):
Event: 508.085 Thread 0x000001f2cc396430 Thread exited: 0x000001f2cc396430
Event: 533.102 Thread 0x000001f2cc395710 Thread added: 0x000001f2cc396430
Event: 533.105 Thread 0x000001f2cc396430 Thread exited: 0x000001f2cc396430
Event: 558.116 Thread 0x000001f2cc395710 Thread added: 0x000001f2cc3949f0
Event: 558.118 Thread 0x000001f2cc3949f0 Thread exited: 0x000001f2cc3949f0
Event: 583.122 Thread 0x000001f2cc395710 Thread added: 0x000001f2cc392fb0
Event: 583.123 Thread 0x000001f2cc392fb0 Thread exited: 0x000001f2cc392fb0
Event: 608.127 Thread 0x000001f2cc395710 Thread added: 0x000001f2cc393cd0
Event: 608.128 Thread 0x000001f2cc393cd0 Thread exited: 0x000001f2cc393cd0
Event: 633.135 Thread 0x000001f2cc395710 Thread added: 0x000001f2cc3949f0
Event: 633.137 Thread 0x000001f2cc3949f0 Thread exited: 0x000001f2cc3949f0
Event: 642.143 Thread 0x000001f2f660a4f0 Thread added: 0x000001f2cc396430
Event: 642.144 Thread 0x000001f2cc396430 Thread added: 0x000001f2cc392fb0
Event: 642.144 Thread 0x000001f2cc396430 Thread added: 0x000001f2cc393cd0
Event: 642.144 Thread 0x000001f2cc396430 Thread added: 0x000001f2cc396ac0
Event: 642.145 Thread 0x000001f2cc393cd0 Thread exited: 0x000001f2cc393cd0
Event: 642.146 Thread 0x000001f2cc392fb0 Thread exited: 0x000001f2cc392fb0
Event: 642.149 Thread 0x000001f2cc396ac0 Thread exited: 0x000001f2cc396ac0
Event: 642.149 Thread 0x000001f2cc396430 Before exit entered
Event: 642.149 Thread 0x000001f2f660a4f0 Thread exited: 0x000001f2f660a4f0


Dynamic libraries:
0x00007ff685800000 - 0x00007ff685810000 	C:\Program Files\Java\jdk-23\bin\java.exe
0x00007ffbf1500000 - 0x00007ffbf1767000 	C:\WINDOWS\SYSTEM32\ntdll.dll
0x00007ffbef810000 - 0x00007ffbef8d9000 	C:\WINDOWS\System32\KERNEL32.DLL
0x00007ffbee9e0000 - 0x00007ffbeedcf000 	C:\WINDOWS\System32\KERNELBASE.dll
0x00007ffbee650000 - 0x00007ffbee79b000 	C:\WINDOWS\System32\ucrtbase.dll
0x00007ffbe6bb0000 - 0x00007ffbe6bc7000 	C:\Program Files\Java\jdk-23\bin\jli.dll
0x00007ffbe8da0000 - 0x00007ffbe8dbb000 	C:\Program Files\Java\jdk-23\bin\VCRUNTIME140.dll
0x00007ffbf0fa0000 - 0x00007ffbf1165000 	C:\WINDOWS\System32\USER32.dll
0x00007ffbd5220000 - 0x00007ffbd54b3000 	C:\WINDOWS\WinSxS\amd64_microsoft.windows.common-controls_6595b64144ccf1df_6.0.26100.7309_none_3e05feeae336a044\COMCTL32.dll
0x00007ffbeede0000 - 0x00007ffbeee07000 	C:\WINDOWS\System32\win32u.dll
0x00007ffbf01c0000 - 0x00007ffbf0269000 	C:\WINDOWS\System32\msvcrt.dll
0x00007ffbf1490000 - 0x00007ffbf14bb000 	C:\WINDOWS\System32\GDI32.dll
0x00007ffbef0c0000 - 0x00007ffbef1ec000 	C:\WINDOWS\System32\gdi32full.dll
0x00007ffbef010000 - 0x00007ffbef0b3000 	C:\WINDOWS\System32\msvcp_win.dll
0x00007ffbf0180000 - 0x00007ffbf01b1000 	C:\WINDOWS\System32\IMM32.DLL
0x00007ffbe3f50000 - 0x00007ffbe3f5c000 	C:\Program Files\Java\jdk-23\bin\vcruntime140_1.dll
0x00007ffbd7e70000 - 0x00007ffbd7efe000 	C:\Program Files\Java\jdk-23\bin\msvcp140.dll
0x00007ffb414b0000 - 0x00007ffb421ff000 	C:\Program Files\Java\jdk-23\bin\server\jvm.dll
0x00007ffbf0ee0000 - 0x00007ffbf0f94000 	C:\WINDOWS\System32\ADVAPI32.dll
0x00007ffbf0720000 - 0x00007ffbf07c6000 	C:\WINDOWS\System32\sechost.dll
0x00007ffbf12f0000 - 0x00007ffbf1408000 	C:\WINDOWS\System32\RPCRT4.dll
0x00007ffbf1410000 - 0x00007ffbf1484000 	C:\WINDOWS\System32\WS2_32.dll
0x00007ffbebf00000 - 0x00007ffbebf35000 	C:\WINDOWS\SYSTEM32\WINMM.dll
0x00007ffbee4d0000 - 0x00007ffbee52e000 	C:\WINDOWS\SYSTEM32\POWRPROF.dll
0x00007ffbe44c0000 - 0x00007ffbe44cb000 	C:\WINDOWS\SYSTEM32\VERSION.dll
0x00007ffbee4b0000 - 0x00007ffbee4c4000 	C:\WINDOWS\SYSTEM32\UMPDC.dll
0x00007ffbed400000 - 0x00007ffbed41b000 	C:\WINDOWS\SYSTEM32\kernel.appcore.dll
0x00007ffbe3f40000 - 0x00007ffbe3f4a000 	C:\Program Files\Java\jdk-23\bin\jimage.dll
0x00007ffbebaa0000 - 0x00007ffbebce2000 	C:\WINDOWS\SYSTEM32\DBGHELP.DLL
0x00007ffbf0270000 - 0x00007ffbf05f5000 	C:\WINDOWS\System32\combase.dll
0x00007ffbf00a0000 - 0x00007ffbf0176000 	C:\WINDOWS\System32\OLEAUT32.dll
0x00007ffbebec0000 - 0x00007ffbebefc000 	C:\WINDOWS\SYSTEM32\dbgcore.DLL
0x00007ffbef1f0000 - 0x00007ffbef295000 	C:\WINDOWS\System32\bcryptPrimitives.dll
0x00007ffbe3f30000 - 0x00007ffbe3f3f000 	C:\Program Files\Java\jdk-23\bin\instrument.dll
0x00007ffbe3e90000 - 0x00007ffbe3eae000 	C:\Program Files\Java\jdk-23\bin\java.dll
0x00007ffbef3b0000 - 0x00007ffbef547000 	C:\WINDOWS\System32\ole32.dll
0x00007ffbef8f0000 - 0x00007ffbf0043000 	C:\WINDOWS\System32\SHELL32.dll
0x00007ffbeee10000 - 0x00007ffbeef7a000 	C:\WINDOWS\System32\wintypes.dll
0x00007ffbec220000 - 0x00007ffbeca7e000 	C:\WINDOWS\SYSTEM32\windows.storage.dll
0x00007ffbef2a0000 - 0x00007ffbef395000 	C:\WINDOWS\System32\SHCORE.dll
0x00007ffbf11d0000 - 0x00007ffbf1236000 	C:\WINDOWS\System32\shlwapi.dll
0x00007ffbee570000 - 0x00007ffbee599000 	C:\WINDOWS\SYSTEM32\profapi.dll
0x00007ffb934f0000 - 0x00007ffb935c7000 	C:\Program Files\Java\jdk-23\bin\jsvml.dll
0x00007ffbdbed0000 - 0x00007ffbdbee7000 	C:\Program Files\Java\jdk-23\bin\zip.dll
0x00007ffbe3f20000 - 0x00007ffbe3f30000 	C:\Program Files\Java\jdk-23\bin\net.dll
0x00007ffbed970000 - 0x00007ffbed9db000 	C:\WINDOWS\system32\mswsock.dll
0x00007ffbdbeb0000 - 0x00007ffbdbec6000 	C:\Program Files\Java\jdk-23\bin\nio.dll
0x00007ffbdbd60000 - 0x00007ffbdbd69000 	C:\Program Files\Java\jdk-23\bin\extnet.dll
0x000001f2c5c10000 - 0x000001f2c5c13000 	C:\Users\admin\.openjfx\cache\17.0.8\api-ms-win-core-console-l1-1-0.dll
0x000001f2c5c20000 - 0x000001f2c5c23000 	C:\Users\admin\.openjfx\cache\17.0.8\api-ms-win-core-console-l1-2-0.dll
0x000001f2c5c30000 - 0x000001f2c5c33000 	C:\Users\admin\.openjfx\cache\17.0.8\api-ms-win-core-datetime-l1-1-0.dll
0x000001f2c5c40000 - 0x000001f2c5c43000 	C:\Users\admin\.openjfx\cache\17.0.8\api-ms-win-core-debug-l1-1-0.dll
0x000001f2c5c50000 - 0x000001f2c5c53000 	C:\Users\admin\.openjfx\cache\17.0.8\api-ms-win-core-errorhandling-l1-1-0.dll
0x000001f2c5c60000 - 0x000001f2c5c64000 	C:\Users\admin\.openjfx\cache\17.0.8\api-ms-win-core-file-l1-1-0.dll
0x000001f2c5c70000 - 0x000001f2c5c73000 	C:\Users\admin\.openjfx\cache\17.0.8\api-ms-win-core-file-l1-2-0.dll
0x000001f2c5c80000 - 0x000001f2c5c83000 	C:\Users\admin\.openjfx\cache\17.0.8\api-ms-win-core-file-l2-1-0.dll
0x000001f2c5c90000 - 0x000001f2c5c93000 	C:\Users\admin\.openjfx\cache\17.0.8\api-ms-win-core-handle-l1-1-0.dll
0x000001f2c5ca0000 - 0x000001f2c5ca3000 	C:\Users\admin\.openjfx\cache\17.0.8\api-ms-win-core-heap-l1-1-0.dll
0x000001f2c5cb0000 - 0x000001f2c5cb3000 	C:\Users\admin\.openjfx\cache\17.0.8\api-ms-win-core-interlocked-l1-1-0.dll
0x000001f2c5cc0000 - 0x000001f2c5cc3000 	C:\Users\admin\.openjfx\cache\17.0.8\api-ms-win-core-libraryloader-l1-1-0.dll
0x000001f2c5cd0000 - 0x000001f2c5cd3000 	C:\Users\admin\.openjfx\cache\17.0.8\api-ms-win-core-localization-l1-2-0.dll
0x000001f2c5ce0000 - 0x000001f2c5ce3000 	C:\Users\admin\.openjfx\cache\17.0.8\api-ms-win-core-memory-l1-1-0.dll
0x000001f2c5cf0000 - 0x000001f2c5cf3000 	C:\Users\admin\.openjfx\cache\17.0.8\api-ms-win-core-namedpipe-l1-1-0.dll
0x000001f2c5d00000 - 0x000001f2c5d03000 	C:\Users\admin\.openjfx\cache\17.0.8\api-ms-win-core-processenvironment-l1-1-0.dll
0x000001f2c5d10000 - 0x000001f2c5d13000 	C:\Users\admin\.openjfx\cache\17.0.8\api-ms-win-core-processthreads-l1-1-0.dll
0x000001f2c5d20000 - 0x000001f2c5d23000 	C:\Users\admin\.openjfx\cache\17.0.8\api-ms-win-core-processthreads-l1-1-1.dll
0x000001f2c5d30000 - 0x000001f2c5d33000 	C:\Users\admin\.openjfx\cache\17.0.8\api-ms-win-core-profile-l1-1-0.dll
0x000001f2c5d40000 - 0x000001f2c5d43000 	C:\Users\admin\.openjfx\cache\17.0.8\api-ms-win-core-rtlsupport-l1-1-0.dll
0x000001f2c5d50000 - 0x000001f2c5d53000 	C:\Users\admin\.openjfx\cache\17.0.8\api-ms-win-core-string-l1-1-0.dll
0x000001f2c5d60000 - 0x000001f2c5d63000 	C:\Users\admin\.openjfx\cache\17.0.8\api-ms-win-core-synch-l1-1-0.dll
0x000001f2c5d70000 - 0x000001f2c5d73000 	C:\Users\admin\.openjfx\cache\17.0.8\api-ms-win-core-synch-l1-2-0.dll
0x000001f2c5d80000 - 0x000001f2c5d83000 	C:\Users\admin\.openjfx\cache\17.0.8\api-ms-win-core-sysinfo-l1-1-0.dll
0x000001f2c5d90000 - 0x000001f2c5d93000 	C:\Users\admin\.openjfx\cache\17.0.8\api-ms-win-core-timezone-l1-1-0.dll
0x000001f2c5da0000 - 0x000001f2c5da3000 	C:\Users\admin\.openjfx\cache\17.0.8\api-ms-win-core-util-l1-1-0.dll
0x000001f2c5db0000 - 0x000001f2c5db3000 	C:\Users\admin\.openjfx\cache\17.0.8\api-ms-win-crt-conio-l1-1-0.dll
0x000001f2c5dc0000 - 0x000001f2c5dc4000 	C:\Users\admin\.openjfx\cache\17.0.8\api-ms-win-crt-convert-l1-1-0.dll
0x000001f2c5dd0000 - 0x000001f2c5dd3000 	C:\Users\admin\.openjfx\cache\17.0.8\api-ms-win-crt-environment-l1-1-0.dll
0x000001f2c5de0000 - 0x000001f2c5de3000 	C:\Users\admin\.openjfx\cache\17.0.8\api-ms-win-crt-filesystem-l1-1-0.dll
0x000001f2c5df0000 - 0x000001f2c5df3000 	C:\Users\admin\.openjfx\cache\17.0.8\api-ms-win-crt-heap-l1-1-0.dll
0x000001f2c5e00000 - 0x000001f2c5e03000 	C:\Users\admin\.openjfx\cache\17.0.8\api-ms-win-crt-locale-l1-1-0.dll
0x000001f2c5e10000 - 0x000001f2c5e15000 	C:\Users\admin\.openjfx\cache\17.0.8\api-ms-win-crt-math-l1-1-0.dll
0x000001f2c5e20000 - 0x000001f2c5e25000 	C:\Users\admin\.openjfx\cache\17.0.8\api-ms-win-crt-multibyte-l1-1-0.dll
0x000001f2c5e30000 - 0x000001f2c5e40000 	C:\Users\admin\.openjfx\cache\17.0.8\api-ms-win-crt-private-l1-1-0.dll
0x000001f2c5e40000 - 0x000001f2c5e43000 	C:\Users\admin\.openjfx\cache\17.0.8\api-ms-win-crt-process-l1-1-0.dll
0x000001f2c5e50000 - 0x000001f2c5e54000 	C:\Users\admin\.openjfx\cache\17.0.8\api-ms-win-crt-runtime-l1-1-0.dll
0x000001f2c5e60000 - 0x000001f2c5e64000 	C:\Users\admin\.openjfx\cache\17.0.8\api-ms-win-crt-stdio-l1-1-0.dll
0x000001f2c5e70000 - 0x000001f2c5e74000 	C:\Users\admin\.openjfx\cache\17.0.8\api-ms-win-crt-string-l1-1-0.dll
0x000001f2c5e80000 - 0x000001f2c5e83000 	C:\Users\admin\.openjfx\cache\17.0.8\api-ms-win-crt-time-l1-1-0.dll
0x000001f2c5e90000 - 0x000001f2c5e93000 	C:\Users\admin\.openjfx\cache\17.0.8\api-ms-win-crt-utility-l1-1-0.dll
0x00007ffb878c0000 - 0x00007ffb879bc000 	C:\Users\admin\.openjfx\cache\17.0.8\ucrtbase.dll
0x00007ffbdbd30000 - 0x00007ffbdbd4b000 	C:\Users\admin\.openjfx\cache\17.0.8\vcruntime140.dll
0x00007ffbdbd20000 - 0x00007ffbdbd2c000 	C:\Users\admin\.openjfx\cache\17.0.8\vcruntime140_1.dll
0x00007ffbb3880000 - 0x00007ffbb390e000 	C:\Users\admin\.openjfx\cache\17.0.8\msvcp140.dll
0x00007ffbdbd10000 - 0x00007ffbdbd19000 	C:\Users\admin\.openjfx\cache\17.0.8\msvcp140_1.dll
0x00007ffbdbaa0000 - 0x00007ffbdbad0000 	C:\Users\admin\.openjfx\cache\17.0.8\msvcp140_2.dll
0x00007ffbd7e40000 - 0x00007ffbd7e6a000 	C:\Users\admin\.openjfx\cache\17.0.8\prism_d3d.dll
0x00007ffbd28e0000 - 0x00007ffbd2a93000 	C:\WINDOWS\system32\d3d9.dll
0x00007ffbeb6a0000 - 0x00007ffbeb6d0000 	C:\WINDOWS\SYSTEM32\dwmapi.dll
0x00007ffbeb2f0000 - 0x00007ffbeb334000 	C:\WINDOWS\SYSTEM32\dxcore.dll
0x00007ffbeb210000 - 0x00007ffbeb2bb000 	C:\WINDOWS\system32\uxtheme.dll
0x00007ffbeb440000 - 0x00007ffbeb57b000 	C:\WINDOWS\system32\dxgi.dll
0x00007ffbee190000 - 0x00007ffbee1e7000 	C:\WINDOWS\SYSTEM32\CFGMGR32.dll
0x00007ffbea050000 - 0x00007ffbea2b2000 	C:\WINDOWS\SYSTEM32\d3d11.dll
0x00007ffbe82b0000 - 0x00007ffbe8313000 	C:\WINDOWS\SYSTEM32\directxdatabasehelper.dll
0x00007ffbd5fe0000 - 0x00007ffbd6022000 	C:\Users\admin\.openjfx\cache\17.0.8\glass.dll
0x00007ffbf07d0000 - 0x00007ffbf08c0000 	C:\WINDOWS\System32\COMDLG32.dll
0x00007ffbf0d70000 - 0x00007ffbf0ece000 	C:\WINDOWS\System32\MSCTF.dll
0x00007ffbdbd50000 - 0x00007ffbdbd5e000 	C:\Program Files\Java\jdk-23\bin\sunmscapi.dll
0x00007ffbee860000 - 0x00007ffbee9d7000 	C:\WINDOWS\System32\CRYPT32.dll
0x00007ffbede50000 - 0x00007ffbede80000 	C:\WINDOWS\SYSTEM32\ncrypt.dll
0x00007ffbede00000 - 0x00007ffbede3f000 	C:\WINDOWS\SYSTEM32\NTASN1.dll
0x00007ffbedc30000 - 0x00007ffbedc4b000 	C:\WINDOWS\SYSTEM32\CRYPTSP.dll
0x00007ffbed340000 - 0x00007ffbed37a000 	C:\WINDOWS\system32\rsaenh.dll
0x00007ffbeda20000 - 0x00007ffbeda4b000 	C:\WINDOWS\SYSTEM32\USERENV.dll
0x00007ffbee540000 - 0x00007ffbee56a000 	C:\WINDOWS\SYSTEM32\bcrypt.dll
0x00007ffbedc50000 - 0x00007ffbedc5c000 	C:\WINDOWS\SYSTEM32\CRYPTBASE.dll
0x00007ffbece70000 - 0x00007ffbecea4000 	C:\WINDOWS\SYSTEM32\IPHLPAPI.DLL
0x00007ffbef3a0000 - 0x00007ffbef3aa000 	C:\WINDOWS\System32\NSI.dll
0x00007ffbdb700000 - 0x00007ffbdb714000 	C:\Users\admin\.openjfx\cache\17.0.8\javafx_font.dll
0x00007ffbe97a0000 - 0x00007ffbe9a07000 	C:\WINDOWS\SYSTEM32\dwrite.dll
0x00007ffbef550000 - 0x00007ffbef600000 	C:\WINDOWS\System32\clbcatq.dll
0x00007ffbe90d0000 - 0x00007ffbe9300000 	C:\WINDOWS\SYSTEM32\WindowsCodecs.dll
0x00007ffbc3aa0000 - 0x00007ffbc3afa000 	C:\WINDOWS\system32\dataexchange.dll
0x00007ffbe6640000 - 0x00007ffbe6884000 	C:\WINDOWS\system32\twinapi.appcore.dll
0x00007ffbd7310000 - 0x00007ffbd733c000 	C:\Program Files\Common Files\Microsoft Shared\Ink\rtscom.dll
0x00007ffbbaed0000 - 0x00007ffbbb018000 	C:\WINDOWS\SYSTEM32\textinputframework.dll
0x00007ffbea9f0000 - 0x00007ffbeab17000 	C:\WINDOWS\SYSTEM32\CoreMessaging.dll
0x00007ffbe6c30000 - 0x00007ffbe6f12000 	C:\WINDOWS\SYSTEM32\CoreUIComponents.dll

dbghelp: loaded successfully - version: 4.0.5 - missing functions: none
symbol engine: initialized successfully - sym options: 0x614 - pdb path: .;C:\Program Files\Java\jdk-23\bin;C:\WINDOWS\SYSTEM32;C:\WINDOWS\WinSxS\amd64_microsoft.windows.common-controls_6595b64144ccf1df_6.0.26100.7309_none_3e05feeae336a044;C:\Program Files\Java\jdk-23\bin\server;C:\Users\admin\.openjfx\cache\17.0.8;C:\WINDOWS\System32\DriverStore\FileRepository\iigd_dch.inf_amd64_d71a22cbbfee3077;C:\Program Files\Common Files\Microsoft Shared\Ink

VM Arguments:
jvm_args: -javaagent:C:\Program Files\JetBrains\IntelliJ IDEA Community Edition 2025.1.1.1\lib\idea_rt.jar=65268 -Dfile.encoding=UTF-8 -Dsun.stdout.encoding=UTF-8 -Dsun.stderr.encoding=UTF-8 
java_command: com.chatty.Launcher
java_class_path (initial): C:\Users\admin\intellj-workspace\RealtimeChatApp\desktop\target\classes;C:\Users\admin\.m2\repository\org\openjfx\javafx-controls\17.0.8\javafx-controls-17.0.8.jar;C:\Users\admin\.m2\repository\org\openjfx\javafx-controls\17.0.8\javafx-controls-17.0.8-win.jar;C:\Users\admin\.m2\repository\org\openjfx\javafx-graphics\17.0.8\javafx-graphics-17.0.8.jar;C:\Users\admin\.m2\repository\org\openjfx\javafx-graphics\17.0.8\javafx-graphics-17.0.8-win.jar;C:\Users\admin\.m2\repository\org\openjfx\javafx-base\17.0.8\javafx-base-17.0.8.jar;C:\Users\admin\.m2\repository\org\openjfx\javafx-base\17.0.8\javafx-base-17.0.8-win.jar;C:\Users\admin\.m2\repository\org\openjfx\javafx-fxml\17.0.8\javafx-fxml-17.0.8.jar;C:\Users\admin\.m2\repository\org\openjfx\javafx-fxml\17.0.8\javafx-fxml-17.0.8-win.jar;C:\Users\admin\.m2\repository\com\squareup\okhttp3\okhttp\4.12.0\okhttp-4.12.0.jar;C:\Users\admin\.m2\repository\com\squareup\okio\okio\3.6.0\okio-3.6.0.jar;C:\Users\admin\.m2\repository\com\squareup\okio\okio-jvm\3.6.0\okio-jvm-3.6.0.jar;C:\Users\admin\.m2\repository\org\jetbrains\kotlin\kotlin-stdlib-common\1.9.10\kotlin-stdlib-common-1.9.10.jar;C:\Users\admin\.m2\repository\org\jetbrains\kotlin\kotlin-stdlib-jdk8\1.8.21\kotlin-stdlib-jdk8-1.8.21.jar;C:\Users\admin\.m2\repository\org\jetbrains\kotlin\kotlin-stdlib\1.8.21\kotlin-stdlib-1.8.21.jar;C:\Users\admin\.m2\repository\org\jetbrains\annotations\13.0\annotations-13.0.jar;C:\Users\admin\.m2\repository\org\jetbrains\kotlin\kotlin-stdlib-jdk7\1.8.21\kotlin-stdlib-jdk7-1.8.21.jar;C:\Users\admin\.m2\repository\com\google\code\gson\gson\2.10.1\gson-2.10.1.jar;C:\Users\admin\.m2\repository\io\socket\socket.io-client\2.1.0\socket.io-client-2.1.0.jar;C:\Users\admin\.m2\repository\io\socket\engine.io-client\2.1.0\engine.io-client-2.1.0.jar;C:\Users\admin\.m2\repository\org\json\json\20090211\json-20090211.jar;C:\Users\admin\.m2\repository\org\kordamp\ikonli\ikonli-javafx\12.3.1\ikonli-javafx-12.3.1.jar;C:\Users\admin\.m2\repository\org\kordamp\ikonli\ikonli-core\12.3.1\ikonli-core-12.3.1.jar;C:\Users\admin\.m2\repository\org\kordamp\ikonli\ikonli-materialdesign2-pack\12.3.1\ikonli-materialdesign2-pack-12.3.1.jar
Launcher Type: SUN_STANDARD

[Global flags]
     intx CICompilerCount                          = 4                                         {product} {ergonomic}
     uint ConcGCThreads                            = 3                                         {product} {ergonomic}
     uint G1ConcRefinementThreads                  = 10                                        {product} {ergonomic}
   size_t G1HeapRegionSize                         = 2097152                                   {product} {ergonomic}
   size_t InitialHeapSize                          = 264241152                                 {product} {ergonomic}
   size_t MarkStackSize                            = 4194304                                   {product} {ergonomic}
   size_t MarkStackSizeMax                         = 536870912                                 {product} {ergonomic}
   size_t MaxHeapSize                              = 4213178368                                {product} {ergonomic}
   size_t MaxNewSize                               = 2527068160                                {product} {ergonomic}
   size_t MinHeapDeltaBytes                        = 2097152                                   {product} {ergonomic}
   size_t MinHeapSize                              = 8388608                                   {product} {ergonomic}
    uintx NonNMethodCodeHeapSize                   = 5832704                                {pd product} {ergonomic}
    uintx NonProfiledCodeHeapSize                  = 122945536                              {pd product} {ergonomic}
    uintx ProfiledCodeHeapSize                     = 122880000                              {pd product} {ergonomic}
    uintx ReservedCodeCacheSize                    = 251658240                              {pd product} {ergonomic}
     bool SegmentedCodeCache                       = true                                      {product} {ergonomic}
   size_t SoftMaxHeapSize                          = 4213178368                             {manageable} {ergonomic}
     bool UseCompressedOops                        = true                           {product lp64_product} {ergonomic}
     bool UseG1GC                                  = true                                      {product} {ergonomic}
     bool UseLargePagesIndividualAllocation        = false                                  {pd product} {ergonomic}

Logging:
Log output configuration:
 #0: stdout all=off uptime,level,tags foldmultilines=false
 #1: stderr all=off uptime,level,tags foldmultilines=false

Environment Variables:
JAVA_HOME=C:\Program Files\Java\jdk-23
PATH=C:\Program Files (x86)\VMware\VMware Workstation\bin\;C:\Program Files\Common Files\Oracle\Java\javapath;C:\WINDOWS\system32;C:\WINDOWS;C:\WINDOWS\System32\Wbem;C:\WINDOWS\System32\WindowsPowerShell\v1.0\;C:\WINDOWS\System32\OpenSSH\;C:\Program Files\dotnet\;C:\Program Files\Microsoft SQL Server\Client SDK\ODBC\170\Tools\Binn\;C:\Program Files (x86)\Microsoft SQL Server\150\Tools\Binn\;C:\Program Files\Microsoft SQL Server\150\Tools\Binn\;C:\Program Files\Microsoft SQL Server\150\DTS\Binn\;C:\Program Files (x86)\Microsoft SQL Server\160\DTS\Binn\;C:\Program Files\Java\jdk-23\bin;C:\Program Files\Git\cmd;C:\Program Files\php;C:\Program Files\Cloudflare\Cloudflare WARP\;C:\Program Files\Java\jdk-21\bin;C:\Program Files\nodejs\;C:\Program Files\Docker\Docker\resources\bin;C:\Users\admin\AppData\Local\Microsoft\WindowsApps;D:\Tools\Gradle\gradle-8.12.1\bin;C:\Users\admin\AppData\Local\Programs\Microsoft VS Code\bin;C:\Program Files\JetBrains\IntelliJ IDEA Community Edition 2025.1.1.1\bin;;C:\Program Files\php\php-8.4.7;E:\sqlite3;C:\Users\admin\AppData\Roaming\npm
USERNAME=admin
OS=Windows_NT
PROCESSOR_IDENTIFIER=Intel64 Family 6 Model 186 Stepping 3, GenuineIntel
TMP=C:\Users\admin\AppData\Local\Temp
TEMP=C:\Users\admin\AppData\Local\Temp




Periodic native trim disabled

---------------  S Y S T E M  ---------------

OS:
 Windows 11 , 64 bit Build 26100 (10.0.26100.7309)
OS uptime: 28 days 6:55 hours
Hyper-V role detected

CPU: total 12 (initial active 12) (6 cores per cpu, 2 threads per core) family 6 model 186 stepping 3 microcode 0x4128, cx8, cmov, fxsr, ht, mmx, 3dnowpref, sse, sse2, sse3, ssse3, sse4.1, sse4.2, popcnt, lzcnt, tsc, tscinvbit, avx, avx2, aes, erms, clmul, bmi1, bmi2, adx, sha, fma, vzeroupper, clflush, clflushopt, clwb, hv, serialize, rdtscp, rdpid, fsrm, gfni, f16c, cet_ibt, cet_ss
Processor Information for the first 12 processors :
  Max Mhz: 1700, Current Mhz: 1700, Mhz Limit: 1700

Memory: 4k page, system-wide physical 16068M (3506M free)
TotalPageFile size 32137M (AvailPageFile size 7684M)
current process WorkingSet (physical memory assigned to process): 300M, peak: 358M
current process commit charge ("private bytes"): 343M, peak: 514M

vm_info: Java HotSpot(TM) 64-Bit Server VM (23.0.1+11-39) for windows-amd64 JRE (23.0.1+11-39), built on 2024-09-30T07:20:43Z with MS VC++ 17.6 (VS2022)

END.
