#
# A fatal error has been detected by the Java Runtime Environment:
#
#  EXCEPTION_ACCESS_VIOLATION (0xc0000005) at pc=0x00007ffbd6006bd7, pid=27472, tid=7660
#
# JRE version: Java(TM) SE Runtime Environment (23.0.1+11) (build 23.0.1+11-39)
# Java VM: Java HotSpot(TM) 64-Bit Server VM (23.0.1+11-39, mixed mode, sharing, tiered, compressed oops, compressed class ptrs, g1 gc, windows-amd64)
# Problematic frame:
# C  [glass.dll+0x26bd7]
#
# No core dump will be written. Minidumps are not enabled by default on client versions of Windows
#
# If you would like to submit a bug report, please visit:
#   https://bugreport.java.com/bugreport/crash.jsp
#

---------------  S U M M A R Y ------------

Command Line: -javaagent:C:\Program Files\JetBrains\IntelliJ IDEA Community Edition 2025.1.1.1\lib\idea_rt.jar=54687 -Dfile.encoding=UTF-8 -Dsun.stdout.encoding=UTF-8 -Dsun.stderr.encoding=UTF-8 com.chatty.Launcher

Host: 13th Gen Intel(R) Core(TM) i7-1355U, 12 cores, 15G,  Windows 11 , 64 bit Build 26100 (10.0.26100.7309)
Time: Fri Jan  9 21:57:35 2026 SE Asia Standard Time elapsed time: 43.666896 seconds (0d 0h 0m 43s)

---------------  T H R E A D  ---------------

Current thread (0x0000027b7ee81a20):  VMThread "VM Thread"          [id=7660, stack(0x00000081e7000000,0x00000081e7100000) (1024K)]

Stack: [0x00000081e7000000,0x00000081e7100000],  sp=0x00000081e70fec60,  free space=1019k
Native frames: (J=compiled Java code, j=interpreted, Vv=VM code, C=native code)
C  [glass.dll+0x26bd7]  (no source info available)
C  [ucrtbase.dll+0x4bc75]  (no source info available)
C  [ucrtbase.dll+0x4b897]  (no source info available)
C  [ucrtbase.dll+0x4b84d]  (no source info available)
C  [glass.dll+0x2439d]  (no source info available)
C  [glass.dll+0x244c2]  (no source info available)
C  [ntdll.dll+0x15f86e]  (no source info available)
C  [ntdll.dll+0xbcae]  (no source info available)
C  [ntdll.dll+0x8d4af]  (no source info available)
C  [ntdll.dll+0x8c67e]  (no source info available)
C  [KERNEL32.DLL+0x418ab]  (no source info available)
C  [ucrtbase.dll+0xa0093]  (no source info available)
V  [jvm.dll+0x6d990c]  (no source info available)
V  [jvm.dll+0x6d9440]  (no source info available)
V  [jvm.dll+0x3da534]  (no source info available)
V  [jvm.dll+0x886720]  (no source info available)
V  [jvm.dll+0x887a47]  (no source info available)
V  [jvm.dll+0x887f78]  (no source info available)
V  [jvm.dll+0x888213]  (no source info available)
V  [jvm.dll+0x824f8b]  (no source info available)
V  [jvm.dll+0x6df065]  (no source info available)
C  [ucrtbase.dll+0x37b0]  (no source info available)
C  [KERNEL32.DLL+0x2e8d7]  (no source info available)
C  [ntdll.dll+0x8c53c]  (no source info available)


siginfo: EXCEPTION_ACCESS_VIOLATION (0xc0000005), reading address 0x0000000000000000


Registers:
RAX=0x0000000000000000, RBX=0x0000027b7ee8c222, RCX=0x0000027b7ee81a20, RDX=0x00000081e70fec60
RSP=0x00000081e70fec60, RBP=0x0000ad3e4e0110a4, RSI=0x0000027b63b2d7a8, RDI=0x0000027b63b2d780
R8 =0x0000000000010002, R9 =0x0000ad3e4e0110a4, R10=0x0000027b7a7f0000, R11=0x00000081e70fed48
R12=0x0000000000000001, R13=0x00007ffbd6004510, R14=0x00000081e70fed68, R15=0x0000027b63b2d780
RIP=0x00007ffbd6006bd7, EFLAGS=0x0000000000010202


Register to memory mapping:

RAX=0x0 is null
RBX=0x0000027b7ee8c222 is a global jni handle
RCX=0x0000027b7ee81a20 points into unknown readable memory: 0x00007ffb41f4f688 | 88 f6 f4 41 fb 7f 00 00
RDX=0x00000081e70fec60 points into unknown readable memory: 0x0000000000000000 | 00 00 00 00 00 00 00 00
RSP=0x00000081e70fec60 points into unknown readable memory: 0x0000000000000000 | 00 00 00 00 00 00 00 00
RBP=0x0000ad3e4e0110a4 is an unknown value
RSI=0x0000027b63b2d7a8 points into unknown readable memory: 0x0000ad3e4e0110a4 | a4 10 01 4e 3e ad 00 00
RDI=0x0000027b63b2d780 points into unknown readable memory: 0x6004afbe4e06ef19 | 19 ef 06 4e be af 04 60
R8 =0x0000000000010002 is an unknown value
R9 =0x0000ad3e4e0110a4 is an unknown value
R10=0x0000027b7a7f0000 points into unknown readable memory: 0x0000000000000000 | 00 00 00 00 00 00 00 00
R11=0x00000081e70fed48 points into unknown readable memory: 0x00007ffbd600439d | 9d 43 00 d6 fb 7f 00 00
R12=0x0000000000000001 is an unknown value
R13=0x00007ffbd6004510 glass.dll
R14=0x00000081e70fed68 points into unknown readable memory: 0x00000081e70fed50 | 50 ed 0f e7 81 00 00 00
R15=0x0000027b63b2d780 points into unknown readable memory: 0x6004afbe4e06ef19 | 19 ef 06 4e be af 04 60

Top of Stack: (sp=0x00000081e70fec60)
0x00000081e70fec60:   0000000000000000 0000027b00000000
0x00000081e70fec70:   0000027b63c582b0 0000000000000001
0x00000081e70fec80:   0000027b63b2d788 00007ffbee69bc75
0x00000081e70fec90:   0000027b63b2d780 0000027b00000000
0x00000081e70feca0:   0000027b63b2d7a0 0000ad3e4e0110a4
0x00000081e70fecb0:   fffffffffffffffe 00000081e70fed38
0x00000081e70fecc0:   00007ffbd5fe0000 00007ffbd5fe0000
0x00000081e70fecd0:   00000081e70fed58 00007ffbee69b897
0x00000081e70fece0:   00000081e70fed00 00000081e70fed68
0x00000081e70fecf0:   00000081e70ff050 00007ffbee7888c0
0x00000081e70fed00:   0000000000000001 00007ffbee69b84d
0x00000081e70fed10:   0000000000000000 0000000000000001
0x00000081e70fed20:   00007ffbee9bf230 00000081e70fed58
0x00000081e70fed30:   fffffffffffffffe 00000081e70fed20
0x00000081e70fed40:   0000000000000000 00007ffbd600439d
0x00000081e70fed50:   00007ffbd601a138 0000000000000002
0x00000081e70fed60:   0000000000000002 00000081e70fed50
0x00000081e70fed70:   00007ffbee860000 00007ffbee860000
0x00000081e70fed80:   0000000000000000 00007ffbd60044c2
0x00000081e70fed90:   0000000000000001 00000081e70ff050
0x00000081e70feda0:   0000000000000001 00007ffbf150a6af
0x00000081e70fedb0:   0000027b642803b0 00007ffbede50000
0x00000081e70fedc0:   0000000000000001 0000000000000000
0x00000081e70fedd0:   0000000000000000 000000007ffe0384
0x00000081e70fede0:   0000027b63c13a50 00007ffbf165f86e
0x00000081e70fedf0:   00007ffbd5fe0000 0000027b00000000
0x00000081e70fee00:   0000000000000001 000000007ffe0385
0x00000081e70fee10:   00007ffbd60075a0 00007ffbf150bcae
0x00000081e70fee20:   0000000000000000 0000000000000000
0x00000081e70fee30:   0000000000000000 0000000000000000
0x00000081e70fee40:   0000000000000000 0000000000000000
0x00000081e70fee50:   0000000000000000 0000000000000000 

Instructions: (pc=0x00007ffbd6006bd7)
0x00007ffbd6006ad7:   8b 4d 58 e8 71 cf ff ff 48 8b 4d 60 e8 68 cf ff
0x00007ffbd6006ae7:   ff 48 8b 95 80 00 00 00 48 8b 8d 18 01 00 00 e8
0x00007ffbd6006af7:   36 c4 ff ff 33 d2 33 c9 e8 bc e1 ff ff 90 48 89
0x00007ffbd6006b07:   54 24 10 55 48 83 ec 20 48 8b ea 48 b8 00 00 00
0x00007ffbd6006b17:   00 00 00 00 00 48 83 c4 20 5d c3 cc 40 55 48 8b
0x00007ffbd6006b27:   ea 48 8b 01 33 c9 81 38 05 00 00 c0 0f 94 c1 8b
0x00007ffbd6006b37:   c1 5d c3 cc 40 55 48 83 ec 20 48 8b ea 8a 4d 40
0x00007ffbd6006b47:   48 83 c4 20 5d e9 63 d3 ff ff cc 40 55 48 83 ec
0x00007ffbd6006b57:   20 48 8b ea 8a 4d 20 e8 51 d3 ff ff 90 48 83 c4
0x00007ffbd6006b67:   20 5d c3 cc 40 55 48 83 ec 20 48 8b ea 48 83 c4
0x00007ffbd6006b77:   20 5d e9 b2 d1 ff ff cc 40 55 48 83 ec 30 48 8b
0x00007ffbd6006b87:   ea 48 8b 01 8b 10 48 89 4c 24 28 89 54 24 20 4c
0x00007ffbd6006b97:   8d 0d 53 d6 ff ff 4c 8b 45 70 8b 55 68 48 8b 4d
0x00007ffbd6006ba7:   60 e8 f3 d0 ff ff 90 48 83 c4 30 5d c3 cc cc cc
0x00007ffbd6006bb7:   cc cc cc cc cc cc cc cc cc 40 53 48 83 ec 20 48
0x00007ffbd6006bc7:   8b 1d 63 2f 01 00 48 85 db 74 16 e8 49 8b ff ff
0x00007ffbd6006bd7:   4c 8b 00 48 8b d3 48 8b c8 41 ff 90 b0 00 00 00
0x00007ffbd6006be7:   90 48 83 c4 20 5b c3 cc cc 40 53 48 83 ec 20 48
0x00007ffbd6006bf7:   8b 1d db 30 01 00 48 85 db 74 57 b8 ff ff ff ff
0x00007ffbd6006c07:   f0 0f c1 43 10 83 f8 01 75 3d 48 85 db 74 38 48
0x00007ffbd6006c17:   8b 0b 48 85 c9 74 0d ff 15 84 06 00 00 48 c7 03
0x00007ffbd6006c27:   00 00 00 00 48 8b 4b 08 48 85 c9 74 0d e8 17 ce
0x00007ffbd6006c37:   ff ff 48 c7 43 08 00 00 00 00 ba 18 00 00 00 48
0x00007ffbd6006c47:   8b cb e8 02 ce ff ff 48 c7 05 7f 30 01 00 00 00
0x00007ffbd6006c57:   00 00 48 83 c4 20 5b c3 cc 40 53 48 83 ec 20 48
0x00007ffbd6006c67:   8b 1d 4b 30 01 00 48 85 db 74 57 b8 ff ff ff ff
0x00007ffbd6006c77:   f0 0f c1 43 10 83 f8 01 75 3d 48 85 db 74 38 48
0x00007ffbd6006c87:   8b 0b 48 85 c9 74 0d ff 15 14 06 00 00 48 c7 03
0x00007ffbd6006c97:   00 00 00 00 48 8b 4b 08 48 85 c9 74 0d e8 a7 cd
0x00007ffbd6006ca7:   ff ff 48 c7 43 08 00 00 00 00 ba 18 00 00 00 48
0x00007ffbd6006cb7:   8b cb e8 92 cd ff ff 48 c7 05 ef 2f 01 00 00 00
0x00007ffbd6006cc7:   00 00 48 83 c4 20 5b c3 cc 40 53 48 83 ec 20 48 


Stack slot to memory mapping:

stack at sp + 0 slots: 0x0 is null
stack at sp + 1 slots: 0x0000027b00000000 points into unknown readable memory: 0x00010000cafedada | da da fe ca 00 00 01 00
stack at sp + 2 slots: 0x0000027b63c582b0 points into unknown readable memory: 0x0000027b63c57e60 | 60 7e c5 63 7b 02 00 00
stack at sp + 3 slots: 0x0000000000000001 is an unknown value
stack at sp + 4 slots: 0x0000027b63b2d788 points into unknown readable memory: 0x0000ad3e4e0110a4 | a4 10 01 4e 3e ad 00 00
stack at sp + 5 slots: 0x00007ffbee69bc75 ucrtbase.dll
stack at sp + 6 slots: 0x0000027b63b2d780 points into unknown readable memory: 0x6004afbe4e06ef19 | 19 ef 06 4e be af 04 60
stack at sp + 7 slots: 0x0000027b00000000 points into unknown readable memory: 0x00010000cafedada | da da fe ca 00 00 01 00

VM_Operation (0x00000081ea5ff3c0): Exit, mode: safepoint, requested by thread 0x0000027b697b01c0


---------------  P R O C E S S  ---------------

Threads class SMR info:
_java_thread_list=0x0000027b69cb5b40, length=27, elements={
0x0000027b7cbbb7e0, 0x0000027b7ee9a8e0, 0x0000027b7ee9b540, 0x0000027b7ee9c500,
0x0000027b7eea1080, 0x0000027b7eea20a0, 0x0000027b7eead240, 0x0000027b7eeac310,
0x0000027b7eebb230, 0x0000027b1d632060, 0x0000027b6301bfc0, 0x0000027b6301c630,
0x0000027b1d8f6150, 0x0000027b637f72c0, 0x0000027b63c60ae0, 0x0000027b63c10760,
0x0000027b641f9040, 0x0000027b6988e340, 0x0000027b6988f6f0, 0x0000027b69890aa0,
0x0000027b69891130, 0x0000027b6988f060, 0x0000027b6988e9d0, 0x0000027b697b0ee0,
0x0000027b697b0850, 0x0000027b697afb30, 0x0000027b697b01c0
}

Java Threads: ( => current thread )
  0x0000027b7cbbb7e0 JavaThread "main"                              [_thread_blocked, id=24380, stack(0x00000081e6900000,0x00000081e6a00000) (1024K)]
  0x0000027b7ee9a8e0 JavaThread "Reference Handler"          daemon [_thread_blocked, id=2956, stack(0x00000081e7100000,0x00000081e7200000) (1024K)]
  0x0000027b7ee9b540 JavaThread "Finalizer"                  daemon [_thread_blocked, id=48592, stack(0x00000081e7200000,0x00000081e7300000) (1024K)]
  0x0000027b7ee9c500 JavaThread "Signal Dispatcher"          daemon [_thread_blocked, id=8360, stack(0x00000081e7300000,0x00000081e7400000) (1024K)]
  0x0000027b7eea1080 JavaThread "Attach Listener"            daemon [_thread_blocked, id=43984, stack(0x00000081e7400000,0x00000081e7500000) (1024K)]
  0x0000027b7eea20a0 JavaThread "Service Thread"             daemon [_thread_blocked, id=35096, stack(0x00000081e7500000,0x00000081e7600000) (1024K)]
  0x0000027b7eead240 JavaThread "Monitor Deflation Thread"   daemon [_thread_blocked, id=39980, stack(0x00000081e7600000,0x00000081e7700000) (1024K)]
  0x0000027b7eeac310 JavaThread "C2 CompilerThread0"         daemon [_thread_blocked, id=37004, stack(0x00000081e7700000,0x00000081e7800000) (1024K)]
  0x0000027b7eebb230 JavaThread "C1 CompilerThread0"         daemon [_thread_blocked, id=39224, stack(0x00000081e7800000,0x00000081e7900000) (1024K)]
  0x0000027b1d632060 JavaThread "Common-Cleaner"             daemon [_thread_blocked, id=31324, stack(0x00000081e7900000,0x00000081e7a00000) (1024K)]
  0x0000027b6301bfc0 JavaThread "Monitor Ctrl-Break"         daemon [_thread_in_native, id=18496, stack(0x00000081e7b00000,0x00000081e7c00000) (1024K)]
  0x0000027b6301c630 JavaThread "Notification Thread"        daemon [_thread_blocked, id=9116, stack(0x00000081e7c00000,0x00000081e7d00000) (1024K)]
  0x0000027b1d8f6150 JavaThread "JavaFX-Launcher"                   [_thread_blocked, id=23896, stack(0x00000081e7d00000,0x00000081e7e00000) (1024K)]
  0x0000027b637f72c0 JavaThread "QuantumRenderer-0"          daemon [_thread_blocked, id=40928, stack(0x00000081e7e00000,0x00000081e7f00000) (1024K)]
  0x0000027b63c60ae0 JavaThread "InvokeLaterDispatcher"      daemon [_thread_blocked, id=53172, stack(0x00000081e7f00000,0x00000081e8000000) (1024K)]
  0x0000027b63c10760 JavaThread "JavaFX Application Thread"         [_thread_in_native, id=22292, stack(0x00000081e8000000,0x00000081e8100000) (1024K)]
  0x0000027b641f9040 JavaThread "Thread-2"                   daemon [_thread_in_native, id=9600, stack(0x00000081e9000000,0x00000081e9100000) (1024K)]
  0x0000027b6988e340 JavaThread "Prism Font Disposer"        daemon [_thread_blocked, id=4000, stack(0x00000081e9b00000,0x00000081e9c00000) (1024K)]
  0x0000027b6988f6f0 JavaThread "Cleaner-0"                  daemon [_thread_blocked, id=37704, stack(0x00000081ea000000,0x00000081ea100000) (1024K)]
  0x0000027b69890aa0 JavaThread "OkHttp TaskRunner"          daemon [_thread_blocked, id=17660, stack(0x00000081ea200000,0x00000081ea300000) (1024K)]
  0x0000027b69891130 JavaThread "Okio Watchdog"              daemon [_thread_blocked, id=49080, stack(0x00000081ea300000,0x00000081ea400000) (1024K)]
  0x0000027b6988f060 JavaThread "OkHttp TaskRunner"          daemon [_thread_blocked, id=48892, stack(0x00000081ea700000,0x00000081ea800000) (1024K)]
  0x0000027b6988e9d0 JavaThread "OkHttp TaskRunner"          daemon [_thread_blocked, id=27616, stack(0x00000081ea800000,0x00000081ea900000) (1024K)]
  0x0000027b697b0ee0 JavaThread "OkHttp http://localhost:3000/..."        [_thread_in_native, id=40672, stack(0x00000081eab00000,0x00000081eac00000) (1024K)]
  0x0000027b697b0850 JavaThread "engine.io-client.heartbeat-0" daemon [_thread_blocked, id=17064, stack(0x00000081eaa00000,0x00000081eab00000) (1024K)]
  0x0000027b697afb30 JavaThread "OkHttp Dispatcher"                 [_thread_blocked, id=23716, stack(0x00000081ead00000,0x00000081eae00000) (1024K)]
  0x0000027b697b01c0 JavaThread "SIGINT handler"             daemon [_thread_blocked, id=43776, stack(0x00000081ea500000,0x00000081ea600000) (1024K)]
Total: 27

Other Threads:
=>0x0000027b7ee81a20 VMThread "VM Thread"                           [id=7660, stack(0x00000081e7000000,0x00000081e7100000) (1024K)]
  0x0000027b7cc21890 WorkerThread "GC Thread#0"                     [id=48192, stack(0x00000081e6a00000,0x00000081e6b00000) (1024K)]
  0x0000027b6427e240 WorkerThread "GC Thread#1"                     [id=52508, stack(0x00000081e9100000,0x00000081e9200000) (1024K)]
  0x0000027b642ce370 WorkerThread "GC Thread#2"                     [id=21988, stack(0x00000081e9200000,0x00000081e9300000) (1024K)]
  0x0000027b642ce720 WorkerThread "GC Thread#3"                     [id=18948, stack(0x00000081e9300000,0x00000081e9400000) (1024K)]
  0x0000027b643f2600 WorkerThread "GC Thread#4"                     [id=46792, stack(0x00000081e9400000,0x00000081e9500000) (1024K)]
  0x0000027b643ffd30 WorkerThread "GC Thread#5"                     [id=28460, stack(0x00000081e9500000,0x00000081e9600000) (1024K)]
  0x0000027b6444e710 WorkerThread "GC Thread#6"                     [id=18276, stack(0x00000081e9600000,0x00000081e9700000) (1024K)]
  0x0000027b64452ad0 WorkerThread "GC Thread#7"                     [id=27420, stack(0x00000081e9700000,0x00000081e9800000) (1024K)]
  0x0000027b64452e80 WorkerThread "GC Thread#8"                     [id=39724, stack(0x00000081e9800000,0x00000081e9900000) (1024K)]
  0x0000027b644625c0 WorkerThread "GC Thread#9"                     [id=54660, stack(0x00000081e9900000,0x00000081e9a00000) (1024K)]
  0x0000027b7a7be600 ConcurrentGCThread "G1 Main Marker"            terminated
  0x0000027b7cc37b10 WorkerThread "G1 Conc#0"                       [id=52200, stack(0x00000081e6c00000,0x00000081e6d00000) (1024K)]
  0x0000027b695d8580 WorkerThread "G1 Conc#1"                       [id=22160, stack(0x00000081e7a00000,0x00000081e7b00000) (1024K)]
  0x0000027b695d8930 WorkerThread "G1 Conc#2"                       [id=11288, stack(0x00000081ea400000,0x00000081ea500000) (1024K)]
  0x0000027b7ed3d770 ConcurrentGCThread "G1 Refine#0"               terminated
  0x0000027b7ed3e0a0 ConcurrentGCThread "G1 Service"                terminated
Total: 17

Threads with active compile tasks:
Total: 0

VM state: at safepoint (shutting down)

VM Mutex/Monitor currently owned by a thread:  ([mutex/lock_event])
[0x00007ffb42123910] Threads_lock - owner thread: 0x0000027b7ee81a20
[0x00007ffb42123a10] Heap_lock - owner thread: 0x0000027b697b01c0

Heap address: 0x0000000704e00000, size: 4018 MB, Compressed Oops mode: Zero based, Oop shift amount: 3

CDS archive(s) mapped at: [0x0000027b1e000000-0x0000027b1ed70000-0x0000027b1ed70000), size 14090240, SharedBaseAddress: 0x0000027b1e000000, ArchiveRelocationMode: 1.
Compressed class space mapped at: 0x0000027b1f000000-0x0000027b5f000000, reserved size: 1073741824
Narrow klass base: 0x0000027b1e000000, Narrow klass shift: 0, Narrow klass range: 0x41000000

GC Precious Log:
 CardTable entry size: 512
 Card Set container configuration: InlinePtr #cards 4 size 8 Array Of Cards #cards 16 size 48 Howl #buckets 8 coarsen threshold 3686 Howl Bitmap #cards 512 size 80 coarsen threshold 460 Card regions per heap region 1 cards per card region 4096
 CPUs: 12 total, 12 available
 Memory: 16068M
 Large Page Support: Disabled
 NUMA Support: Disabled
 Compressed Oops: Enabled (Zero based)
 Heap Region Size: 2M
 Heap Min Capacity: 8M
 Heap Initial Capacity: 252M
 Heap Max Capacity: 4018M
 Pre-touch: Disabled
 Parallel Workers: 10
 Concurrent Workers: 3
 Concurrent Refinement Workers: 10
 Periodic GC: Disabled

Heap:
 garbage-first heap   total reserved 4114432K, committed 90112K, used 42962K [0x0000000704e00000, 0x0000000800000000)
  region size 2048K, 9 young (18432K), 5 survivors (10240K)
 Metaspace       used 29710K, committed 30080K, reserved 1114112K
  class space    used 3930K, committed 4096K, reserved 1048576K

Heap Regions: E=young(eden), S=young(survivor), O=old, HS=humongous(starts), HC=humongous(continues), CS=collection set, F=free, TAMS=top-at-mark-start, PB=parsable bottom
|   0|0x0000000704e00000, 0x0000000705000000, 0x0000000705000000|100%| O|Cm|TAMS 0x0000000704e00000| PB 0x0000000704e00000| Complete |  0
|   1|0x0000000705000000, 0x0000000705200000, 0x0000000705200000|100%| O|  |TAMS 0x0000000705000000| PB 0x0000000705000000| Untracked |  0
|   2|0x0000000705200000, 0x0000000705400000, 0x0000000705400000|100%|HS|  |TAMS 0x0000000705200000| PB 0x0000000705200000| Complete |  0
|   3|0x0000000705400000, 0x0000000705600000, 0x0000000705600000|100%|HC|  |TAMS 0x0000000705400000| PB 0x0000000705400000| Complete |  0
|   4|0x0000000705600000, 0x0000000705800000, 0x0000000705800000|100%|HC|  |TAMS 0x0000000705600000| PB 0x0000000705600000| Complete |  0
|   5|0x0000000705800000, 0x00000007059517e8, 0x0000000705a00000| 65%| O|  |TAMS 0x0000000705800000| PB 0x0000000705800000| Untracked |  0
|   6|0x0000000705a00000, 0x0000000705c00000, 0x0000000705c00000|100%|HS|  |TAMS 0x0000000705a00000| PB 0x0000000705a00000| Complete |  0
|   7|0x0000000705c00000, 0x0000000705e00000, 0x0000000705e00000|100%|HS|  |TAMS 0x0000000705c00000| PB 0x0000000705c00000| Complete |  0
|   8|0x0000000705e00000, 0x0000000706000000, 0x0000000706000000|100%|HC|  |TAMS 0x0000000705e00000| PB 0x0000000705e00000| Complete |  0
|   9|0x0000000706000000, 0x0000000706200000, 0x0000000706200000|100%|HC|  |TAMS 0x0000000706000000| PB 0x0000000706000000| Complete |  0
|  10|0x0000000706200000, 0x0000000706200000, 0x0000000706400000|  0%| F|  |TAMS 0x0000000706200000| PB 0x0000000706200000| Untracked |  0
|  11|0x0000000706400000, 0x0000000706400000, 0x0000000706600000|  0%| F|  |TAMS 0x0000000706400000| PB 0x0000000706400000| Untracked |  0
|  12|0x0000000706600000, 0x0000000706600000, 0x0000000706800000|  0%| F|  |TAMS 0x0000000706600000| PB 0x0000000706600000| Untracked |  0
|  13|0x0000000706800000, 0x0000000706800000, 0x0000000706a00000|  0%| F|  |TAMS 0x0000000706800000| PB 0x0000000706800000| Untracked |  0
|  14|0x0000000706a00000, 0x0000000706c00000, 0x0000000706c00000|100%|HS|  |TAMS 0x0000000706a00000| PB 0x0000000706a00000| Complete |  0
|  15|0x0000000706c00000, 0x0000000706e00000, 0x0000000706e00000|100%|HC|  |TAMS 0x0000000706c00000| PB 0x0000000706c00000| Complete |  0
|  16|0x0000000706e00000, 0x0000000706e00000, 0x0000000707000000|  0%| F|  |TAMS 0x0000000706e00000| PB 0x0000000706e00000| Untracked |  0
|  17|0x0000000707000000, 0x0000000707000000, 0x0000000707200000|  0%| F|  |TAMS 0x0000000707000000| PB 0x0000000707000000| Untracked |  0
|  18|0x0000000707200000, 0x0000000707200000, 0x0000000707400000|  0%| F|  |TAMS 0x0000000707200000| PB 0x0000000707200000| Untracked |  0
|  19|0x0000000707400000, 0x0000000707400000, 0x0000000707600000|  0%| F|  |TAMS 0x0000000707400000| PB 0x0000000707400000| Untracked |  0
|  20|0x0000000707600000, 0x0000000707600000, 0x0000000707800000|  0%| F|  |TAMS 0x0000000707600000| PB 0x0000000707600000| Untracked |  0
|  21|0x0000000707800000, 0x0000000707800000, 0x0000000707a00000|  0%| F|  |TAMS 0x0000000707800000| PB 0x0000000707800000| Untracked |  0
|  22|0x0000000707a00000, 0x0000000707a00000, 0x0000000707c00000|  0%| F|  |TAMS 0x0000000707a00000| PB 0x0000000707a00000| Untracked |  0
|  23|0x0000000707c00000, 0x0000000707c00000, 0x0000000707e00000|  0%| F|  |TAMS 0x0000000707c00000| PB 0x0000000707c00000| Untracked |  0
|  24|0x0000000707e00000, 0x0000000707e00000, 0x0000000708000000|  0%| F|  |TAMS 0x0000000707e00000| PB 0x0000000707e00000| Untracked |  0
|  25|0x0000000708000000, 0x0000000708000000, 0x0000000708200000|  0%| F|  |TAMS 0x0000000708000000| PB 0x0000000708000000| Untracked |  0
|  26|0x0000000708200000, 0x0000000708200000, 0x0000000708400000|  0%| F|  |TAMS 0x0000000708200000| PB 0x0000000708200000| Untracked |  0
|  27|0x0000000708400000, 0x0000000708400000, 0x0000000708600000|  0%| F|  |TAMS 0x0000000708400000| PB 0x0000000708400000| Untracked |  0
|  28|0x0000000708600000, 0x0000000708600000, 0x0000000708800000|  0%| F|  |TAMS 0x0000000708600000| PB 0x0000000708600000| Untracked |  0
|  29|0x0000000708800000, 0x0000000708800000, 0x0000000708a00000|  0%| F|  |TAMS 0x0000000708800000| PB 0x0000000708800000| Untracked |  0
|  30|0x0000000708a00000, 0x0000000708a00000, 0x0000000708c00000|  0%| F|  |TAMS 0x0000000708a00000| PB 0x0000000708a00000| Untracked |  0
|  31|0x0000000708c00000, 0x0000000708c00000, 0x0000000708e00000|  0%| F|  |TAMS 0x0000000708c00000| PB 0x0000000708c00000| Untracked |  0
|  32|0x0000000708e00000, 0x0000000709000000, 0x0000000709000000|100%| S|CS|TAMS 0x0000000708e00000| PB 0x0000000708e00000| Complete |  0
|  33|0x0000000709000000, 0x0000000709200000, 0x0000000709200000|100%| S|CS|TAMS 0x0000000709000000| PB 0x0000000709000000| Complete |  0
|  34|0x0000000709200000, 0x0000000709400000, 0x0000000709400000|100%| S|CS|TAMS 0x0000000709200000| PB 0x0000000709200000| Complete |  0
|  35|0x0000000709400000, 0x0000000709600000, 0x0000000709600000|100%| S|CS|TAMS 0x0000000709400000| PB 0x0000000709400000| Complete |  0
|  36|0x0000000709600000, 0x000000070976a598, 0x0000000709800000| 70%| S|CS|TAMS 0x0000000709600000| PB 0x0000000709600000| Complete |  0
| 107|0x0000000712400000, 0x0000000712400000, 0x0000000712600000|  0%| F|  |TAMS 0x0000000712400000| PB 0x0000000712400000| Untracked |  0
| 108|0x0000000712600000, 0x0000000712745da8, 0x0000000712800000| 63%| E|  |TAMS 0x0000000712600000| PB 0x0000000712600000| Complete |  0
| 109|0x0000000712800000, 0x0000000712a00000, 0x0000000712a00000|100%| E|CS|TAMS 0x0000000712800000| PB 0x0000000712800000| Complete |  0
| 110|0x0000000712a00000, 0x0000000712c00000, 0x0000000712c00000|100%| E|CS|TAMS 0x0000000712a00000| PB 0x0000000712a00000| Complete |  0
| 125|0x0000000714800000, 0x0000000714a00000, 0x0000000714a00000|100%| E|CS|TAMS 0x0000000714800000| PB 0x0000000714800000| Complete |  0
|2007|0x00000007ffc00000, 0x00000007ffd38be8, 0x00000007ffe00000| 61%| O|  |TAMS 0x00000007ffc00000| PB 0x00000007ffc00000| Untracked |  0
|2008|0x00000007ffe00000, 0x0000000800000000, 0x0000000800000000|100%| O|  |TAMS 0x00000007ffe00000| PB 0x00000007ffe00000| Untracked |  0

Card table byte_map: [0x0000027b7dab0000,0x0000027b7e290000] _byte_map_base: 0x0000027b7a289000

Marking Bits: (CMBitMap*) 0x0000027b7a7bdf40
 Bits: [0x0000027b17670000, 0x0000027b1b538000)

Polling page: 0x0000027b7a9c0000

Metaspace:

Usage:
  Non-class:     25.18 MB used.
      Class:      3.84 MB used.
       Both:     29.01 MB used.

Virtual space:
  Non-class space:       64.00 MB reserved,      25.38 MB ( 40%) committed,  1 nodes.
      Class space:        1.00 GB reserved,       4.00 MB ( <1%) committed,  1 nodes.
             Both:        1.06 GB reserved,      29.38 MB (  3%) committed. 

Chunk freelists:
   Non-Class:  5.80 MB
       Class:  12.03 MB
        Both:  17.83 MB

MaxMetaspaceSize: unlimited
CompressedClassSpaceSize: 1.00 GB
Initial GC threshold: 21.00 MB
Current GC threshold: 35.12 MB
CDS: on
 - commit_granule_bytes: 65536.
 - commit_granule_words: 8192.
 - virtual_space_node_default_size: 8388608.
 - enlarge_chunks_in_place: 1.
 - use_allocation_guard: 0.


Internal statistics:

num_allocs_failed_limit: 3.
num_arena_births: 312.
num_arena_deaths: 0.
num_vsnodes_births: 2.
num_vsnodes_deaths: 0.
num_space_committed: 470.
num_space_uncommitted: 0.
num_chunks_returned_to_freelist: 3.
num_chunks_taken_from_freelist: 1110.
num_chunk_merges: 3.
num_chunk_splits: 800.
num_chunks_enlarged: 631.
num_inconsistent_stats: 0.

CodeHeap 'non-profiled nmethods': size=120064Kb used=2180Kb max_used=2180Kb free=117883Kb
 bounds [0x0000027b10130000, 0x0000027b103a0000, 0x0000027b17670000]
CodeHeap 'profiled nmethods': size=120000Kb used=8334Kb max_used=8334Kb free=111665Kb
 bounds [0x0000027b08670000, 0x0000027b08ea0000, 0x0000027b0fba0000]
CodeHeap 'non-nmethods': size=5696Kb used=1943Kb max_used=1980Kb free=3752Kb
 bounds [0x0000027b0fba0000, 0x0000027b0fe10000, 0x0000027b10130000]
CodeCache: size=245760Kb, used=12457Kb, max_used=12494Kb, free=233300Kb
 total_blobs=6186, nmethods=5234, adapters=855, full_count=0
Compilation: enabled, stopped_count=0, restarted_count=0

Compilation events (20 events):
Event: 37.738 Thread 0x0000027b7eeac310 5222  s!   4       com.sun.javafx.tk.Toolkit::getToolkit (244 bytes)
Event: 37.740 Thread 0x0000027b7eeac310 nmethod 5222 0x0000027b10348b88 code [0x0000027b10348ca0, 0x0000027b10348ed8]
Event: 41.241 Thread 0x0000027b7eeac310 5223       4       javafx.scene.Node::updateLocalToParentTransform (442 bytes)
Event: 41.250 Thread 0x0000027b7eeac310 nmethod 5223 0x0000027b10348f08 code [0x0000027b103491a0, 0x0000027b10349c40]
Event: 42.116 Thread 0x0000027b7eeac310 5228       4       jdk.internal.org.objectweb.asm.MethodWriter::visitVarInsn (302 bytes)
Event: 42.122 Thread 0x0000027b7eeac310 nmethod 5228 0x0000027b1034a988 code [0x0000027b1034aae0, 0x0000027b1034b020]
Event: 42.122 Thread 0x0000027b7eeac310 5230       4       jdk.internal.loader.URLClassPath::getResource (74 bytes)
Event: 42.166 Thread 0x0000027b7eeac310 nmethod 5230 0x0000027b1034b088 code [0x0000027b1034b560, 0x0000027b1034f7d0]
Event: 42.166 Thread 0x0000027b7eeac310 5229       4       jdk.internal.org.objectweb.asm.ByteVector::put122 (93 bytes)
Event: 42.167 Thread 0x0000027b7eeac310 nmethod 5229 0x0000027b1034fb08 code [0x0000027b1034fc20, 0x0000027b1034fe38]
Event: 42.361 Thread 0x0000027b7eeac310 5231       4       com.sun.javafx.scene.input.InputEventUtils::recomputeCoordinates (220 bytes)
Event: 42.373 Thread 0x0000027b7eeac310 nmethod 5231 0x0000027b1034fe88 code [0x0000027b103500c0, 0x0000027b10350c70]
Event: 43.158 Thread 0x0000027b7eebb230 5232       3       java.util.Collections$3::hasMoreElements (10 bytes)
Event: 43.158 Thread 0x0000027b7eebb230 nmethod 5232 0x0000027b08e92e88 code [0x0000027b08e92fa0, 0x0000027b08e93180]
Event: 43.158 Thread 0x0000027b7eebb230 5233       3       java.util.Collections$3::nextElement (10 bytes)
Event: 43.158 Thread 0x0000027b7eebb230 nmethod 5233 0x0000027b08e93208 code [0x0000027b08e93320, 0x0000027b08e93500]
Event: 43.158 Thread 0x0000027b7eeac310 5234       4       java.lang.invoke.MethodTypeForm::canonicalize (74 bytes)
Event: 43.160 Thread 0x0000027b7eebb230 5235       3       java.util.HashMap::values (25 bytes)
Event: 43.160 Thread 0x0000027b7eeac310 nmethod 5234 0x0000027b10350e88 code [0x0000027b10350f80, 0x0000027b10351058]
Event: 43.160 Thread 0x0000027b7eebb230 nmethod 5235 0x0000027b08e93588 code [0x0000027b08e936c0, 0x0000027b08e93a40]

GC Heap History (8 events):
Event: 0.591 GC heap before
{Heap before GC invocations=0 (full 0):
 garbage-first heap   total reserved 4114432K, committed 258048K, used 22528K [0x0000000704e00000, 0x0000000800000000)
  region size 2048K, 12 young (24576K), 0 survivors (0K)
 Metaspace       used 7709K, committed 7936K, reserved 1114112K
  class space    used 752K, committed 832K, reserved 1048576K
}
Event: 0.595 GC heap after
{Heap after GC invocations=1 (full 0):
 garbage-first heap   total reserved 4114432K, committed 258048K, used 6330K [0x0000000704e00000, 0x0000000800000000)
  region size 2048K, 2 young (4096K), 2 survivors (4096K)
 Metaspace       used 7709K, committed 7936K, reserved 1114112K
  class space    used 752K, committed 832K, reserved 1048576K
}
Event: 1.013 GC heap before
{Heap before GC invocations=1 (full 0):
 garbage-first heap   total reserved 4114432K, committed 258048K, used 30906K [0x0000000704e00000, 0x0000000800000000)
  region size 2048K, 12 young (24576K), 2 survivors (4096K)
 Metaspace       used 14202K, committed 14464K, reserved 1114112K
  class space    used 1723K, committed 1856K, reserved 1048576K
}
Event: 1.018 GC heap after
{Heap after GC invocations=2 (full 0):
 garbage-first heap   total reserved 4114432K, committed 258048K, used 15190K [0x0000000704e00000, 0x0000000800000000)
  region size 2048K, 2 young (4096K), 2 survivors (4096K)
 Metaspace       used 14202K, committed 14464K, reserved 1114112K
  class space    used 1723K, committed 1856K, reserved 1048576K
}
Event: 9.015 GC heap before
{Heap before GC invocations=2 (full 0):
 garbage-first heap   total reserved 4114432K, committed 258048K, used 41814K [0x0000000704e00000, 0x0000000800000000)
  region size 2048K, 15 young (30720K), 2 survivors (4096K)
 Metaspace       used 21257K, committed 21504K, reserved 1114112K
  class space    used 2769K, committed 2880K, reserved 1048576K
}
Event: 9.021 GC heap after
{Heap after GC invocations=3 (full 0):
 garbage-first heap   total reserved 4114432K, committed 258048K, used 21106K [0x0000000704e00000, 0x0000000800000000)
  region size 2048K, 4 young (8192K), 4 survivors (8192K)
 Metaspace       used 21257K, committed 21504K, reserved 1114112K
  class space    used 2769K, committed 2880K, reserved 1048576K
}
Event: 19.958 GC heap before
{Heap before GC invocations=4 (full 0):
 garbage-first heap   total reserved 4114432K, committed 75776K, used 72306K [0x0000000704e00000, 0x0000000800000000)
  region size 2048K, 21 young (43008K), 4 survivors (8192K)
 Metaspace       used 29396K, committed 29696K, reserved 1114112K
  class space    used 3889K, committed 4032K, reserved 1048576K
}
Event: 19.965 GC heap after
{Heap after GC invocations=5 (full 0):
 garbage-first heap   total reserved 4114432K, committed 90112K, used 30674K [0x0000000704e00000, 0x0000000800000000)
  region size 2048K, 5 young (10240K), 5 survivors (10240K)
 Metaspace       used 29396K, committed 29696K, reserved 1114112K
  class space    used 3889K, committed 4032K, reserved 1048576K
}

Dll operation events (20 events):
Event: 0.287 Loaded shared library C:\Users\admin\.openjfx\cache\17.0.8\api-ms-win-crt-multibyte-l1-1-0.dll
Event: 0.290 Loaded shared library C:\Users\admin\.openjfx\cache\17.0.8\api-ms-win-crt-private-l1-1-0.dll
Event: 0.291 Loaded shared library C:\Users\admin\.openjfx\cache\17.0.8\api-ms-win-crt-process-l1-1-0.dll
Event: 0.293 Loaded shared library C:\Users\admin\.openjfx\cache\17.0.8\api-ms-win-crt-runtime-l1-1-0.dll
Event: 0.295 Loaded shared library C:\Users\admin\.openjfx\cache\17.0.8\api-ms-win-crt-stdio-l1-1-0.dll
Event: 0.296 Loaded shared library C:\Users\admin\.openjfx\cache\17.0.8\api-ms-win-crt-string-l1-1-0.dll
Event: 0.298 Loaded shared library C:\Users\admin\.openjfx\cache\17.0.8\api-ms-win-crt-time-l1-1-0.dll
Event: 0.299 Loaded shared library C:\Users\admin\.openjfx\cache\17.0.8\api-ms-win-crt-utility-l1-1-0.dll
Event: 0.309 Loaded shared library C:\Users\admin\.openjfx\cache\17.0.8\ucrtbase.dll
Event: 0.311 Loaded shared library C:\Users\admin\.openjfx\cache\17.0.8\vcruntime140.dll
Event: 0.313 Loaded shared library C:\Users\admin\.openjfx\cache\17.0.8\vcruntime140_1.dll
Event: 0.318 Loaded shared library C:\Users\admin\.openjfx\cache\17.0.8\msvcp140.dll
Event: 0.321 Loaded shared library C:\Users\admin\.openjfx\cache\17.0.8\msvcp140_1.dll
Event: 0.326 Loaded shared library C:\Users\admin\.openjfx\cache\17.0.8\msvcp140_2.dll
Event: 0.355 Loaded shared library C:\Users\admin\.openjfx\cache\17.0.8\prism_d3d.dll
Event: 0.406 Loaded shared library C:\Users\admin\.openjfx\cache\17.0.8\glass.dll
Event: 0.574 Loaded shared library C:\Program Files\Java\jdk-23\bin\sunmscapi.dll
Event: 0.833 Loaded shared library C:\Users\admin\.openjfx\cache\17.0.8\javafx_font.dll
Event: 9.093 Loaded shared library C:\Program Files\Java\jdk-23\bin\prefs.dll
Event: 10.308 Loaded shared library C:\Users\admin\.openjfx\cache\17.0.8\javafx_iio.dll

Deoptimization events (20 events):
Event: 23.122 Thread 0x0000027b63c10760 Uncommon trap: trap_request=0xffffffde fr.pc=0x0000027b102c29a4 relative=0x0000000000000384
Event: 23.122 Thread 0x0000027b63c10760 Uncommon trap: reason=class_check action=maybe_recompile pc=0x0000027b102c29a4 method=javafx.scene.Node$MiscProperties.getClip()Ljavafx/scene/Node; @ 20 c2
Event: 23.122 Thread 0x0000027b63c10760 DEOPT PACKING pc=0x0000027b102c29a4 sp=0x00000081e80fa4d0
Event: 23.122 Thread 0x0000027b63c10760 DEOPT UNPACKING pc=0x0000027b0fbf4402 sp=0x00000081e80fa3c0 mode 2
Event: 23.145 Thread 0x0000027b63c10760 Uncommon trap: trap_request=0xffffffd6 fr.pc=0x0000027b10345604 relative=0x0000000000000624
Event: 23.145 Thread 0x0000027b63c10760 Uncommon trap: reason=array_check action=maybe_recompile pc=0x0000027b10345604 method=com.sun.javafx.event.EventDispatchChainImpl.prepend(Ljavafx/event/EventDispatcher;)Ljavafx/event/EventDispatchChain; @ 33 c2
Event: 23.145 Thread 0x0000027b63c10760 DEOPT PACKING pc=0x0000027b10345604 sp=0x00000081e80fab80
Event: 23.145 Thread 0x0000027b63c10760 DEOPT UNPACKING pc=0x0000027b0fbf4402 sp=0x00000081e80fab40 mode 2
Event: 23.145 Thread 0x0000027b63c10760 Uncommon trap: trap_request=0xffffffd6 fr.pc=0x0000027b10345604 relative=0x0000000000000624
Event: 23.145 Thread 0x0000027b63c10760 Uncommon trap: reason=array_check action=maybe_recompile pc=0x0000027b10345604 method=com.sun.javafx.event.EventDispatchChainImpl.prepend(Ljavafx/event/EventDispatcher;)Ljavafx/event/EventDispatchChain; @ 33 c2
Event: 23.145 Thread 0x0000027b63c10760 DEOPT PACKING pc=0x0000027b10345604 sp=0x00000081e80fab00
Event: 23.145 Thread 0x0000027b63c10760 DEOPT UNPACKING pc=0x0000027b0fbf4402 sp=0x00000081e80faac0 mode 2
Event: 23.145 Thread 0x0000027b63c10760 Uncommon trap: trap_request=0xffffffd6 fr.pc=0x0000027b10345604 relative=0x0000000000000624
Event: 23.145 Thread 0x0000027b63c10760 Uncommon trap: reason=array_check action=maybe_recompile pc=0x0000027b10345604 method=com.sun.javafx.event.EventDispatchChainImpl.prepend(Ljavafx/event/EventDispatcher;)Ljavafx/event/EventDispatchChain; @ 33 c2
Event: 23.145 Thread 0x0000027b63c10760 DEOPT PACKING pc=0x0000027b10345604 sp=0x00000081e80fab00
Event: 23.145 Thread 0x0000027b63c10760 DEOPT UNPACKING pc=0x0000027b0fbf4402 sp=0x00000081e80faac0 mode 2
Event: 23.145 Thread 0x0000027b63c10760 Uncommon trap: trap_request=0xffffffd6 fr.pc=0x0000027b10345604 relative=0x0000000000000624
Event: 23.145 Thread 0x0000027b63c10760 Uncommon trap: reason=array_check action=maybe_recompile pc=0x0000027b10345604 method=com.sun.javafx.event.EventDispatchChainImpl.prepend(Ljavafx/event/EventDispatcher;)Ljavafx/event/EventDispatchChain; @ 33 c2
Event: 23.145 Thread 0x0000027b63c10760 DEOPT PACKING pc=0x0000027b10345604 sp=0x00000081e80fab80
Event: 23.145 Thread 0x0000027b63c10760 DEOPT UNPACKING pc=0x0000027b0fbf4402 sp=0x00000081e80fab40 mode 2

Classes loaded (20 events):
Event: 10.655 Loading class sun/net/www/http/KeepAliveEntry
Event: 10.655 Loading class sun/net/www/http/KeepAliveEntry done
Event: 16.898 Loading class sun/net/ConnectionResetException
Event: 16.898 Loading class sun/net/ConnectionResetException done
Event: 16.899 Loading class javax/net/ssl/SSLHandshakeException
Event: 16.899 Loading class javax/net/ssl/SSLHandshakeException done
Event: 17.865 Loading class java/text/ParsePosition
Event: 17.865 Loading class java/text/ParsePosition done
Event: 17.865 Loading class java/time/format/DateTimeParseContext
Event: 17.865 Loading class java/time/format/DateTimeParseContext done
Event: 17.865 Loading class java/time/format/Parsed
Event: 17.865 Loading class java/time/format/Parsed done
Event: 25.655 Loading class sun/security/ssl/Alert
Event: 25.656 Loading class sun/security/ssl/Alert done
Event: 25.656 Loading class sun/security/ssl/Alert$AlertConsumer
Event: 25.657 Loading class sun/security/ssl/Alert$AlertConsumer done
Event: 25.657 Loading class sun/security/ssl/Alert$Level
Event: 25.657 Loading class sun/security/ssl/Alert$Level done
Event: 43.155 Loading class jdk/internal/misc/Signal$1
Event: 43.155 Loading class jdk/internal/misc/Signal$1 done

Classes unloaded (0 events):
No events

Classes redefined (0 events):
No events

Internal exceptions (20 events):
Event: 9.095 Thread 0x0000027b63c10760 Exception <a 'java/io/FileNotFoundException'{0x0000000708d11d30}> (0x0000000708d11d30) 
thrown [s\open\src\hotspot\share\prims\jni.cpp, line 520]
Event: 9.474 Thread 0x0000027b69890410 Exception <a 'java/lang/NoSuchMethodError'{0x00000007149bb3a0}: 'void java.lang.invoke.DelegatingMethodHandle$Holder.reinvoke_L(java.lang.Object, java.lang.Object, int)'> (0x00000007149bb3a0) 
thrown [s\open\src\hotspot\share\interpreter\linkResolver.cpp, line 796]
Event: 9.474 Thread 0x0000027b69890410 Exception <a 'java/lang/NoSuchMethodError'{0x00000007149c1cd0}: 'void java.lang.invoke.Invokers$Holder.invokeExact_MT(java.lang.Object, java.lang.Object, int, java.lang.Object)'> (0x00000007149c1cd0) 
thrown [s\open\src\hotspot\share\interpreter\linkResolver.cpp, line 796]
Event: 9.477 Thread 0x0000027b63c10760 Exception <a 'java/lang/NoSuchMethodError'{0x000000070854d8a0}: 'int java.lang.invoke.DirectMethodHandle$Holder.invokeVirtual(java.lang.Object, java.lang.Object)'> (0x000000070854d8a0) 
thrown [s\open\src\hotspot\share\interpreter\linkResolver.cpp, line 796]
Event: 9.482 Thread 0x0000027b698917c0 Exception <a 'java/lang/NoSuchMethodError'{0x000000070831cb68}: 'void java.lang.invoke.DirectMethodHandle$Holder.invokeStatic(java.lang.Object, int, java.lang.Object)'> (0x000000070831cb68) 
thrown [s\open\src\hotspot\share\interpreter\linkResolver.cpp, line 796]
Event: 9.700 Thread 0x0000027b63c10760 Exception <a 'java/lang/NoSuchMethodError'{0x0000000707e25af0}: 'java.lang.Object java.lang.invoke.DirectMethodHandle$Holder.invokeStaticInit(java.lang.Object, java.lang.Object, java.lang.Object)'> (0x0000000707e25af0) 
thrown [s\open\src\hotspot\share\interpreter\linkResolver.cpp, line 796]
Event: 9.725 Thread 0x0000027b697b01c0 Implicit null exception at 0x0000027b102608f4 to 0x0000027b10260b60
Event: 10.230 Thread 0x0000027b63c10760 Implicit null exception at 0x0000027b10245a68 to 0x0000027b102462f4
Event: 10.230 Thread 0x0000027b63c10760 Implicit null exception at 0x0000027b10245a68 to 0x0000027b102462f4
Event: 10.230 Thread 0x0000027b63c10760 Implicit null exception at 0x0000027b10245a68 to 0x0000027b102462f4
Event: 10.230 Thread 0x0000027b63c10760 Implicit null exception at 0x0000027b10245a68 to 0x0000027b102462f4
Event: 10.301 Thread 0x0000027b697b01c0 Exception <a 'java/lang/NoSuchMethodError'{0x0000000707b66df8}: 'void java.lang.invoke.DirectMethodHandle$Holder.invokeSpecial(java.lang.Object, java.lang.Object, int, int)'> (0x0000000707b66df8) 
thrown [s\open\src\hotspot\share\interpreter\linkResolver.cpp, line 796]
Event: 10.302 Thread 0x0000027b697b01c0 Exception <a 'java/lang/NoSuchMethodError'{0x0000000707b6caf8}: 'java.lang.Object java.lang.invoke.DirectMethodHandle$Holder.newInvokeSpecial(java.lang.Object, java.lang.Object, int, int)'> (0x0000000707b6caf8) 
thrown [s\open\src\hotspot\share\interpreter\linkResolver.cpp, line 796]
Event: 10.302 Thread 0x0000027b697b01c0 Exception <a 'java/lang/NoSuchMethodError'{0x0000000707b70b50}: 'java.lang.Object java.lang.invoke.DirectMethodHandle$Holder.invokeSpecial(java.lang.Object, java.lang.Object, java.lang.Object, int, int)'> (0x0000000707b70b50) 
thrown [s\open\src\hotspot\share\interpreter\linkResolver.cpp, line 796]
Event: 13.225 Thread 0x0000027b637f72c0 Exception <a 'java/lang/NoSuchMethodError'{0x0000000707603910}: 'java.lang.Object java.lang.invoke.DirectMethodHandle$Holder.invokeStaticInit(java.lang.Object, int)'> (0x0000000707603910) 
thrown [s\open\src\hotspot\share\interpreter\linkResolver.cpp, line 796]
Event: 16.898 Thread 0x0000027b697b01c0 Exception <a 'java/io/IOException'{0x0000000707403e90}> (0x0000000707403e90) 
thrown [s\open\src\hotspot\share\prims\jni.cpp, line 520]
Event: 19.912 Thread 0x0000027b63c10760 Exception <a 'java/lang/NoSuchMethodError'{0x0000000706e77cd8}: 'java.lang.Object java.lang.invoke.DirectMethodHandle$Holder.newInvokeSpecial(java.lang.Object, java.lang.Object, int, java.lang.Object, java.lang.Object)'> (0x0000000706e77cd8) 
thrown [s\open\src\hotspot\share\interpreter\linkResolver.cpp, line 796]
Event: 19.977 Thread 0x0000027b63c10760 Implicit null exception at 0x0000027b10298bd8 to 0x0000027b10299a20
Event: 22.110 Thread 0x0000027b63c10760 Exception <a 'java/lang/NoSuchMethodError'{0x0000000712894be8}: 'java.lang.Object java.lang.invoke.DirectMethodHandle$Holder.newInvokeSpecial(java.lang.Object, java.lang.Object, java.lang.Object, java.lang.Object, java.lang.Object, java.lang.Object)'> (0x0000000712894be8) 
thrown [s\open\src\hotspot\share\interpreter\linkResolver.cpp, line 796]
Event: 42.115 Thread 0x0000027b63c10760 Exception <a 'java/lang/NoSuchMethodError'{0x00000007129a7168}: 'java.lang.Object java.lang.invoke.DirectMethodHandle$Holder.newInvokeSpecial(java.lang.Object, java.lang.Object, java.lang.Object, double, double, double, double, int, int, int, int, int, int, int, int, int)'> (0x00000007129a7168) 
thrown [s\open\src\hotspot\share\interpreter\linkResolver.cpp, line 796]

VM Operations (20 events):
Event: 9.122 Executing VM operation: HandshakeAllThreads (Deoptimize) done
Event: 9.132 Executing VM operation: HandshakeAllThreads (Deoptimize)
Event: 9.132 Executing VM operation: HandshakeAllThreads (Deoptimize) done
Event: 9.196 Executing VM operation: HandshakeAllThreads (Deoptimize)
Event: 9.196 Executing VM operation: HandshakeAllThreads (Deoptimize) done
Event: 9.483 Executing VM operation: HandshakeAllThreads (Deoptimize)
Event: 9.483 Executing VM operation: HandshakeAllThreads (Deoptimize) done
Event: 9.699 Executing VM operation: HandshakeAllThreads (Deoptimize)
Event: 9.699 Executing VM operation: HandshakeAllThreads (Deoptimize) done
Event: 9.831 Executing VM operation: HandshakeAllThreads (Deoptimize)
Event: 9.831 Executing VM operation: HandshakeAllThreads (Deoptimize) done
Event: 10.655 Executing VM operation: HandshakeAllThreads (Deoptimize)
Event: 10.655 Executing VM operation: HandshakeAllThreads (Deoptimize) done
Event: 19.923 Executing VM operation: HandshakeAllThreads (Deoptimize)
Event: 19.923 Executing VM operation: HandshakeAllThreads (Deoptimize) done
Event: 19.958 Executing VM operation: G1CollectForAllocation (G1 Evacuation Pause)
Event: 19.965 Executing VM operation: G1CollectForAllocation (G1 Evacuation Pause) done
Event: 19.968 Executing VM operation: HandshakeAllThreads (Deoptimize)
Event: 19.968 Executing VM operation: HandshakeAllThreads (Deoptimize) done
Event: 43.163 Executing VM operation: Exit

Memory protections (0 events):
No events

Nmethod flushes (0 events):
No events

Events (20 events):
Event: 20.323 Thread 0x0000027b697b1c00 Thread exited: 0x0000027b697b1c00
Event: 20.335 Thread 0x0000027b7eebb230 Thread added: 0x0000027b6ccdb5c0
Event: 20.348 Thread 0x0000027b7eebb230 Thread added: 0x0000027b69793b90
Event: 20.617 Thread 0x0000027b69793b90 Thread exited: 0x0000027b69793b90
Event: 20.801 Thread 0x0000027b6ccdb5c0 Thread exited: 0x0000027b6ccdb5c0
Event: 21.475 Thread 0x0000027b63c10760 Thread added: 0x0000027b697b1c00
Event: 22.064 Thread 0x0000027b697b1c00 Thread exited: 0x0000027b697b1c00
Event: 22.126 Thread 0x0000027b7eebb230 Thread added: 0x0000027b69794260
Event: 23.122 Thread 0x0000027b69794260 Thread exited: 0x0000027b69794260
Event: 30.679 Thread 0x0000027b697af4a0 Thread exited: 0x0000027b697af4a0
Event: 34.116 Thread 0x0000027b697b0ee0 Thread added: 0x0000027b697b1c00
Event: 34.121 Thread 0x0000027b697b1c00 Thread exited: 0x0000027b697b1c00
Event: 43.155 Thread 0x0000027b7ee9c500 Thread added: 0x0000027b697b01c0
Event: 43.156 Thread 0x0000027b697b01c0 Thread added: 0x0000027b697af4a0
Event: 43.156 Thread 0x0000027b697b01c0 Thread added: 0x0000027b697b49f0
Event: 43.156 Thread 0x0000027b697b01c0 Thread added: 0x0000027b697b3640
Event: 43.158 Thread 0x0000027b697af4a0 Thread exited: 0x0000027b697af4a0
Event: 43.159 Thread 0x0000027b697b3640 Thread exited: 0x0000027b697b3640
Event: 43.162 Thread 0x0000027b697b49f0 Thread exited: 0x0000027b697b49f0
Event: 43.162 Thread 0x0000027b697b01c0 Before exit entered


Dynamic libraries:
0x00007ff685800000 - 0x00007ff685810000 	C:\Program Files\Java\jdk-23\bin\java.exe
0x00007ffbf1500000 - 0x00007ffbf1767000 	C:\WINDOWS\SYSTEM32\ntdll.dll
0x00007ffbef810000 - 0x00007ffbef8d9000 	C:\WINDOWS\System32\KERNEL32.DLL
0x00007ffbee9e0000 - 0x00007ffbeedcf000 	C:\WINDOWS\System32\KERNELBASE.dll
0x00007ffbee650000 - 0x00007ffbee79b000 	C:\WINDOWS\System32\ucrtbase.dll
0x00007ffbe8da0000 - 0x00007ffbe8db7000 	C:\Program Files\Java\jdk-23\bin\jli.dll
0x00007ffbe6bb0000 - 0x00007ffbe6bcb000 	C:\Program Files\Java\jdk-23\bin\VCRUNTIME140.dll
0x00007ffbf0fa0000 - 0x00007ffbf1165000 	C:\WINDOWS\System32\USER32.dll
0x00007ffbeede0000 - 0x00007ffbeee07000 	C:\WINDOWS\System32\win32u.dll
0x00007ffbf1490000 - 0x00007ffbf14bb000 	C:\WINDOWS\System32\GDI32.dll
0x00007ffbef0c0000 - 0x00007ffbef1ec000 	C:\WINDOWS\System32\gdi32full.dll
0x00007ffbef010000 - 0x00007ffbef0b3000 	C:\WINDOWS\System32\msvcp_win.dll
0x00007ffbd5220000 - 0x00007ffbd54b3000 	C:\WINDOWS\WinSxS\amd64_microsoft.windows.common-controls_6595b64144ccf1df_6.0.26100.7309_none_3e05feeae336a044\COMCTL32.dll
0x00007ffbf01c0000 - 0x00007ffbf0269000 	C:\WINDOWS\System32\msvcrt.dll
0x00007ffbf0180000 - 0x00007ffbf01b1000 	C:\WINDOWS\System32\IMM32.DLL
0x00007ffbe3f50000 - 0x00007ffbe3f5c000 	C:\Program Files\Java\jdk-23\bin\vcruntime140_1.dll
0x00007ffbd7e70000 - 0x00007ffbd7efe000 	C:\Program Files\Java\jdk-23\bin\msvcp140.dll
0x00007ffb414b0000 - 0x00007ffb421ff000 	C:\Program Files\Java\jdk-23\bin\server\jvm.dll
0x00007ffbf0ee0000 - 0x00007ffbf0f94000 	C:\WINDOWS\System32\ADVAPI32.dll
0x00007ffbf0720000 - 0x00007ffbf07c6000 	C:\WINDOWS\System32\sechost.dll
0x00007ffbf12f0000 - 0x00007ffbf1408000 	C:\WINDOWS\System32\RPCRT4.dll
0x00007ffbf1410000 - 0x00007ffbf1484000 	C:\WINDOWS\System32\WS2_32.dll
0x00007ffbebf00000 - 0x00007ffbebf35000 	C:\WINDOWS\SYSTEM32\WINMM.dll
0x00007ffbee4d0000 - 0x00007ffbee52e000 	C:\WINDOWS\SYSTEM32\POWRPROF.dll
0x00007ffbe44c0000 - 0x00007ffbe44cb000 	C:\WINDOWS\SYSTEM32\VERSION.dll
0x00007ffbee4b0000 - 0x00007ffbee4c4000 	C:\WINDOWS\SYSTEM32\UMPDC.dll
0x00007ffbed400000 - 0x00007ffbed41b000 	C:\WINDOWS\SYSTEM32\kernel.appcore.dll
0x00007ffbe3f40000 - 0x00007ffbe3f4a000 	C:\Program Files\Java\jdk-23\bin\jimage.dll
0x00007ffbebaa0000 - 0x00007ffbebce2000 	C:\WINDOWS\SYSTEM32\DBGHELP.DLL
0x00007ffbf0270000 - 0x00007ffbf05f5000 	C:\WINDOWS\System32\combase.dll
0x00007ffbf00a0000 - 0x00007ffbf0176000 	C:\WINDOWS\System32\OLEAUT32.dll
0x00007ffbebec0000 - 0x00007ffbebefc000 	C:\WINDOWS\SYSTEM32\dbgcore.DLL
0x00007ffbef1f0000 - 0x00007ffbef295000 	C:\WINDOWS\System32\bcryptPrimitives.dll
0x00007ffbe3f30000 - 0x00007ffbe3f3f000 	C:\Program Files\Java\jdk-23\bin\instrument.dll
0x00007ffbe3e90000 - 0x00007ffbe3eae000 	C:\Program Files\Java\jdk-23\bin\java.dll
0x00007ffbef3b0000 - 0x00007ffbef547000 	C:\WINDOWS\System32\ole32.dll
0x00007ffbef8f0000 - 0x00007ffbf0043000 	C:\WINDOWS\System32\SHELL32.dll
0x00007ffbeee10000 - 0x00007ffbeef7a000 	C:\WINDOWS\System32\wintypes.dll
0x00007ffbec220000 - 0x00007ffbeca7e000 	C:\WINDOWS\SYSTEM32\windows.storage.dll
0x00007ffbef2a0000 - 0x00007ffbef395000 	C:\WINDOWS\System32\SHCORE.dll
0x00007ffbf11d0000 - 0x00007ffbf1236000 	C:\WINDOWS\System32\shlwapi.dll
0x00007ffbee570000 - 0x00007ffbee599000 	C:\WINDOWS\SYSTEM32\profapi.dll
0x00007ffb934f0000 - 0x00007ffb935c7000 	C:\Program Files\Java\jdk-23\bin\jsvml.dll
0x00007ffbdbd30000 - 0x00007ffbdbd47000 	C:\Program Files\Java\jdk-23\bin\zip.dll
0x00007ffbe3f20000 - 0x00007ffbe3f30000 	C:\Program Files\Java\jdk-23\bin\net.dll
0x00007ffbed970000 - 0x00007ffbed9db000 	C:\WINDOWS\system32\mswsock.dll
0x00007ffbdbd50000 - 0x00007ffbdbd66000 	C:\Program Files\Java\jdk-23\bin\nio.dll
0x00007ffbdbeb0000 - 0x00007ffbdbeb9000 	C:\Program Files\Java\jdk-23\bin\extnet.dll
0x0000027b1d950000 - 0x0000027b1d953000 	C:\Users\admin\.openjfx\cache\17.0.8\api-ms-win-core-console-l1-1-0.dll
0x0000027b1d960000 - 0x0000027b1d963000 	C:\Users\admin\.openjfx\cache\17.0.8\api-ms-win-core-console-l1-2-0.dll
0x0000027b1d970000 - 0x0000027b1d973000 	C:\Users\admin\.openjfx\cache\17.0.8\api-ms-win-core-datetime-l1-1-0.dll
0x0000027b1d980000 - 0x0000027b1d983000 	C:\Users\admin\.openjfx\cache\17.0.8\api-ms-win-core-debug-l1-1-0.dll
0x0000027b1d990000 - 0x0000027b1d993000 	C:\Users\admin\.openjfx\cache\17.0.8\api-ms-win-core-errorhandling-l1-1-0.dll
0x0000027b1d9a0000 - 0x0000027b1d9a4000 	C:\Users\admin\.openjfx\cache\17.0.8\api-ms-win-core-file-l1-1-0.dll
0x0000027b1d9b0000 - 0x0000027b1d9b3000 	C:\Users\admin\.openjfx\cache\17.0.8\api-ms-win-core-file-l1-2-0.dll
0x0000027b1d9c0000 - 0x0000027b1d9c3000 	C:\Users\admin\.openjfx\cache\17.0.8\api-ms-win-core-file-l2-1-0.dll
0x0000027b1d9d0000 - 0x0000027b1d9d3000 	C:\Users\admin\.openjfx\cache\17.0.8\api-ms-win-core-handle-l1-1-0.dll
0x0000027b1d9e0000 - 0x0000027b1d9e3000 	C:\Users\admin\.openjfx\cache\17.0.8\api-ms-win-core-heap-l1-1-0.dll
0x0000027b1d9f0000 - 0x0000027b1d9f3000 	C:\Users\admin\.openjfx\cache\17.0.8\api-ms-win-core-interlocked-l1-1-0.dll
0x0000027b1da00000 - 0x0000027b1da03000 	C:\Users\admin\.openjfx\cache\17.0.8\api-ms-win-core-libraryloader-l1-1-0.dll
0x0000027b1da10000 - 0x0000027b1da13000 	C:\Users\admin\.openjfx\cache\17.0.8\api-ms-win-core-localization-l1-2-0.dll
0x0000027b1da20000 - 0x0000027b1da23000 	C:\Users\admin\.openjfx\cache\17.0.8\api-ms-win-core-memory-l1-1-0.dll
0x0000027b1da30000 - 0x0000027b1da33000 	C:\Users\admin\.openjfx\cache\17.0.8\api-ms-win-core-namedpipe-l1-1-0.dll
0x0000027b1da40000 - 0x0000027b1da43000 	C:\Users\admin\.openjfx\cache\17.0.8\api-ms-win-core-processenvironment-l1-1-0.dll
0x0000027b1da50000 - 0x0000027b1da53000 	C:\Users\admin\.openjfx\cache\17.0.8\api-ms-win-core-processthreads-l1-1-0.dll
0x0000027b1da60000 - 0x0000027b1da63000 	C:\Users\admin\.openjfx\cache\17.0.8\api-ms-win-core-processthreads-l1-1-1.dll
0x0000027b1da70000 - 0x0000027b1da73000 	C:\Users\admin\.openjfx\cache\17.0.8\api-ms-win-core-profile-l1-1-0.dll
0x0000027b1da80000 - 0x0000027b1da83000 	C:\Users\admin\.openjfx\cache\17.0.8\api-ms-win-core-rtlsupport-l1-1-0.dll
0x0000027b1da90000 - 0x0000027b1da93000 	C:\Users\admin\.openjfx\cache\17.0.8\api-ms-win-core-string-l1-1-0.dll
0x0000027b1daa0000 - 0x0000027b1daa3000 	C:\Users\admin\.openjfx\cache\17.0.8\api-ms-win-core-synch-l1-1-0.dll
0x0000027b1dab0000 - 0x0000027b1dab3000 	C:\Users\admin\.openjfx\cache\17.0.8\api-ms-win-core-synch-l1-2-0.dll
0x0000027b1dac0000 - 0x0000027b1dac3000 	C:\Users\admin\.openjfx\cache\17.0.8\api-ms-win-core-sysinfo-l1-1-0.dll
0x0000027b1dad0000 - 0x0000027b1dad3000 	C:\Users\admin\.openjfx\cache\17.0.8\api-ms-win-core-timezone-l1-1-0.dll
0x0000027b1dae0000 - 0x0000027b1dae3000 	C:\Users\admin\.openjfx\cache\17.0.8\api-ms-win-core-util-l1-1-0.dll
0x0000027b1daf0000 - 0x0000027b1daf3000 	C:\Users\admin\.openjfx\cache\17.0.8\api-ms-win-crt-conio-l1-1-0.dll
0x0000027b1db00000 - 0x0000027b1db04000 	C:\Users\admin\.openjfx\cache\17.0.8\api-ms-win-crt-convert-l1-1-0.dll
0x0000027b1db10000 - 0x0000027b1db13000 	C:\Users\admin\.openjfx\cache\17.0.8\api-ms-win-crt-environment-l1-1-0.dll
0x0000027b1db20000 - 0x0000027b1db23000 	C:\Users\admin\.openjfx\cache\17.0.8\api-ms-win-crt-filesystem-l1-1-0.dll
0x0000027b1db30000 - 0x0000027b1db33000 	C:\Users\admin\.openjfx\cache\17.0.8\api-ms-win-crt-heap-l1-1-0.dll
0x0000027b1db40000 - 0x0000027b1db43000 	C:\Users\admin\.openjfx\cache\17.0.8\api-ms-win-crt-locale-l1-1-0.dll
0x0000027b1db50000 - 0x0000027b1db55000 	C:\Users\admin\.openjfx\cache\17.0.8\api-ms-win-crt-math-l1-1-0.dll
0x0000027b1db60000 - 0x0000027b1db65000 	C:\Users\admin\.openjfx\cache\17.0.8\api-ms-win-crt-multibyte-l1-1-0.dll
0x0000027b1db70000 - 0x0000027b1db80000 	C:\Users\admin\.openjfx\cache\17.0.8\api-ms-win-crt-private-l1-1-0.dll
0x0000027b1db80000 - 0x0000027b1db83000 	C:\Users\admin\.openjfx\cache\17.0.8\api-ms-win-crt-process-l1-1-0.dll
0x0000027b1db90000 - 0x0000027b1db94000 	C:\Users\admin\.openjfx\cache\17.0.8\api-ms-win-crt-runtime-l1-1-0.dll
0x0000027b1dba0000 - 0x0000027b1dba4000 	C:\Users\admin\.openjfx\cache\17.0.8\api-ms-win-crt-stdio-l1-1-0.dll
0x0000027b1dbb0000 - 0x0000027b1dbb4000 	C:\Users\admin\.openjfx\cache\17.0.8\api-ms-win-crt-string-l1-1-0.dll
0x0000027b1dbc0000 - 0x0000027b1dbc3000 	C:\Users\admin\.openjfx\cache\17.0.8\api-ms-win-crt-time-l1-1-0.dll
0x0000027b1dbd0000 - 0x0000027b1dbd3000 	C:\Users\admin\.openjfx\cache\17.0.8\api-ms-win-crt-utility-l1-1-0.dll
0x00007ffb878c0000 - 0x00007ffb879bc000 	C:\Users\admin\.openjfx\cache\17.0.8\ucrtbase.dll
0x00007ffbdbd00000 - 0x00007ffbdbd1b000 	C:\Users\admin\.openjfx\cache\17.0.8\vcruntime140.dll
0x00007ffbdbcf0000 - 0x00007ffbdbcfc000 	C:\Users\admin\.openjfx\cache\17.0.8\vcruntime140_1.dll
0x00007ffbb3880000 - 0x00007ffbb390e000 	C:\Users\admin\.openjfx\cache\17.0.8\msvcp140.dll
0x00007ffbdbc80000 - 0x00007ffbdbc89000 	C:\Users\admin\.openjfx\cache\17.0.8\msvcp140_1.dll
0x00007ffbdbaa0000 - 0x00007ffbdbad0000 	C:\Users\admin\.openjfx\cache\17.0.8\msvcp140_2.dll
0x00007ffbd7e40000 - 0x00007ffbd7e6a000 	C:\Users\admin\.openjfx\cache\17.0.8\prism_d3d.dll
0x00007ffbd28e0000 - 0x00007ffbd2a93000 	C:\WINDOWS\system32\d3d9.dll
0x00007ffbeb6a0000 - 0x00007ffbeb6d0000 	C:\WINDOWS\SYSTEM32\dwmapi.dll
0x00007ffbeb2f0000 - 0x00007ffbeb334000 	C:\WINDOWS\SYSTEM32\dxcore.dll
0x00007ffbeb210000 - 0x00007ffbeb2bb000 	C:\WINDOWS\system32\uxtheme.dll
0x00007ffbeb440000 - 0x00007ffbeb57b000 	C:\WINDOWS\system32\dxgi.dll
0x00007ffbee190000 - 0x00007ffbee1e7000 	C:\WINDOWS\SYSTEM32\CFGMGR32.dll
0x00007ffbea050000 - 0x00007ffbea2b2000 	C:\WINDOWS\SYSTEM32\d3d11.dll
0x00007ffbe82b0000 - 0x00007ffbe8313000 	C:\WINDOWS\SYSTEM32\directxdatabasehelper.dll
0x00007ffbd5fe0000 - 0x00007ffbd6022000 	C:\Users\admin\.openjfx\cache\17.0.8\glass.dll
0x00007ffbf07d0000 - 0x00007ffbf08c0000 	C:\WINDOWS\System32\COMDLG32.dll
0x00007ffbf0d70000 - 0x00007ffbf0ece000 	C:\WINDOWS\System32\MSCTF.dll
0x00007ffbdbd20000 - 0x00007ffbdbd2e000 	C:\Program Files\Java\jdk-23\bin\sunmscapi.dll
0x00007ffbee860000 - 0x00007ffbee9d7000 	C:\WINDOWS\System32\CRYPT32.dll
0x00007ffbede50000 - 0x00007ffbede80000 	C:\WINDOWS\SYSTEM32\ncrypt.dll
0x00007ffbede00000 - 0x00007ffbede3f000 	C:\WINDOWS\SYSTEM32\NTASN1.dll
0x00007ffbedc30000 - 0x00007ffbedc4b000 	C:\WINDOWS\SYSTEM32\CRYPTSP.dll
0x00007ffbed340000 - 0x00007ffbed37a000 	C:\WINDOWS\system32\rsaenh.dll
0x00007ffbeda20000 - 0x00007ffbeda4b000 	C:\WINDOWS\SYSTEM32\USERENV.dll
0x00007ffbee540000 - 0x00007ffbee56a000 	C:\WINDOWS\SYSTEM32\bcrypt.dll
0x00007ffbedc50000 - 0x00007ffbedc5c000 	C:\WINDOWS\SYSTEM32\CRYPTBASE.dll
0x00007ffbece70000 - 0x00007ffbecea4000 	C:\WINDOWS\SYSTEM32\IPHLPAPI.DLL
0x00007ffbef3a0000 - 0x00007ffbef3aa000 	C:\WINDOWS\System32\NSI.dll
0x00007ffbdb700000 - 0x00007ffbdb714000 	C:\Users\admin\.openjfx\cache\17.0.8\javafx_font.dll
0x00007ffbe97a0000 - 0x00007ffbe9a07000 	C:\WINDOWS\SYSTEM32\dwrite.dll
0x00007ffbef550000 - 0x00007ffbef600000 	C:\WINDOWS\System32\clbcatq.dll
0x00007ffbe90d0000 - 0x00007ffbe9300000 	C:\WINDOWS\SYSTEM32\WindowsCodecs.dll
0x00007ffbc3aa0000 - 0x00007ffbc3afa000 	C:\WINDOWS\system32\dataexchange.dll
0x00007ffbe6640000 - 0x00007ffbe6884000 	C:\WINDOWS\system32\twinapi.appcore.dll
0x00007ffbd7310000 - 0x00007ffbd733c000 	C:\Program Files\Common Files\Microsoft Shared\Ink\rtscom.dll
0x00007ffbbaed0000 - 0x00007ffbbb018000 	C:\WINDOWS\SYSTEM32\textinputframework.dll
0x00007ffbea9f0000 - 0x00007ffbeab17000 	C:\WINDOWS\SYSTEM32\CoreMessaging.dll
0x00007ffbe6c30000 - 0x00007ffbe6f12000 	C:\WINDOWS\SYSTEM32\CoreUIComponents.dll

dbghelp: loaded successfully - version: 4.0.5 - missing functions: none
symbol engine: initialized successfully - sym options: 0x614 - pdb path: .;C:\Program Files\Java\jdk-23\bin;C:\WINDOWS\SYSTEM32;C:\WINDOWS\WinSxS\amd64_microsoft.windows.common-controls_6595b64144ccf1df_6.0.26100.7309_none_3e05feeae336a044;C:\Program Files\Java\jdk-23\bin\server;C:\Users\admin\.openjfx\cache\17.0.8;C:\WINDOWS\System32\DriverStore\FileRepository\iigd_dch.inf_amd64_d71a22cbbfee3077;C:\Program Files\Common Files\Microsoft Shared\Ink

VM Arguments:
jvm_args: -javaagent:C:\Program Files\JetBrains\IntelliJ IDEA Community Edition 2025.1.1.1\lib\idea_rt.jar=54687 -Dfile.encoding=UTF-8 -Dsun.stdout.encoding=UTF-8 -Dsun.stderr.encoding=UTF-8 
java_command: com.chatty.Launcher
java_class_path (initial): C:\Users\admin\intellj-workspace\RealtimeChatApp\desktop\target\classes;C:\Users\admin\.m2\repository\org\openjfx\javafx-controls\17.0.8\javafx-controls-17.0.8.jar;C:\Users\admin\.m2\repository\org\openjfx\javafx-controls\17.0.8\javafx-controls-17.0.8-win.jar;C:\Users\admin\.m2\repository\org\openjfx\javafx-graphics\17.0.8\javafx-graphics-17.0.8.jar;C:\Users\admin\.m2\repository\org\openjfx\javafx-graphics\17.0.8\javafx-graphics-17.0.8-win.jar;C:\Users\admin\.m2\repository\org\openjfx\javafx-base\17.0.8\javafx-base-17.0.8.jar;C:\Users\admin\.m2\repository\org\openjfx\javafx-base\17.0.8\javafx-base-17.0.8-win.jar;C:\Users\admin\.m2\repository\org\openjfx\javafx-fxml\17.0.8\javafx-fxml-17.0.8.jar;C:\Users\admin\.m2\repository\org\openjfx\javafx-fxml\17.0.8\javafx-fxml-17.0.8-win.jar;C:\Users\admin\.m2\repository\com\squareup\okhttp3\okhttp\4.12.0\okhttp-4.12.0.jar;C:\Users\admin\.m2\repository\com\squareup\okio\okio\3.6.0\okio-3.6.0.jar;C:\Users\admin\.m2\repository\com\squareup\okio\okio-jvm\3.6.0\okio-jvm-3.6.0.jar;C:\Users\admin\.m2\repository\org\jetbrains\kotlin\kotlin-stdlib-common\1.9.10\kotlin-stdlib-common-1.9.10.jar;C:\Users\admin\.m2\repository\org\jetbrains\kotlin\kotlin-stdlib-jdk8\1.8.21\kotlin-stdlib-jdk8-1.8.21.jar;C:\Users\admin\.m2\repository\org\jetbrains\kotlin\kotlin-stdlib\1.8.21\kotlin-stdlib-1.8.21.jar;C:\Users\admin\.m2\repository\org\jetbrains\annotations\13.0\annotations-13.0.jar;C:\Users\admin\.m2\repository\org\jetbrains\kotlin\kotlin-stdlib-jdk7\1.8.21\kotlin-stdlib-jdk7-1.8.21.jar;C:\Users\admin\.m2\repository\com\google\code\gson\gson\2.10.1\gson-2.10.1.jar;C:\Users\admin\.m2\repository\io\socket\socket.io-client\2.1.0\socket.io-client-2.1.0.jar;C:\Users\admin\.m2\repository\io\socket\engine.io-client\2.1.0\engine.io-client-2.1.0.jar;C:\Users\admin\.m2\repository\org\json\json\20090211\json-20090211.jar;C:\Users\admin\.m2\repository\org\kordamp\ikonli\ikonli-javafx\12.3.1\ikonli-javafx-12.3.1.jar;C:\Users\admin\.m2\repository\org\kordamp\ikonli\ikonli-core\12.3.1\ikonli-core-12.3.1.jar;C:\Users\admin\.m2\repository\org\kordamp\ikonli\ikonli-materialdesign2-pack\12.3.1\ikonli-materialdesign2-pack-12.3.1.jar
Launcher Type: SUN_STANDARD

[Global flags]
     intx CICompilerCount                          = 4                                         {product} {ergonomic}
     uint ConcGCThreads                            = 3                                         {product} {ergonomic}
     uint G1ConcRefinementThreads                  = 10                                        {product} {ergonomic}
   size_t G1HeapRegionSize                         = 2097152                                   {product} {ergonomic}
   size_t InitialHeapSize                          = 264241152                                 {product} {ergonomic}
   size_t MarkStackSize                            = 4194304                                   {product} {ergonomic}
   size_t MarkStackSizeMax                         = 536870912                                 {product} {ergonomic}
   size_t MaxHeapSize                              = 4213178368                                {product} {ergonomic}
   size_t MaxNewSize                               = 2527068160                                {product} {ergonomic}
   size_t MinHeapDeltaBytes                        = 2097152                                   {product} {ergonomic}
   size_t MinHeapSize                              = 8388608                                   {product} {ergonomic}
    uintx NonNMethodCodeHeapSize                   = 5832704                                {pd product} {ergonomic}
    uintx NonProfiledCodeHeapSize                  = 122945536                              {pd product} {ergonomic}
    uintx ProfiledCodeHeapSize                     = 122880000                              {pd product} {ergonomic}
    uintx ReservedCodeCacheSize                    = 251658240                              {pd product} {ergonomic}
     bool SegmentedCodeCache                       = true                                      {product} {ergonomic}
   size_t SoftMaxHeapSize                          = 4213178368                             {manageable} {ergonomic}
     bool UseCompressedOops                        = true                           {product lp64_product} {ergonomic}
     bool UseG1GC                                  = true                                      {product} {ergonomic}
     bool UseLargePagesIndividualAllocation        = false                                  {pd product} {ergonomic}

Logging:
Log output configuration:
 #0: stdout all=off uptime,level,tags foldmultilines=false
 #1: stderr all=off uptime,level,tags foldmultilines=false

Environment Variables:
JAVA_HOME=C:\Program Files\Java\jdk-23
PATH=C:\Program Files (x86)\VMware\VMware Workstation\bin\;C:\Program Files\Common Files\Oracle\Java\javapath;C:\WINDOWS\system32;C:\WINDOWS;C:\WINDOWS\System32\Wbem;C:\WINDOWS\System32\WindowsPowerShell\v1.0\;C:\WINDOWS\System32\OpenSSH\;C:\Program Files\dotnet\;C:\Program Files\Microsoft SQL Server\Client SDK\ODBC\170\Tools\Binn\;C:\Program Files (x86)\Microsoft SQL Server\150\Tools\Binn\;C:\Program Files\Microsoft SQL Server\150\Tools\Binn\;C:\Program Files\Microsoft SQL Server\150\DTS\Binn\;C:\Program Files (x86)\Microsoft SQL Server\160\DTS\Binn\;C:\Program Files\Java\jdk-23\bin;C:\Program Files\Git\cmd;C:\Program Files\php;C:\Program Files\Cloudflare\Cloudflare WARP\;C:\Program Files\Java\jdk-21\bin;C:\Program Files\nodejs\;C:\Program Files\Docker\Docker\resources\bin;C:\Users\admin\AppData\Local\Microsoft\WindowsApps;D:\Tools\Gradle\gradle-8.12.1\bin;C:\Users\admin\AppData\Local\Programs\Microsoft VS Code\bin;C:\Program Files\JetBrains\IntelliJ IDEA Community Edition 2025.1.1.1\bin;;C:\Program Files\php\php-8.4.7;E:\sqlite3;C:\Users\admin\AppData\Roaming\npm
USERNAME=admin
OS=Windows_NT
PROCESSOR_IDENTIFIER=Intel64 Family 6 Model 186 Stepping 3, GenuineIntel
TMP=C:\Users\admin\AppData\Local\Temp
TEMP=C:\Users\admin\AppData\Local\Temp




Periodic native trim disabled

---------------  S Y S T E M  ---------------

OS:
 Windows 11 , 64 bit Build 26100 (10.0.26100.7309)
OS uptime: 28 days 6:35 hours
Hyper-V role detected

CPU: total 12 (initial active 12) (6 cores per cpu, 2 threads per core) family 6 model 186 stepping 3 microcode 0x4128, cx8, cmov, fxsr, ht, mmx, 3dnowpref, sse, sse2, sse3, ssse3, sse4.1, sse4.2, popcnt, lzcnt, tsc, tscinvbit, avx, avx2, aes, erms, clmul, bmi1, bmi2, adx, sha, fma, vzeroupper, clflush, clflushopt, clwb, hv, serialize, rdtscp, rdpid, fsrm, gfni, f16c, cet_ibt, cet_ss
Processor Information for processor 0
  Max Mhz: 1700, Current Mhz: 1700, Mhz Limit: 1700
Processor Information for processor 1
  Max Mhz: 1700, Current Mhz: 1700, Mhz Limit: 1700
Processor Information for processor 2
  Max Mhz: 1700, Current Mhz: 1700, Mhz Limit: 1700
Processor Information for processor 3
  Max Mhz: 1700, Current Mhz: 1700, Mhz Limit: 1700
Processor Information for processor 4
  Max Mhz: 1700, Current Mhz: 1558, Mhz Limit: 1700
Processor Information for processor 5
  Max Mhz: 1700, Current Mhz: 1700, Mhz Limit: 1700
Processor Information for processor 6
  Max Mhz: 1700, Current Mhz: 1700, Mhz Limit: 1700
Processor Information for processor 7
  Max Mhz: 1700, Current Mhz: 1700, Mhz Limit: 1700
Processor Information for processor 8
  Max Mhz: 1700, Current Mhz: 1558, Mhz Limit: 1700
Processor Information for processor 9
  Max Mhz: 1700, Current Mhz: 1700, Mhz Limit: 1700
Processor Information for processor 10
  Max Mhz: 1700, Current Mhz: 1700, Mhz Limit: 1700
Processor Information for processor 11
  Max Mhz: 1700, Current Mhz: 1558, Mhz Limit: 1700

Memory: 4k page, system-wide physical 16068M (3565M free)
TotalPageFile size 32137M (AvailPageFile size 7757M)
current process WorkingSet (physical memory assigned to process): 303M, peak: 377M
current process commit charge ("private bytes"): 343M, peak: 512M

vm_info: Java HotSpot(TM) 64-Bit Server VM (23.0.1+11-39) for windows-amd64 JRE (23.0.1+11-39), built on 2024-09-30T07:20:43Z with MS VC++ 17.6 (VS2022)

END.
