#
# A fatal error has been detected by the Java Runtime Environment:
#
#  EXCEPTION_ACCESS_VIOLATION (0xc0000005) at pc=0x00007ffbd6006bd7, pid=20948, tid=29212
#
# JRE version: Java(TM) SE Runtime Environment (23.0.1+11) (build 23.0.1+11-39)
# Java VM: Java HotSpot(TM) 64-Bit Server VM (23.0.1+11-39, mixed mode, sharing, tiered, compressed oops, compressed class ptrs, g1 gc, windows-amd64)
# Problematic frame:
# C  [glass.dll+0x26bd7]
#
# No core dump will be written. Minidumps are not enabled by default on client versions of Windows
#
# If you would like to submit a bug report, please visit:
#   https://bugreport.java.com/bugreport/crash.jsp
#

---------------  S U M M A R Y ------------

Command Line: -javaagent:C:\Program Files\JetBrains\IntelliJ IDEA Community Edition 2025.1.1.1\lib\idea_rt.jar=51274 -Dfile.encoding=UTF-8 -Dsun.stdout.encoding=UTF-8 -Dsun.stderr.encoding=UTF-8 com.chatty.Launcher

Host: 13th Gen Intel(R) Core(TM) i7-1355U, 12 cores, 15G,  Windows 11 , 64 bit Build 26100 (10.0.26100.7309)
Time: Fri Jan  9 21:53:31 2026 SE Asia Standard Time elapsed time: 261.503971 seconds (0d 0h 4m 21s)

---------------  T H R E A D  ---------------

Current thread (0x0000013f33250910):  VMThread "VM Thread"          [id=29212, stack(0x00000034b4300000,0x00000034b4400000) (1024K)]

Stack: [0x00000034b4300000,0x00000034b4400000],  sp=0x00000034b43fedc0,  free space=1019k
Native frames: (J=compiled Java code, j=interpreted, Vv=VM code, C=native code)
C  [glass.dll+0x26bd7]  (no source info available)
C  [ucrtbase.dll+0x4bc75]  (no source info available)
C  [ucrtbase.dll+0x4b897]  (no source info available)
C  [ucrtbase.dll+0x4b84d]  (no source info available)
C  [glass.dll+0x2439d]  (no source info available)
C  [glass.dll+0x244c2]  (no source info available)
C  [ntdll.dll+0x15f86e]  (no source info available)
C  [ntdll.dll+0xbcae]  (no source info available)
C  [ntdll.dll+0x8d4af]  (no source info available)
C  [ntdll.dll+0x8c67e]  (no source info available)
C  [KERNEL32.DLL+0x418ab]  (no source info available)
C  [ucrtbase.dll+0xa0093]  (no source info available)
V  [jvm.dll+0x6d990c]  (no source info available)
V  [jvm.dll+0x6d9440]  (no source info available)
V  [jvm.dll+0x3da534]  (no source info available)
V  [jvm.dll+0x886720]  (no source info available)
V  [jvm.dll+0x887a47]  (no source info available)
V  [jvm.dll+0x887f78]  (no source info available)
V  [jvm.dll+0x888213]  (no source info available)
V  [jvm.dll+0x824f8b]  (no source info available)
V  [jvm.dll+0x6df065]  (no source info available)
C  [ucrtbase.dll+0x37b0]  (no source info available)
C  [KERNEL32.DLL+0x2e8d7]  (no source info available)
C  [ntdll.dll+0x8c53c]  (no source info available)


siginfo: EXCEPTION_ACCESS_VIOLATION (0xc0000005), reading address 0x0000000000000000


Registers:
RAX=0x0000000000000000, RBX=0x0000013f3325986a, RCX=0x0000013f33250910, RDX=0x00000034b43fedc0
RSP=0x00000034b43fedc0, RBP=0x0000a86e483a624e, RSI=0x0000013f79515588, RDI=0x0000013f79515560
R8 =0x0000000000010002, R9 =0x0000a86e483a624e, R10=0x0000013f115e0000, R11=0x0000013f7940b760
R12=0x0000000000000001, R13=0x00007ffbd6004510, R14=0x00000034b43feec8, R15=0x0000013f79515560
RIP=0x00007ffbd6006bd7, EFLAGS=0x0000000000010206


Register to memory mapping:

RAX=0x0 is null
RBX=0x0000013f3325986a is a global jni handle
RCX=0x0000013f33250910 points into unknown readable memory: 0x00007ffb41f4f688 | 88 f6 f4 41 fb 7f 00 00
RDX=0x00000034b43fedc0 points into unknown readable memory: 0x0000000000000000 | 00 00 00 00 00 00 00 00
RSP=0x00000034b43fedc0 points into unknown readable memory: 0x0000000000000000 | 00 00 00 00 00 00 00 00
RBP=0x0000a86e483a624e is an unknown value
RSI=0x0000013f79515588 points into unknown readable memory: 0x0000a86e483a624e | 4e 62 3a 48 6e a8 00 00
RDI=0x0000013f79515560 points into unknown readable memory: 0x1ffe5dee5830624e | 4e 62 30 58 ee 5d fe 1f
R8 =0x0000000000010002 is an unknown value
R9 =0x0000a86e483a624e is an unknown value
R10=0x0000013f115e0000 points into unknown readable memory: 0x0000000000000000 | 00 00 00 00 00 00 00 00
R11=0x0000013f7940b760 points into unknown readable memory: 0x0000013f791d5d80 | 80 5d 1d 79 3f 01 00 00
R12=0x0000000000000001 is an unknown value
R13=0x00007ffbd6004510 glass.dll
R14=0x00000034b43feec8 points into unknown readable memory: 0x00000034b43feeb0 | b0 ee 3f b4 34 00 00 00
R15=0x0000013f79515560 points into unknown readable memory: 0x1ffe5dee5830624e | 4e 62 30 58 ee 5d fe 1f

Top of Stack: (sp=0x00000034b43fedc0)
0x00000034b43fedc0:   0000000000000000 0000013f00000000
0x00000034b43fedd0:   0000013f795826e0 0000000000000001
0x00000034b43fede0:   0000013f79515568 00007ffbee69bc75
0x00000034b43fedf0:   0000013f79515560 0000013f00000000
0x00000034b43fee00:   0000013f79515580 0000a86e483a624e
0x00000034b43fee10:   fffffffffffffffe 00000034b43fee98
0x00000034b43fee20:   00007ffbd5fe0000 00007ffbd5fe0000
0x00000034b43fee30:   00000034b43feeb8 00007ffbee69b897
0x00000034b43fee40:   00000034b43fee00 00000034b43feec8
0x00000034b43fee50:   00000034b43ff1b0 00007ffbee7888c0
0x00000034b43fee60:   0000000000000001 00007ffbee69b84d
0x00000034b43fee70:   0000000000000000 0000000000000001
0x00000034b43fee80:   00007ffbee9bf230 00000034b43feeb8
0x00000034b43fee90:   fffffffffffffffe 00000034b43fee80
0x00000034b43feea0:   0000000000000000 00007ffbd600439d
0x00000034b43feeb0:   00007ffbd601a138 0000000000000002
0x00000034b43feec0:   0000000000000002 00000034b43feeb0
0x00000034b43feed0:   00007ffbee860000 00007ffbee860000
0x00000034b43feee0:   0000000000000000 00007ffbd60044c2
0x00000034b43feef0:   0000000000000001 00000034b43ff1b0
0x00000034b43fef00:   0000000000000001 00007ffbf150a6af
0x00000034b43fef10:   0000013f79c26640 00007ffbede50000
0x00000034b43fef20:   0000000000000001 0000000000000000
0x00000034b43fef30:   0000000000000000 000000007ffe0384
0x00000034b43fef40:   0000013f7923c590 00007ffbf165f86e
0x00000034b43fef50:   00007ffbd5fe0000 0000013f00000000
0x00000034b43fef60:   0000000000000001 000000007ffe0385
0x00000034b43fef70:   00007ffbd60075a0 00007ffbf150bcae
0x00000034b43fef80:   0000000000000000 0000000000000000
0x00000034b43fef90:   0000000000000000 0000000000000000
0x00000034b43fefa0:   0000000000000000 0000000000000000
0x00000034b43fefb0:   0000000000000000 0000000000000000 

Instructions: (pc=0x00007ffbd6006bd7)
0x00007ffbd6006ad7:   8b 4d 58 e8 71 cf ff ff 48 8b 4d 60 e8 68 cf ff
0x00007ffbd6006ae7:   ff 48 8b 95 80 00 00 00 48 8b 8d 18 01 00 00 e8
0x00007ffbd6006af7:   36 c4 ff ff 33 d2 33 c9 e8 bc e1 ff ff 90 48 89
0x00007ffbd6006b07:   54 24 10 55 48 83 ec 20 48 8b ea 48 b8 00 00 00
0x00007ffbd6006b17:   00 00 00 00 00 48 83 c4 20 5d c3 cc 40 55 48 8b
0x00007ffbd6006b27:   ea 48 8b 01 33 c9 81 38 05 00 00 c0 0f 94 c1 8b
0x00007ffbd6006b37:   c1 5d c3 cc 40 55 48 83 ec 20 48 8b ea 8a 4d 40
0x00007ffbd6006b47:   48 83 c4 20 5d e9 63 d3 ff ff cc 40 55 48 83 ec
0x00007ffbd6006b57:   20 48 8b ea 8a 4d 20 e8 51 d3 ff ff 90 48 83 c4
0x00007ffbd6006b67:   20 5d c3 cc 40 55 48 83 ec 20 48 8b ea 48 83 c4
0x00007ffbd6006b77:   20 5d e9 b2 d1 ff ff cc 40 55 48 83 ec 30 48 8b
0x00007ffbd6006b87:   ea 48 8b 01 8b 10 48 89 4c 24 28 89 54 24 20 4c
0x00007ffbd6006b97:   8d 0d 53 d6 ff ff 4c 8b 45 70 8b 55 68 48 8b 4d
0x00007ffbd6006ba7:   60 e8 f3 d0 ff ff 90 48 83 c4 30 5d c3 cc cc cc
0x00007ffbd6006bb7:   cc cc cc cc cc cc cc cc cc 40 53 48 83 ec 20 48
0x00007ffbd6006bc7:   8b 1d 63 2f 01 00 48 85 db 74 16 e8 49 8b ff ff
0x00007ffbd6006bd7:   4c 8b 00 48 8b d3 48 8b c8 41 ff 90 b0 00 00 00
0x00007ffbd6006be7:   90 48 83 c4 20 5b c3 cc cc 40 53 48 83 ec 20 48
0x00007ffbd6006bf7:   8b 1d db 30 01 00 48 85 db 74 57 b8 ff ff ff ff
0x00007ffbd6006c07:   f0 0f c1 43 10 83 f8 01 75 3d 48 85 db 74 38 48
0x00007ffbd6006c17:   8b 0b 48 85 c9 74 0d ff 15 84 06 00 00 48 c7 03
0x00007ffbd6006c27:   00 00 00 00 48 8b 4b 08 48 85 c9 74 0d e8 17 ce
0x00007ffbd6006c37:   ff ff 48 c7 43 08 00 00 00 00 ba 18 00 00 00 48
0x00007ffbd6006c47:   8b cb e8 02 ce ff ff 48 c7 05 7f 30 01 00 00 00
0x00007ffbd6006c57:   00 00 48 83 c4 20 5b c3 cc 40 53 48 83 ec 20 48
0x00007ffbd6006c67:   8b 1d 4b 30 01 00 48 85 db 74 57 b8 ff ff ff ff
0x00007ffbd6006c77:   f0 0f c1 43 10 83 f8 01 75 3d 48 85 db 74 38 48
0x00007ffbd6006c87:   8b 0b 48 85 c9 74 0d ff 15 14 06 00 00 48 c7 03
0x00007ffbd6006c97:   00 00 00 00 48 8b 4b 08 48 85 c9 74 0d e8 a7 cd
0x00007ffbd6006ca7:   ff ff 48 c7 43 08 00 00 00 00 ba 18 00 00 00 48
0x00007ffbd6006cb7:   8b cb e8 92 cd ff ff 48 c7 05 ef 2f 01 00 00 00
0x00007ffbd6006cc7:   00 00 48 83 c4 20 5b c3 cc 40 53 48 83 ec 20 48 


Stack slot to memory mapping:

stack at sp + 0 slots: 0x0 is null
stack at sp + 1 slots: 0x0000013f00000000 points into unknown readable memory: 0x0000000000000000 | 00 00 00 00 00 00 00 00
stack at sp + 2 slots: 0x0000013f795826e0 points into unknown readable memory: 0x0000013f79582e00 | 00 2e 58 79 3f 01 00 00
stack at sp + 3 slots: 0x0000000000000001 is an unknown value
stack at sp + 4 slots: 0x0000013f79515568 points into unknown readable memory: 0x0000a86e483a624e | 4e 62 3a 48 6e a8 00 00
stack at sp + 5 slots: 0x00007ffbee69bc75 ucrtbase.dll
stack at sp + 6 slots: 0x0000013f79515560 points into unknown readable memory: 0x1ffe5dee5830624e | 4e 62 30 58 ee 5d fe 1f
stack at sp + 7 slots: 0x0000013f00000000 points into unknown readable memory: 0x0000000000000000 | 00 00 00 00 00 00 00 00

VM_Operation (0x00000034b39ff000): Exit, mode: safepoint, requested by thread 0x0000013f3355aa80


---------------  P R O C E S S  ---------------

Threads class SMR info:
_java_thread_list=0x0000013f00e00650, length=25, elements={
0x0000013f1392dcc0, 0x0000013f33268ae0, 0x0000013f33269740, 0x0000013f3326c1b0,
0x0000013f3326ec20, 0x0000013f3326f680, 0x0000013f332700e0, 0x0000013f33270fa0,
0x0000013f332844c0, 0x0000013f33397910, 0x0000013f33684320, 0x0000013f33684990,
0x0000013f336ae020, 0x0000013f791593a0, 0x0000013f795a98c0, 0x0000013f795a37c0,
0x0000013f79b33ab0, 0x0000013f7a0998a0, 0x0000013f7a0977d0, 0x0000013f7a099210,
0x0000013f7a09a5c0, 0x0000013f7a097e60, 0x0000013f3355cb50, 0x0000013f3355be30,
0x0000013f3355aa80
}

Java Threads: ( => current thread )
  0x0000013f1392dcc0 JavaThread "main"                              [_thread_blocked, id=7388, stack(0x00000034b3c00000,0x00000034b3d00000) (1024K)]
  0x0000013f33268ae0 JavaThread "Reference Handler"          daemon [_thread_blocked, id=40280, stack(0x00000034b4400000,0x00000034b4500000) (1024K)]
  0x0000013f33269740 JavaThread "Finalizer"                  daemon [_thread_blocked, id=43404, stack(0x00000034b4500000,0x00000034b4600000) (1024K)]
  0x0000013f3326c1b0 JavaThread "Signal Dispatcher"          daemon [_thread_blocked, id=34680, stack(0x00000034b4600000,0x00000034b4700000) (1024K)]
  0x0000013f3326ec20 JavaThread "Attach Listener"            daemon [_thread_blocked, id=23544, stack(0x00000034b4700000,0x00000034b4800000) (1024K)]
  0x0000013f3326f680 JavaThread "Service Thread"             daemon [_thread_blocked, id=35688, stack(0x00000034b4800000,0x00000034b4900000) (1024K)]
  0x0000013f332700e0 JavaThread "Monitor Deflation Thread"   daemon [_thread_blocked, id=52664, stack(0x00000034b4900000,0x00000034b4a00000) (1024K)]
  0x0000013f33270fa0 JavaThread "C2 CompilerThread0"         daemon [_thread_blocked, id=31520, stack(0x00000034b4a00000,0x00000034b4b00000) (1024K)]
  0x0000013f332844c0 JavaThread "C1 CompilerThread0"         daemon [_thread_blocked, id=54132, stack(0x00000034b4b00000,0x00000034b4c00000) (1024K)]
  0x0000013f33397910 JavaThread "Common-Cleaner"             daemon [_thread_blocked, id=32188, stack(0x00000034b4c00000,0x00000034b4d00000) (1024K)]
  0x0000013f33684320 JavaThread "Monitor Ctrl-Break"         daemon [_thread_in_native, id=51872, stack(0x00000034b4e00000,0x00000034b4f00000) (1024K)]
  0x0000013f33684990 JavaThread "Notification Thread"        daemon [_thread_blocked, id=8548, stack(0x00000034b4f00000,0x00000034b5000000) (1024K)]
  0x0000013f336ae020 JavaThread "JavaFX-Launcher"                   [_thread_blocked, id=40972, stack(0x00000034b5000000,0x00000034b5100000) (1024K)]
  0x0000013f791593a0 JavaThread "QuantumRenderer-0"          daemon [_thread_blocked, id=41084, stack(0x00000034b5100000,0x00000034b5200000) (1024K)]
  0x0000013f795a98c0 JavaThread "InvokeLaterDispatcher"      daemon [_thread_blocked, id=15344, stack(0x00000034b5200000,0x00000034b5300000) (1024K)]
  0x0000013f795a37c0 JavaThread "JavaFX Application Thread"         [_thread_in_native, id=13420, stack(0x00000034b5300000,0x00000034b5400000) (1024K)]
  0x0000013f79b33ab0 JavaThread "Thread-2"                   daemon [_thread_in_native, id=21248, stack(0x00000034b6300000,0x00000034b6400000) (1024K)]
  0x0000013f7a0998a0 JavaThread "Prism Font Disposer"        daemon [_thread_blocked, id=46392, stack(0x00000034b6d00000,0x00000034b6e00000) (1024K)]
  0x0000013f7a0977d0 JavaThread "Cleaner-0"                  daemon [_thread_blocked, id=15384, stack(0x00000034b7300000,0x00000034b7400000) (1024K)]
  0x0000013f7a099210 JavaThread "OkHttp TaskRunner"          daemon [_thread_blocked, id=39208, stack(0x00000034b7400000,0x00000034b7500000) (1024K)]
  0x0000013f7a09a5c0 JavaThread "Okio Watchdog"              daemon [_thread_blocked, id=28944, stack(0x00000034b7500000,0x00000034b7600000) (1024K)]
  0x0000013f7a097e60 JavaThread "OkHttp TaskRunner"          daemon [_thread_blocked, id=52788, stack(0x00000034b7900000,0x00000034b7a00000) (1024K)]
  0x0000013f3355cb50 JavaThread "OkHttp http://localhost:3000/..."        [_thread_in_native, id=45668, stack(0x00000034b7e00000,0x00000034b7f00000) (1024K)]
  0x0000013f3355be30 JavaThread "engine.io-client.heartbeat-0" daemon [_thread_blocked, id=40372, stack(0x00000034b7c00000,0x00000034b7d00000) (1024K)]
  0x0000013f3355aa80 JavaThread "SIGINT handler"             daemon [_thread_blocked, id=32220, stack(0x00000034b3900000,0x00000034b3a00000) (1024K)]
Total: 25

Other Threads:
=>0x0000013f33250910 VMThread "VM Thread"                           [id=29212, stack(0x00000034b4300000,0x00000034b4400000) (1024K)]
  0x0000013f13995cc0 WorkerThread "GC Thread#0"                     [id=22784, stack(0x00000034b3d00000,0x00000034b3e00000) (1024K)]
  0x0000013f79c4f520 WorkerThread "GC Thread#1"                     [id=46800, stack(0x00000034b6400000,0x00000034b6500000) (1024K)]
  0x0000013f79cad7f0 WorkerThread "GC Thread#2"                     [id=9308, stack(0x00000034b6500000,0x00000034b6600000) (1024K)]
  0x0000013f79cadba0 WorkerThread "GC Thread#3"                     [id=17160, stack(0x00000034b6600000,0x00000034b6700000) (1024K)]
  0x0000013f79d3b350 WorkerThread "GC Thread#4"                     [id=54936, stack(0x00000034b6700000,0x00000034b6800000) (1024K)]
  0x0000013f79d5de10 WorkerThread "GC Thread#5"                     [id=38700, stack(0x00000034b6800000,0x00000034b6900000) (1024K)]
  0x0000013f79db2470 WorkerThread "GC Thread#6"                     [id=22484, stack(0x00000034b6900000,0x00000034b6a00000) (1024K)]
  0x0000013f79db2820 WorkerThread "GC Thread#7"                     [id=31168, stack(0x00000034b6a00000,0x00000034b6b00000) (1024K)]
  0x0000013f79dbff50 WorkerThread "GC Thread#8"                     [id=48060, stack(0x00000034b6b00000,0x00000034b6c00000) (1024K)]
  0x0000013f79ddd690 WorkerThread "GC Thread#9"                     [id=41960, stack(0x00000034b6c00000,0x00000034b6d00000) (1024K)]
  0x0000013f139aa6e0 ConcurrentGCThread "G1 Main Marker"            terminated
  0x0000013f139ab1f0 WorkerThread "G1 Conc#0"                       [id=44280, stack(0x00000034b3f00000,0x00000034b4000000) (1024K)]
  0x0000013f00005ac0 WorkerThread "G1 Conc#1"                       [id=37236, stack(0x00000034b4d00000,0x00000034b4e00000) (1024K)]
  0x0000013f000040f0 WorkerThread "G1 Conc#2"                       [id=41124, stack(0x00000034b7600000,0x00000034b7700000) (1024K)]
  0x0000013f331075d0 ConcurrentGCThread "G1 Refine#0"               terminated
  0x0000013f33107f60 ConcurrentGCThread "G1 Service"                terminated
Total: 17

Threads with active compile tasks:
Total: 0

VM state: at safepoint (shutting down)

VM Mutex/Monitor currently owned by a thread:  ([mutex/lock_event])
[0x00007ffb42123910] Threads_lock - owner thread: 0x0000013f33250910
[0x00007ffb42123a10] Heap_lock - owner thread: 0x0000013f3355aa80

Heap address: 0x0000000704e00000, size: 4018 MB, Compressed Oops mode: Zero based, Oop shift amount: 3

CDS archive(s) mapped at: [0x0000013f34000000-0x0000013f34d70000-0x0000013f34d70000), size 14090240, SharedBaseAddress: 0x0000013f34000000, ArchiveRelocationMode: 1.
Compressed class space mapped at: 0x0000013f35000000-0x0000013f75000000, reserved size: 1073741824
Narrow klass base: 0x0000013f34000000, Narrow klass shift: 0, Narrow klass range: 0x41000000

GC Precious Log:
 CardTable entry size: 512
 Card Set container configuration: InlinePtr #cards 4 size 8 Array Of Cards #cards 16 size 48 Howl #buckets 8 coarsen threshold 3686 Howl Bitmap #cards 512 size 80 coarsen threshold 460 Card regions per heap region 1 cards per card region 4096
 CPUs: 12 total, 12 available
 Memory: 16068M
 Large Page Support: Disabled
 NUMA Support: Disabled
 Compressed Oops: Enabled (Zero based)
 Heap Region Size: 2M
 Heap Min Capacity: 8M
 Heap Initial Capacity: 252M
 Heap Max Capacity: 4018M
 Pre-touch: Disabled
 Parallel Workers: 10
 Concurrent Workers: 3
 Concurrent Refinement Workers: 10
 Periodic GC: Disabled

Heap:
 garbage-first heap   total reserved 4114432K, committed 90112K, used 70327K [0x0000000704e00000, 0x0000000800000000)
  region size 2048K, 18 young (36864K), 5 survivors (10240K)
 Metaspace       used 30054K, committed 30400K, reserved 1114112K
  class space    used 3943K, committed 4096K, reserved 1048576K

Heap Regions: E=young(eden), S=young(survivor), O=old, HS=humongous(starts), HC=humongous(continues), CS=collection set, F=free, TAMS=top-at-mark-start, PB=parsable bottom
|   0|0x0000000704e00000, 0x0000000705000000, 0x0000000705000000|100%| O|Cm|TAMS 0x0000000704e00000| PB 0x0000000704e00000| Complete |  0
|   1|0x0000000705000000, 0x0000000705200000, 0x0000000705200000|100%|HS|  |TAMS 0x0000000705000000| PB 0x0000000705000000| Complete |  0
|   2|0x0000000705200000, 0x0000000705400000, 0x0000000705400000|100%|HC|  |TAMS 0x0000000705200000| PB 0x0000000705200000| Complete |  0
|   3|0x0000000705400000, 0x0000000705400000, 0x0000000705600000|  0%| F|  |TAMS 0x0000000705400000| PB 0x0000000705400000| Untracked |  0
|   4|0x0000000705600000, 0x0000000705800000, 0x0000000705800000|100%| O|  |TAMS 0x0000000705600000| PB 0x0000000705600000| Untracked |  1
|   5|0x0000000705800000, 0x00000007058aa380, 0x0000000705a00000| 33%| O|  |TAMS 0x0000000705800000| PB 0x0000000705800000| Untracked |  0
|   6|0x0000000705a00000, 0x0000000705c00000, 0x0000000705c00000|100%|HS|  |TAMS 0x0000000705a00000| PB 0x0000000705a00000| Complete |  0
|   7|0x0000000705c00000, 0x0000000705e00000, 0x0000000705e00000|100%|HS|  |TAMS 0x0000000705c00000| PB 0x0000000705c00000| Complete |  0
|   8|0x0000000705e00000, 0x0000000706000000, 0x0000000706000000|100%|HC|  |TAMS 0x0000000705e00000| PB 0x0000000705e00000| Complete |  0
|   9|0x0000000706000000, 0x0000000706200000, 0x0000000706200000|100%|HC|  |TAMS 0x0000000706000000| PB 0x0000000706000000| Complete |  0
|  10|0x0000000706200000, 0x0000000706400000, 0x0000000706400000|100%|HS|  |TAMS 0x0000000706200000| PB 0x0000000706200000| Complete |  0
|  11|0x0000000706400000, 0x0000000706600000, 0x0000000706600000|100%|HC|  |TAMS 0x0000000706400000| PB 0x0000000706400000| Complete |  0
|  12|0x0000000706600000, 0x0000000706800000, 0x0000000706800000|100%|HC|  |TAMS 0x0000000706600000| PB 0x0000000706600000| Complete |  0
|  13|0x0000000706800000, 0x0000000706800000, 0x0000000706a00000|  0%| F|  |TAMS 0x0000000706800000| PB 0x0000000706800000| Untracked |  0
|  14|0x0000000706a00000, 0x0000000706c00000, 0x0000000706c00000|100%|HS|  |TAMS 0x0000000706a00000| PB 0x0000000706a00000| Complete |  0
|  15|0x0000000706c00000, 0x0000000706e00000, 0x0000000706e00000|100%|HC|  |TAMS 0x0000000706c00000| PB 0x0000000706c00000| Complete |  0
|  16|0x0000000706e00000, 0x0000000707000000, 0x0000000707000000|100%|HS|  |TAMS 0x0000000706e00000| PB 0x0000000706e00000| Complete |  0
|  17|0x0000000707000000, 0x0000000707200000, 0x0000000707200000|100%|HC|  |TAMS 0x0000000707000000| PB 0x0000000707000000| Complete |  0
|  18|0x0000000707200000, 0x0000000707400000, 0x0000000707400000|100%|HC|  |TAMS 0x0000000707200000| PB 0x0000000707200000| Complete |  0
|  19|0x0000000707400000, 0x0000000707400000, 0x0000000707600000|  0%| F|  |TAMS 0x0000000707400000| PB 0x0000000707400000| Untracked |  0
|  20|0x0000000707600000, 0x0000000707600000, 0x0000000707800000|  0%| F|  |TAMS 0x0000000707600000| PB 0x0000000707600000| Untracked |  0
|  21|0x0000000707800000, 0x0000000707800000, 0x0000000707a00000|  0%| F|  |TAMS 0x0000000707800000| PB 0x0000000707800000| Untracked |  0
|  22|0x0000000707a00000, 0x0000000707a00000, 0x0000000707c00000|  0%| F|  |TAMS 0x0000000707a00000| PB 0x0000000707a00000| Untracked |  0
|  23|0x0000000707c00000, 0x0000000707c00000, 0x0000000707e00000|  0%| F|  |TAMS 0x0000000707c00000| PB 0x0000000707c00000| Untracked |  0
|  24|0x0000000707e00000, 0x0000000707f99aa8, 0x0000000708000000| 80%| E|  |TAMS 0x0000000707e00000| PB 0x0000000707e00000| Complete |  0
|  25|0x0000000708000000, 0x0000000708200000, 0x0000000708200000|100%| E|CS|TAMS 0x0000000708000000| PB 0x0000000708000000| Complete |  0
|  26|0x0000000708200000, 0x0000000708400000, 0x0000000708400000|100%| E|CS|TAMS 0x0000000708200000| PB 0x0000000708200000| Complete |  0
|  27|0x0000000708400000, 0x0000000708600000, 0x0000000708600000|100%| E|CS|TAMS 0x0000000708400000| PB 0x0000000708400000| Complete |  0
|  28|0x0000000708600000, 0x0000000708800000, 0x0000000708800000|100%| E|CS|TAMS 0x0000000708600000| PB 0x0000000708600000| Complete |  0
|  29|0x0000000708800000, 0x0000000708a00000, 0x0000000708a00000|100%| E|CS|TAMS 0x0000000708800000| PB 0x0000000708800000| Complete |  0
|  30|0x0000000708a00000, 0x0000000708c00000, 0x0000000708c00000|100%| E|CS|TAMS 0x0000000708a00000| PB 0x0000000708a00000| Complete |  0
|  31|0x0000000708c00000, 0x0000000708e00000, 0x0000000708e00000|100%| E|CS|TAMS 0x0000000708c00000| PB 0x0000000708c00000| Complete |  0
|  32|0x0000000708e00000, 0x0000000709000000, 0x0000000709000000|100%| S|CS|TAMS 0x0000000708e00000| PB 0x0000000708e00000| Complete |  0
|  33|0x0000000709000000, 0x0000000709200000, 0x0000000709200000|100%| S|CS|TAMS 0x0000000709000000| PB 0x0000000709000000| Complete |  0
|  34|0x0000000709200000, 0x0000000709400000, 0x0000000709400000|100%| S|CS|TAMS 0x0000000709200000| PB 0x0000000709200000| Complete |  0
|  35|0x0000000709400000, 0x0000000709600000, 0x0000000709600000|100%| S|CS|TAMS 0x0000000709400000| PB 0x0000000709400000| Complete |  0
|  36|0x0000000709600000, 0x00000007096a3188, 0x0000000709800000| 31%| S|CS|TAMS 0x0000000709600000| PB 0x0000000709600000| Complete |  0
| 108|0x0000000712600000, 0x0000000712800000, 0x0000000712800000|100%| E|CS|TAMS 0x0000000712600000| PB 0x0000000712600000| Complete |  0
| 109|0x0000000712800000, 0x0000000712a00000, 0x0000000712a00000|100%| E|CS|TAMS 0x0000000712800000| PB 0x0000000712800000| Complete |  0
| 110|0x0000000712a00000, 0x0000000712c00000, 0x0000000712c00000|100%| E|CS|TAMS 0x0000000712a00000| PB 0x0000000712a00000| Complete |  0
| 112|0x0000000712e00000, 0x0000000713000000, 0x0000000713000000|100%| E|CS|TAMS 0x0000000712e00000| PB 0x0000000712e00000| Complete |  0
| 125|0x0000000714800000, 0x0000000714a00000, 0x0000000714a00000|100%| E|CS|TAMS 0x0000000714800000| PB 0x0000000714800000| Complete |  0
|2007|0x00000007ffc00000, 0x00000007ffd60878, 0x00000007ffe00000| 68%| O|  |TAMS 0x00000007ffc00000| PB 0x00000007ffc00000| Untracked |  0
|2008|0x00000007ffe00000, 0x0000000800000000, 0x0000000800000000|100%| O|  |TAMS 0x00000007ffe00000| PB 0x00000007ffe00000| Untracked |  0

Card table byte_map: [0x0000013f2beb0000,0x0000013f2c690000] _byte_map_base: 0x0000013f28689000

Marking Bits: (CMBitMap*) 0x0000013f139963d0
 Bits: [0x0000013f2c690000, 0x0000013f30558000)

Polling page: 0x0000013f130f0000

Metaspace:

Usage:
  Non-class:     25.50 MB used.
      Class:      3.85 MB used.
       Both:     29.35 MB used.

Virtual space:
  Non-class space:       64.00 MB reserved,      25.69 MB ( 40%) committed,  1 nodes.
      Class space:        1.00 GB reserved,       4.00 MB ( <1%) committed,  1 nodes.
             Both:        1.06 GB reserved,      29.69 MB (  3%) committed. 

Chunk freelists:
   Non-Class:  5.61 MB
       Class:  12.03 MB
        Both:  17.64 MB

MaxMetaspaceSize: unlimited
CompressedClassSpaceSize: 1.00 GB
Initial GC threshold: 21.00 MB
Current GC threshold: 35.31 MB
CDS: on
 - commit_granule_bytes: 65536.
 - commit_granule_words: 8192.
 - virtual_space_node_default_size: 8388608.
 - enlarge_chunks_in_place: 1.
 - use_allocation_guard: 0.


Internal statistics:

num_allocs_failed_limit: 3.
num_arena_births: 306.
num_arena_deaths: 0.
num_vsnodes_births: 2.
num_vsnodes_deaths: 0.
num_space_committed: 475.
num_space_uncommitted: 0.
num_chunks_returned_to_freelist: 3.
num_chunks_taken_from_freelist: 1120.
num_chunk_merges: 3.
num_chunk_splits: 803.
num_chunks_enlarged: 636.
num_inconsistent_stats: 0.

CodeHeap 'non-profiled nmethods': size=120064Kb used=2438Kb max_used=2438Kb free=117625Kb
 bounds [0x0000013f23b20000, 0x0000013f23d90000, 0x0000013f2b060000]
CodeHeap 'profiled nmethods': size=120000Kb used=9411Kb max_used=9411Kb free=110588Kb
 bounds [0x0000013f1c060000, 0x0000013f1c9a0000, 0x0000013f23590000]
CodeHeap 'non-nmethods': size=5696Kb used=1935Kb max_used=1991Kb free=3761Kb
 bounds [0x0000013f23590000, 0x0000013f23800000, 0x0000013f23b20000]
CodeCache: size=245760Kb, used=13784Kb, max_used=13840Kb, free=231974Kb
 total_blobs=6681, nmethods=5735, adapters=849, full_count=0
Compilation: enabled, stopped_count=0, restarted_count=0

Compilation events (20 events):
Event: 158.637 Thread 0x0000013f332844c0 5726       1       java.util.concurrent.atomic.AtomicLong::get (5 bytes)
Event: 158.637 Thread 0x0000013f332844c0 nmethod 5726 0x0000013f23d80788 code [0x0000013f23d808a0, 0x0000013f23d80970]
Event: 158.638 Thread 0x0000013f332844c0 5727       1       okio.AsyncTimeout::access$setInQueue$p (6 bytes)
Event: 158.638 Thread 0x0000013f332844c0 nmethod 5727 0x0000013f23d80a88 code [0x0000013f23d80ba0, 0x0000013f23d80c50]
Event: 208.660 Thread 0x0000013f33270fa0 5728       4       java.lang.Math::max (12 bytes)
Event: 208.661 Thread 0x0000013f33270fa0 nmethod 5728 0x0000013f23d80d88 code [0x0000013f23d80e80, 0x0000013f23d80ef8]
Event: 233.671 Thread 0x0000013f332844c0 5729       3       java.util.ArrayList::remove (76 bytes)
Event: 233.672 Thread 0x0000013f332844c0 nmethod 5729 0x0000013f1c98fd08 code [0x0000013f1c98fe80, 0x0000013f1c990348]
Event: 233.673 Thread 0x0000013f332844c0 5730       1       okhttp3.internal.concurrent.Task::setNextExecuteNanoTime$okhttp (6 bytes)
Event: 233.673 Thread 0x0000013f332844c0 nmethod 5730 0x0000013f23d81088 code [0x0000013f23d811a0, 0x0000013f23d81268]
Event: 233.674 Thread 0x0000013f332844c0 5731       3       java.util.concurrent.TimeUnit::toNanos (45 bytes)
Event: 233.674 Thread 0x0000013f332844c0 nmethod 5731 0x0000013f1c990388 code [0x0000013f1c9904c0, 0x0000013f1c990708]
Event: 260.983 Thread 0x0000013f332844c0 5732       3       java.util.Collections$3::hasMoreElements (10 bytes)
Event: 260.983 Thread 0x0000013f332844c0 nmethod 5732 0x0000013f1c990788 code [0x0000013f1c9908a0, 0x0000013f1c990a80]
Event: 260.983 Thread 0x0000013f332844c0 5733       3       java.util.Collections$3::nextElement (10 bytes)
Event: 260.984 Thread 0x0000013f332844c0 nmethod 5733 0x0000013f1c990b08 code [0x0000013f1c990c20, 0x0000013f1c990e00]
Event: 260.985 Thread 0x0000013f33270fa0 5734       4       jdk.internal.org.objectweb.asm.ByteVector::put122 (93 bytes)
Event: 260.986 Thread 0x0000013f332844c0 5735       1       com.sun.prism.d3d.D3DContext::getResourceFactory (5 bytes)
Event: 260.986 Thread 0x0000013f332844c0 nmethod 5735 0x0000013f23d81388 code [0x0000013f23d814a0, 0x0000013f23d81570]
Event: 260.988 Thread 0x0000013f33270fa0 nmethod 5734 0x0000013f23d81688 code [0x0000013f23d817a0, 0x0000013f23d819b8]

GC Heap History (8 events):
Event: 0.559 GC heap before
{Heap before GC invocations=0 (full 0):
 garbage-first heap   total reserved 4114432K, committed 258048K, used 22528K [0x0000000704e00000, 0x0000000800000000)
  region size 2048K, 12 young (24576K), 0 survivors (0K)
 Metaspace       used 7350K, committed 7616K, reserved 1114112K
  class space    used 719K, committed 832K, reserved 1048576K
}
Event: 0.564 GC heap after
{Heap after GC invocations=1 (full 0):
 garbage-first heap   total reserved 4114432K, committed 258048K, used 5238K [0x0000000704e00000, 0x0000000800000000)
  region size 2048K, 2 young (4096K), 2 survivors (4096K)
 Metaspace       used 7350K, committed 7616K, reserved 1114112K
  class space    used 719K, committed 832K, reserved 1048576K
}
Event: 0.995 GC heap before
{Heap before GC invocations=1 (full 0):
 garbage-first heap   total reserved 4114432K, committed 258048K, used 33910K [0x0000000704e00000, 0x0000000800000000)
  region size 2048K, 13 young (26624K), 2 survivors (4096K)
 Metaspace       used 14691K, committed 14912K, reserved 1114112K
  class space    used 1813K, committed 1920K, reserved 1048576K
}
Event: 0.998 GC heap after
{Heap after GC invocations=2 (full 0):
 garbage-first heap   total reserved 4114432K, committed 258048K, used 14570K [0x0000000704e00000, 0x0000000800000000)
  region size 2048K, 2 young (4096K), 2 survivors (4096K)
 Metaspace       used 14691K, committed 14912K, reserved 1114112K
  class space    used 1813K, committed 1920K, reserved 1048576K
}
Event: 8.476 GC heap before
{Heap before GC invocations=2 (full 0):
 garbage-first heap   total reserved 4114432K, committed 258048K, used 39146K [0x0000000704e00000, 0x0000000800000000)
  region size 2048K, 14 young (28672K), 2 survivors (4096K)
 Metaspace       used 21286K, committed 21504K, reserved 1114112K
  class space    used 2786K, committed 2880K, reserved 1048576K
}
Event: 8.482 GC heap after
{Heap after GC invocations=3 (full 0):
 garbage-first heap   total reserved 4114432K, committed 258048K, used 20512K [0x0000000704e00000, 0x0000000800000000)
  region size 2048K, 4 young (8192K), 4 survivors (8192K)
 Metaspace       used 21286K, committed 21504K, reserved 1114112K
  class space    used 2786K, committed 2880K, reserved 1048576K
}
Event: 13.942 GC heap before
{Heap before GC invocations=4 (full 0):
 garbage-first heap   total reserved 4114432K, committed 75776K, used 73760K [0x0000000704e00000, 0x0000000800000000)
  region size 2048K, 21 young (43008K), 4 survivors (8192K)
 Metaspace       used 28538K, committed 28864K, reserved 1114112K
  class space    used 3744K, committed 3904K, reserved 1048576K
}
Event: 13.949 GC heap after
{Heap after GC invocations=5 (full 0):
 garbage-first heap   total reserved 4114432K, committed 90112K, used 29367K [0x0000000704e00000, 0x0000000800000000)
  region size 2048K, 5 young (10240K), 5 survivors (10240K)
 Metaspace       used 28538K, committed 28864K, reserved 1114112K
  class space    used 3744K, committed 3904K, reserved 1048576K
}

Dll operation events (20 events):
Event: 0.274 Loaded shared library C:\Users\admin\.openjfx\cache\17.0.8\api-ms-win-crt-multibyte-l1-1-0.dll
Event: 0.276 Loaded shared library C:\Users\admin\.openjfx\cache\17.0.8\api-ms-win-crt-private-l1-1-0.dll
Event: 0.277 Loaded shared library C:\Users\admin\.openjfx\cache\17.0.8\api-ms-win-crt-process-l1-1-0.dll
Event: 0.279 Loaded shared library C:\Users\admin\.openjfx\cache\17.0.8\api-ms-win-crt-runtime-l1-1-0.dll
Event: 0.281 Loaded shared library C:\Users\admin\.openjfx\cache\17.0.8\api-ms-win-crt-stdio-l1-1-0.dll
Event: 0.282 Loaded shared library C:\Users\admin\.openjfx\cache\17.0.8\api-ms-win-crt-string-l1-1-0.dll
Event: 0.284 Loaded shared library C:\Users\admin\.openjfx\cache\17.0.8\api-ms-win-crt-time-l1-1-0.dll
Event: 0.285 Loaded shared library C:\Users\admin\.openjfx\cache\17.0.8\api-ms-win-crt-utility-l1-1-0.dll
Event: 0.295 Loaded shared library C:\Users\admin\.openjfx\cache\17.0.8\ucrtbase.dll
Event: 0.297 Loaded shared library C:\Users\admin\.openjfx\cache\17.0.8\vcruntime140.dll
Event: 0.299 Loaded shared library C:\Users\admin\.openjfx\cache\17.0.8\vcruntime140_1.dll
Event: 0.304 Loaded shared library C:\Users\admin\.openjfx\cache\17.0.8\msvcp140.dll
Event: 0.306 Loaded shared library C:\Users\admin\.openjfx\cache\17.0.8\msvcp140_1.dll
Event: 0.309 Loaded shared library C:\Users\admin\.openjfx\cache\17.0.8\msvcp140_2.dll
Event: 0.342 Loaded shared library C:\Users\admin\.openjfx\cache\17.0.8\prism_d3d.dll
Event: 0.398 Loaded shared library C:\Users\admin\.openjfx\cache\17.0.8\glass.dll
Event: 0.551 Loaded shared library C:\Program Files\Java\jdk-23\bin\sunmscapi.dll
Event: 0.814 Loaded shared library C:\Users\admin\.openjfx\cache\17.0.8\javafx_font.dll
Event: 8.551 Loaded shared library C:\Program Files\Java\jdk-23\bin\prefs.dll
Event: 11.735 Loaded shared library C:\Users\admin\.openjfx\cache\17.0.8\javafx_iio.dll

Deoptimization events (20 events):
Event: 25.171 Thread 0x0000013f795a37c0 Uncommon trap: trap_request=0xffffff45 fr.pc=0x0000013f23b697c8 relative=0x0000000000000608
Event: 25.171 Thread 0x0000013f795a37c0 Uncommon trap: reason=unstable_if action=reinterpret pc=0x0000013f23b697c8 method=java.lang.String.substring(II)Ljava/lang/String; @ 31 c2
Event: 25.171 Thread 0x0000013f795a37c0 DEOPT PACKING pc=0x0000013f23b697c8 sp=0x00000034b53fc400
Event: 25.171 Thread 0x0000013f795a37c0 DEOPT UNPACKING pc=0x0000013f235e4402 sp=0x00000034b53fc3d0 mode 2
Event: 25.182 Thread 0x0000013f795a37c0 Uncommon trap: trap_request=0xffffff45 fr.pc=0x0000013f23c61d4c relative=0x0000000000001a8c
Event: 25.182 Thread 0x0000013f795a37c0 Uncommon trap: reason=unstable_if action=reinterpret pc=0x0000013f23c61d4c method=javafx.scene.CssStyleHelper.lookup(Ljavafx/css/Styleable;Ljavafx/css/CssMetaData;Lcom/sun/javafx/css/StyleMap;Ljava/util/Set;Ljavafx/css/Styleable;Lcom/sun/javafx/css/Calcul
Event: 25.182 Thread 0x0000013f795a37c0 DEOPT PACKING pc=0x0000013f23c61d4c sp=0x00000034b53fbe90
Event: 25.182 Thread 0x0000013f795a37c0 DEOPT UNPACKING pc=0x0000013f235e4402 sp=0x00000034b53fbe28 mode 2
Event: 25.200 Thread 0x0000013f795a37c0 Uncommon trap: trap_request=0xffffff45 fr.pc=0x0000013f23cd9154 relative=0x00000000000008d4
Event: 25.200 Thread 0x0000013f795a37c0 Uncommon trap: reason=unstable_if action=reinterpret pc=0x0000013f23cd9154 method=javafx.scene.Parent.getOrderedChildren()Ljava/util/List; @ 7 c2
Event: 25.200 Thread 0x0000013f795a37c0 DEOPT PACKING pc=0x0000013f23cd9154 sp=0x00000034b53fafb0
Event: 25.200 Thread 0x0000013f795a37c0 DEOPT UNPACKING pc=0x0000013f235e4402 sp=0x00000034b53fad00 mode 2
Event: 92.150 Thread 0x0000013f795a37c0 DEOPT PACKING pc=0x0000013f1c91f2cd sp=0x00000034b53fc100
Event: 92.150 Thread 0x0000013f795a37c0 DEOPT UNPACKING pc=0x0000013f235e4b22 sp=0x00000034b53fb548 mode 0
Event: 92.151 Thread 0x0000013f795a37c0 DEOPT PACKING pc=0x0000013f1c91ff67 sp=0x00000034b53fc100
Event: 92.151 Thread 0x0000013f795a37c0 DEOPT UNPACKING pc=0x0000013f235e4b22 sp=0x00000034b53fb548 mode 0
Event: 92.161 Thread 0x0000013f795a37c0 DEOPT PACKING pc=0x0000013f1c4af1c8 sp=0x00000034b53fbdb0
Event: 92.161 Thread 0x0000013f795a37c0 DEOPT UNPACKING pc=0x0000013f235e4b22 sp=0x00000034b53fb2a0 mode 0
Event: 92.161 Thread 0x0000013f795a37c0 DEOPT PACKING pc=0x0000013f1c54acbf sp=0x00000034b53fb4a0
Event: 92.161 Thread 0x0000013f795a37c0 DEOPT UNPACKING pc=0x0000013f235e4b22 sp=0x00000034b53fa900 mode 0

Classes loaded (20 events):
Event: 21.135 Loading class sun/security/ssl/PreSharedKeyExtension$CHPreSharedKeySpec
Event: 21.135 Loading class sun/security/ssl/PreSharedKeyExtension$CHPreSharedKeySpec done
Event: 21.135 Loading class sun/security/ssl/PreSharedKeyExtension$PartialClientHelloMessage
Event: 21.136 Loading class sun/security/ssl/PreSharedKeyExtension$PartialClientHelloMessage done
Event: 21.136 Loading class sun/security/ssl/SSLEngineOutputRecord
Event: 21.136 Loading class sun/security/ssl/SSLEngineOutputRecord done
Event: 21.136 Loading class sun/security/ssl/SSLEngineOutputRecord$HandshakeFragment
Event: 21.136 Loading class sun/security/ssl/SSLEngineOutputRecord$HandshakeFragment done
Event: 21.136 Loading class sun/security/ssl/SSLEngineOutputRecord$HandshakeMemo
Event: 21.136 Loading class sun/security/ssl/SSLEngineOutputRecord$RecordMemo
Event: 21.136 Loading class sun/security/ssl/SSLEngineOutputRecord$RecordMemo done
Event: 21.136 Loading class sun/security/ssl/SSLEngineOutputRecord$HandshakeMemo done
Event: 21.174 Loading class sun/security/ssl/PreSharedKeyExtension$SHPreSharedKeySpec
Event: 21.174 Loading class sun/security/ssl/PreSharedKeyExtension$SHPreSharedKeySpec done
Event: 89.747 Loading class sun/net/ConnectionResetException
Event: 89.747 Loading class sun/net/ConnectionResetException done
Event: 89.748 Loading class javax/net/ssl/SSLHandshakeException
Event: 89.748 Loading class javax/net/ssl/SSLHandshakeException done
Event: 260.980 Loading class jdk/internal/misc/Signal$1
Event: 260.980 Loading class jdk/internal/misc/Signal$1 done

Classes unloaded (0 events):
No events

Classes redefined (0 events):
No events

Internal exceptions (20 events):
Event: 8.554 Thread 0x0000013f795a37c0 Exception <a 'java/io/FileNotFoundException'{0x0000000708df50b0}> (0x0000000708df50b0) 
thrown [s\open\src\hotspot\share\prims\jni.cpp, line 520]
Event: 8.892 Thread 0x0000013f795a37c0 Exception <a 'java/lang/NoSuchMethodError'{0x000000070829a818}: 'int java.lang.invoke.DirectMethodHandle$Holder.invokeVirtual(java.lang.Object, java.lang.Object)'> (0x000000070829a818) 
thrown [s\open\src\hotspot\share\interpreter\linkResolver.cpp, line 796]
Event: 8.971 Thread 0x0000013f7a098b80 Exception <a 'java/lang/NoSuchMethodError'{0x0000000714944838}: 'void java.lang.invoke.DelegatingMethodHandle$Holder.reinvoke_L(java.lang.Object, java.lang.Object, int)'> (0x0000000714944838) 
thrown [s\open\src\hotspot\share\interpreter\linkResolver.cpp, line 796]
Event: 8.971 Thread 0x0000013f7a098b80 Exception <a 'java/lang/NoSuchMethodError'{0x000000071494b168}: 'void java.lang.invoke.Invokers$Holder.invokeExact_MT(java.lang.Object, java.lang.Object, int, java.lang.Object)'> (0x000000071494b168) 
thrown [s\open\src\hotspot\share\interpreter\linkResolver.cpp, line 796]
Event: 8.982 Thread 0x0000013f7a097140 Exception <a 'java/lang/NoSuchMethodError'{0x0000000708032c38}: 'void java.lang.invoke.DirectMethodHandle$Holder.invokeStatic(java.lang.Object, int, java.lang.Object)'> (0x0000000708032c38) 
thrown [s\open\src\hotspot\share\interpreter\linkResolver.cpp, line 796]
Event: 10.899 Thread 0x0000013f795a37c0 Exception <a 'java/lang/NoSuchMethodError'{0x0000000707cd3828}: 'java.lang.Object java.lang.invoke.DirectMethodHandle$Holder.invokeStaticInit(java.lang.Object, java.lang.Object, java.lang.Object)'> (0x0000000707cd3828) 
thrown [s\open\src\hotspot\share\interpreter\linkResolver.cpp, line 796]
Event: 10.905 Thread 0x0000013f335596d0 Implicit null exception at 0x0000013f23c559f4 to 0x0000013f23c55c68
Event: 11.729 Thread 0x0000013f3355d1e0 Exception <a 'java/lang/NoSuchMethodError'{0x00000007074ec170}: 'void java.lang.invoke.DirectMethodHandle$Holder.invokeSpecial(java.lang.Object, java.lang.Object, int, int)'> (0x00000007074ec170) 
thrown [s\open\src\hotspot\share\interpreter\linkResolver.cpp, line 796]
Event: 11.729 Thread 0x0000013f3355d1e0 Exception <a 'java/lang/NoSuchMethodError'{0x00000007074f1d50}: 'java.lang.Object java.lang.invoke.DirectMethodHandle$Holder.newInvokeSpecial(java.lang.Object, java.lang.Object, int, int)'> (0x00000007074f1d50) 
thrown [s\open\src\hotspot\share\interpreter\linkResolver.cpp, line 796]
Event: 11.730 Thread 0x0000013f3355d1e0 Exception <a 'java/lang/NoSuchMethodError'{0x00000007074f5cf8}: 'java.lang.Object java.lang.invoke.DirectMethodHandle$Holder.invokeSpecial(java.lang.Object, java.lang.Object, java.lang.Object, int, int)'> (0x00000007074f5cf8) 
thrown [s\open\src\hotspot\share\interpreter\linkResolver.cpp, line 796]
Event: 11.730 Thread 0x0000013f3355d1e0 Implicit null exception at 0x0000013f23c22341 to 0x0000013f23c22774
Event: 12.213 Thread 0x0000013f791593a0 Exception <a 'java/lang/NoSuchMethodError'{0x0000000708ab22b8}: 'java.lang.Object java.lang.invoke.DirectMethodHandle$Holder.invokeStaticInit(java.lang.Object, int)'> (0x0000000708ab22b8) 
thrown [s\open\src\hotspot\share\interpreter\linkResolver.cpp, line 796]
Event: 17.388 Thread 0x0000013f795a37c0 Exception <a 'java/lang/NoSuchMethodError'{0x00000007128287c0}: 'java.lang.Object java.lang.invoke.DirectMethodHandle$Holder.newInvokeSpecial(java.lang.Object, java.lang.Object, int, java.lang.Object, java.lang.Object)'> (0x00000007128287c0) 
thrown [s\open\src\hotspot\share\interpreter\linkResolver.cpp, line 796]
Event: 17.436 Thread 0x0000013f795a37c0 Implicit null exception at 0x0000013f23c30778 to 0x0000013f23c3113c
Event: 17.437 Thread 0x0000013f795a37c0 Implicit null exception at 0x0000013f23c83c32 to 0x0000013f23c8754c
Event: 17.437 Thread 0x0000013f795a37c0 Implicit null exception at 0x0000013f23c83c32 to 0x0000013f23c8754c
Event: 17.437 Thread 0x0000013f795a37c0 Implicit null exception at 0x0000013f23c83c32 to 0x0000013f23c8754c
Event: 17.438 Thread 0x0000013f795a37c0 Implicit null exception at 0x0000013f23c83c32 to 0x0000013f23c8754c
Event: 25.171 Thread 0x0000013f795a37c0 Exception <a 'java/lang/NoSuchMethodError'{0x00000007087aacf0}: 'java.lang.Object java.lang.invoke.DirectMethodHandle$Holder.newInvokeSpecial(java.lang.Object, java.lang.Object, java.lang.Object, java.lang.Object, java.lang.Object, java.lang.Object)'> (0x00000007087aacf0) 
thrown [s\open\src\hotspot\share\interpreter\linkResolver.cpp, line 796]
Event: 89.747 Thread 0x0000013f3355c4c0 Exception <a 'java/io/IOException'{0x0000000708247ac8}> (0x0000000708247ac8) 
thrown [s\open\src\hotspot\share\prims\jni.cpp, line 520]

VM Operations (20 events):
Event: 12.207 Executing VM operation: HandshakeAllThreads (Deoptimize) done
Event: 13.942 Executing VM operation: G1CollectForAllocation (G1 Evacuation Pause)
Event: 13.949 Executing VM operation: G1CollectForAllocation (G1 Evacuation Pause) done
Event: 17.399 Executing VM operation: HandshakeAllThreads (Deoptimize)
Event: 17.399 Executing VM operation: HandshakeAllThreads (Deoptimize) done
Event: 17.426 Executing VM operation: HandshakeAllThreads (Deoptimize)
Event: 17.426 Executing VM operation: HandshakeAllThreads (Deoptimize) done
Event: 60.171 Executing VM operation: HandshakeAllThreads (HandshakeForDeflation)
Event: 60.171 Executing VM operation: HandshakeAllThreads (HandshakeForDeflation) done
Event: 60.171 Executing VM operation: RendezvousGCThreads
Event: 60.171 Executing VM operation: RendezvousGCThreads done
Event: 120.334 Executing VM operation: HandshakeAllThreads (HandshakeForDeflation)
Event: 120.335 Executing VM operation: HandshakeAllThreads (HandshakeForDeflation) done
Event: 120.335 Executing VM operation: RendezvousGCThreads
Event: 120.335 Executing VM operation: RendezvousGCThreads done
Event: 240.654 Executing VM operation: HandshakeAllThreads (HandshakeForDeflation)
Event: 240.654 Executing VM operation: HandshakeAllThreads (HandshakeForDeflation) done
Event: 240.654 Executing VM operation: RendezvousGCThreads
Event: 240.654 Executing VM operation: RendezvousGCThreads done
Event: 260.988 Executing VM operation: Exit

Memory protections (0 events):
No events

Nmethod flushes (0 events):
No events

Events (20 events):
Event: 133.622 Thread 0x0000013f3355cb50 Thread added: 0x0000013f3355a3f0
Event: 133.624 Thread 0x0000013f3355a3f0 Thread exited: 0x0000013f3355a3f0
Event: 158.636 Thread 0x0000013f3355cb50 Thread added: 0x0000013f3355b110
Event: 158.637 Thread 0x0000013f3355b110 Thread exited: 0x0000013f3355b110
Event: 183.646 Thread 0x0000013f3355cb50 Thread added: 0x0000013f3355b110
Event: 183.647 Thread 0x0000013f3355b110 Thread exited: 0x0000013f3355b110
Event: 208.658 Thread 0x0000013f3355cb50 Thread added: 0x0000013f3355d870
Event: 208.660 Thread 0x0000013f3355d870 Thread exited: 0x0000013f3355d870
Event: 233.668 Thread 0x0000013f3355cb50 Thread added: 0x0000013f3355b7a0
Event: 233.674 Thread 0x0000013f3355b7a0 Thread exited: 0x0000013f3355b7a0
Event: 258.675 Thread 0x0000013f3355cb50 Thread added: 0x0000013f3355a3f0
Event: 258.676 Thread 0x0000013f3355a3f0 Thread exited: 0x0000013f3355a3f0
Event: 260.981 Thread 0x0000013f3326c1b0 Thread added: 0x0000013f3355aa80
Event: 260.982 Thread 0x0000013f3355aa80 Thread added: 0x0000013f3355d870
Event: 260.982 Thread 0x0000013f3355aa80 Thread added: 0x0000013f3355c4c0
Event: 260.982 Thread 0x0000013f3355aa80 Thread added: 0x0000013f3355a3f0
Event: 260.983 Thread 0x0000013f3355d870 Thread exited: 0x0000013f3355d870
Event: 260.985 Thread 0x0000013f3355a3f0 Thread exited: 0x0000013f3355a3f0
Event: 260.987 Thread 0x0000013f3355c4c0 Thread exited: 0x0000013f3355c4c0
Event: 260.987 Thread 0x0000013f3355aa80 Before exit entered


Dynamic libraries:
0x00007ff685800000 - 0x00007ff685810000 	C:\Program Files\Java\jdk-23\bin\java.exe
0x00007ffbf1500000 - 0x00007ffbf1767000 	C:\WINDOWS\SYSTEM32\ntdll.dll
0x00007ffbef810000 - 0x00007ffbef8d9000 	C:\WINDOWS\System32\KERNEL32.DLL
0x00007ffbee9e0000 - 0x00007ffbeedcf000 	C:\WINDOWS\System32\KERNELBASE.dll
0x00007ffbee650000 - 0x00007ffbee79b000 	C:\WINDOWS\System32\ucrtbase.dll
0x00007ffbdba90000 - 0x00007ffbdbaab000 	C:\Program Files\Java\jdk-23\bin\VCRUNTIME140.dll
0x00007ffbdbab0000 - 0x00007ffbdbac7000 	C:\Program Files\Java\jdk-23\bin\jli.dll
0x00007ffbf0fa0000 - 0x00007ffbf1165000 	C:\WINDOWS\System32\USER32.dll
0x00007ffbd5220000 - 0x00007ffbd54b3000 	C:\WINDOWS\WinSxS\amd64_microsoft.windows.common-controls_6595b64144ccf1df_6.0.26100.7309_none_3e05feeae336a044\COMCTL32.dll
0x00007ffbeede0000 - 0x00007ffbeee07000 	C:\WINDOWS\System32\win32u.dll
0x00007ffbf01c0000 - 0x00007ffbf0269000 	C:\WINDOWS\System32\msvcrt.dll
0x00007ffbf1490000 - 0x00007ffbf14bb000 	C:\WINDOWS\System32\GDI32.dll
0x00007ffbef0c0000 - 0x00007ffbef1ec000 	C:\WINDOWS\System32\gdi32full.dll
0x00007ffbef010000 - 0x00007ffbef0b3000 	C:\WINDOWS\System32\msvcp_win.dll
0x00007ffbf0180000 - 0x00007ffbf01b1000 	C:\WINDOWS\System32\IMM32.DLL
0x00007ffbdbc80000 - 0x00007ffbdbc8c000 	C:\Program Files\Java\jdk-23\bin\vcruntime140_1.dll
0x00007ffbb3880000 - 0x00007ffbb390e000 	C:\Program Files\Java\jdk-23\bin\msvcp140.dll
0x00007ffb414b0000 - 0x00007ffb421ff000 	C:\Program Files\Java\jdk-23\bin\server\jvm.dll
0x00007ffbf0ee0000 - 0x00007ffbf0f94000 	C:\WINDOWS\System32\ADVAPI32.dll
0x00007ffbf0720000 - 0x00007ffbf07c6000 	C:\WINDOWS\System32\sechost.dll
0x00007ffbf12f0000 - 0x00007ffbf1408000 	C:\WINDOWS\System32\RPCRT4.dll
0x00007ffbf1410000 - 0x00007ffbf1484000 	C:\WINDOWS\System32\WS2_32.dll
0x00007ffbee4d0000 - 0x00007ffbee52e000 	C:\WINDOWS\SYSTEM32\POWRPROF.dll
0x00007ffbebf00000 - 0x00007ffbebf35000 	C:\WINDOWS\SYSTEM32\WINMM.dll
0x00007ffbe44c0000 - 0x00007ffbe44cb000 	C:\WINDOWS\SYSTEM32\VERSION.dll
0x00007ffbee4b0000 - 0x00007ffbee4c4000 	C:\WINDOWS\SYSTEM32\UMPDC.dll
0x00007ffbed400000 - 0x00007ffbed41b000 	C:\WINDOWS\SYSTEM32\kernel.appcore.dll
0x00007ffbdbbf0000 - 0x00007ffbdbbfa000 	C:\Program Files\Java\jdk-23\bin\jimage.dll
0x00007ffbebaa0000 - 0x00007ffbebce2000 	C:\WINDOWS\SYSTEM32\DBGHELP.DLL
0x00007ffbf0270000 - 0x00007ffbf05f5000 	C:\WINDOWS\System32\combase.dll
0x00007ffbf00a0000 - 0x00007ffbf0176000 	C:\WINDOWS\System32\OLEAUT32.dll
0x00007ffbebec0000 - 0x00007ffbebefc000 	C:\WINDOWS\SYSTEM32\dbgcore.DLL
0x00007ffbef1f0000 - 0x00007ffbef295000 	C:\WINDOWS\System32\bcryptPrimitives.dll
0x00007ffbdb8b0000 - 0x00007ffbdb8bf000 	C:\Program Files\Java\jdk-23\bin\instrument.dll
0x00007ffbdb700000 - 0x00007ffbdb71e000 	C:\Program Files\Java\jdk-23\bin\java.dll
0x00007ffbef3b0000 - 0x00007ffbef547000 	C:\WINDOWS\System32\ole32.dll
0x00007ffbef8f0000 - 0x00007ffbf0043000 	C:\WINDOWS\System32\SHELL32.dll
0x00007ffbeee10000 - 0x00007ffbeef7a000 	C:\WINDOWS\System32\wintypes.dll
0x00007ffbec220000 - 0x00007ffbeca7e000 	C:\WINDOWS\SYSTEM32\windows.storage.dll
0x00007ffbef2a0000 - 0x00007ffbef395000 	C:\WINDOWS\System32\SHCORE.dll
0x00007ffbf11d0000 - 0x00007ffbf1236000 	C:\WINDOWS\System32\shlwapi.dll
0x00007ffbee570000 - 0x00007ffbee599000 	C:\WINDOWS\SYSTEM32\profapi.dll
0x00007ffb934f0000 - 0x00007ffb935c7000 	C:\Program Files\Java\jdk-23\bin\jsvml.dll
0x00007ffbd8b20000 - 0x00007ffbd8b37000 	C:\Program Files\Java\jdk-23\bin\zip.dll
0x00007ffbdb780000 - 0x00007ffbdb790000 	C:\Program Files\Java\jdk-23\bin\net.dll
0x00007ffbed970000 - 0x00007ffbed9db000 	C:\WINDOWS\system32\mswsock.dll
0x00007ffbdb2b0000 - 0x00007ffbdb2c6000 	C:\Program Files\Java\jdk-23\bin\nio.dll
0x00007ffbdb420000 - 0x00007ffbdb429000 	C:\Program Files\Java\jdk-23\bin\extnet.dll
0x0000013f138b0000 - 0x0000013f138b3000 	C:\Users\admin\.openjfx\cache\17.0.8\api-ms-win-core-console-l1-1-0.dll
0x0000013f138c0000 - 0x0000013f138c3000 	C:\Users\admin\.openjfx\cache\17.0.8\api-ms-win-core-console-l1-2-0.dll
0x0000013f138d0000 - 0x0000013f138d3000 	C:\Users\admin\.openjfx\cache\17.0.8\api-ms-win-core-datetime-l1-1-0.dll
0x0000013f138e0000 - 0x0000013f138e3000 	C:\Users\admin\.openjfx\cache\17.0.8\api-ms-win-core-debug-l1-1-0.dll
0x0000013f33ea0000 - 0x0000013f33ea3000 	C:\Users\admin\.openjfx\cache\17.0.8\api-ms-win-core-errorhandling-l1-1-0.dll
0x0000013f33eb0000 - 0x0000013f33eb4000 	C:\Users\admin\.openjfx\cache\17.0.8\api-ms-win-core-file-l1-1-0.dll
0x0000013f33ec0000 - 0x0000013f33ec3000 	C:\Users\admin\.openjfx\cache\17.0.8\api-ms-win-core-file-l1-2-0.dll
0x0000013f33ed0000 - 0x0000013f33ed3000 	C:\Users\admin\.openjfx\cache\17.0.8\api-ms-win-core-file-l2-1-0.dll
0x0000013f33ee0000 - 0x0000013f33ee3000 	C:\Users\admin\.openjfx\cache\17.0.8\api-ms-win-core-handle-l1-1-0.dll
0x0000013f33ef0000 - 0x0000013f33ef3000 	C:\Users\admin\.openjfx\cache\17.0.8\api-ms-win-core-heap-l1-1-0.dll
0x0000013f33f00000 - 0x0000013f33f03000 	C:\Users\admin\.openjfx\cache\17.0.8\api-ms-win-core-interlocked-l1-1-0.dll
0x0000013f33f10000 - 0x0000013f33f13000 	C:\Users\admin\.openjfx\cache\17.0.8\api-ms-win-core-libraryloader-l1-1-0.dll
0x0000013f33f20000 - 0x0000013f33f23000 	C:\Users\admin\.openjfx\cache\17.0.8\api-ms-win-core-localization-l1-2-0.dll
0x0000013f33f30000 - 0x0000013f33f33000 	C:\Users\admin\.openjfx\cache\17.0.8\api-ms-win-core-memory-l1-1-0.dll
0x0000013f33f40000 - 0x0000013f33f43000 	C:\Users\admin\.openjfx\cache\17.0.8\api-ms-win-core-namedpipe-l1-1-0.dll
0x0000013f33f50000 - 0x0000013f33f53000 	C:\Users\admin\.openjfx\cache\17.0.8\api-ms-win-core-processenvironment-l1-1-0.dll
0x0000013f33f60000 - 0x0000013f33f63000 	C:\Users\admin\.openjfx\cache\17.0.8\api-ms-win-core-processthreads-l1-1-0.dll
0x0000013f33f70000 - 0x0000013f33f73000 	C:\Users\admin\.openjfx\cache\17.0.8\api-ms-win-core-processthreads-l1-1-1.dll
0x0000013f33f80000 - 0x0000013f33f83000 	C:\Users\admin\.openjfx\cache\17.0.8\api-ms-win-core-profile-l1-1-0.dll
0x0000013f33f90000 - 0x0000013f33f93000 	C:\Users\admin\.openjfx\cache\17.0.8\api-ms-win-core-rtlsupport-l1-1-0.dll
0x0000013f33fa0000 - 0x0000013f33fa3000 	C:\Users\admin\.openjfx\cache\17.0.8\api-ms-win-core-string-l1-1-0.dll
0x0000013f33fb0000 - 0x0000013f33fb3000 	C:\Users\admin\.openjfx\cache\17.0.8\api-ms-win-core-synch-l1-1-0.dll
0x0000013f33fc0000 - 0x0000013f33fc3000 	C:\Users\admin\.openjfx\cache\17.0.8\api-ms-win-core-synch-l1-2-0.dll
0x0000013f33fd0000 - 0x0000013f33fd3000 	C:\Users\admin\.openjfx\cache\17.0.8\api-ms-win-core-sysinfo-l1-1-0.dll
0x0000013f33fe0000 - 0x0000013f33fe3000 	C:\Users\admin\.openjfx\cache\17.0.8\api-ms-win-core-timezone-l1-1-0.dll
0x0000013f33ff0000 - 0x0000013f33ff3000 	C:\Users\admin\.openjfx\cache\17.0.8\api-ms-win-core-util-l1-1-0.dll
0x0000013f79000000 - 0x0000013f79003000 	C:\Users\admin\.openjfx\cache\17.0.8\api-ms-win-crt-conio-l1-1-0.dll
0x0000013f79010000 - 0x0000013f79014000 	C:\Users\admin\.openjfx\cache\17.0.8\api-ms-win-crt-convert-l1-1-0.dll
0x0000013f79020000 - 0x0000013f79023000 	C:\Users\admin\.openjfx\cache\17.0.8\api-ms-win-crt-environment-l1-1-0.dll
0x0000013f79030000 - 0x0000013f79033000 	C:\Users\admin\.openjfx\cache\17.0.8\api-ms-win-crt-filesystem-l1-1-0.dll
0x0000013f79040000 - 0x0000013f79043000 	C:\Users\admin\.openjfx\cache\17.0.8\api-ms-win-crt-heap-l1-1-0.dll
0x0000013f79050000 - 0x0000013f79053000 	C:\Users\admin\.openjfx\cache\17.0.8\api-ms-win-crt-locale-l1-1-0.dll
0x0000013f79060000 - 0x0000013f79065000 	C:\Users\admin\.openjfx\cache\17.0.8\api-ms-win-crt-math-l1-1-0.dll
0x0000013f79070000 - 0x0000013f79075000 	C:\Users\admin\.openjfx\cache\17.0.8\api-ms-win-crt-multibyte-l1-1-0.dll
0x0000013f79080000 - 0x0000013f79090000 	C:\Users\admin\.openjfx\cache\17.0.8\api-ms-win-crt-private-l1-1-0.dll
0x0000013f79090000 - 0x0000013f79093000 	C:\Users\admin\.openjfx\cache\17.0.8\api-ms-win-crt-process-l1-1-0.dll
0x0000013f790a0000 - 0x0000013f790a4000 	C:\Users\admin\.openjfx\cache\17.0.8\api-ms-win-crt-runtime-l1-1-0.dll
0x0000013f790b0000 - 0x0000013f790b4000 	C:\Users\admin\.openjfx\cache\17.0.8\api-ms-win-crt-stdio-l1-1-0.dll
0x0000013f790c0000 - 0x0000013f790c4000 	C:\Users\admin\.openjfx\cache\17.0.8\api-ms-win-crt-string-l1-1-0.dll
0x0000013f790d0000 - 0x0000013f790d3000 	C:\Users\admin\.openjfx\cache\17.0.8\api-ms-win-crt-time-l1-1-0.dll
0x0000013f790e0000 - 0x0000013f790e3000 	C:\Users\admin\.openjfx\cache\17.0.8\api-ms-win-crt-utility-l1-1-0.dll
0x00007ffb61e70000 - 0x00007ffb61f6c000 	C:\Users\admin\.openjfx\cache\17.0.8\ucrtbase.dll
0x00007ffbd7410000 - 0x00007ffbd742b000 	C:\Users\admin\.openjfx\cache\17.0.8\vcruntime140.dll
0x00007ffbd8590000 - 0x00007ffbd859c000 	C:\Users\admin\.openjfx\cache\17.0.8\vcruntime140_1.dll
0x00007ffb789d0000 - 0x00007ffb78a5e000 	C:\Users\admin\.openjfx\cache\17.0.8\msvcp140.dll
0x00007ffbd7630000 - 0x00007ffbd7639000 	C:\Users\admin\.openjfx\cache\17.0.8\msvcp140_1.dll
0x00007ffbd7310000 - 0x00007ffbd7340000 	C:\Users\admin\.openjfx\cache\17.0.8\msvcp140_2.dll
0x00007ffbd61d0000 - 0x00007ffbd61fa000 	C:\Users\admin\.openjfx\cache\17.0.8\prism_d3d.dll
0x00007ffbd28e0000 - 0x00007ffbd2a93000 	C:\WINDOWS\system32\d3d9.dll
0x00007ffbeb6a0000 - 0x00007ffbeb6d0000 	C:\WINDOWS\SYSTEM32\dwmapi.dll
0x00007ffbeb2f0000 - 0x00007ffbeb334000 	C:\WINDOWS\SYSTEM32\dxcore.dll
0x00007ffbeb210000 - 0x00007ffbeb2bb000 	C:\WINDOWS\system32\uxtheme.dll
0x00007ffbeb440000 - 0x00007ffbeb57b000 	C:\WINDOWS\system32\dxgi.dll
0x00007ffbee190000 - 0x00007ffbee1e7000 	C:\WINDOWS\SYSTEM32\CFGMGR32.dll
0x00007ffbea050000 - 0x00007ffbea2b2000 	C:\WINDOWS\SYSTEM32\d3d11.dll
0x00007ffbe82b0000 - 0x00007ffbe8313000 	C:\WINDOWS\SYSTEM32\directxdatabasehelper.dll
0x00007ffbd5fe0000 - 0x00007ffbd6022000 	C:\Users\admin\.openjfx\cache\17.0.8\glass.dll
0x00007ffbf07d0000 - 0x00007ffbf08c0000 	C:\WINDOWS\System32\COMDLG32.dll
0x00007ffbf0d70000 - 0x00007ffbf0ece000 	C:\WINDOWS\System32\MSCTF.dll
0x00007ffbdb2f0000 - 0x00007ffbdb2fe000 	C:\Program Files\Java\jdk-23\bin\sunmscapi.dll
0x00007ffbee860000 - 0x00007ffbee9d7000 	C:\WINDOWS\System32\CRYPT32.dll
0x00007ffbede50000 - 0x00007ffbede80000 	C:\WINDOWS\SYSTEM32\ncrypt.dll
0x00007ffbede00000 - 0x00007ffbede3f000 	C:\WINDOWS\SYSTEM32\NTASN1.dll
0x00007ffbedc30000 - 0x00007ffbedc4b000 	C:\WINDOWS\SYSTEM32\CRYPTSP.dll
0x00007ffbed340000 - 0x00007ffbed37a000 	C:\WINDOWS\system32\rsaenh.dll
0x00007ffbeda20000 - 0x00007ffbeda4b000 	C:\WINDOWS\SYSTEM32\USERENV.dll
0x00007ffbee540000 - 0x00007ffbee56a000 	C:\WINDOWS\SYSTEM32\bcrypt.dll
0x00007ffbedc50000 - 0x00007ffbedc5c000 	C:\WINDOWS\SYSTEM32\CRYPTBASE.dll
0x00007ffbece70000 - 0x00007ffbecea4000 	C:\WINDOWS\SYSTEM32\IPHLPAPI.DLL
0x00007ffbef3a0000 - 0x00007ffbef3aa000 	C:\WINDOWS\System32\NSI.dll
0x00007ffbd5fc0000 - 0x00007ffbd5fd4000 	C:\Users\admin\.openjfx\cache\17.0.8\javafx_font.dll
0x00007ffbe97a0000 - 0x00007ffbe9a07000 	C:\WINDOWS\SYSTEM32\dwrite.dll
0x00007ffbef550000 - 0x00007ffbef600000 	C:\WINDOWS\System32\clbcatq.dll
0x00007ffbe90d0000 - 0x00007ffbe9300000 	C:\WINDOWS\SYSTEM32\WindowsCodecs.dll
0x00007ffbc3aa0000 - 0x00007ffbc3afa000 	C:\WINDOWS\system32\dataexchange.dll
0x00007ffbe6640000 - 0x00007ffbe6884000 	C:\WINDOWS\system32\twinapi.appcore.dll
0x00007ffbd5f60000 - 0x00007ffbd5f8c000 	C:\Program Files\Common Files\Microsoft Shared\Ink\rtscom.dll
0x00007ffbbaed0000 - 0x00007ffbbb018000 	C:\WINDOWS\SYSTEM32\textinputframework.dll
0x00007ffbea9f0000 - 0x00007ffbeab17000 	C:\WINDOWS\SYSTEM32\CoreMessaging.dll
0x00007ffbe6c30000 - 0x00007ffbe6f12000 	C:\WINDOWS\SYSTEM32\CoreUIComponents.dll

dbghelp: loaded successfully - version: 4.0.5 - missing functions: none
symbol engine: initialized successfully - sym options: 0x614 - pdb path: .;C:\Program Files\Java\jdk-23\bin;C:\WINDOWS\SYSTEM32;C:\WINDOWS\WinSxS\amd64_microsoft.windows.common-controls_6595b64144ccf1df_6.0.26100.7309_none_3e05feeae336a044;C:\Program Files\Java\jdk-23\bin\server;C:\Users\admin\.openjfx\cache\17.0.8;C:\WINDOWS\System32\DriverStore\FileRepository\iigd_dch.inf_amd64_d71a22cbbfee3077;C:\Program Files\Common Files\Microsoft Shared\Ink

VM Arguments:
jvm_args: -javaagent:C:\Program Files\JetBrains\IntelliJ IDEA Community Edition 2025.1.1.1\lib\idea_rt.jar=51274 -Dfile.encoding=UTF-8 -Dsun.stdout.encoding=UTF-8 -Dsun.stderr.encoding=UTF-8 
java_command: com.chatty.Launcher
java_class_path (initial): C:\Users\admin\intellj-workspace\RealtimeChatApp\desktop\target\classes;C:\Users\admin\.m2\repository\org\openjfx\javafx-controls\17.0.8\javafx-controls-17.0.8.jar;C:\Users\admin\.m2\repository\org\openjfx\javafx-controls\17.0.8\javafx-controls-17.0.8-win.jar;C:\Users\admin\.m2\repository\org\openjfx\javafx-graphics\17.0.8\javafx-graphics-17.0.8.jar;C:\Users\admin\.m2\repository\org\openjfx\javafx-graphics\17.0.8\javafx-graphics-17.0.8-win.jar;C:\Users\admin\.m2\repository\org\openjfx\javafx-base\17.0.8\javafx-base-17.0.8.jar;C:\Users\admin\.m2\repository\org\openjfx\javafx-base\17.0.8\javafx-base-17.0.8-win.jar;C:\Users\admin\.m2\repository\org\openjfx\javafx-fxml\17.0.8\javafx-fxml-17.0.8.jar;C:\Users\admin\.m2\repository\org\openjfx\javafx-fxml\17.0.8\javafx-fxml-17.0.8-win.jar;C:\Users\admin\.m2\repository\com\squareup\okhttp3\okhttp\4.12.0\okhttp-4.12.0.jar;C:\Users\admin\.m2\repository\com\squareup\okio\okio\3.6.0\okio-3.6.0.jar;C:\Users\admin\.m2\repository\com\squareup\okio\okio-jvm\3.6.0\okio-jvm-3.6.0.jar;C:\Users\admin\.m2\repository\org\jetbrains\kotlin\kotlin-stdlib-common\1.9.10\kotlin-stdlib-common-1.9.10.jar;C:\Users\admin\.m2\repository\org\jetbrains\kotlin\kotlin-stdlib-jdk8\1.8.21\kotlin-stdlib-jdk8-1.8.21.jar;C:\Users\admin\.m2\repository\org\jetbrains\kotlin\kotlin-stdlib\1.8.21\kotlin-stdlib-1.8.21.jar;C:\Users\admin\.m2\repository\org\jetbrains\annotations\13.0\annotations-13.0.jar;C:\Users\admin\.m2\repository\org\jetbrains\kotlin\kotlin-stdlib-jdk7\1.8.21\kotlin-stdlib-jdk7-1.8.21.jar;C:\Users\admin\.m2\repository\com\google\code\gson\gson\2.10.1\gson-2.10.1.jar;C:\Users\admin\.m2\repository\io\socket\socket.io-client\2.1.0\socket.io-client-2.1.0.jar;C:\Users\admin\.m2\repository\io\socket\engine.io-client\2.1.0\engine.io-client-2.1.0.jar;C:\Users\admin\.m2\repository\org\json\json\20090211\json-20090211.jar;C:\Users\admin\.m2\repository\org\kordamp\ikonli\ikonli-javafx\12.3.1\ikonli-javafx-12.3.1.jar;C:\Users\admin\.m2\repository\org\kordamp\ikonli\ikonli-core\12.3.1\ikonli-core-12.3.1.jar;C:\Users\admin\.m2\repository\org\kordamp\ikonli\ikonli-materialdesign2-pack\12.3.1\ikonli-materialdesign2-pack-12.3.1.jar
Launcher Type: SUN_STANDARD

[Global flags]
     intx CICompilerCount                          = 4                                         {product} {ergonomic}
     uint ConcGCThreads                            = 3                                         {product} {ergonomic}
     uint G1ConcRefinementThreads                  = 10                                        {product} {ergonomic}
   size_t G1HeapRegionSize                         = 2097152                                   {product} {ergonomic}
   size_t InitialHeapSize                          = 264241152                                 {product} {ergonomic}
   size_t MarkStackSize                            = 4194304                                   {product} {ergonomic}
   size_t MarkStackSizeMax                         = 536870912                                 {product} {ergonomic}
   size_t MaxHeapSize                              = 4213178368                                {product} {ergonomic}
   size_t MaxNewSize                               = 2527068160                                {product} {ergonomic}
   size_t MinHeapDeltaBytes                        = 2097152                                   {product} {ergonomic}
   size_t MinHeapSize                              = 8388608                                   {product} {ergonomic}
    uintx NonNMethodCodeHeapSize                   = 5832704                                {pd product} {ergonomic}
    uintx NonProfiledCodeHeapSize                  = 122945536                              {pd product} {ergonomic}
    uintx ProfiledCodeHeapSize                     = 122880000                              {pd product} {ergonomic}
    uintx ReservedCodeCacheSize                    = 251658240                              {pd product} {ergonomic}
     bool SegmentedCodeCache                       = true                                      {product} {ergonomic}
   size_t SoftMaxHeapSize                          = 4213178368                             {manageable} {ergonomic}
     bool UseCompressedOops                        = true                           {product lp64_product} {ergonomic}
     bool UseG1GC                                  = true                                      {product} {ergonomic}
     bool UseLargePagesIndividualAllocation        = false                                  {pd product} {ergonomic}

Logging:
Log output configuration:
 #0: stdout all=off uptime,level,tags foldmultilines=false
 #1: stderr all=off uptime,level,tags foldmultilines=false

Environment Variables:
JAVA_HOME=C:\Program Files\Java\jdk-23
PATH=C:\Program Files (x86)\VMware\VMware Workstation\bin\;C:\Program Files\Common Files\Oracle\Java\javapath;C:\WINDOWS\system32;C:\WINDOWS;C:\WINDOWS\System32\Wbem;C:\WINDOWS\System32\WindowsPowerShell\v1.0\;C:\WINDOWS\System32\OpenSSH\;C:\Program Files\dotnet\;C:\Program Files\Microsoft SQL Server\Client SDK\ODBC\170\Tools\Binn\;C:\Program Files (x86)\Microsoft SQL Server\150\Tools\Binn\;C:\Program Files\Microsoft SQL Server\150\Tools\Binn\;C:\Program Files\Microsoft SQL Server\150\DTS\Binn\;C:\Program Files (x86)\Microsoft SQL Server\160\DTS\Binn\;C:\Program Files\Java\jdk-23\bin;C:\Program Files\Git\cmd;C:\Program Files\php;C:\Program Files\Cloudflare\Cloudflare WARP\;C:\Program Files\Java\jdk-21\bin;C:\Program Files\nodejs\;C:\Program Files\Docker\Docker\resources\bin;C:\Users\admin\AppData\Local\Microsoft\WindowsApps;D:\Tools\Gradle\gradle-8.12.1\bin;C:\Users\admin\AppData\Local\Programs\Microsoft VS Code\bin;C:\Program Files\JetBrains\IntelliJ IDEA Community Edition 2025.1.1.1\bin;;C:\Program Files\php\php-8.4.7;E:\sqlite3;C:\Users\admin\AppData\Roaming\npm
USERNAME=admin
OS=Windows_NT
PROCESSOR_IDENTIFIER=Intel64 Family 6 Model 186 Stepping 3, GenuineIntel
TMP=C:\Users\admin\AppData\Local\Temp
TEMP=C:\Users\admin\AppData\Local\Temp




Periodic native trim disabled

---------------  S Y S T E M  ---------------

OS:
 Windows 11 , 64 bit Build 26100 (10.0.26100.7309)
OS uptime: 28 days 6:31 hours
Hyper-V role detected

CPU: total 12 (initial active 12) (6 cores per cpu, 2 threads per core) family 6 model 186 stepping 3 microcode 0x4128, cx8, cmov, fxsr, ht, mmx, 3dnowpref, sse, sse2, sse3, ssse3, sse4.1, sse4.2, popcnt, lzcnt, tsc, tscinvbit, avx, avx2, aes, erms, clmul, bmi1, bmi2, adx, sha, fma, vzeroupper, clflush, clflushopt, clwb, hv, serialize, rdtscp, rdpid, fsrm, gfni, f16c, cet_ibt, cet_ss
Processor Information for processor 0
  Max Mhz: 1700, Current Mhz: 1700, Mhz Limit: 1700
Processor Information for processor 1
  Max Mhz: 1700, Current Mhz: 1700, Mhz Limit: 1700
Processor Information for processor 2
  Max Mhz: 1700, Current Mhz: 1700, Mhz Limit: 1700
Processor Information for processor 3
  Max Mhz: 1700, Current Mhz: 1700, Mhz Limit: 1700
Processor Information for processor 4
  Max Mhz: 1700, Current Mhz: 1558, Mhz Limit: 1700
Processor Information for processor 5
  Max Mhz: 1700, Current Mhz: 1700, Mhz Limit: 1700
Processor Information for processor 6
  Max Mhz: 1700, Current Mhz: 1700, Mhz Limit: 1700
Processor Information for processor 7
  Max Mhz: 1700, Current Mhz: 1700, Mhz Limit: 1700
Processor Information for processor 8
  Max Mhz: 1700, Current Mhz: 1700, Mhz Limit: 1700
Processor Information for processor 9
  Max Mhz: 1700, Current Mhz: 1700, Mhz Limit: 1700
Processor Information for processor 10
  Max Mhz: 1700, Current Mhz: 1558, Mhz Limit: 1700
Processor Information for processor 11
  Max Mhz: 1700, Current Mhz: 1700, Mhz Limit: 1700

Memory: 4k page, system-wide physical 16068M (3431M free)
TotalPageFile size 32137M (AvailPageFile size 7621M)
current process WorkingSet (physical memory assigned to process): 301M, peak: 392M
current process commit charge ("private bytes"): 339M, peak: 509M

vm_info: Java HotSpot(TM) 64-Bit Server VM (23.0.1+11-39) for windows-amd64 JRE (23.0.1+11-39), built on 2024-09-30T07:20:43Z with MS VC++ 17.6 (VS2022)

END.
