#
# A fatal error has been detected by the Java Runtime Environment:
#
#  EXCEPTION_ACCESS_VIOLATION (0xc0000005) at pc=0x00007ffbd6006bd7, pid=18508, tid=9408
#
# JRE version: Java(TM) SE Runtime Environment (23.0.1+11) (build 23.0.1+11-39)
# Java VM: Java HotSpot(TM) 64-Bit Server VM (23.0.1+11-39, mixed mode, sharing, tiered, compressed oops, compressed class ptrs, g1 gc, windows-amd64)
# Problematic frame:
# C  [glass.dll+0x26bd7]
#
# No core dump will be written. Minidumps are not enabled by default on client versions of Windows
#
# If you would like to submit a bug report, please visit:
#   https://bugreport.java.com/bugreport/crash.jsp
#

---------------  S U M M A R Y ------------

Command Line: -javaagent:C:\Program Files\JetBrains\IntelliJ IDEA Community Edition 2025.1.1.1\lib\idea_rt.jar=59054 -Dfile.encoding=UTF-8 -Dsun.stdout.encoding=UTF-8 -Dsun.stderr.encoding=UTF-8 com.chatty.Launcher

Host: 13th Gen Intel(R) Core(TM) i7-1355U, 12 cores, 15G,  Windows 11 , 64 bit Build 26100 (10.0.26100.7309)
Time: Fri Jan  9 22:40:05 2026 SE Asia Standard Time elapsed time: 142.728719 seconds (0d 0h 2m 22s)

---------------  T H R E A D  ---------------

Current thread (0x0000011bff3944d0):  VMThread "VM Thread"          [id=9408, stack(0x000000195fa00000,0x000000195fb00000) (1024K)]

Stack: [0x000000195fa00000,0x000000195fb00000],  sp=0x000000195fafee10,  free space=1019k
Native frames: (J=compiled Java code, j=interpreted, Vv=VM code, C=native code)
C  [glass.dll+0x26bd7]  (no source info available)
C  [ucrtbase.dll+0x4bc75]  (no source info available)
C  [ucrtbase.dll+0x4b897]  (no source info available)
C  [ucrtbase.dll+0x4b84d]  (no source info available)
C  [glass.dll+0x2439d]  (no source info available)
C  [glass.dll+0x244c2]  (no source info available)
C  [ntdll.dll+0x15f86e]  (no source info available)
C  [ntdll.dll+0xbcae]  (no source info available)
C  [ntdll.dll+0x8d4af]  (no source info available)
C  [ntdll.dll+0x8c67e]  (no source info available)
C  [KERNEL32.DLL+0x418ab]  (no source info available)
C  [ucrtbase.dll+0xa0093]  (no source info available)
V  [jvm.dll+0x6d990c]  (no source info available)
V  [jvm.dll+0x6d9440]  (no source info available)
V  [jvm.dll+0x3da534]  (no source info available)
V  [jvm.dll+0x886720]  (no source info available)
V  [jvm.dll+0x887a47]  (no source info available)
V  [jvm.dll+0x887f78]  (no source info available)
V  [jvm.dll+0x888213]  (no source info available)
V  [jvm.dll+0x824f8b]  (no source info available)
V  [jvm.dll+0x6df065]  (no source info available)
C  [ucrtbase.dll+0x37b0]  (no source info available)
C  [KERNEL32.DLL+0x2e8d7]  (no source info available)
C  [ntdll.dll+0x8c53c]  (no source info available)


siginfo: EXCEPTION_ACCESS_VIOLATION (0xc0000005), reading address 0x0000000000000000


Registers:
RAX=0x0000000000000000, RBX=0x0000011bff39d092, RCX=0x0000011bff3944d0, RDX=0x000000195fafee10
RSP=0x000000195fafee10, RBP=0x0000c2e36562f80a, RSI=0x0000011bd729e1e8, RDI=0x0000011bd729e1c0
R8 =0x0000000000010002, R9 =0x0000c2e36562f80a, R10=0x0000011bee610000, R11=0x000000195fafeef8
R12=0x0000000000000001, R13=0x00007ffbd6004510, R14=0x000000195fafef18, R15=0x0000011bd729e1c0
RIP=0x00007ffbd6006bd7, EFLAGS=0x0000000000010202


Register to memory mapping:

RAX=0x0 is null
RBX=0x0000011bff39d092 is a global jni handle
RCX=0x0000011bff3944d0 points into unknown readable memory: 0x00007ffb41f4f688 | 88 f6 f4 41 fb 7f 00 00
RDX=0x000000195fafee10 points into unknown readable memory: 0x0000000000000000 | 00 00 00 00 00 00 00 00
RSP=0x000000195fafee10 points into unknown readable memory: 0x0000000000000000 | 00 00 00 00 00 00 00 00
RBP=0x0000c2e36562f80a is an unknown value
RSI=0x0000011bd729e1e8 points into unknown readable memory: 0x0000c2e36562f80a | 0a f8 62 65 e3 c2 00 00
RDI=0x0000011bd729e1c0 points into unknown readable memory: 0x01ff2dbb6462580a | 0a 58 62 64 bb 2d ff 01
R8 =0x0000000000010002 is an unknown value
R9 =0x0000c2e36562f80a is an unknown value
R10=0x0000011bee610000 points into unknown readable memory: 0x0000000000000000 | 00 00 00 00 00 00 00 00
R11=0x000000195fafeef8 points into unknown readable memory: 0x00007ffbd600439d | 9d 43 00 d6 fb 7f 00 00
R12=0x0000000000000001 is an unknown value
R13=0x00007ffbd6004510 glass.dll
R14=0x000000195fafef18 points into unknown readable memory: 0x000000195fafef00 | 00 ef af 5f 19 00 00 00
R15=0x0000011bd729e1c0 points into unknown readable memory: 0x01ff2dbb6462580a | 0a 58 62 64 bb 2d ff 01

Top of Stack: (sp=0x000000195fafee10)
0x000000195fafee10:   0000000000000000 0000011b00000000
0x000000195fafee20:   0000011bd72efc00 0000000000000001
0x000000195fafee30:   0000011bd729e1c8 00007ffbee69bc75
0x000000195fafee40:   0000011bd729e1c0 0000011b00000000
0x000000195fafee50:   0000011bd729e1e0 0000c2e36562f80a
0x000000195fafee60:   fffffffffffffffe 000000195fafeee8
0x000000195fafee70:   00007ffbd5fe0000 00007ffbd5fe0000
0x000000195fafee80:   000000195fafef08 00007ffbee69b897
0x000000195fafee90:   000000195fafef00 000000195fafef18
0x000000195fafeea0:   000000195faff200 00007ffbee7888c0
0x000000195fafeeb0:   0000000000000001 00007ffbee69b84d
0x000000195fafeec0:   0000000000000000 0000000000000001
0x000000195fafeed0:   00007ffbee9bf230 000000195fafef08
0x000000195fafeee0:   fffffffffffffffe 000000195fafeed0
0x000000195fafeef0:   0000000000000000 00007ffbd600439d
0x000000195fafef00:   00007ffbd601a138 0000000000000002
0x000000195fafef10:   0000000000000002 000000195fafef00
0x000000195fafef20:   00007ffbee860000 00007ffbee860000
0x000000195fafef30:   0000000000000000 00007ffbd60044c2
0x000000195fafef40:   0000000000000001 000000195faff200
0x000000195fafef50:   0000000000000001 00007ffbf150a6af
0x000000195fafef60:   0000011bd7996c40 00007ffbede50000
0x000000195fafef70:   0000000000000001 0000000000000000
0x000000195fafef80:   0000000000000000 000000007ffe0384
0x000000195fafef90:   0000011bd730fbf0 00007ffbf165f86e
0x000000195fafefa0:   00007ffbd5fe0000 0000011b00000000
0x000000195fafefb0:   0000000000000001 000000007ffe0385
0x000000195fafefc0:   00007ffbd60075a0 00007ffbf150bcae
0x000000195fafefd0:   0000000000000000 0000000000000000
0x000000195fafefe0:   0000000000000000 0000000000000000
0x000000195fafeff0:   0000000000000000 0000000000000000
0x000000195faff000:   0000000000000000 0000000000000000 

Instructions: (pc=0x00007ffbd6006bd7)
0x00007ffbd6006ad7:   8b 4d 58 e8 71 cf ff ff 48 8b 4d 60 e8 68 cf ff
0x00007ffbd6006ae7:   ff 48 8b 95 80 00 00 00 48 8b 8d 18 01 00 00 e8
0x00007ffbd6006af7:   36 c4 ff ff 33 d2 33 c9 e8 bc e1 ff ff 90 48 89
0x00007ffbd6006b07:   54 24 10 55 48 83 ec 20 48 8b ea 48 b8 00 00 00
0x00007ffbd6006b17:   00 00 00 00 00 48 83 c4 20 5d c3 cc 40 55 48 8b
0x00007ffbd6006b27:   ea 48 8b 01 33 c9 81 38 05 00 00 c0 0f 94 c1 8b
0x00007ffbd6006b37:   c1 5d c3 cc 40 55 48 83 ec 20 48 8b ea 8a 4d 40
0x00007ffbd6006b47:   48 83 c4 20 5d e9 63 d3 ff ff cc 40 55 48 83 ec
0x00007ffbd6006b57:   20 48 8b ea 8a 4d 20 e8 51 d3 ff ff 90 48 83 c4
0x00007ffbd6006b67:   20 5d c3 cc 40 55 48 83 ec 20 48 8b ea 48 83 c4
0x00007ffbd6006b77:   20 5d e9 b2 d1 ff ff cc 40 55 48 83 ec 30 48 8b
0x00007ffbd6006b87:   ea 48 8b 01 8b 10 48 89 4c 24 28 89 54 24 20 4c
0x00007ffbd6006b97:   8d 0d 53 d6 ff ff 4c 8b 45 70 8b 55 68 48 8b 4d
0x00007ffbd6006ba7:   60 e8 f3 d0 ff ff 90 48 83 c4 30 5d c3 cc cc cc
0x00007ffbd6006bb7:   cc cc cc cc cc cc cc cc cc 40 53 48 83 ec 20 48
0x00007ffbd6006bc7:   8b 1d 63 2f 01 00 48 85 db 74 16 e8 49 8b ff ff
0x00007ffbd6006bd7:   4c 8b 00 48 8b d3 48 8b c8 41 ff 90 b0 00 00 00
0x00007ffbd6006be7:   90 48 83 c4 20 5b c3 cc cc 40 53 48 83 ec 20 48
0x00007ffbd6006bf7:   8b 1d db 30 01 00 48 85 db 74 57 b8 ff ff ff ff
0x00007ffbd6006c07:   f0 0f c1 43 10 83 f8 01 75 3d 48 85 db 74 38 48
0x00007ffbd6006c17:   8b 0b 48 85 c9 74 0d ff 15 84 06 00 00 48 c7 03
0x00007ffbd6006c27:   00 00 00 00 48 8b 4b 08 48 85 c9 74 0d e8 17 ce
0x00007ffbd6006c37:   ff ff 48 c7 43 08 00 00 00 00 ba 18 00 00 00 48
0x00007ffbd6006c47:   8b cb e8 02 ce ff ff 48 c7 05 7f 30 01 00 00 00
0x00007ffbd6006c57:   00 00 48 83 c4 20 5b c3 cc 40 53 48 83 ec 20 48
0x00007ffbd6006c67:   8b 1d 4b 30 01 00 48 85 db 74 57 b8 ff ff ff ff
0x00007ffbd6006c77:   f0 0f c1 43 10 83 f8 01 75 3d 48 85 db 74 38 48
0x00007ffbd6006c87:   8b 0b 48 85 c9 74 0d ff 15 14 06 00 00 48 c7 03
0x00007ffbd6006c97:   00 00 00 00 48 8b 4b 08 48 85 c9 74 0d e8 a7 cd
0x00007ffbd6006ca7:   ff ff 48 c7 43 08 00 00 00 00 ba 18 00 00 00 48
0x00007ffbd6006cb7:   8b cb e8 92 cd ff ff 48 c7 05 ef 2f 01 00 00 00
0x00007ffbd6006cc7:   00 00 48 83 c4 20 5b c3 cc 40 53 48 83 ec 20 48 


Stack slot to memory mapping:

stack at sp + 0 slots: 0x0 is null
stack at sp + 1 slots: 0x0000011b00000000 is an unknown value
stack at sp + 2 slots: 0x0000011bd72efc00 points into unknown readable memory: 0x0000011bd72ee580 | 80 e5 2e d7 1b 01 00 00
stack at sp + 3 slots: 0x0000000000000001 is an unknown value
stack at sp + 4 slots: 0x0000011bd729e1c8 points into unknown readable memory: 0x0000c2e36562f80a | 0a f8 62 65 e3 c2 00 00
stack at sp + 5 slots: 0x00007ffbee69bc75 ucrtbase.dll
stack at sp + 6 slots: 0x0000011bd729e1c0 points into unknown readable memory: 0x01ff2dbb6462580a | 0a 58 62 64 bb 2d ff 01
stack at sp + 7 slots: 0x0000011b00000000 is an unknown value

VM_Operation (0x000000195f0ff410): Exit, mode: safepoint, requested by thread 0x0000011be06a1bd0


---------------  P R O C E S S  ---------------

Threads class SMR info:
_java_thread_list=0x0000011bd79d7df0, length=24, elements={
0x0000011bf0a7b720, 0x0000011bff3aaff0, 0x0000011bff3abc50, 0x0000011bff3b44b0,
0x0000011bff3b4f10, 0x0000011bff3bdcd0, 0x0000011bff3c0e70, 0x0000011bff3c1920,
0x0000011bd60e49b0, 0x0000011bd645f290, 0x0000011bd645f900, 0x0000011bd64d0a70,
0x0000011bd6895f50, 0x0000011bd72f0690, 0x0000011bd72e2c60, 0x0000011bd78c2150,
0x0000011bdd355c20, 0x0000011bdd3562b0, 0x0000011bdd357660, 0x0000011bdd357cf0,
0x0000011bdd358380, 0x0000011bd6b64ed0, 0x0000011bd6b63b20, 0x0000011be06a1bd0
}

Java Threads: ( => current thread )
  0x0000011bf0a7b720 JavaThread "main"                              [_thread_blocked, id=5712, stack(0x000000195f300000,0x000000195f400000) (1024K)]
  0x0000011bff3aaff0 JavaThread "Reference Handler"          daemon [_thread_blocked, id=33260, stack(0x000000195fb00000,0x000000195fc00000) (1024K)]
  0x0000011bff3abc50 JavaThread "Finalizer"                  daemon [_thread_blocked, id=38036, stack(0x000000195fc00000,0x000000195fd00000) (1024K)]
  0x0000011bff3b44b0 JavaThread "Attach Listener"            daemon [_thread_blocked, id=24664, stack(0x000000195fe00000,0x000000195ff00000) (1024K)]
  0x0000011bff3b4f10 JavaThread "Service Thread"             daemon [_thread_blocked, id=31096, stack(0x000000195ff00000,0x0000001960000000) (1024K)]
  0x0000011bff3bdcd0 JavaThread "Monitor Deflation Thread"   daemon [_thread_blocked, id=37388, stack(0x0000001960000000,0x0000001960100000) (1024K)]
  0x0000011bff3c0e70 JavaThread "C2 CompilerThread0"         daemon [_thread_blocked, id=39876, stack(0x0000001960100000,0x0000001960200000) (1024K)]
  0x0000011bff3c1920 JavaThread "C1 CompilerThread0"         daemon [_thread_blocked, id=39516, stack(0x0000001960200000,0x0000001960300000) (1024K)]
  0x0000011bd60e49b0 JavaThread "Common-Cleaner"             daemon [_thread_blocked, id=52508, stack(0x0000001960300000,0x0000001960400000) (1024K)]
  0x0000011bd645f290 JavaThread "Monitor Ctrl-Break"         daemon [_thread_in_native, id=8584, stack(0x0000001960500000,0x0000001960600000) (1024K)]
  0x0000011bd645f900 JavaThread "Notification Thread"        daemon [_thread_blocked, id=46484, stack(0x0000001960600000,0x0000001960700000) (1024K)]
  0x0000011bd64d0a70 JavaThread "JavaFX-Launcher"                   [_thread_blocked, id=16360, stack(0x0000001960700000,0x0000001960800000) (1024K)]
  0x0000011bd6895f50 JavaThread "QuantumRenderer-0"          daemon [_thread_blocked, id=19820, stack(0x0000001960900000,0x0000001960a00000) (1024K)]
  0x0000011bd72f0690 JavaThread "InvokeLaterDispatcher"      daemon [_thread_blocked, id=50596, stack(0x0000001960a00000,0x0000001960b00000) (1024K)]
  0x0000011bd72e2c60 JavaThread "JavaFX Application Thread"         [_thread_in_native, id=50036, stack(0x0000001960b00000,0x0000001960c00000) (1024K)]
  0x0000011bd78c2150 JavaThread "Thread-2"                   daemon [_thread_in_native, id=38116, stack(0x0000001961b00000,0x0000001961c00000) (1024K)]
  0x0000011bdd355c20 JavaThread "Prism Font Disposer"        daemon [_thread_blocked, id=55268, stack(0x0000001962500000,0x0000001962600000) (1024K)]
  0x0000011bdd3562b0 JavaThread "Cleaner-0"                  daemon [_thread_blocked, id=31148, stack(0x0000001962a00000,0x0000001962b00000) (1024K)]
  0x0000011bdd357660 JavaThread "OkHttp TaskRunner"          daemon [_thread_blocked, id=8040, stack(0x0000001962d00000,0x0000001962e00000) (1024K)]
  0x0000011bdd357cf0 JavaThread "Okio Watchdog"              daemon [_thread_blocked, id=26224, stack(0x0000001962e00000,0x0000001962f00000) (1024K)]
  0x0000011bdd358380 JavaThread "OkHttp TaskRunner"          daemon [_thread_blocked, id=46184, stack(0x0000001963100000,0x0000001963200000) (1024K)]
  0x0000011bd6b64ed0 JavaThread "OkHttp http://localhost:3000/..."        [_thread_in_native, id=14432, stack(0x0000001963500000,0x0000001963600000) (1024K)]
  0x0000011bd6b63b20 JavaThread "engine.io-client.heartbeat-0" daemon [_thread_blocked, id=28628, stack(0x0000001963400000,0x0000001963500000) (1024K)]
  0x0000011be06a1bd0 JavaThread "SIGINT handler"             daemon [_thread_blocked, id=35660, stack(0x000000195f000000,0x000000195f100000) (1024K)]
Total: 24

Other Threads:
=>0x0000011bff3944d0 VMThread "VM Thread"                           [id=9408, stack(0x000000195fa00000,0x000000195fb00000) (1024K)]
  0x0000011bf0ae49a0 WorkerThread "GC Thread#0"                     [id=28916, stack(0x000000195f400000,0x000000195f500000) (1024K)]
  0x0000011bd7997490 WorkerThread "GC Thread#1"                     [id=40672, stack(0x0000001961c00000,0x0000001961d00000) (1024K)]
  0x0000011bd7997840 WorkerThread "GC Thread#2"                     [id=13788, stack(0x0000001961d00000,0x0000001961e00000) (1024K)]
  0x0000011bd7997bf0 WorkerThread "GC Thread#3"                     [id=8612, stack(0x0000001961e00000,0x0000001961f00000) (1024K)]
  0x0000011bd7997fa0 WorkerThread "GC Thread#4"                     [id=26384, stack(0x0000001961f00000,0x0000001962000000) (1024K)]
  0x0000011bd7a14730 WorkerThread "GC Thread#5"                     [id=48480, stack(0x0000001962000000,0x0000001962100000) (1024K)]
  0x0000011bd7b00d40 WorkerThread "GC Thread#6"                     [id=44756, stack(0x0000001962100000,0x0000001962200000) (1024K)]
  0x0000011bd7b010f0 WorkerThread "GC Thread#7"                     [id=22292, stack(0x0000001962200000,0x0000001962300000) (1024K)]
  0x0000011bd7b054b0 WorkerThread "GC Thread#8"                     [id=22008, stack(0x0000001962300000,0x0000001962400000) (1024K)]
  0x0000011bd7b20370 WorkerThread "GC Thread#9"                     [id=39360, stack(0x0000001962400000,0x0000001962500000) (1024K)]
  0x0000011bf0afa3d0 ConcurrentGCThread "G1 Main Marker"            terminated
  0x0000011bf0afbe00 WorkerThread "G1 Conc#0"                       [id=14728, stack(0x000000195f600000,0x000000195f700000) (1024K)]
  0x0000011bdd389e30 WorkerThread "G1 Conc#1"                       [id=39848, stack(0x0000001960400000,0x0000001960500000) (1024K)]
  0x0000011bdd38a590 WorkerThread "G1 Conc#2"                       [id=19520, stack(0x0000001960800000,0x0000001960900000) (1024K)]
  0x0000011bf0b3dfe0 ConcurrentGCThread "G1 Refine#0"               terminated
  0x0000011bf0b3ea70 ConcurrentGCThread "G1 Service"                terminated
Total: 17

Threads with active compile tasks:
Total: 0

VM state: at safepoint (shutting down)

VM Mutex/Monitor currently owned by a thread:  ([mutex/lock_event])
[0x00007ffb42123910] Threads_lock - owner thread: 0x0000011bff3944d0
[0x00007ffb42123a10] Heap_lock - owner thread: 0x0000011be06a1bd0

Heap address: 0x0000000704e00000, size: 4018 MB, Compressed Oops mode: Zero based, Oop shift amount: 3

CDS archive(s) mapped at: [0x0000011b91000000-0x0000011b91d70000-0x0000011b91d70000), size 14090240, SharedBaseAddress: 0x0000011b91000000, ArchiveRelocationMode: 1.
Compressed class space mapped at: 0x0000011b92000000-0x0000011bd2000000, reserved size: 1073741824
Narrow klass base: 0x0000011b91000000, Narrow klass shift: 0, Narrow klass range: 0x41000000

GC Precious Log:
 CardTable entry size: 512
 Card Set container configuration: InlinePtr #cards 4 size 8 Array Of Cards #cards 16 size 48 Howl #buckets 8 coarsen threshold 3686 Howl Bitmap #cards 512 size 80 coarsen threshold 460 Card regions per heap region 1 cards per card region 4096
 CPUs: 12 total, 12 available
 Memory: 16068M
 Large Page Support: Disabled
 NUMA Support: Disabled
 Compressed Oops: Enabled (Zero based)
 Heap Region Size: 2M
 Heap Min Capacity: 8M
 Heap Initial Capacity: 252M
 Heap Max Capacity: 4018M
 Pre-touch: Disabled
 Parallel Workers: 10
 Concurrent Workers: 3
 Concurrent Refinement Workers: 10
 Periodic GC: Disabled

Heap:
 garbage-first heap   total reserved 4114432K, committed 90112K, used 51688K [0x0000000704e00000, 0x0000000800000000)
  region size 2048K, 4 young (8192K), 2 survivors (4096K)
 Metaspace       used 29796K, committed 30144K, reserved 1114112K
  class space    used 3923K, committed 4096K, reserved 1048576K

Heap Regions: E=young(eden), S=young(survivor), O=old, HS=humongous(starts), HC=humongous(continues), CS=collection set, F=free, TAMS=top-at-mark-start, PB=parsable bottom
|   0|0x0000000704e00000, 0x0000000705000000, 0x0000000705000000|100%| O|  |TAMS 0x0000000704e00000| PB 0x0000000704e00000| Untracked |  0
|   1|0x0000000705000000, 0x0000000705200000, 0x0000000705200000|100%|HS|  |TAMS 0x0000000705000000| PB 0x0000000705000000| Complete |  0
|   2|0x0000000705200000, 0x0000000705400000, 0x0000000705400000|100%|HC|  |TAMS 0x0000000705200000| PB 0x0000000705200000| Complete |  0
|   3|0x0000000705400000, 0x0000000705600000, 0x0000000705600000|100%| O|  |TAMS 0x0000000705400000| PB 0x0000000705400000| Untracked |  0
|   4|0x0000000705600000, 0x0000000705800000, 0x0000000705800000|100%| O|  |TAMS 0x0000000705600000| PB 0x0000000705600000| Untracked |  0
|   5|0x0000000705800000, 0x000000070585cdb0, 0x0000000705a00000| 18%| O|Cm|TAMS 0x0000000705800000| PB 0x0000000705800000| Complete |  0
|   6|0x0000000705a00000, 0x0000000705c00000, 0x0000000705c00000|100%|HS|  |TAMS 0x0000000705a00000| PB 0x0000000705a00000| Complete |  0
|   7|0x0000000705c00000, 0x0000000705e00000, 0x0000000705e00000|100%|HS|  |TAMS 0x0000000705c00000| PB 0x0000000705c00000| Complete |  0
|   8|0x0000000705e00000, 0x0000000706000000, 0x0000000706000000|100%|HC|  |TAMS 0x0000000705e00000| PB 0x0000000705e00000| Complete |  0
|   9|0x0000000706000000, 0x0000000706200000, 0x0000000706200000|100%|HC|  |TAMS 0x0000000706000000| PB 0x0000000706000000| Complete |  0
|  10|0x0000000706200000, 0x0000000706400000, 0x0000000706400000|100%|HS|  |TAMS 0x0000000706200000| PB 0x0000000706200000| Complete |  0
|  11|0x0000000706400000, 0x0000000706600000, 0x0000000706600000|100%|HC|  |TAMS 0x0000000706400000| PB 0x0000000706400000| Complete |  0
|  12|0x0000000706600000, 0x0000000706600000, 0x0000000706800000|  0%| F|  |TAMS 0x0000000706600000| PB 0x0000000706600000| Untracked |  0
|  13|0x0000000706800000, 0x0000000706800000, 0x0000000706a00000|  0%| F|  |TAMS 0x0000000706800000| PB 0x0000000706800000| Untracked |  0
|  14|0x0000000706a00000, 0x0000000706c00000, 0x0000000706c00000|100%|HS|  |TAMS 0x0000000706a00000| PB 0x0000000706a00000| Complete |  0
|  15|0x0000000706c00000, 0x0000000706e00000, 0x0000000706e00000|100%|HC|  |TAMS 0x0000000706c00000| PB 0x0000000706c00000| Complete |  0
|  16|0x0000000706e00000, 0x0000000706e00000, 0x0000000707000000|  0%| F|  |TAMS 0x0000000706e00000| PB 0x0000000706e00000| Untracked |  0
|  17|0x0000000707000000, 0x0000000707000000, 0x0000000707200000|  0%| F|  |TAMS 0x0000000707000000| PB 0x0000000707000000| Untracked |  0
|  18|0x0000000707200000, 0x0000000707400000, 0x0000000707400000|100%|HS|  |TAMS 0x0000000707200000| PB 0x0000000707200000| Complete |  0
|  19|0x0000000707400000, 0x0000000707600000, 0x0000000707600000|100%|HC|  |TAMS 0x0000000707400000| PB 0x0000000707400000| Complete |  0
|  20|0x0000000707600000, 0x0000000707800000, 0x0000000707800000|100%| O|  |TAMS 0x0000000707600000| PB 0x0000000707600000| Untracked |  0
|  21|0x0000000707800000, 0x0000000707a00000, 0x0000000707a00000|100%| O|  |TAMS 0x0000000707800000| PB 0x0000000707800000| Untracked |  0
|  22|0x0000000707a00000, 0x0000000707c00000, 0x0000000707c00000|100%| O|  |TAMS 0x0000000707a00000| PB 0x0000000707a00000| Untracked |  0
|  23|0x0000000707c00000, 0x0000000707e00000, 0x0000000707e00000|100%| O|  |TAMS 0x0000000707c00000| PB 0x0000000707c00000| Untracked |  0
|  24|0x0000000707e00000, 0x0000000707edfcd8, 0x0000000708000000| 43%| O|  |TAMS 0x0000000707e00000| PB 0x0000000707e00000| Untracked |  0
|  25|0x0000000708000000, 0x000000070813d5a0, 0x0000000708200000| 61%| S|CS|TAMS 0x0000000708000000| PB 0x0000000708000000| Complete |  0
|  26|0x0000000708200000, 0x0000000708400000, 0x0000000708400000|100%| S|CS|TAMS 0x0000000708200000| PB 0x0000000708200000| Complete |  0
|  27|0x0000000708400000, 0x0000000708600000, 0x0000000708600000|100%|HS|  |TAMS 0x0000000708400000| PB 0x0000000708400000| Complete |  0
|  28|0x0000000708600000, 0x0000000708800000, 0x0000000708800000|100%|HC|  |TAMS 0x0000000708600000| PB 0x0000000708600000| Complete |  0
|  29|0x0000000708800000, 0x0000000708a00000, 0x0000000708a00000|100%|HC|  |TAMS 0x0000000708800000| PB 0x0000000708800000| Complete |  0
|  30|0x0000000708a00000, 0x0000000708a00000, 0x0000000708c00000|  0%| F|  |TAMS 0x0000000708a00000| PB 0x0000000708a00000| Untracked |  0
|  31|0x0000000708c00000, 0x0000000708c00000, 0x0000000708e00000|  0%| F|  |TAMS 0x0000000708c00000| PB 0x0000000708c00000| Untracked |  0
|  32|0x0000000708e00000, 0x0000000708e00000, 0x0000000709000000|  0%| F|  |TAMS 0x0000000708e00000| PB 0x0000000708e00000| Untracked |  0
|  33|0x0000000709000000, 0x0000000709000000, 0x0000000709200000|  0%| F|  |TAMS 0x0000000709000000| PB 0x0000000709000000| Untracked |  0
|  34|0x0000000709200000, 0x0000000709200000, 0x0000000709400000|  0%| F|  |TAMS 0x0000000709200000| PB 0x0000000709200000| Untracked |  0
|  35|0x0000000709400000, 0x0000000709400000, 0x0000000709600000|  0%| F|  |TAMS 0x0000000709400000| PB 0x0000000709400000| Untracked |  0
|  36|0x0000000709600000, 0x0000000709600000, 0x0000000709800000|  0%| F|  |TAMS 0x0000000709600000| PB 0x0000000709600000| Untracked |  0
|  37|0x0000000709800000, 0x0000000709800000, 0x0000000709a00000|  0%| F|  |TAMS 0x0000000709800000| PB 0x0000000709800000| Untracked |  0
|  38|0x0000000709a00000, 0x0000000709a00000, 0x0000000709c00000|  0%| F|  |TAMS 0x0000000709a00000| PB 0x0000000709a00000| Untracked |  0
| 108|0x0000000712600000, 0x0000000712600000, 0x0000000712800000|  0%| F|  |TAMS 0x0000000712600000| PB 0x0000000712600000| Untracked |  0
| 109|0x0000000712800000, 0x0000000712800000, 0x0000000712a00000|  0%| F|  |TAMS 0x0000000712800000| PB 0x0000000712800000| Untracked |  0
| 110|0x0000000712a00000, 0x0000000712a00000, 0x0000000712c00000|  0%| F|  |TAMS 0x0000000712a00000| PB 0x0000000712a00000| Untracked |  0
| 112|0x0000000712e00000, 0x0000000712ff0688, 0x0000000713000000| 96%| E|  |TAMS 0x0000000712e00000| PB 0x0000000712e00000| Complete |  0
| 125|0x0000000714800000, 0x0000000714a00000, 0x0000000714a00000|100%| E|CS|TAMS 0x0000000714800000| PB 0x0000000714800000| Complete |  0

Card table byte_map: [0x0000011bfa000000,0x0000011bfa7e0000] _byte_map_base: 0x0000011bf67d9000

Marking Bits: (CMBitMap*) 0x0000011bf0ae50b0
 Bits: [0x0000011bfa7e0000, 0x0000011bfe6a8000)

Polling page: 0x0000011bee710000

Metaspace:

Usage:
  Non-class:     25.27 MB used.
      Class:      3.83 MB used.
       Both:     29.10 MB used.

Virtual space:
  Non-class space:       64.00 MB reserved,      25.44 MB ( 40%) committed,  1 nodes.
      Class space:        1.00 GB reserved,       4.00 MB ( <1%) committed,  1 nodes.
             Both:        1.06 GB reserved,      29.44 MB (  3%) committed. 

Chunk freelists:
   Non-Class:  5.77 MB
       Class:  12.03 MB
        Both:  17.80 MB

MaxMetaspaceSize: unlimited
CompressedClassSpaceSize: 1.00 GB
Initial GC threshold: 21.00 MB
Current GC threshold: 49.00 MB
CDS: on
 - commit_granule_bytes: 65536.
 - commit_granule_words: 8192.
 - virtual_space_node_default_size: 8388608.
 - enlarge_chunks_in_place: 1.
 - use_allocation_guard: 0.


Internal statistics:

num_allocs_failed_limit: 3.
num_arena_births: 302.
num_arena_deaths: 0.
num_vsnodes_births: 2.
num_vsnodes_deaths: 0.
num_space_committed: 471.
num_space_uncommitted: 0.
num_chunks_returned_to_freelist: 3.
num_chunks_taken_from_freelist: 1101.
num_chunk_merges: 3.
num_chunk_splits: 794.
num_chunks_enlarged: 631.
num_inconsistent_stats: 0.

CodeHeap 'non-profiled nmethods': size=120064Kb used=2261Kb max_used=2266Kb free=117802Kb
 bounds [0x0000011b87ac0000, 0x0000011b87d30000, 0x0000011b8f000000]
CodeHeap 'profiled nmethods': size=120000Kb used=7847Kb max_used=8363Kb free=112153Kb
 bounds [0x0000011b80000000, 0x0000011b80850000, 0x0000011b87530000]
CodeHeap 'non-nmethods': size=5696Kb used=1935Kb max_used=1992Kb free=3760Kb
 bounds [0x0000011b87530000, 0x0000011b877a0000, 0x0000011b87ac0000]
CodeCache: size=245760Kb, used=12043Kb, max_used=12621Kb, free=233715Kb
 total_blobs=5846, nmethods=4902, adapters=849, full_count=0
Compilation: enabled, stopped_count=0, restarted_count=0

Compilation events (20 events):
Event: 17.152 Thread 0x0000011bff3c1920 5270       3       javafx.scene.Parent$1::pickChildrenNode (7 bytes)
Event: 17.152 Thread 0x0000011bff3c1920 nmethod 5270 0x0000011b8000b808 code [0x0000011b8000b920, 0x0000011b8000baf8]
Event: 17.159 Thread 0x0000011bff3c0e70 5271  s!   4       com.sun.javafx.tk.Toolkit::getToolkit (244 bytes)
Event: 17.160 Thread 0x0000011bff3c0e70 nmethod 5271 0x0000011b87ad1d88 code [0x0000011b87ad1ea0, 0x0000011b87ad20d8]
Event: 21.315 Thread 0x0000011bff3c1920 5272       3       java.util.ArrayDeque::dec (13 bytes)
Event: 21.315 Thread 0x0000011bff3c1920 nmethod 5272 0x0000011b80039e08 code [0x0000011b80039f20, 0x0000011b8003a040]
Event: 60.251 Thread 0x0000011bff3c1920 5273       3       okio.Buffer::writableSegment$okio (133 bytes)
Event: 60.255 Thread 0x0000011bff3c1920 nmethod 5273 0x0000011b80062088 code [0x0000011b800622e0, 0x0000011b80063090]
Event: 85.079 Thread 0x0000011bff3c0e70 5274       4       com.sun.javafx.tk.quantum.QuantumToolkit::postPulse (133 bytes)
Event: 85.124 Thread 0x0000011bff3c0e70 nmethod 5274 0x0000011b87b5e788 code [0x0000011b87b5e9c0, 0x0000011b87b5fd80]
Event: 86.494 Thread 0x0000011bff3c0e70 5275       4       com.sun.javafx.tk.quantum.QuantumToolkit$$Lambda/0x0000011b9203c3b8::run (8 bytes)
Event: 86.495 Thread 0x0000011bff3c0e70 nmethod 5275 0x0000011b87b00408 code [0x0000011b87b00520, 0x0000011b87b005f0]
Event: 110.277 Thread 0x0000011bff3c1920 5276       3       java.util.concurrent.ThreadPoolExecutor::workerCountOf (5 bytes)
Event: 110.277 Thread 0x0000011bff3c1920 nmethod 5276 0x0000011b8006b388 code [0x0000011b8006b4a0, 0x0000011b8006b598]
Event: 135.282 Thread 0x0000011bff3c0e70 5277       4       java.lang.Thread::onSpinWait (1 bytes)
Event: 135.283 Thread 0x0000011bff3c0e70 nmethod 5277 0x0000011b87b12188 code [0x0000011b87b12280, 0x0000011b87b122e8]
Event: 142.225 Thread 0x0000011bff3c1920 5278       3       java.util.ArrayList::fastRemove (44 bytes)
Event: 142.225 Thread 0x0000011bff3c1920 nmethod 5278 0x0000011b80179408 code [0x0000011b80179540, 0x0000011b80179918]
Event: 142.226 Thread 0x0000011bff3c1920 5279       3       java.util.Collections$3::nextElement (10 bytes)
Event: 142.226 Thread 0x0000011bff3c1920 nmethod 5279 0x0000011b80052688 code [0x0000011b800527a0, 0x0000011b80052980]

GC Heap History (10 events):
Event: 0.571 GC heap before
{Heap before GC invocations=0 (full 0):
 garbage-first heap   total reserved 4114432K, committed 258048K, used 22528K [0x0000000704e00000, 0x0000000800000000)
  region size 2048K, 12 young (24576K), 0 survivors (0K)
 Metaspace       used 7351K, committed 7616K, reserved 1114112K
  class space    used 719K, committed 832K, reserved 1048576K
}
Event: 0.574 GC heap after
{Heap after GC invocations=1 (full 0):
 garbage-first heap   total reserved 4114432K, committed 258048K, used 5208K [0x0000000704e00000, 0x0000000800000000)
  region size 2048K, 2 young (4096K), 2 survivors (4096K)
 Metaspace       used 7351K, committed 7616K, reserved 1114112K
  class space    used 719K, committed 832K, reserved 1048576K
}
Event: 1.054 GC heap before
{Heap before GC invocations=1 (full 0):
 garbage-first heap   total reserved 4114432K, committed 258048K, used 31832K [0x0000000704e00000, 0x0000000800000000)
  region size 2048K, 13 young (26624K), 2 survivors (4096K)
 Metaspace       used 14775K, committed 15040K, reserved 1114112K
  class space    used 1827K, committed 1920K, reserved 1048576K
}
Event: 1.058 GC heap after
{Heap after GC invocations=2 (full 0):
 garbage-first heap   total reserved 4114432K, committed 258048K, used 14261K [0x0000000704e00000, 0x0000000800000000)
  region size 2048K, 2 young (4096K), 2 survivors (4096K)
 Metaspace       used 14775K, committed 15040K, reserved 1114112K
  class space    used 1827K, committed 1920K, reserved 1048576K
}
Event: 10.147 GC heap before
{Heap before GC invocations=2 (full 0):
 garbage-first heap   total reserved 4114432K, committed 258048K, used 38837K [0x0000000704e00000, 0x0000000800000000)
  region size 2048K, 14 young (28672K), 2 survivors (4096K)
 Metaspace       used 21271K, committed 21504K, reserved 1114112K
  class space    used 2768K, committed 2880K, reserved 1048576K
}
Event: 10.153 GC heap after
{Heap after GC invocations=3 (full 0):
 garbage-first heap   total reserved 4114432K, committed 258048K, used 20132K [0x0000000704e00000, 0x0000000800000000)
  region size 2048K, 4 young (8192K), 4 survivors (8192K)
 Metaspace       used 21271K, committed 21504K, reserved 1114112K
  class space    used 2768K, committed 2880K, reserved 1048576K
}
Event: 13.264 GC heap before
{Heap before GC invocations=4 (full 0):
 garbage-first heap   total reserved 4114432K, committed 75776K, used 67236K [0x0000000704e00000, 0x0000000800000000)
  region size 2048K, 19 young (38912K), 4 survivors (8192K)
 Metaspace       used 28423K, committed 28800K, reserved 1114112K
  class space    used 3726K, committed 3904K, reserved 1048576K
}
Event: 13.279 GC heap after
{Heap after GC invocations=5 (full 0):
 garbage-first heap   total reserved 4114432K, committed 83968K, used 24423K [0x0000000704e00000, 0x0000000800000000)
  region size 2048K, 6 young (12288K), 6 survivors (12288K)
 Metaspace       used 28423K, committed 28800K, reserved 1114112K
  class space    used 3726K, committed 3904K, reserved 1048576K
}
Event: 16.407 GC heap before
{Heap before GC invocations=5 (full 0):
 garbage-first heap   total reserved 4114432K, committed 83968K, used 63335K [0x0000000704e00000, 0x0000000800000000)
  region size 2048K, 16 young (32768K), 6 survivors (12288K)
 Metaspace       used 29718K, committed 30080K, reserved 1114112K
  class space    used 3916K, committed 4096K, reserved 1048576K
}
Event: 16.416 GC heap after
{Heap after GC invocations=6 (full 0):
 garbage-first heap   total reserved 4114432K, committed 83968K, used 43496K [0x0000000704e00000, 0x0000000800000000)
  region size 2048K, 2 young (4096K), 2 survivors (4096K)
 Metaspace       used 29718K, committed 30080K, reserved 1114112K
  class space    used 3916K, committed 4096K, reserved 1048576K
}

Dll operation events (20 events):
Event: 0.268 Loaded shared library C:\Users\admin\.openjfx\cache\17.0.8\api-ms-win-crt-multibyte-l1-1-0.dll
Event: 0.271 Loaded shared library C:\Users\admin\.openjfx\cache\17.0.8\api-ms-win-crt-private-l1-1-0.dll
Event: 0.274 Loaded shared library C:\Users\admin\.openjfx\cache\17.0.8\api-ms-win-crt-process-l1-1-0.dll
Event: 0.276 Loaded shared library C:\Users\admin\.openjfx\cache\17.0.8\api-ms-win-crt-runtime-l1-1-0.dll
Event: 0.278 Loaded shared library C:\Users\admin\.openjfx\cache\17.0.8\api-ms-win-crt-stdio-l1-1-0.dll
Event: 0.280 Loaded shared library C:\Users\admin\.openjfx\cache\17.0.8\api-ms-win-crt-string-l1-1-0.dll
Event: 0.282 Loaded shared library C:\Users\admin\.openjfx\cache\17.0.8\api-ms-win-crt-time-l1-1-0.dll
Event: 0.283 Loaded shared library C:\Users\admin\.openjfx\cache\17.0.8\api-ms-win-crt-utility-l1-1-0.dll
Event: 0.293 Loaded shared library C:\Users\admin\.openjfx\cache\17.0.8\ucrtbase.dll
Event: 0.296 Loaded shared library C:\Users\admin\.openjfx\cache\17.0.8\vcruntime140.dll
Event: 0.297 Loaded shared library C:\Users\admin\.openjfx\cache\17.0.8\vcruntime140_1.dll
Event: 0.303 Loaded shared library C:\Users\admin\.openjfx\cache\17.0.8\msvcp140.dll
Event: 0.305 Loaded shared library C:\Users\admin\.openjfx\cache\17.0.8\msvcp140_1.dll
Event: 0.307 Loaded shared library C:\Users\admin\.openjfx\cache\17.0.8\msvcp140_2.dll
Event: 0.346 Loaded shared library C:\Users\admin\.openjfx\cache\17.0.8\prism_d3d.dll
Event: 0.400 Loaded shared library C:\Users\admin\.openjfx\cache\17.0.8\glass.dll
Event: 0.558 Loaded shared library C:\Program Files\Java\jdk-23\bin\sunmscapi.dll
Event: 0.831 Loaded shared library C:\Users\admin\.openjfx\cache\17.0.8\javafx_font.dll
Event: 10.226 Loaded shared library C:\Program Files\Java\jdk-23\bin\prefs.dll
Event: 11.012 Loaded shared library C:\Users\admin\.openjfx\cache\17.0.8\javafx_iio.dll

Deoptimization events (20 events):
Event: 16.486 Thread 0x0000011bd72e2c60 Uncommon trap: trap_request=0xffffffde fr.pc=0x0000011b87c54094 relative=0x00000000000000f4
Event: 16.486 Thread 0x0000011bd72e2c60 Uncommon trap: reason=class_check action=maybe_recompile pc=0x0000011b87c54094 method=javafx.scene.Node$MiscProperties.getClip()Ljavafx/scene/Node; @ 20 c2
Event: 16.486 Thread 0x0000011bd72e2c60 DEOPT PACKING pc=0x0000011b87c54094 sp=0x0000001960bf9670
Event: 16.486 Thread 0x0000011bd72e2c60 DEOPT UNPACKING pc=0x0000011b87584402 sp=0x0000001960bf95a0 mode 2
Event: 16.486 Thread 0x0000011bd72e2c60 Uncommon trap: trap_request=0xffffffde fr.pc=0x0000011b87c54094 relative=0x00000000000000f4
Event: 16.486 Thread 0x0000011bd72e2c60 Uncommon trap: reason=class_check action=maybe_recompile pc=0x0000011b87c54094 method=javafx.scene.Node$MiscProperties.getClip()Ljavafx/scene/Node; @ 20 c2
Event: 16.486 Thread 0x0000011bd72e2c60 DEOPT PACKING pc=0x0000011b87c54094 sp=0x0000001960bf9670
Event: 16.486 Thread 0x0000011bd72e2c60 DEOPT UNPACKING pc=0x0000011b87584402 sp=0x0000001960bf95a0 mode 2
Event: 16.486 Thread 0x0000011bd72e2c60 Uncommon trap: trap_request=0xffffffde fr.pc=0x0000011b87c54094 relative=0x00000000000000f4
Event: 16.486 Thread 0x0000011bd72e2c60 Uncommon trap: reason=class_check action=maybe_recompile pc=0x0000011b87c54094 method=javafx.scene.Node$MiscProperties.getClip()Ljavafx/scene/Node; @ 20 c2
Event: 16.486 Thread 0x0000011bd72e2c60 DEOPT PACKING pc=0x0000011b87c54094 sp=0x0000001960bf9670
Event: 16.486 Thread 0x0000011bd72e2c60 DEOPT UNPACKING pc=0x0000011b87584402 sp=0x0000001960bf95a0 mode 2
Event: 16.487 Thread 0x0000011bd72e2c60 Uncommon trap: trap_request=0xffffff45 fr.pc=0x0000011b87c694e4 relative=0x0000000000000884
Event: 16.487 Thread 0x0000011bd72e2c60 Uncommon trap: reason=unstable_if action=reinterpret pc=0x0000011b87c694e4 method=javafx.scene.Parent.getOrderedChildren()Ljava/util/List; @ 7 c2
Event: 16.487 Thread 0x0000011bd72e2c60 DEOPT PACKING pc=0x0000011b87c694e4 sp=0x0000001960bfab00
Event: 16.487 Thread 0x0000011bd72e2c60 DEOPT UNPACKING pc=0x0000011b87584402 sp=0x0000001960bfa940 mode 2
Event: 17.175 Thread 0x0000011bd72e2c60 Uncommon trap: trap_request=0xffffffde fr.pc=0x0000011b87c507a0 relative=0x0000000000000fe0
Event: 17.175 Thread 0x0000011bd72e2c60 Uncommon trap: reason=class_check action=maybe_recompile pc=0x0000011b87c507a0 method=javafx.scene.Node$MiscProperties.getClip()Ljavafx/scene/Node; @ 20 c2
Event: 17.175 Thread 0x0000011bd72e2c60 DEOPT PACKING pc=0x0000011b87c507a0 sp=0x0000001960bfa580
Event: 17.175 Thread 0x0000011bd72e2c60 DEOPT UNPACKING pc=0x0000011b87584402 sp=0x0000001960bfa2f8 mode 2

Classes loaded (20 events):
Event: 12.133 Loading class sun/security/ssl/SSLEngineOutputRecord$HandshakeMemo
Event: 12.133 Loading class sun/security/ssl/SSLEngineOutputRecord$RecordMemo
Event: 12.133 Loading class sun/security/ssl/SSLEngineOutputRecord$RecordMemo done
Event: 12.133 Loading class sun/security/ssl/SSLEngineOutputRecord$HandshakeMemo done
Event: 12.193 Loading class sun/security/ssl/PreSharedKeyExtension$SHPreSharedKeySpec
Event: 12.193 Loading class sun/security/ssl/PreSharedKeyExtension$SHPreSharedKeySpec done
Event: 13.656 Loading class java/text/ParsePosition
Event: 13.656 Loading class java/text/ParsePosition done
Event: 13.656 Loading class java/time/format/DateTimeParseContext
Event: 13.656 Loading class java/time/format/DateTimeParseContext done
Event: 13.656 Loading class java/time/format/Parsed
Event: 13.656 Loading class java/time/format/Parsed done
Event: 21.315 Loading class sun/security/ssl/Alert
Event: 21.315 Loading class sun/security/ssl/Alert done
Event: 21.316 Loading class sun/security/ssl/Alert$AlertConsumer
Event: 21.316 Loading class sun/security/ssl/Alert$AlertConsumer done
Event: 21.316 Loading class sun/security/ssl/Alert$Level
Event: 21.316 Loading class sun/security/ssl/Alert$Level done
Event: 142.224 Loading class jdk/internal/misc/Signal$1
Event: 142.224 Loading class jdk/internal/misc/Signal$1 done

Classes unloaded (0 events):
No events

Classes redefined (0 events):
No events

Internal exceptions (20 events):
Event: 10.229 Thread 0x0000011bd72e2c60 Exception <a 'java/io/FileNotFoundException'{0x0000000708a82ac0}> (0x0000000708a82ac0) 
thrown [s\open\src\hotspot\share\prims\jni.cpp, line 520]
Event: 10.320 Thread 0x0000011bdd356fd0 Exception <a 'java/lang/NoSuchMethodError'{0x0000000708c1bf70}: 'void java.lang.invoke.DelegatingMethodHandle$Holder.reinvoke_L(java.lang.Object, java.lang.Object, int)'> (0x0000000708c1bf70) 
thrown [s\open\src\hotspot\share\interpreter\linkResolver.cpp, line 796]
Event: 10.321 Thread 0x0000011bdd356fd0 Exception <a 'java/lang/NoSuchMethodError'{0x0000000708c22950}: 'void java.lang.invoke.Invokers$Holder.invokeExact_MT(java.lang.Object, java.lang.Object, int, java.lang.Object)'> (0x0000000708c22950) 
thrown [s\open\src\hotspot\share\interpreter\linkResolver.cpp, line 796]
Event: 10.344 Thread 0x0000011bdd354f00 Exception <a 'java/lang/NoSuchMethodError'{0x0000000708227700}: 'void java.lang.invoke.DirectMethodHandle$Holder.invokeStatic(java.lang.Object, int, java.lang.Object)'> (0x0000000708227700) 
thrown [s\open\src\hotspot\share\interpreter\linkResolver.cpp, line 796]
Event: 10.461 Thread 0x0000011bd72e2c60 Exception <a 'java/lang/NoSuchMethodError'{0x0000000707f5ef08}: 'int java.lang.invoke.DirectMethodHandle$Holder.invokeVirtual(java.lang.Object, java.lang.Object)'> (0x0000000707f5ef08) 
thrown [s\open\src\hotspot\share\interpreter\linkResolver.cpp, line 796]
Event: 10.480 Thread 0x0000011bd72e2c60 Exception <a 'java/lang/NoSuchMethodError'{0x0000000707feb808}: 'java.lang.Object java.lang.invoke.DirectMethodHandle$Holder.invokeStaticInit(java.lang.Object, java.lang.Object, java.lang.Object)'> (0x0000000707feb808) 
thrown [s\open\src\hotspot\share\interpreter\linkResolver.cpp, line 796]
Event: 11.005 Thread 0x0000011bd6b66280 Exception <a 'java/lang/NoSuchMethodError'{0x0000000707973320}: 'void java.lang.invoke.DirectMethodHandle$Holder.invokeSpecial(java.lang.Object, java.lang.Object, int, int)'> (0x0000000707973320) 
thrown [s\open\src\hotspot\share\interpreter\linkResolver.cpp, line 796]
Event: 11.006 Thread 0x0000011bd6b66280 Exception <a 'java/lang/NoSuchMethodError'{0x0000000707978f00}: 'java.lang.Object java.lang.invoke.DirectMethodHandle$Holder.newInvokeSpecial(java.lang.Object, java.lang.Object, int, int)'> (0x0000000707978f00) 
thrown [s\open\src\hotspot\share\interpreter\linkResolver.cpp, line 796]
Event: 11.006 Thread 0x0000011bd6b66280 Exception <a 'java/lang/NoSuchMethodError'{0x000000070797cea8}: 'java.lang.Object java.lang.invoke.DirectMethodHandle$Holder.invokeSpecial(java.lang.Object, java.lang.Object, java.lang.Object, int, int)'> (0x000000070797cea8) 
thrown [s\open\src\hotspot\share\interpreter\linkResolver.cpp, line 796]
Event: 11.227 Thread 0x0000011bd72e2c60 Implicit null exception at 0x0000011b87bfd2e8 to 0x0000011b87bfdc38
Event: 11.227 Thread 0x0000011bd72e2c60 Implicit null exception at 0x0000011b87bfd2e8 to 0x0000011b87bfdc38
Event: 11.227 Thread 0x0000011bd72e2c60 Implicit null exception at 0x0000011b87bfd2e8 to 0x0000011b87bfdc38
Event: 11.227 Thread 0x0000011bd72e2c60 Implicit null exception at 0x0000011b87bfd2e8 to 0x0000011b87bfdc38
Event: 12.061 Thread 0x0000011bd72e2c60 Implicit null exception at 0x0000011b87c46c37 to 0x0000011b87c46fb0
Event: 12.061 Thread 0x0000011bd72e2c60 Implicit null exception at 0x0000011b87c4748a to 0x0000011b87c47b00
Event: 12.768 Thread 0x0000011bd6895f50 Exception <a 'java/lang/NoSuchMethodError'{0x0000000708bb1630}: 'java.lang.Object java.lang.invoke.DirectMethodHandle$Holder.invokeStaticInit(java.lang.Object, int)'> (0x0000000708bb1630) 
thrown [s\open\src\hotspot\share\interpreter\linkResolver.cpp, line 796]
Event: 15.033 Thread 0x0000011bd72e2c60 Exception <a 'java/lang/NoSuchMethodError'{0x0000000708b2b580}: 'java.lang.Object java.lang.invoke.DirectMethodHandle$Holder.newInvokeSpecial(java.lang.Object, java.lang.Object, int, java.lang.Object, java.lang.Object)'> (0x0000000708b2b580) 
thrown [s\open\src\hotspot\share\interpreter\linkResolver.cpp, line 796]
Event: 15.091 Thread 0x0000011bd72e2c60 Implicit null exception at 0x0000011b87c4e0d8 to 0x0000011b87c4ee0c
Event: 16.453 Thread 0x0000011bd72e2c60 Exception <a 'java/lang/NoSuchMethodError'{0x0000000714853580}: 'java.lang.Object java.lang.invoke.DirectMethodHandle$Holder.newInvokeSpecial(java.lang.Object, java.lang.Object, java.lang.Object, java.lang.Object, java.lang.Object, java.lang.Object)'> (0x0000000714853580) 
thrown [s\open\src\hotspot\share\interpreter\linkResolver.cpp, line 796]
Event: 16.464 Thread 0x0000011bd72e2c60 Implicit null exception at 0x0000011b87ce5eec to 0x0000011b87ced010

VM Operations (20 events):
Event: 13.279 Executing VM operation: G1TryInitiateConcMark (G1 Humongous Allocation) done
Event: 15.048 Executing VM operation: HandshakeAllThreads (Deoptimize)
Event: 15.048 Executing VM operation: HandshakeAllThreads (Deoptimize) done
Event: 15.081 Executing VM operation: HandshakeAllThreads (Deoptimize)
Event: 15.081 Executing VM operation: HandshakeAllThreads (Deoptimize) done
Event: 16.407 Executing VM operation: G1TryInitiateConcMark (G1 Humongous Allocation)
Event: 16.416 Executing VM operation: G1TryInitiateConcMark (G1 Humongous Allocation) done
Event: 16.420 Executing VM operation: G1PauseRemark
Event: 16.425 Executing VM operation: G1PauseRemark done
Event: 16.427 Executing VM operation: G1PauseCleanup
Event: 16.427 Executing VM operation: G1PauseCleanup done
Event: 60.214 Executing VM operation: HandshakeAllThreads (HandshakeForDeflation)
Event: 60.215 Executing VM operation: HandshakeAllThreads (HandshakeForDeflation) done
Event: 60.215 Executing VM operation: RendezvousGCThreads
Event: 60.215 Executing VM operation: RendezvousGCThreads done
Event: 120.339 Executing VM operation: HandshakeAllThreads (HandshakeForDeflation)
Event: 120.339 Executing VM operation: HandshakeAllThreads (HandshakeForDeflation) done
Event: 120.339 Executing VM operation: RendezvousGCThreads
Event: 120.339 Executing VM operation: RendezvousGCThreads done
Event: 142.229 Executing VM operation: Exit

Memory protections (0 events):
No events

Nmethod flushes (20 events):
Event: 16.424 Thread 0x0000011bff3944d0 flushing  nmethod 0x0000011b800d8e08
Event: 16.424 Thread 0x0000011bff3944d0 flushing  nmethod 0x0000011b800d9c88
Event: 16.424 Thread 0x0000011bff3944d0 flushing  nmethod 0x0000011b80197f08
Event: 16.424 Thread 0x0000011bff3944d0 flushing  nmethod 0x0000011b801cc908
Event: 16.424 Thread 0x0000011bff3944d0 flushing  nmethod 0x0000011b801cf688
Event: 16.424 Thread 0x0000011bff3944d0 flushing osr nmethod 0x0000011b801f5008
Event: 16.424 Thread 0x0000011bff3944d0 flushing osr nmethod 0x0000011b801f5f08
Event: 16.424 Thread 0x0000011bff3944d0 flushing  nmethod 0x0000011b8020e088
Event: 16.424 Thread 0x0000011bff3944d0 flushing  nmethod 0x0000011b8020e508
Event: 16.424 Thread 0x0000011bff3944d0 flushing  nmethod 0x0000011b8020f288
Event: 16.424 Thread 0x0000011bff3944d0 flushing  nmethod 0x0000011b80218808
Event: 16.424 Thread 0x0000011bff3944d0 flushing  nmethod 0x0000011b80219b08
Event: 16.424 Thread 0x0000011bff3944d0 flushing  nmethod 0x0000011b8021a988
Event: 16.424 Thread 0x0000011bff3944d0 flushing  nmethod 0x0000011b80282588
Event: 16.424 Thread 0x0000011bff3944d0 flushing  nmethod 0x0000011b8029e788
Event: 16.424 Thread 0x0000011bff3944d0 flushing  nmethod 0x0000011b802f0e08
Event: 16.424 Thread 0x0000011bff3944d0 flushing  nmethod 0x0000011b80341388
Event: 16.424 Thread 0x0000011bff3944d0 flushing  nmethod 0x0000011b80343688
Event: 16.424 Thread 0x0000011bff3944d0 flushing  nmethod 0x0000011b80438288
Event: 16.424 Thread 0x0000011bff3944d0 flushing  nmethod 0x0000011b80438b08

Events (20 events):
Event: 35.240 Thread 0x0000011be069fb00 Thread exited: 0x0000011be069fb00
Event: 60.249 Thread 0x0000011bd6b64ed0 Thread added: 0x0000011be06a0820
Event: 60.250 Thread 0x0000011be06a0820 Thread exited: 0x0000011be06a0820
Event: 70.319 Thread 0x0000011bd6b65bf0 Thread exited: 0x0000011bd6b65bf0
Event: 70.430 Thread 0x0000011bd6b64840 Thread exited: 0x0000011bd6b64840
Event: 85.268 Thread 0x0000011bd6b64ed0 Thread added: 0x0000011be06a0820
Event: 85.270 Thread 0x0000011be06a0820 Thread exited: 0x0000011be06a0820
Event: 110.275 Thread 0x0000011bd6b64ed0 Thread added: 0x0000011be06a0190
Event: 110.277 Thread 0x0000011be06a0190 Thread exited: 0x0000011be06a0190
Event: 135.280 Thread 0x0000011bd6b64ed0 Thread added: 0x0000011be069fb00
Event: 135.283 Thread 0x0000011be069fb00 Thread exited: 0x0000011be069fb00
Event: 142.224 Thread 0x0000011bff3b0900 Thread added: 0x0000011be06a1bd0
Event: 142.225 Thread 0x0000011be06a1bd0 Thread added: 0x0000011be06a2260
Event: 142.225 Thread 0x0000011be06a1bd0 Thread added: 0x0000011be069ede0
Event: 142.225 Thread 0x0000011be06a1bd0 Thread added: 0x0000011be06a0190
Event: 142.226 Thread 0x0000011be069ede0 Thread exited: 0x0000011be069ede0
Event: 142.227 Thread 0x0000011be06a2260 Thread exited: 0x0000011be06a2260
Event: 142.229 Thread 0x0000011be06a0190 Thread exited: 0x0000011be06a0190
Event: 142.229 Thread 0x0000011be06a1bd0 Before exit entered
Event: 142.229 Thread 0x0000011bff3b0900 Thread exited: 0x0000011bff3b0900


Dynamic libraries:
0x00007ff685800000 - 0x00007ff685810000 	C:\Program Files\Java\jdk-23\bin\java.exe
0x00007ffbf1500000 - 0x00007ffbf1767000 	C:\WINDOWS\SYSTEM32\ntdll.dll
0x00007ffbef810000 - 0x00007ffbef8d9000 	C:\WINDOWS\System32\KERNEL32.DLL
0x00007ffbee9e0000 - 0x00007ffbeedcf000 	C:\WINDOWS\System32\KERNELBASE.dll
0x00007ffbee650000 - 0x00007ffbee79b000 	C:\WINDOWS\System32\ucrtbase.dll
0x00007ffbe8da0000 - 0x00007ffbe8dbb000 	C:\Program Files\Java\jdk-23\bin\VCRUNTIME140.dll
0x00007ffbe6bb0000 - 0x00007ffbe6bc7000 	C:\Program Files\Java\jdk-23\bin\jli.dll
0x00007ffbf0fa0000 - 0x00007ffbf1165000 	C:\WINDOWS\System32\USER32.dll
0x00007ffbeede0000 - 0x00007ffbeee07000 	C:\WINDOWS\System32\win32u.dll
0x00007ffbf1490000 - 0x00007ffbf14bb000 	C:\WINDOWS\System32\GDI32.dll
0x00007ffbef0c0000 - 0x00007ffbef1ec000 	C:\WINDOWS\System32\gdi32full.dll
0x00007ffbef010000 - 0x00007ffbef0b3000 	C:\WINDOWS\System32\msvcp_win.dll
0x00007ffbd5220000 - 0x00007ffbd54b3000 	C:\WINDOWS\WinSxS\amd64_microsoft.windows.common-controls_6595b64144ccf1df_6.0.26100.7309_none_3e05feeae336a044\COMCTL32.dll
0x00007ffbf01c0000 - 0x00007ffbf0269000 	C:\WINDOWS\System32\msvcrt.dll
0x00007ffbf0180000 - 0x00007ffbf01b1000 	C:\WINDOWS\System32\IMM32.DLL
0x00007ffbe8eb0000 - 0x00007ffbe8ebc000 	C:\Program Files\Java\jdk-23\bin\vcruntime140_1.dll
0x00007ffbd7e70000 - 0x00007ffbd7efe000 	C:\Program Files\Java\jdk-23\bin\msvcp140.dll
0x00007ffb414b0000 - 0x00007ffb421ff000 	C:\Program Files\Java\jdk-23\bin\server\jvm.dll
0x00007ffbf0ee0000 - 0x00007ffbf0f94000 	C:\WINDOWS\System32\ADVAPI32.dll
0x00007ffbf0720000 - 0x00007ffbf07c6000 	C:\WINDOWS\System32\sechost.dll
0x00007ffbf12f0000 - 0x00007ffbf1408000 	C:\WINDOWS\System32\RPCRT4.dll
0x00007ffbf1410000 - 0x00007ffbf1484000 	C:\WINDOWS\System32\WS2_32.dll
0x00007ffbebf00000 - 0x00007ffbebf35000 	C:\WINDOWS\SYSTEM32\WINMM.dll
0x00007ffbe44c0000 - 0x00007ffbe44cb000 	C:\WINDOWS\SYSTEM32\VERSION.dll
0x00007ffbee4d0000 - 0x00007ffbee52e000 	C:\WINDOWS\SYSTEM32\POWRPROF.dll
0x00007ffbee4b0000 - 0x00007ffbee4c4000 	C:\WINDOWS\SYSTEM32\UMPDC.dll
0x00007ffbed400000 - 0x00007ffbed41b000 	C:\WINDOWS\SYSTEM32\kernel.appcore.dll
0x00007ffbe8e00000 - 0x00007ffbe8e0a000 	C:\Program Files\Java\jdk-23\bin\jimage.dll
0x00007ffbebaa0000 - 0x00007ffbebce2000 	C:\WINDOWS\SYSTEM32\DBGHELP.DLL
0x00007ffbf0270000 - 0x00007ffbf05f5000 	C:\WINDOWS\System32\combase.dll
0x00007ffbf00a0000 - 0x00007ffbf0176000 	C:\WINDOWS\System32\OLEAUT32.dll
0x00007ffbebec0000 - 0x00007ffbebefc000 	C:\WINDOWS\SYSTEM32\dbgcore.DLL
0x00007ffbef1f0000 - 0x00007ffbef295000 	C:\WINDOWS\System32\bcryptPrimitives.dll
0x00007ffbe3f50000 - 0x00007ffbe3f5f000 	C:\Program Files\Java\jdk-23\bin\instrument.dll
0x00007ffbe3f30000 - 0x00007ffbe3f4e000 	C:\Program Files\Java\jdk-23\bin\java.dll
0x00007ffbef3b0000 - 0x00007ffbef547000 	C:\WINDOWS\System32\ole32.dll
0x00007ffbef8f0000 - 0x00007ffbf0043000 	C:\WINDOWS\System32\SHELL32.dll
0x00007ffbeee10000 - 0x00007ffbeef7a000 	C:\WINDOWS\System32\wintypes.dll
0x00007ffbec220000 - 0x00007ffbeca7e000 	C:\WINDOWS\SYSTEM32\windows.storage.dll
0x00007ffbef2a0000 - 0x00007ffbef395000 	C:\WINDOWS\System32\SHCORE.dll
0x00007ffbf11d0000 - 0x00007ffbf1236000 	C:\WINDOWS\System32\shlwapi.dll
0x00007ffbee570000 - 0x00007ffbee599000 	C:\WINDOWS\SYSTEM32\profapi.dll
0x00007ffb934f0000 - 0x00007ffb935c7000 	C:\Program Files\Java\jdk-23\bin\jsvml.dll
0x00007ffbdbed0000 - 0x00007ffbdbee7000 	C:\Program Files\Java\jdk-23\bin\zip.dll
0x00007ffbe3f20000 - 0x00007ffbe3f30000 	C:\Program Files\Java\jdk-23\bin\net.dll
0x00007ffbed970000 - 0x00007ffbed9db000 	C:\WINDOWS\system32\mswsock.dll
0x00007ffbe3e90000 - 0x00007ffbe3ea6000 	C:\Program Files\Java\jdk-23\bin\nio.dll
0x00007ffbdbec0000 - 0x00007ffbdbec9000 	C:\Program Files\Java\jdk-23\bin\extnet.dll
0x0000011bd6c10000 - 0x0000011bd6c13000 	C:\Users\admin\.openjfx\cache\17.0.8\api-ms-win-core-console-l1-1-0.dll
0x0000011bd6c20000 - 0x0000011bd6c23000 	C:\Users\admin\.openjfx\cache\17.0.8\api-ms-win-core-console-l1-2-0.dll
0x0000011bd6c30000 - 0x0000011bd6c33000 	C:\Users\admin\.openjfx\cache\17.0.8\api-ms-win-core-datetime-l1-1-0.dll
0x0000011bd6c40000 - 0x0000011bd6c43000 	C:\Users\admin\.openjfx\cache\17.0.8\api-ms-win-core-debug-l1-1-0.dll
0x0000011bd6c50000 - 0x0000011bd6c53000 	C:\Users\admin\.openjfx\cache\17.0.8\api-ms-win-core-errorhandling-l1-1-0.dll
0x0000011bd6c60000 - 0x0000011bd6c64000 	C:\Users\admin\.openjfx\cache\17.0.8\api-ms-win-core-file-l1-1-0.dll
0x0000011bd6c70000 - 0x0000011bd6c73000 	C:\Users\admin\.openjfx\cache\17.0.8\api-ms-win-core-file-l1-2-0.dll
0x0000011bd6c80000 - 0x0000011bd6c83000 	C:\Users\admin\.openjfx\cache\17.0.8\api-ms-win-core-file-l2-1-0.dll
0x0000011bd6c90000 - 0x0000011bd6c93000 	C:\Users\admin\.openjfx\cache\17.0.8\api-ms-win-core-handle-l1-1-0.dll
0x0000011bd6ca0000 - 0x0000011bd6ca3000 	C:\Users\admin\.openjfx\cache\17.0.8\api-ms-win-core-heap-l1-1-0.dll
0x0000011bd6cb0000 - 0x0000011bd6cb3000 	C:\Users\admin\.openjfx\cache\17.0.8\api-ms-win-core-interlocked-l1-1-0.dll
0x0000011bd6cc0000 - 0x0000011bd6cc3000 	C:\Users\admin\.openjfx\cache\17.0.8\api-ms-win-core-libraryloader-l1-1-0.dll
0x0000011bd6cd0000 - 0x0000011bd6cd3000 	C:\Users\admin\.openjfx\cache\17.0.8\api-ms-win-core-localization-l1-2-0.dll
0x0000011bd6ce0000 - 0x0000011bd6ce3000 	C:\Users\admin\.openjfx\cache\17.0.8\api-ms-win-core-memory-l1-1-0.dll
0x0000011bd6cf0000 - 0x0000011bd6cf3000 	C:\Users\admin\.openjfx\cache\17.0.8\api-ms-win-core-namedpipe-l1-1-0.dll
0x0000011bd6d00000 - 0x0000011bd6d03000 	C:\Users\admin\.openjfx\cache\17.0.8\api-ms-win-core-processenvironment-l1-1-0.dll
0x0000011bd6d10000 - 0x0000011bd6d13000 	C:\Users\admin\.openjfx\cache\17.0.8\api-ms-win-core-processthreads-l1-1-0.dll
0x0000011bd6d20000 - 0x0000011bd6d23000 	C:\Users\admin\.openjfx\cache\17.0.8\api-ms-win-core-processthreads-l1-1-1.dll
0x0000011bd6d30000 - 0x0000011bd6d33000 	C:\Users\admin\.openjfx\cache\17.0.8\api-ms-win-core-profile-l1-1-0.dll
0x0000011bd6d40000 - 0x0000011bd6d43000 	C:\Users\admin\.openjfx\cache\17.0.8\api-ms-win-core-rtlsupport-l1-1-0.dll
0x0000011bd6d50000 - 0x0000011bd6d53000 	C:\Users\admin\.openjfx\cache\17.0.8\api-ms-win-core-string-l1-1-0.dll
0x0000011bd6d60000 - 0x0000011bd6d63000 	C:\Users\admin\.openjfx\cache\17.0.8\api-ms-win-core-synch-l1-1-0.dll
0x0000011bd6d70000 - 0x0000011bd6d73000 	C:\Users\admin\.openjfx\cache\17.0.8\api-ms-win-core-synch-l1-2-0.dll
0x0000011bd6d80000 - 0x0000011bd6d83000 	C:\Users\admin\.openjfx\cache\17.0.8\api-ms-win-core-sysinfo-l1-1-0.dll
0x0000011bd6d90000 - 0x0000011bd6d93000 	C:\Users\admin\.openjfx\cache\17.0.8\api-ms-win-core-timezone-l1-1-0.dll
0x0000011bd6da0000 - 0x0000011bd6da3000 	C:\Users\admin\.openjfx\cache\17.0.8\api-ms-win-core-util-l1-1-0.dll
0x0000011bd6db0000 - 0x0000011bd6db3000 	C:\Users\admin\.openjfx\cache\17.0.8\api-ms-win-crt-conio-l1-1-0.dll
0x0000011bd6dc0000 - 0x0000011bd6dc4000 	C:\Users\admin\.openjfx\cache\17.0.8\api-ms-win-crt-convert-l1-1-0.dll
0x0000011bd6dd0000 - 0x0000011bd6dd3000 	C:\Users\admin\.openjfx\cache\17.0.8\api-ms-win-crt-environment-l1-1-0.dll
0x0000011bd6de0000 - 0x0000011bd6de3000 	C:\Users\admin\.openjfx\cache\17.0.8\api-ms-win-crt-filesystem-l1-1-0.dll
0x0000011bd6df0000 - 0x0000011bd6df3000 	C:\Users\admin\.openjfx\cache\17.0.8\api-ms-win-crt-heap-l1-1-0.dll
0x0000011bd6e00000 - 0x0000011bd6e03000 	C:\Users\admin\.openjfx\cache\17.0.8\api-ms-win-crt-locale-l1-1-0.dll
0x0000011bd6e10000 - 0x0000011bd6e15000 	C:\Users\admin\.openjfx\cache\17.0.8\api-ms-win-crt-math-l1-1-0.dll
0x0000011bd6e20000 - 0x0000011bd6e25000 	C:\Users\admin\.openjfx\cache\17.0.8\api-ms-win-crt-multibyte-l1-1-0.dll
0x0000011bd6e30000 - 0x0000011bd6e40000 	C:\Users\admin\.openjfx\cache\17.0.8\api-ms-win-crt-private-l1-1-0.dll
0x0000011bd6e40000 - 0x0000011bd6e43000 	C:\Users\admin\.openjfx\cache\17.0.8\api-ms-win-crt-process-l1-1-0.dll
0x0000011bd6e50000 - 0x0000011bd6e54000 	C:\Users\admin\.openjfx\cache\17.0.8\api-ms-win-crt-runtime-l1-1-0.dll
0x0000011bd6e60000 - 0x0000011bd6e64000 	C:\Users\admin\.openjfx\cache\17.0.8\api-ms-win-crt-stdio-l1-1-0.dll
0x0000011bd6e70000 - 0x0000011bd6e74000 	C:\Users\admin\.openjfx\cache\17.0.8\api-ms-win-crt-string-l1-1-0.dll
0x0000011bd6e80000 - 0x0000011bd6e83000 	C:\Users\admin\.openjfx\cache\17.0.8\api-ms-win-crt-time-l1-1-0.dll
0x0000011bd6e90000 - 0x0000011bd6e93000 	C:\Users\admin\.openjfx\cache\17.0.8\api-ms-win-crt-utility-l1-1-0.dll
0x00007ffb878c0000 - 0x00007ffb879bc000 	C:\Users\admin\.openjfx\cache\17.0.8\ucrtbase.dll
0x00007ffbdbd50000 - 0x00007ffbdbd6b000 	C:\Users\admin\.openjfx\cache\17.0.8\vcruntime140.dll
0x00007ffbdbd40000 - 0x00007ffbdbd4c000 	C:\Users\admin\.openjfx\cache\17.0.8\vcruntime140_1.dll
0x00007ffbb3880000 - 0x00007ffbb390e000 	C:\Users\admin\.openjfx\cache\17.0.8\msvcp140.dll
0x00007ffbdbd30000 - 0x00007ffbdbd39000 	C:\Users\admin\.openjfx\cache\17.0.8\msvcp140_1.dll
0x00007ffbdbd00000 - 0x00007ffbdbd30000 	C:\Users\admin\.openjfx\cache\17.0.8\msvcp140_2.dll
0x00007ffbdbaa0000 - 0x00007ffbdbaca000 	C:\Users\admin\.openjfx\cache\17.0.8\prism_d3d.dll
0x00007ffbd28e0000 - 0x00007ffbd2a93000 	C:\WINDOWS\system32\d3d9.dll
0x00007ffbeb6a0000 - 0x00007ffbeb6d0000 	C:\WINDOWS\SYSTEM32\dwmapi.dll
0x00007ffbeb2f0000 - 0x00007ffbeb334000 	C:\WINDOWS\SYSTEM32\dxcore.dll
0x00007ffbeb210000 - 0x00007ffbeb2bb000 	C:\WINDOWS\system32\uxtheme.dll
0x00007ffbeb440000 - 0x00007ffbeb57b000 	C:\WINDOWS\system32\dxgi.dll
0x00007ffbee190000 - 0x00007ffbee1e7000 	C:\WINDOWS\SYSTEM32\CFGMGR32.dll
0x00007ffbea050000 - 0x00007ffbea2b2000 	C:\WINDOWS\SYSTEM32\d3d11.dll
0x00007ffbe82b0000 - 0x00007ffbe8313000 	C:\WINDOWS\SYSTEM32\directxdatabasehelper.dll
0x00007ffbd5fe0000 - 0x00007ffbd6022000 	C:\Users\admin\.openjfx\cache\17.0.8\glass.dll
0x00007ffbf07d0000 - 0x00007ffbf08c0000 	C:\WINDOWS\System32\COMDLG32.dll
0x00007ffbf0d70000 - 0x00007ffbf0ece000 	C:\WINDOWS\System32\MSCTF.dll
0x00007ffbdbeb0000 - 0x00007ffbdbebe000 	C:\Program Files\Java\jdk-23\bin\sunmscapi.dll
0x00007ffbee860000 - 0x00007ffbee9d7000 	C:\WINDOWS\System32\CRYPT32.dll
0x00007ffbede50000 - 0x00007ffbede80000 	C:\WINDOWS\SYSTEM32\ncrypt.dll
0x00007ffbede00000 - 0x00007ffbede3f000 	C:\WINDOWS\SYSTEM32\NTASN1.dll
0x00007ffbedc30000 - 0x00007ffbedc4b000 	C:\WINDOWS\SYSTEM32\CRYPTSP.dll
0x00007ffbed340000 - 0x00007ffbed37a000 	C:\WINDOWS\system32\rsaenh.dll
0x00007ffbeda20000 - 0x00007ffbeda4b000 	C:\WINDOWS\SYSTEM32\USERENV.dll
0x00007ffbee540000 - 0x00007ffbee56a000 	C:\WINDOWS\SYSTEM32\bcrypt.dll
0x00007ffbedc50000 - 0x00007ffbedc5c000 	C:\WINDOWS\SYSTEM32\CRYPTBASE.dll
0x00007ffbece70000 - 0x00007ffbecea4000 	C:\WINDOWS\SYSTEM32\IPHLPAPI.DLL
0x00007ffbef3a0000 - 0x00007ffbef3aa000 	C:\WINDOWS\System32\NSI.dll
0x00007ffbdb700000 - 0x00007ffbdb714000 	C:\Users\admin\.openjfx\cache\17.0.8\javafx_font.dll
0x00007ffbe97a0000 - 0x00007ffbe9a07000 	C:\WINDOWS\SYSTEM32\dwrite.dll
0x00007ffbef550000 - 0x00007ffbef600000 	C:\WINDOWS\System32\clbcatq.dll
0x00007ffbe90d0000 - 0x00007ffbe9300000 	C:\WINDOWS\SYSTEM32\WindowsCodecs.dll
0x00007ffbc3aa0000 - 0x00007ffbc3afa000 	C:\WINDOWS\system32\dataexchange.dll
0x00007ffbe6640000 - 0x00007ffbe6884000 	C:\WINDOWS\system32\twinapi.appcore.dll
0x00007ffbd7e40000 - 0x00007ffbd7e6c000 	C:\Program Files\Common Files\Microsoft Shared\Ink\rtscom.dll
0x00007ffbbaed0000 - 0x00007ffbbb018000 	C:\WINDOWS\SYSTEM32\textinputframework.dll
0x00007ffbea9f0000 - 0x00007ffbeab17000 	C:\WINDOWS\SYSTEM32\CoreMessaging.dll
0x00007ffbe6c30000 - 0x00007ffbe6f12000 	C:\WINDOWS\SYSTEM32\CoreUIComponents.dll

dbghelp: loaded successfully - version: 4.0.5 - missing functions: none
symbol engine: initialized successfully - sym options: 0x614 - pdb path: .;C:\Program Files\Java\jdk-23\bin;C:\WINDOWS\SYSTEM32;C:\WINDOWS\WinSxS\amd64_microsoft.windows.common-controls_6595b64144ccf1df_6.0.26100.7309_none_3e05feeae336a044;C:\Program Files\Java\jdk-23\bin\server;C:\Users\admin\.openjfx\cache\17.0.8;C:\WINDOWS\System32\DriverStore\FileRepository\iigd_dch.inf_amd64_d71a22cbbfee3077;C:\Program Files\Common Files\Microsoft Shared\Ink

VM Arguments:
jvm_args: -javaagent:C:\Program Files\JetBrains\IntelliJ IDEA Community Edition 2025.1.1.1\lib\idea_rt.jar=59054 -Dfile.encoding=UTF-8 -Dsun.stdout.encoding=UTF-8 -Dsun.stderr.encoding=UTF-8 
java_command: com.chatty.Launcher
java_class_path (initial): C:\Users\admin\intellj-workspace\RealtimeChatApp\desktop\target\classes;C:\Users\admin\.m2\repository\org\openjfx\javafx-controls\17.0.8\javafx-controls-17.0.8.jar;C:\Users\admin\.m2\repository\org\openjfx\javafx-controls\17.0.8\javafx-controls-17.0.8-win.jar;C:\Users\admin\.m2\repository\org\openjfx\javafx-graphics\17.0.8\javafx-graphics-17.0.8.jar;C:\Users\admin\.m2\repository\org\openjfx\javafx-graphics\17.0.8\javafx-graphics-17.0.8-win.jar;C:\Users\admin\.m2\repository\org\openjfx\javafx-base\17.0.8\javafx-base-17.0.8.jar;C:\Users\admin\.m2\repository\org\openjfx\javafx-base\17.0.8\javafx-base-17.0.8-win.jar;C:\Users\admin\.m2\repository\org\openjfx\javafx-fxml\17.0.8\javafx-fxml-17.0.8.jar;C:\Users\admin\.m2\repository\org\openjfx\javafx-fxml\17.0.8\javafx-fxml-17.0.8-win.jar;C:\Users\admin\.m2\repository\com\squareup\okhttp3\okhttp\4.12.0\okhttp-4.12.0.jar;C:\Users\admin\.m2\repository\com\squareup\okio\okio\3.6.0\okio-3.6.0.jar;C:\Users\admin\.m2\repository\com\squareup\okio\okio-jvm\3.6.0\okio-jvm-3.6.0.jar;C:\Users\admin\.m2\repository\org\jetbrains\kotlin\kotlin-stdlib-common\1.9.10\kotlin-stdlib-common-1.9.10.jar;C:\Users\admin\.m2\repository\org\jetbrains\kotlin\kotlin-stdlib-jdk8\1.8.21\kotlin-stdlib-jdk8-1.8.21.jar;C:\Users\admin\.m2\repository\org\jetbrains\kotlin\kotlin-stdlib\1.8.21\kotlin-stdlib-1.8.21.jar;C:\Users\admin\.m2\repository\org\jetbrains\annotations\13.0\annotations-13.0.jar;C:\Users\admin\.m2\repository\org\jetbrains\kotlin\kotlin-stdlib-jdk7\1.8.21\kotlin-stdlib-jdk7-1.8.21.jar;C:\Users\admin\.m2\repository\com\google\code\gson\gson\2.10.1\gson-2.10.1.jar;C:\Users\admin\.m2\repository\io\socket\socket.io-client\2.1.0\socket.io-client-2.1.0.jar;C:\Users\admin\.m2\repository\io\socket\engine.io-client\2.1.0\engine.io-client-2.1.0.jar;C:\Users\admin\.m2\repository\org\json\json\20090211\json-20090211.jar;C:\Users\admin\.m2\repository\org\kordamp\ikonli\ikonli-javafx\12.3.1\ikonli-javafx-12.3.1.jar;C:\Users\admin\.m2\repository\org\kordamp\ikonli\ikonli-core\12.3.1\ikonli-core-12.3.1.jar;C:\Users\admin\.m2\repository\org\kordamp\ikonli\ikonli-materialdesign2-pack\12.3.1\ikonli-materialdesign2-pack-12.3.1.jar
Launcher Type: SUN_STANDARD

[Global flags]
     intx CICompilerCount                          = 4                                         {product} {ergonomic}
     uint ConcGCThreads                            = 3                                         {product} {ergonomic}
     uint G1ConcRefinementThreads                  = 10                                        {product} {ergonomic}
   size_t G1HeapRegionSize                         = 2097152                                   {product} {ergonomic}
   size_t InitialHeapSize                          = 264241152                                 {product} {ergonomic}
   size_t MarkStackSize                            = 4194304                                   {product} {ergonomic}
   size_t MarkStackSizeMax                         = 536870912                                 {product} {ergonomic}
   size_t MaxHeapSize                              = 4213178368                                {product} {ergonomic}
   size_t MaxNewSize                               = 2527068160                                {product} {ergonomic}
   size_t MinHeapDeltaBytes                        = 2097152                                   {product} {ergonomic}
   size_t MinHeapSize                              = 8388608                                   {product} {ergonomic}
    uintx NonNMethodCodeHeapSize                   = 5832704                                {pd product} {ergonomic}
    uintx NonProfiledCodeHeapSize                  = 122945536                              {pd product} {ergonomic}
    uintx ProfiledCodeHeapSize                     = 122880000                              {pd product} {ergonomic}
    uintx ReservedCodeCacheSize                    = 251658240                              {pd product} {ergonomic}
     bool SegmentedCodeCache                       = true                                      {product} {ergonomic}
   size_t SoftMaxHeapSize                          = 4213178368                             {manageable} {ergonomic}
     bool UseCompressedOops                        = true                           {product lp64_product} {ergonomic}
     bool UseG1GC                                  = true                                      {product} {ergonomic}
     bool UseLargePagesIndividualAllocation        = false                                  {pd product} {ergonomic}

Logging:
Log output configuration:
 #0: stdout all=off uptime,level,tags foldmultilines=false
 #1: stderr all=off uptime,level,tags foldmultilines=false

Environment Variables:
JAVA_HOME=C:\Program Files\Java\jdk-23
PATH=C:\Program Files (x86)\VMware\VMware Workstation\bin\;C:\Program Files\Common Files\Oracle\Java\javapath;C:\WINDOWS\system32;C:\WINDOWS;C:\WINDOWS\System32\Wbem;C:\WINDOWS\System32\WindowsPowerShell\v1.0\;C:\WINDOWS\System32\OpenSSH\;C:\Program Files\dotnet\;C:\Program Files\Microsoft SQL Server\Client SDK\ODBC\170\Tools\Binn\;C:\Program Files (x86)\Microsoft SQL Server\150\Tools\Binn\;C:\Program Files\Microsoft SQL Server\150\Tools\Binn\;C:\Program Files\Microsoft SQL Server\150\DTS\Binn\;C:\Program Files (x86)\Microsoft SQL Server\160\DTS\Binn\;C:\Program Files\Java\jdk-23\bin;C:\Program Files\Git\cmd;C:\Program Files\php;C:\Program Files\Cloudflare\Cloudflare WARP\;C:\Program Files\Java\jdk-21\bin;C:\Program Files\nodejs\;C:\Program Files\Docker\Docker\resources\bin;C:\Users\admin\AppData\Local\Microsoft\WindowsApps;D:\Tools\Gradle\gradle-8.12.1\bin;C:\Users\admin\AppData\Local\Programs\Microsoft VS Code\bin;C:\Program Files\JetBrains\IntelliJ IDEA Community Edition 2025.1.1.1\bin;;C:\Program Files\php\php-8.4.7;E:\sqlite3;C:\Users\admin\AppData\Roaming\npm
USERNAME=admin
OS=Windows_NT
PROCESSOR_IDENTIFIER=Intel64 Family 6 Model 186 Stepping 3, GenuineIntel
TMP=C:\Users\admin\AppData\Local\Temp
TEMP=C:\Users\admin\AppData\Local\Temp




Periodic native trim disabled

---------------  S Y S T E M  ---------------

OS:
 Windows 11 , 64 bit Build 26100 (10.0.26100.7309)
OS uptime: 28 days 7:18 hours
Hyper-V role detected

CPU: total 12 (initial active 12) (6 cores per cpu, 2 threads per core) family 6 model 186 stepping 3 microcode 0x4128, cx8, cmov, fxsr, ht, mmx, 3dnowpref, sse, sse2, sse3, ssse3, sse4.1, sse4.2, popcnt, lzcnt, tsc, tscinvbit, avx, avx2, aes, erms, clmul, bmi1, bmi2, adx, sha, fma, vzeroupper, clflush, clflushopt, clwb, hv, serialize, rdtscp, rdpid, fsrm, gfni, f16c, cet_ibt, cet_ss
Processor Information for the first 12 processors :
  Max Mhz: 1700, Current Mhz: 1700, Mhz Limit: 1700

Memory: 4k page, system-wide physical 16068M (3379M free)
TotalPageFile size 32137M (AvailPageFile size 7537M)
current process WorkingSet (physical memory assigned to process): 305M, peak: 394M
current process commit charge ("private bytes"): 346M, peak: 514M

vm_info: Java HotSpot(TM) 64-Bit Server VM (23.0.1+11-39) for windows-amd64 JRE (23.0.1+11-39), built on 2024-09-30T07:20:43Z with MS VC++ 17.6 (VS2022)

END.
